601733188 273244110
776711127 45596927
816848197 783719668
818984111 227374621
494488776 782511960
379001076 38280603
325878797 818984111
415871754 265202374
804493 29771
165277505 150251953
194534650 686599220
424787234 633325231
149033171 667462426
976303573 599933713
457181754 85639250
516275433 25773547
470971933 525710677
562475378 498936624
770480200 636938043
330537526 846600098
866348809 62249877
634853781 274368286
361977234 578400382
342346051 736969259
525710677 258263929
3810136 135473
988459980 71387844
366631069 273474640
652178397 488765976
342559740 664728318
412532273 94782032
570595939 741164692
803180891 856405725
1945545 629539
507547238 772765421
7247 481
979558421 4153387
900822214 736256977
875764456 388837977
635031124 490506403
229832522 39714036
124989480 873414596
535337989 733151177
423416267 23922049
841572027 61109555
394812455 392643987
35231969 1003774
444415 10834
306638149 793204617
28 1
413329917 12901640
742804975 164771103
550564 12227
5035 501
184983025 127236443
10275 223
86996658 368189434
