660638646
774700733
553218506
769305100
875684263
917209516
646931339
716445511
620685110
437643915
791978262
552066743
982672560
753845153
161873892
437643915
557741256
557741256
917209516
378166169
552066743
499825429
791978262
266159880
751978488
266159880
443135542
686572456
753845153
527328647
557741256
56151820
727608973
717451558
557741256
437643915
437643915
182154084
713721322
791978262
996546540
592339289
552066743
351401912
166000954
353169550
853380000
234920195
745886505
791978262
437643915
557741256
557741256
344396834
660984181
875684263
753845153
527328647
791978262
552066743
791978262
774700733
557741256
262237123
599483177
982672560
853380000
917209516
853380000
437643915
557741256
753845153
557741256
74361932
982672560
103693860
266159880
437643915
598130048
557741256
875684263
310081236
626230961
393761294
578595229
437643915
620685110
266159880
489247474
794555382
687461337
266159880
296380868
509711487
877822164
393761294
280354176
262237123
362779029
437643915
296380868
753845153
578595229
393761294
509711487
716445511
996082919
661513721
393761294
853380000
746877872
853380000
527328647
266159880
437643915
557741256
445346543
875684263
552066743
527328647
592339289
182154084
437643915
295129108
32320509
61952703
103693860
266159880
437643915
917209516
608337272
916266896
660984181
853380000
515123953
808295282
351401912
853380000
443135542
970842183
280354176
454081666
56151820
875684263
745886505
791978262
917209516
393232555
822327353
557741256
620685110
11520789
774700733
608337272
982672560
970842183
774700733
717451558
266159880
774700733
623593401
918560341
437643915
875684263
881079565
982672560
556234208
727555537
379056477
557741256
753845153
686572456
260117299
875684263
917209516
646931339
393232555
875684263
706740585
266159880
853380000
272836925
437643915
397639719
808295282
557741256
745886505
716445511
424066889
717451558
56151820
937592743
716445511
808295282
687461337
627562730
875684263
890456635
791978262
552066743
515669666
437643915
917209516
557741256
118428291
499825429
774700733
687461337
557741256
437643915
11071513
103693860
717451558
474992226
499825429
56151820
982672560
557741256
557741256
407605422
437643915
266159880
509711487
474992226
437643915
791978262
716445511
724836418
973876542
8253348
407605422
437643915
161873892
437643915
443135542
186755931
118428291
592339289
996546540
875684263
753845153
557741256
437643915
226486383
992658715
424066889
753845153
836164837
617832837
351401912
875684263
226911591
660984181
935699362
393232555
697640815
753845153
753845153
982672560
351401912
853380000
424066889
226911591
378166169
592339289
921203383
557741256
380524011
603166271
118428291
557741256
407605422
875684263
836164837
56151820
4111068
660984181
836164837
774700733
266159880
653366063
604890788
716445511
56151820
822327353
437643915
295129108
620685110
557741256
118428291
687461337
875684263
234883894
552066743
161873892
722182102
340349357
393761294
118428291
118428291
982672560
557741256
162828429
557741256
351401912
875684263
694299570
389997489
557741256
40890033
296380868
982672560
424066889
580724785
836164837
528836094
912279739
515669666
774700733
389997489
174979687
186755931
970842183
557741256
557741256
660984181
437643915
437643915
853380000
437643915
774700733
273509840
118428291
515669666
528836094
557741256
552066743
437643915
454261939
982672560
528836094
853380000
660984181
808295282
351401912
716445511
753845153
717451558
985867108
266159880
990749842
437643915
266159880
758184749
528836094
646931339
523457719
557741256
437643915
474992226
557741256
985867108
753845153
173843997
77423929
445346543
875684263
397639719
259017827
351401912
437643915
706740585
249825847
266159880
11520789
528836094
557741256
262237123
27383170
327543407
407605422
982672560
229099385
973876542
557741256
557741256
716445511
626230961
853380000
970842183
557741256
598130048
875684263
695386534
877822164
344396834
557741256
626230961
970842183
424066889
603166271
774700733
853380000
753845153
962173382
443135542
437643915
393761294
186370127
161873892
192943010
791978262
557741256
982672560
557741256
528836094
528836094
557741256
759004019
437643915
720343606
982672560
393761294
753845153
407605422
802003470
133173720
161873892
310081236
822327353
660984181
552505534
875684263
719866355
620685110
774700733
385907809
691125825
266159880
753845153
982672560
753845153
80140174
836252973
557741256
646931339
152353301
821493624
853380000
592339289
875684263
443135542
753845153
700964059
797744108
603166271
69969511
437643915
791978262
437643915
982672560
437643915
11520789
791978262
815295680
505355775
753845153
103693860
310081236
822407234
351401912
266159880
56151820
722314589
356265540
557741256
753845153
408745291
557741256
689502560
393761294
161873892
553016035
280354176
753845153
970842183
528836094
133173720
528836094
557741256
30914798
716445511
753845153
266159880
598130048
515669666
982672560
397639719
759004019
416209177
351401912
970842183
836164837
552066743
351401912
875684263
437643915
836252973
443135542
509711487
917209516
599483177
985867108
920399717
608337272
720343606
114933221
354846388
351401912
437643915
716445511
437643915
266159880
996082919
515669666
557741256
791978262
592339289
556830522
393761294
528836094
982672560
557741256
557741256
853380000
717451558
982672560
437643915
552066743
56151820
103693860
437643915
753845153
791978262
437643915
552066743
161873892
836164837
737728384
982672560
296380868
982672560
716445511
687461337
557741256
774700733
118428291
592339289
646931339
344396834
132157938
717451558
424066889
853380000
437643915
875684263
557741256
646931339
528836094
753845153
716445511
557741256
687461337
717451558
266159880
886839916
557741256
989490605
557741256
69969511
56151820
753845153
982672560
351401912
482052617
11520789
917209516
393761294
982672560
794555382
626230961
875684263
515669666
378166169
921203383
266159880
557741256
791978262
791978262
557741256
774700733
424066889
632032952
56151820
351401912
133173720
557741256
552066743
528836094
527328647
437643915
557741256
543337277
437643915
917209516
255098800
310081236
791978262
474992226
982672560
424066889
248103180
692959344
393761294
716445511
727608973
982672560
98250084
626230961
620685110
437643915
900717455
935699362
161873892
362779029
515669666
660984181
592339289
437643915
791978262
509711487
437643915
753845153
753845153
578595229
717451558
351401912
416209177
266159880
552505534
646931339
794555382
424851240
774700733
509711487
753845153
499825429
603166271
103693860
727608973
592339289
557741256
660984181
742354563
557741256
759004019
717451558
791978262
753845153
437643915
509711487
996546540
344396834
982672560
791978262
727608973
592339289
617832837
5638604
266159880
646931339
592339289
280354176
753845153
557741256
118428291
437643915
437643915
552066743
580724785
875684263
753845153
620685110
717451558
552066743
443135542
719866355
598130048
557741256
920399717
853380000
561425225
598130048
791978262
970842183
421987991
875684263
98250084
262237123
244050147
437643915
716445511
557741256
157504726
499301997
557741256
437643915
498938641
808295282
416209177
791978262
791978262
903580062
351401912
686572456
161873892
791978262
646931339
753845153
716445511
24392106
968884851
623593401
464212464
266159880
791978262
557741256
192943010
598130048
552066743
753845153
389997489
717294778
226911591
626230961
424066889
557741256
592339289
527328647
557741256
578595229
717451558
304717632
840532504
393761294
437643915
557741256
737728384
378166169
853980772
296380868
437643915
982672560
437643915
716445511
717451558
161873892
921934621
351401912
727608973
557741256
56151820
602663000
351401912
94796222
994431860
759004019
578595229
103693860
118428291
753845153
152353301
499825429
815295680
527328647
397639719
774700733
557741256
393761294
266159880
745886505
660984181
266159880
982672560
608337272
226911591
774700733
437643915
875684263
985867108
353169550
344396834
380524011
808295282
393761294
167475565
482052617
557741256
578595229
437643915
49685521
694299570
56151820
853380000
424066889
499825429
557741256
515669666
875684263
557741256
875684263
836164837
266159880
646931339
557741256
774700733
557741256
278557234
503628998
853380000
982672560
753845153
499825429
767192716
695386534
186755931
416209177
437643915
646931339
753845153
152457437
753845153
742354563
753845153
661513721
416335239
759004019
774700733
437643915
557741256
646931339
982672560
407605422
620685110
351401912
875684263
808295282
166000954
727608973
262237123
660984181
56151820
791978262
560082323
675768031
437643915
556234208
836164837
660984181
152353301
660984181
727608973
29331362
646931339
408745291
443135542
84380230
716445511
982672560
717451558
660984181
646931339
393761294
836164837
397639719
745886505
727608973
340349357
920399717
808295282
592339289
557741256
214453034
753845153
351401912
424066889
791978262
660984181
25678225
759004019
716445511
937592743
552066743
266159880
982672560
152353301
975932318
985867108
557741256
226486383
982672560
437643915
266159880
751978488
437643915
226911591
437643915
407605422
717451558
509711487
56151820
85594344
853380000
358824470
791978262
133173720
351401912
407605422
660984181
393761294
557741256
996082919
552066743
266159880
94736404
836252973
437643915
397639719
982672560
166000954
836164837
393761294
990749842
970842183
487380765
118428291
173843997
266159880
716445511
687461337
499825429
716445511
982672560
716445511
491705446
98250084
185511189
103693860
692965192
262237123
557741256
853380000
791978262
56151820
545987974
509711487
437643915
310081236
325981458
327562701
437643915
717451558
103693860
98250084
886839916
557741256
98250084
437643915
875684263
437643915
528836094
687461337
557741256
877822164
982672560
982672560
557741256
118428291
351401912
753845153
580724785
344396834
29331362
503628998
266159880
557741256
552066743
118428291
875684263
437643915
