beg: -4611686018427387904 -2305843004213693952 10000000000
num=0 ans for 3x^2+3x+-2.30584e+18==0 : 8.76707e+08 :: -8.76707e+08
num=1 ans for 3x^2+3x+-2.30584e+18==0 : 8.76707e+08 :: -8.76707e+08
num=3 ans for 3x^2+3x+-2.30584e+18==0 : 8.76707e+08 :: -8.76707e+08
num=6 ans for 3x^2+3x+-2.30584e+18==0 : 8.76707e+08 :: -8.76707e+08
num=10 ans for 3x^2+3x+-2.30584e+18==0 : 8.76707e+08 :: -8.76707e+08
num=15 ans for 3x^2+3x+-2.30584e+18==0 : 8.76707e+08 :: -8.76707e+08
num=20 ans for 3x^2+3x+-2.30584e+18==0 : 8.76707e+08 :: -8.76707e+08
num=25 ans for 3x^2+3x+-2.30584e+18==0 : 8.76707e+08 :: -8.76707e+08
num=30 ans for 3x^2+3x+-2.30584e+18==0 : 8.76707e+08 :: -8.76707e+08
num=35 ans for 3x^2+3x+-2.30584e+18==0 : 8.76707e+08 :: -8.76707e+08
res: -4611686018427387904 -2305843004213693952 10000000000 40
beg: -2305843004213693951 -1152921497106846976 10000000000
num=0 ans for 3x^2+3x+-1.15292e+18==0 : 6.19925e+08 :: -6.19925e+08
num=1 ans for 3x^2+3x+-1.15292e+18==0 : 6.19925e+08 :: -6.19925e+08
num=3 ans for 3x^2+3x+-1.15292e+18==0 : 6.19925e+08 :: -6.19925e+08
num=6 ans for 3x^2+3x+-1.15292e+18==0 : 6.19925e+08 :: -6.19925e+08
num=10 ans for 3x^2+3x+-1.15292e+18==0 : 6.19925e+08 :: -6.19925e+08
num=15 ans for 3x^2+3x+-1.15292e+18==0 : 6.19925e+08 :: -6.19925e+08
num=20 ans for 3x^2+3x+-1.15292e+18==0 : 6.19925e+08 :: -6.19925e+08
num=25 ans for 3x^2+3x+-1.15292e+18==0 : 6.19925e+08 :: -6.19925e+08
num=30 ans for 3x^2+3x+-1.15292e+18==0 : 6.19925e+08 :: -6.19925e+08
num=35 ans for 3x^2+3x+-1.15292e+18==0 : 6.19925e+08 :: -6.19925e+08
res: -2305843004213693951 -1152921497106846976 10000000000 40
beg: -1152921497106846975 -576460743553423488 10000000000
num=0 ans for 3x^2+3x+-5.76461e+17==0 : 4.38353e+08 :: -4.38353e+08
num=1 ans for 3x^2+3x+-5.76461e+17==0 : 4.38353e+08 :: -4.38353e+08
num=3 ans for 3x^2+3x+-5.76461e+17==0 : 4.38353e+08 :: -4.38353e+08
num=6 ans for 3x^2+3x+-5.76461e+17==0 : 4.38353e+08 :: -4.38353e+08
num=10 ans for 3x^2+3x+-5.76461e+17==0 : 4.38353e+08 :: -4.38353e+08
num=15 ans for 3x^2+3x+-5.76461e+17==0 : 4.38353e+08 :: -4.38353e+08
num=20 ans for 3x^2+3x+-5.76461e+17==0 : 4.38353e+08 :: -4.38353e+08
num=25 ans for 3x^2+3x+-5.76461e+17==0 : 4.38353e+08 :: -4.38353e+08
num=30 ans for 3x^2+3x+-5.76461e+17==0 : 4.38353e+08 :: -4.38353e+08
num=35 ans for 3x^2+3x+-5.76461e+17==0 : 4.38353e+08 :: -4.38353e+08
res: -1152921497106846975 -576460743553423488 10000000000 40
beg: -576460743553423487 -288230366776711744 10000000000
num=0 ans for 3x^2+3x+-2.8823e+17==0 : 3.09963e+08 :: -3.09963e+08
num=1 ans for 3x^2+3x+-2.8823e+17==0 : 3.09963e+08 :: -3.09963e+08
num=3 ans for 3x^2+3x+-2.8823e+17==0 : 3.09963e+08 :: -3.09963e+08
num=6 ans for 3x^2+3x+-2.8823e+17==0 : 3.09963e+08 :: -3.09963e+08
num=10 ans for 3x^2+3x+-2.8823e+17==0 : 3.09963e+08 :: -3.09963e+08
num=15 ans for 3x^2+3x+-2.8823e+17==0 : 3.09963e+08 :: -3.09963e+08
num=20 ans for 3x^2+3x+-2.8823e+17==0 : 3.09963e+08 :: -3.09963e+08
num=25 ans for 3x^2+3x+-2.8823e+17==0 : 3.09963e+08 :: -3.09963e+08
num=30 ans for 3x^2+3x+-2.8823e+17==0 : 3.09963e+08 :: -3.09963e+08
num=35 ans for 3x^2+3x+-2.8823e+17==0 : 3.09963e+08 :: -3.09963e+08
res: -576460743553423487 -288230366776711744 10000000000 40
beg: -288230366776711743 -144115178388355872 10000000000
num=0 ans for 3x^2+3x+-1.44115e+17==0 : 2.19177e+08 :: -2.19177e+08
num=1 ans for 3x^2+3x+-1.44115e+17==0 : 2.19177e+08 :: -2.19177e+08
num=3 ans for 3x^2+3x+-1.44115e+17==0 : 2.19177e+08 :: -2.19177e+08
num=6 ans for 3x^2+3x+-1.44115e+17==0 : 2.19177e+08 :: -2.19177e+08
num=10 ans for 3x^2+3x+-1.44115e+17==0 : 2.19177e+08 :: -2.19177e+08
num=15 ans for 3x^2+3x+-1.44115e+17==0 : 2.19177e+08 :: -2.19177e+08
num=20 ans for 3x^2+3x+-1.44115e+17==0 : 2.19177e+08 :: -2.19177e+08
num=25 ans for 3x^2+3x+-1.44115e+17==0 : 2.19177e+08 :: -2.19177e+08
num=30 ans for 3x^2+3x+-1.44115e+17==0 : 2.19177e+08 :: -2.19177e+08
num=35 ans for 3x^2+3x+-1.44115e+17==0 : 2.19177e+08 :: -2.19177e+08
res: -288230366776711743 -144115178388355872 10000000000 40
beg: -144115178388355871 -72057584194177936 10000000000
num=0 ans for 3x^2+3x+-7.20576e+16==0 : 1.54981e+08 :: -1.54981e+08
num=1 ans for 3x^2+3x+-7.20576e+16==0 : 1.54981e+08 :: -1.54981e+08
num=3 ans for 3x^2+3x+-7.20576e+16==0 : 1.54981e+08 :: -1.54981e+08
num=6 ans for 3x^2+3x+-7.20576e+16==0 : 1.54981e+08 :: -1.54981e+08
num=10 ans for 3x^2+3x+-7.20576e+16==0 : 1.54981e+08 :: -1.54981e+08
num=15 ans for 3x^2+3x+-7.20576e+16==0 : 1.54981e+08 :: -1.54981e+08
num=20 ans for 3x^2+3x+-7.20576e+16==0 : 1.54981e+08 :: -1.54981e+08
num=25 ans for 3x^2+3x+-7.20576e+16==0 : 1.54981e+08 :: -1.54981e+08
num=30 ans for 3x^2+3x+-7.20576e+16==0 : 1.54981e+08 :: -1.54981e+08
num=35 ans for 3x^2+3x+-7.20576e+16==0 : 1.54981e+08 :: -1.54981e+08
res: -144115178388355871 -72057584194177936 10000000000 40
beg: -72057584194177935 -36028787097088968 10000000000
num=0 ans for 3x^2+3x+-3.60288e+16==0 : 1.09588e+08 :: -1.09588e+08
num=1 ans for 3x^2+3x+-3.60288e+16==0 : 1.09588e+08 :: -1.09588e+08
num=3 ans for 3x^2+3x+-3.60288e+16==0 : 1.09588e+08 :: -1.09588e+08
num=6 ans for 3x^2+3x+-3.60288e+16==0 : 1.09588e+08 :: -1.09588e+08
num=10 ans for 3x^2+3x+-3.60288e+16==0 : 1.09588e+08 :: -1.09588e+08
num=15 ans for 3x^2+3x+-3.60288e+16==0 : 1.09588e+08 :: -1.09588e+08
num=20 ans for 3x^2+3x+-3.60288e+16==0 : 1.09588e+08 :: -1.09588e+08
num=25 ans for 3x^2+3x+-3.60288e+16==0 : 1.09588e+08 :: -1.09588e+08
num=30 ans for 3x^2+3x+-3.60288e+16==0 : 1.09588e+08 :: -1.09588e+08
num=35 ans for 3x^2+3x+-3.60288e+16==0 : 1.09588e+08 :: -1.09588e+08
res: -72057584194177935 -36028787097088968 10000000000 40
beg: -36028787097088967 -18014388548544484 10000000000
num=0 ans for 3x^2+3x+-1.80144e+16==0 : 7.74906e+07 :: -7.74906e+07
num=1 ans for 3x^2+3x+-1.80144e+16==0 : 7.74906e+07 :: -7.74906e+07
num=3 ans for 3x^2+3x+-1.80144e+16==0 : 7.74906e+07 :: -7.74906e+07
num=6 ans for 3x^2+3x+-1.80144e+16==0 : 7.74906e+07 :: -7.74906e+07
num=10 ans for 3x^2+3x+-1.80144e+16==0 : 7.74906e+07 :: -7.74906e+07
num=15 ans for 3x^2+3x+-1.80144e+16==0 : 7.74906e+07 :: -7.74906e+07
num=20 ans for 3x^2+3x+-1.80144e+16==0 : 7.74906e+07 :: -7.74906e+07
num=25 ans for 3x^2+3x+-1.80144e+16==0 : 7.74906e+07 :: -7.74906e+07
num=30 ans for 3x^2+3x+-1.80144e+16==0 : 7.74906e+07 :: -7.74906e+07
num=35 ans for 3x^2+3x+-1.80144e+16==0 : 7.74906e+07 :: -7.74906e+07
res: -36028787097088967 -18014388548544484 10000000000 40
beg: -18014388548544483 -9007189274272242 10000000000
num=0 ans for 3x^2+3x+-9.00719e+15==0 : 5.47941e+07 :: -5.47941e+07
num=1 ans for 3x^2+3x+-9.00719e+15==0 : 5.47941e+07 :: -5.47941e+07
num=3 ans for 3x^2+3x+-9.00719e+15==0 : 5.47941e+07 :: -5.47941e+07
num=6 ans for 3x^2+3x+-9.00719e+15==0 : 5.47941e+07 :: -5.47941e+07
num=10 ans for 3x^2+3x+-9.00719e+15==0 : 5.47941e+07 :: -5.47941e+07
num=15 ans for 3x^2+3x+-9.00719e+15==0 : 5.47941e+07 :: -5.47941e+07
num=20 ans for 3x^2+3x+-9.00719e+15==0 : 5.47941e+07 :: -5.47941e+07
num=25 ans for 3x^2+3x+-9.00719e+15==0 : 5.47941e+07 :: -5.47941e+07
num=30 ans for 3x^2+3x+-9.00719e+15==0 : 5.47941e+07 :: -5.47941e+07
num=35 ans for 3x^2+3x+-9.00719e+15==0 : 5.47941e+07 :: -5.47941e+07
res: -18014388548544483 -9007189274272242 10000000000 40
beg: -9007189274272241 -4503589637136121 10000000000
num=0 ans for 3x^2+3x+-4.50359e+15==0 : 3.87453e+07 :: -3.87453e+07
num=1 ans for 3x^2+3x+-4.50359e+15==0 : 3.87453e+07 :: -3.87453e+07
num=3 ans for 3x^2+3x+-4.50359e+15==0 : 3.87453e+07 :: -3.87453e+07
num=6 ans for 3x^2+3x+-4.50359e+15==0 : 3.87453e+07 :: -3.87453e+07
num=10 ans for 3x^2+3x+-4.50359e+15==0 : 3.87453e+07 :: -3.87453e+07
num=15 ans for 3x^2+3x+-4.50359e+15==0 : 3.87453e+07 :: -3.87453e+07
num=20 ans for 3x^2+3x+-4.50359e+15==0 : 3.87453e+07 :: -3.87453e+07
num=25 ans for 3x^2+3x+-4.50359e+15==0 : 3.87453e+07 :: -3.87453e+07
num=30 ans for 3x^2+3x+-4.50359e+15==0 : 3.87453e+07 :: -3.87453e+07
num=35 ans for 3x^2+3x+-4.50359e+15==0 : 3.87453e+07 :: -3.87453e+07
res: -9007189274272241 -4503589637136121 10000000000 40
beg: -4503589637136120 -2251789818568060 10000000000
num=0 ans for 3x^2+3x+-2.25179e+15==0 : 2.7397e+07 :: -2.7397e+07
num=1 ans for 3x^2+3x+-2.25179e+15==0 : 2.7397e+07 :: -2.7397e+07
num=3 ans for 3x^2+3x+-2.25179e+15==0 : 2.7397e+07 :: -2.7397e+07
num=6 ans for 3x^2+3x+-2.25179e+15==0 : 2.7397e+07 :: -2.7397e+07
num=10 ans for 3x^2+3x+-2.25179e+15==0 : 2.7397e+07 :: -2.7397e+07
num=15 ans for 3x^2+3x+-2.25179e+15==0 : 2.7397e+07 :: -2.7397e+07
num=20 ans for 3x^2+3x+-2.25179e+15==0 : 2.7397e+07 :: -2.7397e+07
num=25 ans for 3x^2+3x+-2.25179e+15==0 : 2.7397e+07 :: -2.7397e+07
num=30 ans for 3x^2+3x+-2.25179e+15==0 : 2.7397e+07 :: -2.7397e+07
num=35 ans for 3x^2+3x+-2.25179e+15==0 : 2.7397e+07 :: -2.7397e+07
res: -4503589637136120 -2251789818568060 10000000000 40
beg: -2251789818568059 -1125889909284030 10000000000
num=0 ans for 3x^2+3x+-1.12589e+15==0 : 1.93726e+07 :: -1.93726e+07
num=1 ans for 3x^2+3x+-1.12589e+15==0 : 1.93726e+07 :: -1.93726e+07
num=3 ans for 3x^2+3x+-1.12589e+15==0 : 1.93726e+07 :: -1.93726e+07
num=6 ans for 3x^2+3x+-1.12589e+15==0 : 1.93726e+07 :: -1.93726e+07
num=10 ans for 3x^2+3x+-1.12589e+15==0 : 1.93726e+07 :: -1.93726e+07
num=15 ans for 3x^2+3x+-1.12589e+15==0 : 1.93726e+07 :: -1.93726e+07
num=20 ans for 3x^2+3x+-1.12589e+15==0 : 1.93726e+07 :: -1.93726e+07
num=25 ans for 3x^2+3x+-1.12589e+15==0 : 1.93726e+07 :: -1.93726e+07
num=30 ans for 3x^2+3x+-1.12589e+15==0 : 1.93726e+07 :: -1.93726e+07
num=35 ans for 3x^2+3x+-1.12589e+15==0 : 1.93726e+07 :: -1.93726e+07
res: -2251789818568059 -1125889909284030 10000000000 40
beg: -1125889909284029 -562939954642015 10000000000
num=0 ans for 3x^2+3x+-5.6294e+14==0 : 1.36984e+07 :: -1.36984e+07
num=1 ans for 3x^2+3x+-5.6294e+14==0 : 1.36984e+07 :: -1.36984e+07
num=3 ans for 3x^2+3x+-5.6294e+14==0 : 1.36984e+07 :: -1.36984e+07
num=6 ans for 3x^2+3x+-5.6294e+14==0 : 1.36984e+07 :: -1.36984e+07
num=10 ans for 3x^2+3x+-5.6294e+14==0 : 1.36984e+07 :: -1.36984e+07
num=15 ans for 3x^2+3x+-5.6294e+14==0 : 1.36984e+07 :: -1.36984e+07
num=20 ans for 3x^2+3x+-5.6294e+14==0 : 1.36984e+07 :: -1.36984e+07
num=25 ans for 3x^2+3x+-5.6294e+14==0 : 1.36984e+07 :: -1.36984e+07
num=30 ans for 3x^2+3x+-5.6294e+14==0 : 1.36984e+07 :: -1.36984e+07
num=35 ans for 3x^2+3x+-5.6294e+14==0 : 1.36984e+07 :: -1.36984e+07
res: -1125889909284029 -562939954642015 10000000000 40
beg: -562939954642014 -281464977321007 10000000000
num=0 ans for 3x^2+3x+-2.81465e+14==0 : 9.68616e+06 :: -9.68616e+06
num=1 ans for 3x^2+3x+-2.81465e+14==0 : 9.68616e+06 :: -9.68616e+06
num=3 ans for 3x^2+3x+-2.81465e+14==0 : 9.68616e+06 :: -9.68616e+06
num=6 ans for 3x^2+3x+-2.81465e+14==0 : 9.68616e+06 :: -9.68616e+06
num=10 ans for 3x^2+3x+-2.81465e+14==0 : 9.68616e+06 :: -9.68616e+06
num=15 ans for 3x^2+3x+-2.81465e+14==0 : 9.68616e+06 :: -9.68616e+06
num=20 ans for 3x^2+3x+-2.81465e+14==0 : 9.68616e+06 :: -9.68616e+06
num=25 ans for 3x^2+3x+-2.81465e+14==0 : 9.68616e+06 :: -9.68616e+06
num=30 ans for 3x^2+3x+-2.81465e+14==0 : 9.68616e+06 :: -9.68616e+06
num=35 ans for 3x^2+3x+-2.81465e+14==0 : 9.68616e+06 :: -9.68616e+06
res: -562939954642014 -281464977321007 10000000000 40
beg: -281464977321006 -140727488660503 10000000000
num=0 ans for 3x^2+3x+-1.40727e+14==0 : 6.84903e+06 :: -6.84903e+06
num=1 ans for 3x^2+3x+-1.40727e+14==0 : 6.84903e+06 :: -6.84903e+06
num=3 ans for 3x^2+3x+-1.40727e+14==0 : 6.84903e+06 :: -6.84903e+06
num=6 ans for 3x^2+3x+-1.40727e+14==0 : 6.84903e+06 :: -6.84903e+06
num=10 ans for 3x^2+3x+-1.40727e+14==0 : 6.84903e+06 :: -6.84903e+06
num=15 ans for 3x^2+3x+-1.40727e+14==0 : 6.84903e+06 :: -6.84903e+06
num=20 ans for 3x^2+3x+-1.40727e+14==0 : 6.84903e+06 :: -6.84903e+06
num=25 ans for 3x^2+3x+-1.40727e+14==0 : 6.84903e+06 :: -6.84903e+06
num=30 ans for 3x^2+3x+-1.40727e+14==0 : 6.84903e+06 :: -6.84903e+06
num=35 ans for 3x^2+3x+-1.40727e+14==0 : 6.84903e+06 :: -6.84903e+06
res: -281464977321006 -140727488660503 10000000000 40
beg: -140727488660502 -70358744330251 10000000000
num=0 ans for 3x^2+3x+-7.03587e+13==0 : 4.84282e+06 :: -4.84282e+06
num=1 ans for 3x^2+3x+-7.03587e+13==0 : 4.84282e+06 :: -4.84282e+06
num=3 ans for 3x^2+3x+-7.03587e+13==0 : 4.84282e+06 :: -4.84282e+06
num=6 ans for 3x^2+3x+-7.03587e+13==0 : 4.84282e+06 :: -4.84282e+06
num=10 ans for 3x^2+3x+-7.03587e+13==0 : 4.84282e+06 :: -4.84282e+06
num=15 ans for 3x^2+3x+-7.03587e+13==0 : 4.84282e+06 :: -4.84282e+06
num=20 ans for 3x^2+3x+-7.03587e+13==0 : 4.84282e+06 :: -4.84282e+06
num=25 ans for 3x^2+3x+-7.03587e+13==0 : 4.84282e+06 :: -4.84282e+06
num=30 ans for 3x^2+3x+-7.03587e+13==0 : 4.84282e+06 :: -4.84282e+06
num=35 ans for 3x^2+3x+-7.03587e+13==0 : 4.84282e+06 :: -4.84282e+06
res: -140727488660502 -70358744330251 10000000000 40
beg: -70358744330250 -35174372165125 10000000000
num=0 ans for 3x^2+3x+-3.51744e+13==0 : 3.42415e+06 :: -3.42415e+06
num=1 ans for 3x^2+3x+-3.51744e+13==0 : 3.42415e+06 :: -3.42415e+06
num=3 ans for 3x^2+3x+-3.51744e+13==0 : 3.42415e+06 :: -3.42415e+06
num=6 ans for 3x^2+3x+-3.51744e+13==0 : 3.42415e+06 :: -3.42415e+06
num=10 ans for 3x^2+3x+-3.51744e+13==0 : 3.42415e+06 :: -3.42415e+06
num=15 ans for 3x^2+3x+-3.51744e+13==0 : 3.42415e+06 :: -3.42415e+06
num=20 ans for 3x^2+3x+-3.51744e+13==0 : 3.42415e+06 :: -3.42415e+06
num=25 ans for 3x^2+3x+-3.51744e+13==0 : 3.42415e+06 :: -3.42415e+06
num=30 ans for 3x^2+3x+-3.51744e+13==0 : 3.42415e+06 :: -3.42415e+06
num=35 ans for 3x^2+3x+-3.51744e+13==0 : 3.42415e+06 :: -3.42415e+06
res: -70358744330250 -35174372165125 10000000000 40
beg: -35174372165124 -17582186082562 10000000000
num=0 ans for 3x^2+3x+-1.75822e+13==0 : 2.42089e+06 :: -2.42089e+06
num=1 ans for 3x^2+3x+-1.75822e+13==0 : 2.42089e+06 :: -2.42089e+06
num=3 ans for 3x^2+3x+-1.75822e+13==0 : 2.42089e+06 :: -2.42089e+06
num=6 ans for 3x^2+3x+-1.75822e+13==0 : 2.42089e+06 :: -2.42089e+06
num=10 ans for 3x^2+3x+-1.75822e+13==0 : 2.42089e+06 :: -2.42089e+06
num=15 ans for 3x^2+3x+-1.75822e+13==0 : 2.42089e+06 :: -2.42089e+06
num=20 ans for 3x^2+3x+-1.75822e+13==0 : 2.42089e+06 :: -2.42089e+06
num=25 ans for 3x^2+3x+-1.75822e+13==0 : 2.42089e+06 :: -2.42089e+06
num=30 ans for 3x^2+3x+-1.75822e+13==0 : 2.42089e+06 :: -2.42089e+06
num=35 ans for 3x^2+3x+-1.75822e+13==0 : 2.42089e+06 :: -2.42089e+06
res: -35174372165124 -17582186082562 10000000000 40
beg: -17582186082561 -8786093041281 10000000000
num=0 ans for 3x^2+3x+-8.78609e+12==0 : 1.71134e+06 :: -1.71134e+06
num=1 ans for 3x^2+3x+-8.78609e+12==0 : 1.71134e+06 :: -1.71134e+06
num=3 ans for 3x^2+3x+-8.78609e+12==0 : 1.71134e+06 :: -1.71134e+06
num=6 ans for 3x^2+3x+-8.78609e+12==0 : 1.71134e+06 :: -1.71134e+06
num=10 ans for 3x^2+3x+-8.78609e+12==0 : 1.71134e+06 :: -1.71134e+06
num=15 ans for 3x^2+3x+-8.78609e+12==0 : 1.71134e+06 :: -1.71134e+06
num=20 ans for 3x^2+3x+-8.78609e+12==0 : 1.71134e+06 :: -1.71134e+06
num=25 ans for 3x^2+3x+-8.78609e+12==0 : 1.71134e+06 :: -1.71134e+06
num=30 ans for 3x^2+3x+-8.78609e+12==0 : 1.71134e+06 :: -1.71134e+06
num=35 ans for 3x^2+3x+-8.78609e+12==0 : 1.71134e+06 :: -1.71134e+06
res: -17582186082561 -8786093041281 10000000000 40
beg: -8786093041280 -4388046520640 10000000000
num=0 ans for 3x^2+3x+-4.38805e+12==0 : 1.20941e+06 :: -1.20941e+06
num=1 ans for 3x^2+3x+-4.38805e+12==0 : 1.20941e+06 :: -1.20941e+06
num=3 ans for 3x^2+3x+-4.38805e+12==0 : 1.20941e+06 :: -1.20941e+06
num=6 ans for 3x^2+3x+-4.38805e+12==0 : 1.20941e+06 :: -1.20941e+06
num=10 ans for 3x^2+3x+-4.38805e+12==0 : 1.20941e+06 :: -1.20941e+06
num=15 ans for 3x^2+3x+-4.38805e+12==0 : 1.20941e+06 :: -1.20941e+06
num=20 ans for 3x^2+3x+-4.38805e+12==0 : 1.20941e+06 :: -1.20941e+06
num=25 ans for 3x^2+3x+-4.38805e+12==0 : 1.20941e+06 :: -1.20941e+06
num=30 ans for 3x^2+3x+-4.38805e+12==0 : 1.20941e+06 :: -1.20941e+06
num=35 ans for 3x^2+3x+-4.38805e+12==0 : 1.20941e+06 :: -1.20941e+06
res: -8786093041280 -4388046520640 10000000000 40
beg: -4388046520639 -2189023260320 10000000000
num=0 ans for 3x^2+3x+-2.18902e+12==0 : 854209 :: -854210
num=1 ans for 3x^2+3x+-2.18902e+12==0 : 854209 :: -854210
num=3 ans for 3x^2+3x+-2.18902e+12==0 : 854209 :: -854210
num=6 ans for 3x^2+3x+-2.18902e+12==0 : 854209 :: -854210
num=10 ans for 3x^2+3x+-2.18902e+12==0 : 854209 :: -854210
num=15 ans for 3x^2+3x+-2.18902e+12==0 : 854209 :: -854210
num=20 ans for 3x^2+3x+-2.18902e+12==0 : 854209 :: -854210
num=25 ans for 3x^2+3x+-2.18902e+12==0 : 854209 :: -854210
num=30 ans for 3x^2+3x+-2.18902e+12==0 : 854209 :: -854210
num=35 ans for 3x^2+3x+-2.18902e+12==0 : 854209 :: -854210
res: -4388046520639 -2189023260320 10000000000 40
beg: -2189023260319 -1089511630160 10000000000
num=0 ans for 3x^2+3x+-1.08951e+12==0 : 602636 :: -602637
num=1 ans for 3x^2+3x+-1.08951e+12==0 : 602636 :: -602637
num=3 ans for 3x^2+3x+-1.08951e+12==0 : 602636 :: -602637
num=6 ans for 3x^2+3x+-1.08951e+12==0 : 602636 :: -602637
num=10 ans for 3x^2+3x+-1.08951e+12==0 : 602636 :: -602637
num=15 ans for 3x^2+3x+-1.08951e+12==0 : 602636 :: -602637
num=20 ans for 3x^2+3x+-1.08951e+12==0 : 602636 :: -602637
num=25 ans for 3x^2+3x+-1.08951e+12==0 : 602636 :: -602637
num=30 ans for 3x^2+3x+-1.08951e+12==0 : 602636 :: -602637
num=35 ans for 3x^2+3x+-1.08951e+12==0 : 602636 :: -602637
res: -2189023260319 -1089511630160 10000000000 40
beg: -1089511630159 -539755815080 10000000000
num=0 ans for 3x^2+3x+-5.39756e+11==0 : 424168 :: -424169
num=1 ans for 3x^2+3x+-5.39756e+11==0 : 424168 :: -424169
num=3 ans for 3x^2+3x+-5.39756e+11==0 : 424168 :: -424169
num=6 ans for 3x^2+3x+-5.39756e+11==0 : 424168 :: -424169
num=10 ans for 3x^2+3x+-5.39756e+11==0 : 424168 :: -424169
num=15 ans for 3x^2+3x+-5.39756e+11==0 : 424168 :: -424169
num=20 ans for 3x^2+3x+-5.39756e+11==0 : 424168 :: -424169
num=25 ans for 3x^2+3x+-5.39756e+11==0 : 424168 :: -424169
num=30 ans for 3x^2+3x+-5.39756e+11==0 : 424168 :: -424169
num=35 ans for 3x^2+3x+-5.39756e+11==0 : 424168 :: -424169
res: -1089511630159 -539755815080 10000000000 40
beg: -539755815079 -264877907540 10000000000
num=0 ans for 3x^2+3x+-2.64878e+11==0 : 297140 :: -297141
num=1 ans for 3x^2+3x+-2.64878e+11==0 : 297140 :: -297141
num=3 ans for 3x^2+3x+-2.64878e+11==0 : 297140 :: -297141
num=6 ans for 3x^2+3x+-2.64878e+11==0 : 297140 :: -297141
num=10 ans for 3x^2+3x+-2.64878e+11==0 : 297140 :: -297141
num=15 ans for 3x^2+3x+-2.64878e+11==0 : 297140 :: -297141
num=20 ans for 3x^2+3x+-2.64878e+11==0 : 297140 :: -297141
num=25 ans for 3x^2+3x+-2.64878e+11==0 : 297140 :: -297141
num=30 ans for 3x^2+3x+-2.64878e+11==0 : 297140 :: -297141
num=35 ans for 3x^2+3x+-2.64878e+11==0 : 297140 :: -297141
res: -539755815079 -264877907540 10000000000 40
beg: -264877907539 -127438953770 10000000000
num=0 ans for 3x^2+3x+-1.27439e+11==0 : 206105 :: -206106
num=1 ans for 3x^2+3x+-1.27439e+11==0 : 206105 :: -206106
num=3 ans for 3x^2+3x+-1.27439e+11==0 : 206105 :: -206106
num=6 ans for 3x^2+3x+-1.27439e+11==0 : 206105 :: -206106
num=10 ans for 3x^2+3x+-1.27439e+11==0 : 206105 :: -206106
num=15 ans for 3x^2+3x+-1.27439e+11==0 : 206105 :: -206106
num=20 ans for 3x^2+3x+-1.27439e+11==0 : 206105 :: -206106
num=25 ans for 3x^2+3x+-1.27439e+11==0 : 206105 :: -206106
num=30 ans for 3x^2+3x+-1.27439e+11==0 : 206105 :: -206106
num=35 ans for 3x^2+3x+-1.27439e+11==0 : 206105 :: -206106
res: -264877907539 -127438953770 10000000000 40
beg: -127438953769 -58719476885 10000000000
num=0 ans for 3x^2+3x+-5.87195e+10==0 : 139904 :: -139905
num=1 ans for 3x^2+3x+-5.87195e+10==0 : 139904 :: -139905
num=3 ans for 3x^2+3x+-5.87195e+10==0 : 139904 :: -139905
num=6 ans for 3x^2+3x+-5.87195e+10==0 : 139904 :: -139905
num=10 ans for 3x^2+3x+-5.87195e+10==0 : 139904 :: -139905
num=15 ans for 3x^2+3x+-5.87195e+10==0 : 139904 :: -139905
num=20 ans for 3x^2+3x+-5.87195e+10==0 : 139904 :: -139905
num=25 ans for 3x^2+3x+-5.87195e+10==0 : 139904 :: -139905
num=30 ans for 3x^2+3x+-5.87195e+10==0 : 139904 :: -139905
num=35 ans for 3x^2+3x+-5.87195e+10==0 : 139904 :: -139905
res: -127438953769 -58719476885 10000000000 40
beg: -58719476884 -24359738442 10000000000
num=0 ans for 3x^2+3x+-2.43597e+10==0 : 90110.1 :: -90111.1
num=1 ans for 3x^2+3x+-2.43597e+10==0 : 90110.1 :: -90111.1
num=3 ans for 3x^2+3x+-2.43597e+10==0 : 90110.1 :: -90111.1
num=6 ans for 3x^2+3x+-2.43597e+10==0 : 90110.1 :: -90111.1
num=10 ans for 3x^2+3x+-2.43597e+10==0 : 90110.1 :: -90111.1
num=15 ans for 3x^2+3x+-2.43597e+10==0 : 90110.1 :: -90111.1
num=20 ans for 3x^2+3x+-2.43597e+10==0 : 90110.1 :: -90111.1
num=25 ans for 3x^2+3x+-2.43597e+10==0 : 90110.1 :: -90111.1
num=30 ans for 3x^2+3x+-2.43597e+10==0 : 90110.1 :: -90111.1
num=35 ans for 3x^2+3x+-2.43597e+10==0 : 90110.1 :: -90111.1
res: -58719476884 -24359738442 10000000000 40
beg: -24359738441 -7179869221 10000000000
num=0 ans for 3x^2+3x+-7.17987e+09==0 : 48920.8 :: -48921.8
num=1 ans for 3x^2+3x+-7.17987e+09==0 : 48920.8 :: -48921.8
num=3 ans for 3x^2+3x+-7.17987e+09==0 : 48920.8 :: -48921.8
num=6 ans for 3x^2+3x+-7.17987e+09==0 : 48920.8 :: -48921.8
num=10 ans for 3x^2+3x+-7.17987e+09==0 : 48920.8 :: -48921.8
num=15 ans for 3x^2+3x+-7.17987e+09==0 : 48920.8 :: -48921.8
num=20 ans for 3x^2+3x+-7.17987e+09==0 : 48920.8 :: -48921.8
num=25 ans for 3x^2+3x+-7.17987e+09==0 : 48920.8 :: -48921.8
num=30 ans for 3x^2+3x+-7.17987e+09==0 : 48920.8 :: -48921.8
num=35 ans for 3x^2+3x+-7.17987e+09==0 : 48920.8 :: -48921.8
res: -24359738441 -7179869221 10000000000 40
beg: -7179869220 1410065390 10000000000
num=0 num=1 num=2 num=3 num=4 num=5 num=6 num=7 num=8 num=9 res: -7179869220 1410065390 10000000000 10
beg: -7179869220 -2884901915 1410065390
num=0 ans for 3x^2+3x+-2.8849e+09==0 : 31009.7 :: -31010.7
num=1 ans for 3x^2+3x+-2.8849e+09==0 : 31009.7 :: -31010.7
num=3 ans for 3x^2+3x+-2.8849e+09==0 : 31009.7 :: -31010.7
num=6 ans for 3x^2+3x+-2.8849e+09==0 : 31009.7 :: -31010.7
num=10 ans for 3x^2+3x+-2.8849e+09==0 : 31009.7 :: -31010.7
num=15 ans for 3x^2+3x+-2.8849e+09==0 : 31009.7 :: -31010.7
num=20 ans for 3x^2+3x+-2.8849e+09==0 : 31009.7 :: -31010.7
num=25 ans for 3x^2+3x+-2.8849e+09==0 : 31009.7 :: -31010.7
num=30 ans for 3x^2+3x+-2.8849e+09==0 : 31009.7 :: -31010.7
num=35 ans for 3x^2+3x+-2.8849e+09==0 : 31009.7 :: -31010.7
res: -7179869220 -2884901915 1410065390 40
beg: -2884901914 -737418262 1410065390
num=0 ans for 3x^2+3x+-7.37418e+08==0 : 15677.7 :: -15678.7
num=1 ans for 3x^2+3x+-7.37418e+08==0 : 15677.7 :: -15678.7
num=3 ans for 3x^2+3x+-7.37418e+08==0 : 15677.7 :: -15678.7
num=6 ans for 3x^2+3x+-7.37418e+08==0 : 15677.7 :: -15678.7
num=10 ans for 3x^2+3x+-7.37418e+08==0 : 15677.7 :: -15678.7
num=15 ans for 3x^2+3x+-7.37418e+08==0 : 15677.7 :: -15678.7
num=20 ans for 3x^2+3x+-7.37418e+08==0 : 15677.7 :: -15678.7
num=25 ans for 3x^2+3x+-7.37418e+08==0 : 15677.7 :: -15678.7
num=30 ans for 3x^2+3x+-7.37418e+08==0 : 15677.7 :: -15678.7
num=35 ans for 3x^2+3x+-7.37418e+08==0 : 15677.7 :: -15678.7
res: -2884901914 -737418262 1410065390 40
beg: -737418261 336323564 1410065390
num=0 num=1 num=2 num=3 num=4 num=5 num=6 num=7 num=8 num=9 res: -737418261 336323564 1410065390 10
beg: -737418261 -200547349 336323564
num=0 ans for 3x^2+3x+-2.00547e+08==0 : 8175.63 :: -8176.63
num=1 ans for 3x^2+3x+-2.00547e+08==0 : 8175.63 :: -8176.63
num=3 ans for 3x^2+3x+-2.00547e+08==0 : 8175.63 :: -8176.63
num=6 ans for 3x^2+3x+-2.00547e+08==0 : 8175.63 :: -8176.63
num=10 ans for 3x^2+3x+-2.00547e+08==0 : 8175.63 :: -8176.63
num=15 ans for 3x^2+3x+-2.00547e+08==0 : 8175.63 :: -8176.63
num=20 ans for 3x^2+3x+-2.00547e+08==0 : 8175.63 :: -8176.63
num=25 ans for 3x^2+3x+-2.00547e+08==0 : 8175.63 :: -8176.63
num=30 ans for 3x^2+3x+-2.00547e+08==0 : 8175.63 :: -8176.63
num=35 ans for 3x^2+3x+-2.00547e+08==0 : 8175.63 :: -8176.63
res: -737418261 -200547349 336323564 40
beg: -200547348 67888108 336323564
num=0 num=1 num=2 num=3 num=4 num=5 num=6 num=7 num=8 num=9 res: -200547348 67888108 336323564 10
beg: -200547348 -66329620 67888108
num=0 ans for 3x^2+3x+-6.63296e+07==0 : 4701.61 :: -4702.61
num=1 ans for 3x^2+3x+-6.63296e+07==0 : 4701.61 :: -4702.61
num=3 ans for 3x^2+3x+-6.63296e+07==0 : 4701.61 :: -4702.61
num=6 ans for 3x^2+3x+-6.63296e+07==0 : 4701.61 :: -4702.61
num=10 ans for 3x^2+3x+-6.63296e+07==0 : 4701.61 :: -4702.61
num=15 ans for 3x^2+3x+-6.63296e+07==0 : 4701.61 :: -4702.61
num=20 ans for 3x^2+3x+-6.63296e+07==0 : 4701.61 :: -4702.61
num=25 ans for 3x^2+3x+-6.63296e+07==0 : 4701.61 :: -4702.61
num=30 ans for 3x^2+3x+-6.63296e+07==0 : 4701.61 :: -4702.61
num=35 ans for 3x^2+3x+-6.63296e+07==0 : 4701.61 :: -4702.61
res: -200547348 -66329620 67888108 40
beg: -66329619 779244 67888108
num=0 num=1 num=2 num=3 num=4 num=5 num=6 num=7 num=8 num=9 res: -66329619 779244 67888108 10
beg: -66329619 -32775188 779244
num=0 ans for 3x^2+3x+-3.27752e+07==0 : 3304.81 :: -3305.81
num=1 ans for 3x^2+3x+-3.27752e+07==0 : 3304.81 :: -3305.81
num=3 ans for 3x^2+3x+-3.27752e+07==0 : 3304.81 :: -3305.81
num=6 ans for 3x^2+3x+-3.27752e+07==0 : 3304.81 :: -3305.81
num=10 ans for 3x^2+3x+-3.27752e+07==0 : 3304.81 :: -3305.81
num=15 ans for 3x^2+3x+-3.27752e+07==0 : 3304.81 :: -3305.81
num=20 ans for 3x^2+3x+-3.27752e+07==0 : 3304.81 :: -3305.81
num=25 ans for 3x^2+3x+-3.27752e+07==0 : 3304.81 :: -3305.81
num=30 ans for 3x^2+3x+-3.27752e+07==0 : 3304.81 :: -3305.81
num=35 ans for 3x^2+3x+-3.27752e+07==0 : 3304.81 :: -3305.81
res: -66329619 -32775188 779244 40
beg: -32775187 -15997972 779244
num=0 ans for 3x^2+3x+-1.5998e+07==0 : 2308.75 :: -2309.75
num=1 ans for 3x^2+3x+-1.5998e+07==0 : 2308.75 :: -2309.75
num=3 ans for 3x^2+3x+-1.5998e+07==0 : 2308.75 :: -2309.75
num=6 ans for 3x^2+3x+-1.5998e+07==0 : 2308.75 :: -2309.75
num=10 ans for 3x^2+3x+-1.5998e+07==0 : 2308.76 :: -2309.76
num=15 ans for 3x^2+3x+-1.5998e+07==0 : 2308.76 :: -2309.76
num=20 ans for 3x^2+3x+-1.5998e+07==0 : 2308.76 :: -2309.76
num=25 ans for 3x^2+3x+-1.5998e+07==0 : 2308.76 :: -2309.76
num=30 ans for 3x^2+3x+-1.5998e+07==0 : 2308.76 :: -2309.76
num=35 ans for 3x^2+3x+-1.5998e+07==0 : 2308.76 :: -2309.76
res: -32775187 -15997972 779244 40
beg: -15997971 -7609364 779244
num=0 ans for 3x^2+3x+-7.60936e+06==0 : 1592.13 :: -1593.13
num=1 ans for 3x^2+3x+-7.60936e+06==0 : 1592.13 :: -1593.13
num=3 ans for 3x^2+3x+-7.60937e+06==0 : 1592.13 :: -1593.13
num=6 ans for 3x^2+3x+-7.60937e+06==0 : 1592.13 :: -1593.13
num=10 ans for 3x^2+3x+-7.60937e+06==0 : 1592.13 :: -1593.13
num=15 ans for 3x^2+3x+-7.60937e+06==0 : 1592.13 :: -1593.13
num=20 ans for 3x^2+3x+-7.60937e+06==0 : 1592.13 :: -1593.13
num=25 ans for 3x^2+3x+-7.60937e+06==0 : 1592.13 :: -1593.13
num=30 ans for 3x^2+3x+-7.60937e+06==0 : 1592.13 :: -1593.13
num=35 ans for 3x^2+3x+-7.60937e+06==0 : 1592.13 :: -1593.13
res: -15997971 -7609364 779244 40
beg: -7609363 -3415060 779244
num=0 ans for 3x^2+3x+-3.41506e+06==0 : 1066.44 :: -1067.44
num=1 ans for 3x^2+3x+-3.41506e+06==0 : 1066.44 :: -1067.44
num=3 ans for 3x^2+3x+-3.41506e+06==0 : 1066.44 :: -1067.44
num=6 ans for 3x^2+3x+-3.41506e+06==0 : 1066.44 :: -1067.44
num=10 ans for 3x^2+3x+-3.41506e+06==0 : 1066.44 :: -1067.44
num=15 ans for 3x^2+3x+-3.41506e+06==0 : 1066.44 :: -1067.44
num=20 ans for 3x^2+3x+-3.41506e+06==0 : 1066.44 :: -1067.44
num=25 ans for 3x^2+3x+-3.41506e+06==0 : 1066.44 :: -1067.44
num=30 ans for 3x^2+3x+-3.41506e+06==0 : 1066.44 :: -1067.44
num=35 ans for 3x^2+3x+-3.41506e+06==0 : 1066.44 :: -1067.44
res: -7609363 -3415060 779244 40
beg: -3415059 -1317908 779244
num=0 ans for 3x^2+3x+-1.31791e+06==0 : 662.299 :: -663.299
num=1 ans for 3x^2+3x+-1.31791e+06==0 : 662.3 :: -663.3
num=3 ans for 3x^2+3x+-1.31791e+06==0 : 662.3 :: -663.3
num=6 ans for 3x^2+3x+-1.31791e+06==0 : 662.3 :: -663.3
num=10 ans for 3x^2+3x+-1.31791e+06==0 : 662.3 :: -663.3
num=15 ans for 3x^2+3x+-1.31791e+06==0 : 662.3 :: -663.3
num=20 ans for 3x^2+3x+-1.31791e+06==0 : 662.3 :: -663.3
num=25 ans for 3x^2+3x+-1.31791e+06==0 : 662.3 :: -663.3
num=30 ans for 3x^2+3x+-1.31791e+06==0 : 662.3 :: -663.3
num=35 ans for 3x^2+3x+-1.31791e+06==0 : 662.3 :: -663.3
res: -3415059 -1317908 779244 40
beg: -1317907 -269332 779244
num=0 ans for 3x^2+3x+-269332==0 : 299.129 :: -300.129
num=1 ans for 3x^2+3x+-269333==0 : 299.13 :: -300.13
num=3 ans for 3x^2+3x+-269334==0 : 299.13 :: -300.13
num=6 ans for 3x^2+3x+-269335==0 : 299.131 :: -300.131
num=10 ans for 3x^2+3x+-269336==0 : 299.131 :: -300.131
num=15 ans for 3x^2+3x+-269336==0 : 299.131 :: -300.131
num=20 ans for 3x^2+3x+-269336==0 : 299.131 :: -300.131
num=25 ans for 3x^2+3x+-269336==0 : 299.131 :: -300.131
num=30 ans for 3x^2+3x+-269336==0 : 299.131 :: -300.131
num=35 ans for 3x^2+3x+-269336==0 : 299.131 :: -300.131
res: -1317907 -269332 779244 40
beg: -269331 254956 779244
num=0 num=1 num=2 num=3 num=4 num=5 num=6 num=7 num=8 num=9 res: -269331 254956 779244 10
beg: -269331 -7188 254956
num=0 ans for 3x^2+3x+-7188==0 : 48.4515 :: -49.4515
num=1 ans for 3x^2+3x+-7189==0 : 48.4549 :: -49.4549
num=3 ans for 3x^2+3x+-7190==0 : 48.4583 :: -49.4583
num=6 ans for 3x^2+3x+-7191==0 : 48.4617 :: -49.4617
num=10 ans for 3x^2+3x+-7192==0 : 48.4651 :: -49.4651
num=15 ans for 3x^2+3x+-7192==0 : 48.4651 :: -49.4651
num=20 ans for 3x^2+3x+-7192==0 : 48.4651 :: -49.4651
num=25 ans for 3x^2+3x+-7192==0 : 48.4651 :: -49.4651
num=30 ans for 3x^2+3x+-7192==0 : 48.4651 :: -49.4651
num=35 ans for 3x^2+3x+-7192==0 : 48.4651 :: -49.4651
res: -269331 -7188 254956 40
beg: -7187 123884 254956
num=0 num=1 num=2 num=3 num=4 num=5 num=6 num=7 num=8 num=9 res: -7187 123884 254956 10
beg: -7187 58348 123884
num=0 num=1 num=2 num=3 num=4 num=5 num=6 num=7 num=8 num=9 res: -7187 58348 123884 10
beg: -7187 25580 58348
num=0 num=1 num=2 num=3 num=4 num=5 num=6 num=7 num=8 num=9 res: -7187 25580 58348 10
beg: -7187 9196 25580
num=0 num=1 num=2 num=3 num=4 num=5 num=6 num=7 num=8 num=9 res: -7187 9196 25580 10
beg: -7187 1004 9196
num=0 num=1 num=2 num=3 num=4 num=5 num=6 num=7 num=8 num=9 res: -7187 1004 9196 10
beg: -7187 -3092 1004
num=0 ans for 3x^2+3x+-3092==0 : 31.6079 :: -32.6079
num=1 ans for 3x^2+3x+-3093==0 : 31.6131 :: -32.6131
num=3 ans for 3x^2+3x+-3094==0 : 31.6183 :: -32.6183
num=6 ans for 3x^2+3x+-3095==0 : 31.6235 :: -32.6235
num=10 ans for 3x^2+3x+-3096==0 : 31.6286 :: -32.6286
num=15 ans for 3x^2+3x+-3096==0 : 31.6286 :: -32.6286
num=20 ans for 3x^2+3x+-3096==0 : 31.6286 :: -32.6286
num=25 ans for 3x^2+3x+-3096==0 : 31.6286 :: -32.6286
num=30 ans for 3x^2+3x+-3096==0 : 31.6286 :: -32.6286
num=35 ans for 3x^2+3x+-3096==0 : 31.6286 :: -32.6286
res: -7187 -3092 1004 40
beg: -3091 -1044 1004
num=0 ans for 3x^2+3x+-1044==0 : 18.1615 :: -19.1615
num=1 ans for 3x^2+3x+-1045==0 : 18.1704 :: -19.1704
num=3 ans for 3x^2+3x+-1046==0 : 18.1793 :: -19.1793
num=6 ans for 3x^2+3x+-1047==0 : 18.1882 :: -19.1882
num=10 ans for 3x^2+3x+-1048==0 : 18.1971 :: -19.1971
num=15 ans for 3x^2+3x+-1048==0 : 18.1971 :: -19.1971
num=20 ans for 3x^2+3x+-1048==0 : 18.1971 :: -19.1971
num=25 ans for 3x^2+3x+-1048==0 : 18.1971 :: -19.1971
num=30 ans for 3x^2+3x+-1048==0 : 18.1971 :: -19.1971
num=35 ans for 3x^2+3x+-1048==0 : 18.1971 :: -19.1971
res: -3091 -1044 1004 40
beg: -1043 -20 1004
num=0 ans for 3x^2+3x+-20==0 : 2.12996 :: -3.12996
num=1 ans for 3x^2+3x+-21==0 : 2.19258 :: -3.19258
num=3 ans for 3x^2+3x+-22==0 : 2.25379 :: -3.25379
num=6 ans for 3x^2+3x+-23==0 : 2.31366 :: -3.31366
num=9 ans for 3x^2+3x+-24==0 : 2.37228 :: -3.37228
num=12 ans for 3x^2+3x+-24==0 : 2.37228 :: -3.37228
num=15 ans for 3x^2+3x+-24==0 : 2.37228 :: -3.37228
num=18 ans for 3x^2+3x+-24==0 : 2.37228 :: -3.37228
num=21 ans for 3x^2+3x+-24==0 : 2.37228 :: -3.37228
num=24 ans for 3x^2+3x+-24==0 : 2.37228 :: -3.37228
res: -1043 -20 1004 27
beg: -1043 -532 -20
num=0 ans for 3x^2+3x+-532==0 : 12.826 :: -13.826
num=1 ans for 3x^2+3x+-533==0 : 12.8385 :: -13.8385
num=3 ans for 3x^2+3x+-534==0 : 12.851 :: -13.851
num=6 ans for 3x^2+3x+-535==0 : 12.8635 :: -13.8635
num=10 ans for 3x^2+3x+-536==0 : 12.876 :: -13.876
num=15 ans for 3x^2+3x+-536==0 : 12.876 :: -13.876
num=20 ans for 3x^2+3x+-536==0 : 12.876 :: -13.876
num=25 ans for 3x^2+3x+-536==0 : 12.876 :: -13.876
num=30 ans for 3x^2+3x+-536==0 : 12.876 :: -13.876
num=35 ans for 3x^2+3x+-536==0 : 12.876 :: -13.876
res: -1043 -532 -20 40
beg: -531 -276 -20
num=0 ans for 3x^2+3x+-276==0 : 9.10469 :: -10.1047
num=1 ans for 3x^2+3x+-277==0 : 9.12202 :: -10.122
num=3 ans for 3x^2+3x+-278==0 : 9.13933 :: -10.1393
num=6 ans for 3x^2+3x+-279==0 : 9.1566 :: -10.1566
num=10 ans for 3x^2+3x+-280==0 : 9.17385 :: -10.1738
num=15 ans for 3x^2+3x+-280==0 : 9.17385 :: -10.1738
num=20 ans for 3x^2+3x+-280==0 : 9.17385 :: -10.1738
num=25 ans for 3x^2+3x+-280==0 : 9.17385 :: -10.1738
num=30 ans for 3x^2+3x+-280==0 : 9.17385 :: -10.1738
num=35 ans for 3x^2+3x+-280==0 : 9.17385 :: -10.1738
res: -531 -276 -20 40
beg: -275 -148 -20
num=0 ans for 3x^2+3x+-148==0 : 6.54154 :: -7.54154
num=1 ans for 3x^2+3x+-149==0 : 6.56517 :: -7.56517
num=3 ans for 3x^2+3x+-150==0 : 6.58872 :: -7.58872
num=6 ans for 3x^2+3x+-151==0 : 6.6122 :: -7.6122
num=10 ans for 3x^2+3x+-152==0 : 6.63559 :: -7.63559
num=15 ans for 3x^2+3x+-152==0 : 6.63559 :: -7.63559
num=20 ans for 3x^2+3x+-152==0 : 6.63559 :: -7.63559
num=25 ans for 3x^2+3x+-152==0 : 6.63559 :: -7.63559
num=30 ans for 3x^2+3x+-152==0 : 6.63559 :: -7.63559
num=35 ans for 3x^2+3x+-152==0 : 6.63559 :: -7.63559
res: -275 -148 -20 40
beg: -147 -84 -20
num=0 ans for 3x^2+3x+-84==0 : 4.81507 :: -5.81507
num=1 ans for 3x^2+3x+-85==0 : 4.84634 :: -5.84634
num=3 ans for 3x^2+3x+-86==0 : 4.87742 :: -5.87742
num=6 ans for 3x^2+3x+-87==0 : 4.90833 :: -5.90833
num=10 ans for 3x^2+3x+-88==0 : 4.93906 :: -5.93906
num=15 ans for 3x^2+3x+-88==0 : 4.93906 :: -5.93906
num=20 ans for 3x^2+3x+-88==0 : 4.93906 :: -5.93906
num=25 ans for 3x^2+3x+-88==0 : 4.93906 :: -5.93906
num=30 ans for 3x^2+3x+-88==0 : 4.93906 :: -5.93906
num=35 ans for 3x^2+3x+-88==0 : 4.93906 :: -5.93906
res: -147 -84 -20 40
beg: -83 -52 -20
num=0 ans for 3x^2+3x+-52==0 : 3.69325 :: -4.69325
num=1 ans for 3x^2+3x+-53==0 : 3.73281 :: -4.73281
num=3 ans for 3x^2+3x+-54==0 : 3.772 :: -4.772
num=6 ans for 3x^2+3x+-55==0 : 3.81084 :: -4.81084
num=10 ans for 3x^2+3x+-56==0 : 3.84933 :: -4.84933
num=14 ans for 3x^2+3x+-56==0 : 3.84933 :: -4.84933
num=18 ans for 3x^2+3x+-56==0 : 3.84933 :: -4.84933
num=22 ans for 3x^2+3x+-56==0 : 3.84933 :: -4.84933
num=26 ans for 3x^2+3x+-56==0 : 3.84933 :: -4.84933
num=30 ans for 3x^2+3x+-56==0 : 3.84933 :: -4.84933
res: -83 -52 -20 34
beg: -51 -36 -20
num=0 ans for 3x^2+3x+-36==0 : 3 :: -4
num=1 ans for 3x^2+3x+-37==0 : 3.0473 :: -4.0473
num=3 ans for 3x^2+3x+-38==0 : 3.09398 :: -4.09398
num=6 ans for 3x^2+3x+-39==0 : 3.14005 :: -4.14005
num=10 ans for 3x^2+3x+-40==0 : 3.18556 :: -4.18556
num=14 ans for 3x^2+3x+-40==0 : 3.18556 :: -4.18556
num=18 ans for 3x^2+3x+-40==0 : 3.18556 :: -4.18556
num=22 ans for 3x^2+3x+-40==0 : 3.18556 :: -4.18556
num=26 ans for 3x^2+3x+-40==0 : 3.18556 :: -4.18556
num=30 ans for 3x^2+3x+-40==0 : 3.18556 :: -4.18556
res: -51 -36 -20 34
beg: -35 -28 -20
num=0 ans for 3x^2+3x+-28==0 : 2.5957 :: -3.5957
num=1 ans for 3x^2+3x+-29==0 : 2.64907 :: -3.64907
num=3 ans for 3x^2+3x+-30==0 : 2.70156 :: -3.70156
num=6 ans for 3x^2+3x+-31==0 : 2.7532 :: -3.7532
num=9 ans for 3x^2+3x+-32==0 : 2.80404 :: -3.80404
num=12 ans for 3x^2+3x+-32==0 : 2.80404 :: -3.80404
num=15 ans for 3x^2+3x+-32==0 : 2.80404 :: -3.80404
num=18 ans for 3x^2+3x+-32==0 : 2.80404 :: -3.80404
num=21 ans for 3x^2+3x+-32==0 : 2.80404 :: -3.80404
num=24 ans for 3x^2+3x+-32==0 : 2.80404 :: -3.80404
res: -35 -28 -20 27
beg: -35 -32 -28
num=0 ans for 3x^2+3x+-32==0 : 2.80404 :: -3.80404
num=1 ans for 3x^2+3x+-33==0 : 2.8541 :: -3.8541
num=3 ans for 3x^2+3x+-34==0 : 2.90343 :: -3.90343
num=6 ans for 3x^2+3x+-35==0 : 2.95205 :: -3.95205
num=9 ans for 3x^2+3x+-36==0 : 3 :: -4
num=13 ans for 3x^2+3x+-36==0 : 3 :: -4
num=17 ans for 3x^2+3x+-36==0 : 3 :: -4
num=21 ans for 3x^2+3x+-36==0 : 3 :: -4
num=25 ans for 3x^2+3x+-36==0 : 3 :: -4
num=29 ans for 3x^2+3x+-36==0 : 3 :: -4
res: -35 -32 -28 33
beg: -31 -30 -28
num=0 ans for 3x^2+3x+-30==0 : 2.70156 :: -3.70156
num=1 ans for 3x^2+3x+-31==0 : 2.7532 :: -3.7532
num=3 ans for 3x^2+3x+-32==0 : 2.80404 :: -3.80404
num=6 ans for 3x^2+3x+-33==0 : 2.8541 :: -3.8541
num=9 ans for 3x^2+3x+-34==0 : 2.90343 :: -3.90343
num=12 ans for 3x^2+3x+-34==0 : 2.90343 :: -3.90343
num=15 ans for 3x^2+3x+-34==0 : 2.90343 :: -3.90343
num=18 ans for 3x^2+3x+-34==0 : 2.90343 :: -3.90343
num=21 ans for 3x^2+3x+-34==0 : 2.90343 :: -3.90343
num=24 ans for 3x^2+3x+-34==0 : 2.90343 :: -3.90343
res: -31 -30 -28 27
beg: -31 -31 -30
num=0 ans for 3x^2+3x+-31==0 : 2.7532 :: -3.7532
num=1 ans for 3x^2+3x+-32==0 : 2.80404 :: -3.80404
num=3 ans for 3x^2+3x+-33==0 : 2.8541 :: -3.8541
num=6 ans for 3x^2+3x+-34==0 : 2.90343 :: -3.90343
num=9 ans for 3x^2+3x+-35==0 : 2.95205 :: -3.95205
num=12 ans for 3x^2+3x+-35==0 : 2.95205 :: -3.95205
num=15 ans for 3x^2+3x+-35==0 : 2.95205 :: -3.95205
num=18 ans for 3x^2+3x+-35==0 : 2.95205 :: -3.95205
num=21 ans for 3x^2+3x+-35==0 : 2.95205 :: -3.95205
num=24 ans for 3x^2+3x+-35==0 : 2.95205 :: -3.95205
res: -31 -31 -30 27
ans for 3x^2+3x+-31==0 : 2.7532 :: -3.7532
ans for 3x^2+3x+-32==0 : 2.80404 :: -3.80404
ans for 3x^2+3x+-32==0 : 2.80404 :: -3.80404
ans for 3x^2+3x+-33==0 : 2.8541 :: -3.8541
ans for 3x^2+3x+-33==0 : 2.8541 :: -3.8541
ans for 3x^2+3x+-34==0 : 2.90343 :: -3.90343
ans for 3x^2+3x+-34==0 : 2.90343 :: -3.90343
ans for 3x^2+3x+-35==0 : 2.95205 :: -3.95205
ans for 3x^2+3x+-35==0 : 2.95205 :: -3.95205
ans for 3x^2+3x+-36==0 : 3 :: -4
ans for 3x^2+3x+-35==0 : 2.95205 :: -3.95205
ans for 3x^2+3x+-36==0 : 3 :: -4
ans for 3x^2+3x+-35==0 : 2.95205 :: -3.95205
ans for 3x^2+3x+-36==0 : 3 :: -4
ans for 3x^2+3x+-35==0 : 2.95205 :: -3.95205
ans for 3x^2+3x+-36==0 : 3 :: -4
ans for 3x^2+3x+-35==0 : 2.95205 :: -3.95205
ans for 3x^2+3x+-36==0 : 3 :: -4
ans for 3x^2+3x+-35==0 : 2.95205 :: -3.95205
ans for 3x^2+3x+-36==0 : 3 :: -4
1 2 3 3 4 4 4 4 4 3 
