169
3 151 76 404 
3 121 439 251 
2 21 160 
2 408 297 
2 140 88 
3 52 455 98 
2 287 35 
2 86 353 
3 385 288 217 
2 243 194 
3 156 348 456 
4 273 438 207 312 
2 130 28 
3 352 490 416 
4 311 177 401 211 
3 358 150 26 
2 281 357 
3 170 412 168 
3 410 392 270 
3 376 498 118 
4 434 460 308 46 
3 414 254 488 
4 61 240 222 440 
2 379 349 
4 38 362 483 37 
2 480 457 
3 443 148 54 
4 292 188 164 135 
4 231 95 65 398 
3 141 132 446 
4 192 422 397 125 
3 448 159 411 
3 266 267 269 
2 102 426 
2 420 331 
3 472 301 291 
3 351 341 374 
4 433 284 91 85 
2 305 94 
4 175 430 255 4 
2 53 167 
3 371 123 390 
4 310 429 318 491 
4 278 451 42 303 
3 299 466 487 
4 186 208 377 325 
4 407 99 204 152 
3 189 332 293 
4 462 174 470 74 
2 300 479 
2 155 166 
2 82 197 
2 93 272 
2 134 51 
3 154 100 2 
2 354 205 
4 387 302 106 402 
2 290 477 
2 250 196 
4 271 339 23 275 
3 399 182 206 
2 241 143 
4 356 276 359 87 
3 17 44 127 
2 327 471 
2 458 84 
3 264 81 162 
4 261 16 41 346 
2 122 83 
4 319 361 489 469 
2 190 171 
2 481 286 
2 215 103 
3 225 210 432 
4 226 447 317 62 
2 165 58 
4 277 307 109 56 
2 227 265 
2 492 375 
2 313 12 
2 111 486 
3 452 195 149 
3 22 60 478 
2 436 366 
2 96 101 
4 334 216 464 157 
3 193 19 40 
2 14 365 
4 235 71 245 29 
4 391 34 289 232 
4 419 15 169 340 
4 6 50 198 294 
2 369 43 
4 249 427 69 314 
3 48 214 259 
2 67 441 
2 223 417 
4 72 49 36 383 
2 252 370 
2 482 389 
3 473 20 153 
4 199 295 8 323 
4 236 437 144 183 
3 120 467 335 
2 137 326 
2 344 229 
3 108 218 119 
4 403 80 453 444 
4 298 450 32 338 
2 256 185 
2 393 75 
4 55 431 45 25 
4 10 139 163 209 
2 421 347 
4 0 128 233 239 
4 105 350 406 126 
3 213 146 117 
3 445 203 442 
4 282 201 230 59 
3 499 328 394 
3 73 388 131 
3 324 31 283 
4 129 425 116 320 
2 47 316 
4 263 497 114 115 
4 89 474 449 413 
3 13 405 364 
4 221 18 343 202 
2 110 191 
3 454 428 253 
3 5 367 70 
3 330 30 309 
4 329 372 280 57 
3 187 384 296 
3 322 173 476 
2 112 1 
2 315 378 
4 64 373 9 260 
4 180 247 336 237 
3 7 494 184 
4 337 461 342 355 
3 306 386 179 
3 113 400 79 
4 345 66 459 285 
2 68 176 
2 257 224 
4 424 304 274 268 
3 3 360 363 
2 485 246 
3 11 136 107 
3 212 468 238 
2 178 382 
4 181 90 78 418 
3 409 92 220 
4 147 219 161 321 
4 475 27 104 39 
2 493 368 
3 279 496 415 
4 234 244 465 200 
3 258 463 145 
2 248 333 
4 396 24 395 228 
2 33 435 
2 423 77 
4 158 138 381 133 
3 495 242 262 
2 97 142 
3 484 172 124 
2 380 63 
