562166569
562166569
562166569
562166569
562166569
562166569
562166569
562166569
562166569
562166569
562166569
562166569
562166569
562166569
562166569
562166569
562166569
562166569
562166569
562166569
562166569
562166569
562166569
562166569
562166569
562166569
562166569
562166569
562166569
562166569
562166569
562166569
562166569
562166569
562166569
562166569
562166569
562166569
562166569
562166569
562166569
562166569
562166569
562166569
562166569
562166569
562166569
562166569
562166569
562166569
