Case #1: -335794122373 641481253678
Case #2: -342887278949 664674662848
Case #3: -358317279442 697358562698
Case #4: -315635451683 596705414510
Case #5: -296786828271 577140836005
Case #6: -242275107091 475859577393
Case #7: -268210874206 524351144951
Case #8: -268873261682 524781068704
Case #9: -368060302697 704433896941
Case #10: -323699785361 620710305408
Case #11: -307996955936 581705797295
Case #12: -428043525451 812302614488
Case #13: -393759605383 735139468067
Case #14: -260737227964 509883543931
Case #15: -344600564991 666638555088
Case #16: -334636028338 645181761260
Case #17: -298560871014 581799493461
Case #18: -310939955476 596365657304
Case #19: -387735553415 746132179905
Case #20: -410611658037 780445544576
