Hello World! Thread ID, Hello World! Thread ID, Hello World! Thread ID, Hello World! Thread ID, Hello World! Thread ID, Hello World! Thread ID, Hello World! Thread ID, 3Hello World! Thread ID, 2Hello World! Thread ID, 401Hello World! Thread ID, 5Hello World! Thread ID, 6Hello World! Thread ID, 
Hello World! Thread ID, 7Hello World! Thread ID, 
Hello World! Thread ID, Hello World! Thread ID, 8Hello World! Thread ID, 
Hello World! Thread ID, 

Hello World! Thread ID, Hello World! Thread ID, 9
10Hello World! Thread ID, Hello World! Thread ID, Hello World! Thread ID, 
11Hello World! Thread ID, Hello World! Thread ID, Hello World! Thread ID, Hello World! Thread ID, 
12Hello World! Thread ID, Hello World! Thread ID, 13Hello World! Thread ID, Hello World! Thread ID, 1415
Hello World! Thread ID, Hello World! Thread ID, 16Hello World! Thread ID, 17Hello World! Thread ID, Hello World! Thread ID, Hello World! Thread ID, Hello World! Thread ID, Hello World! Thread ID, 1918Hello World! Thread ID, 
Hello World! Thread ID, 
Hello World! Thread ID, 20Hello World! Thread ID, Hello World! Thread ID, 21Hello World! Thread ID, 22Hello World! Thread ID, Hello World! Thread ID, 
Hello World! Thread ID, 23Hello World! Thread ID, 24Hello World! Thread ID, Hello World! Thread ID, Hello World! Thread ID, 25Hello World! Thread ID, Hello World! Thread ID, Hello World! Thread ID, Hello World! Thread ID, Hello World! Thread ID, Hello World! Thread ID, Hello World! Thread ID, Hello World! Thread ID, Hello World! Thread ID, 26Hello World! Thread ID, Hello World! Thread ID, 
Hello World! Thread ID, 2728
Hello World! Thread ID, Hello World! Thread ID, 29Hello World! Thread ID, Hello World! Thread ID, 30
Hello World! Thread ID, 
Hello World! Thread ID, 32Hello World! Thread ID, 31Hello World! Thread ID, 
33
3435363738

3940Hello World! Thread ID, 41Hello World! Thread ID, 
4243
Hello World! Thread ID, 
Hello World! Thread ID, 44454647
48
49Hello World! Thread ID, 5051
Hello World! Thread ID, 52Hello World! Thread ID, 5354Hello World! Thread ID, 5557565860Hello World! Thread ID, 59Hello World! Thread ID, 
Hello World! Thread ID, 61Hello World! Thread ID, Hello World! Thread ID, 62Hello World! Thread ID, Hello World! Thread ID, 63
Hello World! Thread ID, 64
Hello World! Thread ID, 65
Hello World! Thread ID, Hello World! Thread ID, 6667Hello World! Thread ID, 
68Hello World! Thread ID, Hello World! Thread ID, Hello World! Thread ID, Hello World! Thread ID, Hello World! Thread ID, Hello World! Thread ID, 69
Hello World! Thread ID, 70
Hello World! Thread ID, 
71Hello World! Thread ID, Hello World! Thread ID, 
Hello World! Thread ID, 



Hello World! Thread ID, 
Hello World! Thread ID, Hello World! Thread ID, Hello World! Thread ID, 
72Hello World! Thread ID, Hello World! Thread ID, Hello World! Thread ID, 
Hello World! Thread ID, 73

7475



Hello World! Thread ID, Hello World! Thread ID, 
Hello World! Thread ID, 
76Hello World! Thread ID, Hello World! Thread ID, 
Hello World! Thread ID, 
Hello World! Thread ID, 77Hello World! Thread ID, Hello World! Thread ID, 
Hello World! Thread ID, 78

Hello World! Thread ID, 79Hello World! Thread ID, 

Hello World! Thread ID, Hello World! Thread ID, 

Hello World! Thread ID, 
Hello World! Thread ID, 80Hello World! Thread ID, 
Hello World! Thread ID, 81Hello World! Thread ID, 82Hello World! Thread ID, 
83Hello World! Thread ID, Hello World! Thread ID, 84Hello World! Thread ID, 
85Hello World! Thread ID, Hello World! Thread ID, Hello World! Thread ID, Hello World! Thread ID, 86
Hello World! Thread ID, Hello World! Thread ID, 87Hello World! Thread ID, Hello World! Thread ID, 
88Hello World! Thread ID, 
Hello World! Thread ID, Hello World! Thread ID, 89Hello World! Thread ID, 90
Hello World! Thread ID, Hello World! Thread ID, 
91Hello World! Thread ID, Hello World! Thread ID, 
Hello World! Thread ID, 92Hello World! Thread ID, 93Hello World! Thread ID, Hello World! Thread ID, Hello World! Thread ID, 94Hello World! Thread ID, 95Hello World! Thread ID, 9697
Hello World! Thread ID, Hello World! Thread ID, Hello World! Thread ID, 98
Hello World! Thread ID, 99Hello World! Thread ID, Hello World! Thread ID, Hello World! Thread ID, Hello World! Thread ID, 
Hello World! Thread ID, Hello World! Thread ID, 101Hello World! Thread ID, Hello World! Thread ID, 100Hello World! Thread ID, 102Hello World! Thread ID, Hello World! Thread ID, Hello World! Thread ID, Hello World! Thread ID, Hello World! Thread ID, Hello World! Thread ID, 103Hello World! Thread ID, Hello World! Thread ID, Hello World! Thread ID, Hello World! Thread ID, 104105Hello World! Thread ID, Hello World! Thread ID, 106Hello World! Thread ID, Hello World! Thread ID, 
Hello World! Thread ID, 107Hello World! Thread ID, 108Hello World! Thread ID, 109Hello World! Thread ID, Hello World! Thread ID, 110Hello World! Thread ID, 
Hello World! Thread ID, Hello World! Thread ID, Hello World! Thread ID, Hello World! Thread ID, 
Hello World! Thread ID, Hello World! Thread ID, Hello World! Thread ID, Hello World! Thread ID, 
Hello World! Thread ID, 111Hello World! Thread ID, Hello World! Thread ID, Hello World! Thread ID, Hello World! Thread ID, 112Hello World! Thread ID, Hello World! Thread ID, Hello World! Thread ID, 113Hello World! Thread ID, Hello World! Thread ID, Hello World! Thread ID, 
114Hello World! Thread ID, 115Hello World! Thread ID, Hello World! Thread ID, Hello World! Thread ID, 116Hello World! Thread ID, Hello World! Thread ID, Hello World! Thread ID, 117
Hello World! Thread ID, 118Hello World! Thread ID, 119Hello World! Thread ID, 120Hello World! Thread ID, 
Hello World! Thread ID, Hello World! Thread ID, Hello World! Thread ID, Hello World! Thread ID, 121
Hello World! Thread ID, 122Hello World! Thread ID, Hello World! Thread ID, Hello World! Thread ID, 123Hello World! Thread ID, 124Hello World! Thread ID, Hello World! Thread ID, 125Hello World! Thread ID, Hello World! Thread ID, 126Hello World! Thread ID, 
127Hello World! Thread ID, Hello World! Thread ID, 128
129Hello World! Thread ID, Hello World! Thread ID, Hello World! Thread ID, Hello World! Thread ID, Hello World! Thread ID, 
130Hello World! Thread ID, 
Hello World! Thread ID, 131132Hello World! Thread ID, 
Hello World! Thread ID, 133Hello World! Thread ID, Hello World! Thread ID, Hello World! Thread ID, 
Hello World! Thread ID, 134Hello World! Thread ID, 135Hello World! Thread ID, 136137Hello World! Thread ID, Hello World! Thread ID, 
Hello World! Thread ID, 138Hello World! Thread ID, Hello World! Thread ID, Hello World! Thread ID, 139
Hello World! Thread ID, 140Hello World! Thread ID, Hello World! Thread ID, Hello World! Thread ID, Hello World! Thread ID, Hello World! Thread ID, 141Hello World! Thread ID, Hello World! Thread ID, Hello World! Thread ID, Hello World! Thread ID, 
Hello World! Thread ID, Hello World! Thread ID, 142Hello World! Thread ID, Hello World! Thread ID, Hello World! Thread ID, Hello World! Thread ID, 143144Hello World! Thread ID, 
145Hello World! Thread ID, 
Hello World! Thread ID, Hello World! Thread ID, 146Hello World! Thread ID, Hello World! Thread ID, 147Hello World! Thread ID, Hello World! Thread ID, 
Hello World! Thread ID, Hello World! Thread ID, Hello World! Thread ID, Hello World! Thread ID, Hello World! Thread ID, Hello World! Thread ID, Hello World! Thread ID, Hello World! Thread ID, 148Hello World! Thread ID, Hello World! Thread ID, Hello World! Thread ID, Hello World! Thread ID, 149Hello World! Thread ID, Hello World! Thread ID, 150Hello World! Thread ID, Hello World! Thread ID, 
Hello World! Thread ID, Hello World! Thread ID, Hello World! Thread ID, 151
Hello World! Thread ID, Hello World! Thread ID, 152153Hello World! Thread ID, 154Hello World! Thread ID, 
Hello World! Thread ID, 155Hello World! Thread ID, 
Hello World! Thread ID, 156Hello World! Thread ID, 
Hello World! Thread ID, Hello World! Thread ID, 
Hello World! Thread ID, Hello World! Thread ID, Hello World! Thread ID, 158157Hello World! Thread ID, 159
Hello World! Thread ID, Hello World! Thread ID, Hello World! Thread ID, Hello World! Thread ID, Hello World! Thread ID, Hello World! Thread ID, Hello World! Thread ID, 160
Hello World! Thread ID, 161Hello World! Thread ID, 162Hello World! Thread ID, Hello World! Thread ID, 163Hello World! Thread ID, 164Hello World! Thread ID, Hello World! Thread ID, Hello World! Thread ID, Hello World! Thread ID, 165166
167168
169
170171172173174Hello World! Thread ID, 175
176Hello World! Thread ID, Hello World! Thread ID, 177Hello World! Thread ID, 178179

180181
182183184
Hello World! Thread ID, Hello World! Thread ID, 185Hello World! Thread ID, 
186Hello World! Thread ID, Hello World! Thread ID, 
Hello World! Thread ID, Hello World! Thread ID, Hello World! Thread ID, Hello World! Thread ID, 187Hello World! Thread ID, 188Hello World! Thread ID, 
189Hello World! Thread ID, 190Hello World! Thread ID, 191Hello World! Thread ID, Hello World! Thread ID, Hello World! Thread ID, 192Hello World! Thread ID, Hello World! Thread ID, Hello World! Thread ID, 193194Hello World! Thread ID, 195Hello World! Thread ID, Hello World! Thread ID, 196Hello World! Thread ID, 197Hello World! Thread ID, Hello World! Thread ID, Hello World! Thread ID, Hello World! Thread ID, Hello World! Thread ID, Hello World! Thread ID, 198Hello World! Thread ID, Hello World! Thread ID, 
199Hello World! Thread ID, 200201Hello World! Thread ID, Hello World! Thread ID, 202
Hello World! Thread ID, 203Hello World! Thread ID, Hello World! Thread ID, Hello World! Thread ID, Hello World! Thread ID, Hello World! Thread ID, 204Hello World! Thread ID, 205
Hello World! Thread ID, Hello World! Thread ID, 206Hello World! Thread ID, 207Hello World! Thread ID, 208Hello World! Thread ID, 
Hello World! Thread ID, Hello World! Thread ID, 209Hello World! Thread ID, Hello World! Thread ID, Hello World! Thread ID, 
210Hello World! Thread ID, Hello World! Thread ID, 211Hello World! Thread ID, Hello World! Thread ID, 
212Hello World! Thread ID, Hello World! Thread ID, 213Hello World! Thread ID, 214Hello World! Thread ID, Hello World! Thread ID, 215Hello World! Thread ID, 
Hello World! Thread ID, 216Hello World! Thread ID, 
Hello World! Thread ID, 217Hello World! Thread ID, Hello World! Thread ID, Hello World! Thread ID, 
Hello World! Thread ID, 218
Hello World! Thread ID, Hello World! Thread ID, 219Hello World! Thread ID, Hello World! Thread ID, 220Hello World! Thread ID, 221Hello World! Thread ID, Hello World! Thread ID, Hello World! Thread ID, Hello World! Thread ID, 222223Hello World! Thread ID, 
224
Hello World! Thread ID, Hello World! Thread ID, Hello World! Thread ID, Hello World! Thread ID, 226Hello World! Thread ID, Hello World! Thread ID, Hello World! Thread ID, 225227Hello World! Thread ID, Hello World! Thread ID, 
Hello World! Thread ID, 228
Hello World! Thread ID, 229Hello World! Thread ID, Hello World! Thread ID, Hello World! Thread ID, Hello World! Thread ID, Hello World! Thread ID, 
230Hello World! Thread ID, Hello World! Thread ID, Hello World! Thread ID, Hello World! Thread ID, Hello World! Thread ID, 231Hello World! Thread ID, 232
Hello World! Thread ID, 233Hello World! Thread ID, Hello World! Thread ID, 
Hello World! Thread ID, Hello World! Thread ID, Hello World! Thread ID, Hello World! Thread ID, 234235Hello World! Thread ID, 
Hello World! Thread ID, 
236237Hello World! Thread ID, 238Hello World! Thread ID, 239Hello World! Thread ID, 240Hello World! Thread ID, Hello World! Thread ID, 
Hello World! Thread ID, Hello World! Thread ID, 241Hello World! Thread ID, Hello World! Thread ID, Hello World! Thread ID, Hello World! Thread ID, Hello World! Thread ID, 242Hello World! Thread ID, 
Hello World! Thread ID, Hello World! Thread ID, 
243Hello World! Thread ID, Hello World! Thread ID, 244
Hello World! Thread ID, 245Hello World! Thread ID, Hello World! Thread ID, Hello World! Thread ID, 246247Hello World! Thread ID, Hello World! Thread ID, 248
Hello World! Thread ID, Hello World! Thread ID, Hello World! Thread ID, 249Hello World! Thread ID, 
250
Hello World! Thread ID, 
Hello World! Thread ID, Hello World! Thread ID, Hello World! Thread ID, 251252Hello World! Thread ID, Hello World! Thread ID, Hello World! Thread ID, Hello World! Thread ID, 253
Hello World! Thread ID, Hello World! Thread ID, 254Hello World! Thread ID, 255256Hello World! Thread ID, Hello World! Thread ID, 
Hello World! Thread ID, Hello World! Thread ID, 257Hello World! Thread ID, 
Hello World! Thread ID, 258259Hello World! Thread ID, Hello World! Thread ID, 260261Hello World! Thread ID, Hello World! Thread ID, Hello World! Thread ID, Hello World! Thread ID, 262
Hello World! Thread ID, 263Hello World! Thread ID, Hello World! Thread ID, 265Hello World! Thread ID, 264Hello World! Thread ID, 266Hello World! Thread ID, Hello World! Thread ID, 267268
269270271272

273
274275276
277278
279280281282283284285286288287
289290291292
293294
295296298297299
300
301
302
303304
305306
307308309310311312

313
314315316317318319320
321
322
323324
325
326327328329









330

331332
333






334335
336
337338339340341342
343
344
345
346
348347349
350351352

353
354355

356357358359360361362
363364
365

366367
368
369370371372373
374
375376
377
378
379380381
382383384
385386
387388
389
390391
392393
394395
396397
398399400401
402403
404405
406
407408409410

411
412413414415
416417418

419420421
422
423424425426427
428429430431432
433
434
435436437438439440

441442

443
444
445
446447448449
450452451453454
455456457
458459
460
461462463

464465
466467468
469
470471472473

474475476477
478479
480

481482483484
485486

487488

489490491492
493
494495
496
497
498499








































































































































































































































