80
1 278 50 293 47 
2 796 50 804 50 825 40 
3 244 31 248 50 293 3 322 50 
4 728 11 733 50 
5 8 50 17 32 
6 633 50 652 50 661 50 666 50 670 5 673 50 674 50 676 50 
7 753 8 
8 679 50 681 38 682 50 688 50 693 50 697 50 699 50 703 50 706 50 708 50 709 50 
9 700 50 705 50 712 50 713 27 
10 992 5 
11 681 7 
12 623 29 635 50 
13 578 50 580 4 586 50 588 50 594 50 
14 981 23 
15 816 44 825 10 
16 681 5 690 50 694 21 
17 244 19 282 50 292 50 297 50 305 50 307 49 
18 623 21 650 50 653 13 655 50 670 45 694 29 713 23 
19 640 41 643 50 653 37 657 50 667 50 672 50 680 50 707 50 728 39 
20 816 6 820 10 824 50 860 50 
21 621 38 640 9 711 50 
22 962 14 981 27 983 50 
23 962 36 992 19 
24 621 12 664 50 721 50 722 50 738 10 
25 946 31 
26 607 50 625 50 630 50 642 13 647 50 649 50 654 50 
27 685 50 698 50 715 21 738 40 
28 725 48 
29 715 13 
30 675 50 695 50 715 16 720 50 725 2 747 50 753 42 758 24 
31 992 9 
32 719 18 741 50 758 26 
33 951 5 
34 992 6 
35 671 15 686 50 691 50 696 50 
36 719 13 
37 714 50 717 7 719 19 
38 717 40 
39 946 19 951 42 
40 610 50 626 50 642 37 646 50 656 22 658 50 671 35 
41 678 13 717 3 718 50 723 50 727 50 730 50 737 50 739 50 751 50 752 50 759 50 760 50 762 50 763 50 
42 678 37 724 44 731 50 
43 976 3 
44 605 50 615 50 619 25 637 50 656 28 663 50 
45 684 50 724 6 729 50 764 50 773 23 
46 687 50 692 50 704 50 710 50 735 50 742 50 750 50 754 50 766 50 767 32 769 50 773 27 779 50 
47 606 50 619 25 639 50 651 49 669 50 726 50 732 50 745 50 761 50 767 18 775 50 
48 631 50 651 1 659 50 689 50 702 44 787 50 805 50 820 40 
49 257 50 307 1 339 26 489 50 503 50 506 50 531 50 532 50 
50 976 20 
51 616 50 629 50 660 50 702 6 736 50 743 50 748 50 749 50 756 50 776 22 821 50 833 50 835 50 
52 734 50 765 32 776 28 836 50 
53 614 50 645 50 765 18 768 50 772 50 810 37 
54 608 50 622 50 665 50 677 50 744 5 746 50 780 50 809 50 810 13 827 50 
55 597 27 609 50 662 50 668 50 744 45 
56 597 23 611 50 814 23 
57 641 25 777 50 778 50 783 50 803 50 814 27 
58 551 11 554 50 555 50 557 50 559 50 
59 770 19 784 50 
60 580 46 590 16 
61 5 24 12 50 17 18 
62 617 49 627 50 641 25 
63 617 1 632 22 
64 879 50 881 50 911 46 
65 911 4 913 38 
66 632 28 770 6 
67 28 19 34 50 
68 638 27 770 25 
69 585 2 590 34 601 50 
70 774 13 
71 223 39 
72 638 23 648 50 701 50 716 50 740 50 771 3 774 37 791 50 839 50 
73 48 50 55 50 63 50 89 24 
74 840 13 992 11 
75 576 50 585 48 591 50 634 50 683 50 757 50 771 47 785 50 792 50 826 35 840 37 913 12 938 50 951 3 
76 598 50 612 50 624 50 628 50 636 14 826 15 842 50 
77 613 50 636 36 644 50 807 50 853 50 858 50 920 49 
78 3 50 4 22 5 26 6 50 7 50 14 50 15 50 
79 579 50 587 50 595 50 813 7 819 50 822 50 848 50 849 50 850 50 920 1 
80 828 3 939 50 
