30
4 63 10 65 4 
10 93 10 97 4 
5 97 3 
9 59 7 
16 97 3 
21 59 3 62 10 65 6 66 10 67 10 68 10 71 9 91 10 
14 92 2 
19 57 10 64 7 69 10 71 1 90 10 
2 56 3 64 3 
6 92 6 
15 56 7 87 7 92 2 94 10 
28 61 10 72 10 
1 75 2 
3 60 5 85 10 87 3 
24 75 3 
7 98 2 
18 54 10 60 5 70 5 75 5 88 10 96 10 98 8 
8 3 8 70 5 83 10 
22 52 10 55 10 58 10 77 10 78 7 
27 82 10 86 8 
25 99 2 
30 53 9 
11 22 10 27 10 29 10 49 6 51 10 53 1 
12 47 1 49 4 73 10 
13 89 4 
17 78 3 84 4 86 2 89 6 
23 74 5 84 6 
29 47 9 74 5 76 10 79 10 81 6 
20 95 9 
26 99 2 
