3000
1 5835 600 5885 600 5906 600 5974 600 5986 600 6154 600 8777 600 8947 576 8995 600 9094 600 
2 8928 381 
3 5841 596 6155 600 6200 600 
4 9151 255 
5 8824 600 8880 600 8976 160 
6 6101 600 6122 600 6141 600 6296 600 9220 282 
7 9017 364 
8 9157 401 
9 5672 600 5721 600 5811 600 5889 600 6021 600 6034 600 6039 600 6074 600 6085 600 6191 600 6213 427 6225 600 6353 600 
10 8923 600 9084 600 9182 600 9191 179 9203 600 
11 5971 14 
12 9217 174 
13 5630 199 5681 600 5815 600 5865 600 5971 586 6186 600 6282 600 
14 8920 600 9015 544 
15 8818 440 
16 8986 397 
17 8892 128 
18 5911 600 6112 600 6204 301 8703 600 8707 600 
19 5876 600 5951 600 6073 600 6206 600 6265 533 6273 600 6280 600 
20 9253 481 9387 600 
21 9526 18 
22 2556 600 5146 55 5152 600 
23 5617 600 5659 600 5745 242 5759 600 5894 600 5946 600 6041 600 6153 600 6244 600 
24 9193 405 
25 9196 415 
26 5629 600 5861 600 6165 380 6255 600 8701 600 
27 5639 600 6178 17 
28 8868 275 
29 8766 99 8817 600 9047 600 9101 600 9283 600 
30 8833 600 9005 96 9343 600 
31 5692 600 5918 489 6393 600 6430 600 
32 5729 600 5778 600 5780 600 5788 600 5828 600 5924 600 5947 600 5979 600 6150 600 6178 583 6238 600 6272 600 6415 170 
33 8747 600 8752 600 8852 200 
34 5553 600 6051 335 
35 5796 600 5927 600 6023 600 6032 600 6107 559 6127 600 
36 9060 88 
37 9226 254 
38 7526 511 
39 9509 336 
40 8815 282 8955 600 8971 600 9091 600 9105 600 9245 600 
41 8872 600 8902 600 8922 83 8953 600 8958 600 9038 600 9066 600 9114 600 9202 600 9277 600 9390 600 
42 8741 176 8942 600 
43 8876 478 9050 600 
44 5635 600 5849 600 5855 600 5893 600 5955 600 6287 600 6343 465 
45 9755 125 
46 9048 582 
47 5873 600 5913 600 6035 331 6115 600 6234 600 8976 440 
48 9228 338 
49 5751 600 5767 600 5816 600 5830 600 5859 600 5999 600 6061 381 6157 600 6201 600 
50 8845 155 9251 600 9468 600 
51 8835 600 9169 526 
52 6339 600 6350 86 6361 600 
53 8797 357 
54 8862 292 8977 600 
55 8648 328 
56 7621 459 
57 5625 600 5960 600 6049 600 6152 532 
58 9021 50 
59 6078 600 8609 600 8667 600 8780 417 8855 600 9123 600 9177 600 
60 5600 600 8597 169 9237 600 9413 600 
61 5908 600 5935 481 
62 2221 600 2336 600 2567 339 2576 600 
63 8861 90 
64 5649 600 5993 600 6063 87 6297 600 6334 600 6529 600 8865 600 
65 9312 554 9482 600 
66 6130 421 
67 9449 388 
68 9115 232 
69 5717 103 
70 2172 600 2371 600 5145 334 5175 600 5176 600 5179 600 5183 600 
71 8908 171 
72 8745 600 9052 600 9112 473 
73 5763 600 6329 368 
74 9928 105 
75 9526 92 
76 8479 600 8493 600 8571 404 
77 5900 427 5912 600 6477 600 9009 600 
78 5786 232 
79 5878 600 6025 600 6066 600 6181 600 6253 600 6269 600 6333 475 6398 600 
80 8739 495 8849 600 
81 5827 600 5929 600 6092 600 6185 600 6461 600 8737 381 8801 600 8830 600 
82 9638 81 
83 9100 600 9189 600 9262 28 
84 5556 600 5670 600 5715 600 5726 70 5772 600 6242 600 6433 600 6471 600 
85 8883 164 9152 600 9345 600 9431 600 
86 6093 590 
87 8859 600 8892 472 8938 600 9016 132 9060 512 
88 8754 600 8828 600 8886 600 8968 275 9005 504 
89 8766 112 9028 600 
90 9440 9 
91 2090 600 2366 355 2621 600 2650 600 
92 5521 600 6347 600 6442 235 
93 9576 223 
94 5854 155 5892 600 
95 9206 31 
96 8917 293 
97 5774 600 6019 527 6143 600 9033 600 9051 600 9075 600 9078 600 9255 600 
98 9750 8 
99 5660 600 6056 510 9000 600 9204 600 
100 9379 484 
101 6116 534 8767 600 8810 600 
102 5643 118 5793 600 5831 600 6301 600 6302 600 6479 600 
103 5601 600 5782 600 6010 600 6322 600 8588 600 8728 600 8783 529 8860 600 
104 6568 180 
105 8699 333 9191 421 9429 600 
106 6292 184 
107 5858 600 5943 600 5987 282 9001 600 9083 600 
108 8822 99 8992 600 9457 600 
109 9021 275 
110 6081 13 
111 9440 411 
112 321 15 415 600 
113 9750 101 
114 4265 387 
115 5506 600 5920 600 6028 600 6539 246 8583 600 8671 600 8869 600 9151 345 
116 5602 600 5642 600 6006 600 6040 600 6283 600 6362 600 6367 528 
117 7955 600 8070 153 
118 8891 255 8922 517 
119 9870 44 
120 5837 600 6121 600 8641 600 8840 90 8983 600 9025 600 9058 600 9087 600 9103 600 9118 600 9129 600 9262 572 9298 600 9351 600 
121 5655 600 5819 600 6158 85 6246 600 6344 600 6505 600 
122 6081 110 6324 600 
123 9412 339 
124 5888 139 6340 600 
125 2529 346 2599 600 2840 600 
126 8646 600 8653 600 8709 24 8870 600 8903 600 
127 5558 600 8664 600 8674 600 8836 473 9252 600 9371 600 
128 5696 600 5990 600 6483 449 
129 5679 600 5998 600 6211 600 6261 600 6385 285 
130 5743 600 6125 600 6136 600 8606 600 8716 600 8776 600 8916 185 9217 426 9304 600 
131 8557 600 8934 600 9156 584 9206 569 
132 6008 456 
133 5652 600 6126 600 6151 600 6364 600 6437 600 6512 600 8484 600 8497 181 8678 600 9125 600 9173 600 9452 600 
134 8625 471 8733 600 
135 8560 600 8894 600 8950 600 9519 488 
136 8831 475 
137 5596 600 6139 600 9510 125 
138 5738 600 5938 120 6005 600 6022 600 6087 600 6258 600 6426 600 6526 600 6566 600 
139 8804 409 8809 600 
140 5996 301 6298 600 8526 600 8657 600 8742 600 8834 600 8874 600 9126 600 9415 600 
141 5590 600 5925 575 6159 600 7134 600 
142 5732 230 5733 600 5826 600 5856 600 6110 600 6326 600 6360 600 6365 600 6444 600 6445 600 6469 600 
143 9829 26 
144 9601 64 
145 9171 600 9269 105 9274 600 
146 8594 210 9065 600 
147 5731 600 5981 600 6014 92 6588 600 
148 8756 600 8875 125 
149 9334 224 
150 8521 473 8709 576 
151 5492 600 5787 600 5957 210 6227 600 
152 6133 401 6184 600 8537 600 8895 600 
153 5982 600 7026 30 8508 600 
154 5574 600 6096 312 6171 600 6342 600 8748 600 9036 600 9220 318 9417 600 
155 5768 600 6209 600 6350 514 7153 600 8424 600 8585 600 8650 264 9148 600 9149 600 9499 600 
156 5454 600 5699 600 5705 184 5820 600 6983 600 9488 600 
157 7497 152 
158 7585 597 
159 5720 600 5755 600 5917 600 5923 600 5994 600 6018 267 
160 6481 597 6551 600 8400 600 
161 8926 600 9044 390 9144 600 9322 600 
162 9382 133 
163 8665 197 8909 600 
164 6182 151 
165 6057 246 6260 600 6305 600 6416 600 6439 600 8861 510 8997 600 9034 600 9045 600 9272 600 9281 600 9381 600 
166 9701 237 
167 5663 600 5685 600 5725 600 5870 600 5939 255 6037 600 6063 513 6496 600 6510 600 8477 600 8554 600 
168 7178 600 8711 117 8853 600 9428 600 9539 600 
169 9291 578 9323 600 
170 5540 600 5664 600 5864 600 5977 582 
171 9392 426 
172 9287 424 
173 5734 286 5741 600 6135 600 
174 5276 598 5309 600 5311 600 
175 9502 65 
176 5821 600 5922 555 5975 600 6460 600 
177 8596 84 
178 5351 600 5654 600 5726 530 5769 600 5890 600 5926 600 8559 309 8706 600 8788 600 8877 600 
179 2474 406 2528 600 2610 600 
180 5630 401 6103 600 6325 597 6998 600 
181 5468 600 6172 600 6229 600 6310 600 6669 600 6982 600 7917 600 8763 108 8939 600 9155 600 
182 5622 130 6027 600 6065 600 8164 600 8608 600 8732 600 8736 600 8913 600 8941 600 
183 6055 63 
184 5453 600 5482 600 5942 600 6024 600 6168 600 6315 600 6394 600 8774 600 8841 212 8915 600 9024 600 9188 600 
185 5883 328 6331 600 
186 5607 195 6090 600 
187 5717 497 5936 600 6323 600 6580 239 8603 600 8620 600 
188 8887 600 8978 4 
189 8398 519 8758 600 
190 5845 600 5882 600 6336 600 7016 145 7148 600 8975 600 
191 9225 600 9339 593 9375 600 
192 5724 600 5799 600 6401 600 7349 434 
193 8787 410 8879 600 9628 600 
194 9043 419 9214 600 
195 9109 600 9306 259 
196 8981 600 9166 290 
197 6131 580 8527 600 
198 8980 600 9307 600 9397 346 
199 8978 286 
200 6528 600 6673 224 8898 600 
201 6263 430 
202 5610 600 5614 600 6030 548 6363 600 6609 600 7026 570 
203 8448 600 8462 600 8658 600 8690 600 8798 600 9026 214 
204 8778 212 
205 9970 30 
206 8509 600 9483 600 9491 453 
207 9456 339 
208 9183 470 
209 7777 266 8330 600 
210 8677 488 8772 600 
211 8749 198 
212 9359 8 9421 600 
213 6156 600 6235 600 6411 600 6651 446 
214 8422 600 8469 430 
215 7850 83 
216 6016 600 6215 600 6392 600 7065 287 
217 7844 600 8514 219 
218 5424 600 5448 493 5505 600 5570 600 5648 600 
219 8919 331 
220 9846 112 
221 9133 126 
222 5860 475 5931 600 6278 600 6377 600 6525 600 6596 600 
223 8952 11 8972 600 9096 600 
224 5822 600 5886 600 5902 600 6198 600 6414 600 6415 430 6422 600 6423 32 
225 9198 230 
226 9178 11 
227 9507 370 
228 6043 377 6111 600 6319 600 6351 600 6368 600 6386 600 6438 600 6664 600 6881 600 7005 600 
229 6330 153 6384 600 6650 600 
230 5628 600 5666 479 5868 600 6231 600 6304 600 6598 600 7285 600 7339 600 
231 8239 533 8523 600 8765 600 
232 8309 600 8495 600 8612 12 8766 389 9153 600 9160 600 
233 9232 18 
234 6720 112 8351 600 8352 600 
235 6727 600 8150 114 
236 6436 600 8613 600 8714 349 8759 600 8794 600 8808 600 
237 5416 600 5818 600 6106 600 6506 600 6605 600 8503 600 8948 600 8967 600 9008 600 9167 50 9179 600 9212 600 9229 600 9479 600 
238 5832 600 6550 600 7452 600 8852 382 
239 6601 600 8470 600 8485 33 
240 9134 600 9270 47 9311 600 9526 490 
241 6482 281 
242 6591 379 7415 600 
243 9282 93 
244 9346 600 9425 311 
245 8556 290 8882 600 
246 6144 600 6579 600 7474 600 7849 600 8464 600 8488 338 
247 9545 167 
248 9676 140 
249 73 600 122 154 5833 600 5984 600 6220 600 6267 600 6299 600 6390 600 6494 600 6643 600 6660 600 
250 5644 600 5781 600 5932 600 6451 600 6649 600 7316 443 7458 600 7966 600 8158 600 8499 600 
251 9466 328 
252 5650 600 5776 600 5869 38 
253 8696 26 
254 5587 600 5623 600 5719 600 5752 69 5844 600 5884 600 5937 600 
255 9790 103 
256 8845 445 8952 135 
257 8525 600 8698 600 8928 211 
258 9746 189 
259 2684 102 2699 600 
260 6417 600 8404 600 8472 600 8741 424 8746 400 8786 600 8803 600 8847 600 8871 600 9102 600 9178 589 9359 592 9506 600 
261 8442 235 
262 6756 600 6949 354 7671 600 8612 588 
263 7751 516 9029 600 9138 600 
264 9399 26 
265 5645 600 5958 600 6175 600 6176 79 6250 600 6251 600 8039 600 8358 600 8489 600 8540 600 8617 600 8800 600 
266 6831 600 8555 105 8605 600 
267 9533 291 
268 5094 583 5099 600 
269 9327 600 9409 267 9585 600 
270 5539 600 6281 327 
271 5771 600 6289 600 6577 600 7550 600 8705 270 9648 600 
272 5515 590 5615 600 
273 9020 600 9574 315 
274 6684 306 
275 5680 376 6129 600 6158 515 6511 600 
276 5452 600 5852 472 5921 600 6007 600 
277 7583 591 
278 8687 159 
279 9267 373 
280 8346 154 
281 7018 600 8822 8 
282 6257 600 6454 592 6716 600 7635 600 8551 600 8807 600 8840 510 9017 236 9088 600 9089 600 
283 2335 8 2383 600 
284 2388 9 
285 9031 158 9232 582 
286 9200 11 9315 600 
287 9638 472 
288 6332 600 6478 25 6683 600 6710 600 8623 600 8755 600 
289 8438 398 
290 9095 311 
291 6583 600 6613 600 6764 600 6859 600 6970 600 7824 600 8428 600 8449 600 8455 600 8684 497 
292 6413 600 6524 600 6718 600 7652 313 8951 600 
293 5377 595 5491 600 5704 600 5959 600 6000 600 6169 600 6427 600 
294 5745 240 6607 600 6658 600 6845 600 6866 600 8272 600 
295 8482 72 
296 8563 600 8829 542 
297 6497 441 
298 9801 27 
299 5678 555 
300 8708 600 8822 493 8842 338 8846 600 8994 600 9016 468 9119 600 
301 7908 595 
302 6317 273 
303 9248 325 
304 9671 68 
305 6381 600 6645 380 
306 9553 571 
307 7236 600 8103 591 
308 5976 600 6247 600 6359 309 7502 600 8264 600 
309 5340 600 6448 600 6642 600 6793 202 7053 600 8770 600 
310 8600 188 8672 600 
311 5637 600 5643 482 5775 600 5810 600 6212 600 6243 600 6370 600 6615 600 6883 600 7810 600 8222 32 9564 600 
312 2641 600 2646 600 2757 301 
313 5550 600 5792 600 5836 600 6233 600 6366 600 6423 568 6887 600 7070 600 7563 600 8691 600 8771 600 8792 341 8821 600 
314 6228 600 6358 390 
315 5591 600 5669 600 6180 600 6194 600 6285 600 6431 600 6543 600 6554 600 6570 600 6631 34 9477 600 
316 6721 600 7400 600 8195 600 8344 600 8632 16 9200 589 
317 8115 600 8552 297 8868 325 9321 600 
318 5520 600 5548 600 5850 600 6210 600 6270 185 6294 600 6321 600 6541 600 7309 600 
319 8984 600 9266 306 
320 6202 342 7034 600 
321 8693 600 9230 116 
322 6498 101 
323 5348 600 5410 600 5412 600 5440 145 5523 600 5527 600 5571 600 5583 600 5592 600 
324 7135 600 7323 142 
325 5674 600 5746 600 5753 600 6189 600 6277 600 6670 235 8696 574 
326 5806 600 5992 600 6081 477 6187 600 6295 600 6419 600 6470 600 6558 404 6578 600 6635 600 7476 600 
327 8353 600 8597 431 8769 600 8881 417 9226 346 9581 600 
328 9081 600 9430 157 
329 8598 9 
330 7414 337 7609 600 7862 600 8289 600 
331 2151 522 2439 600 
332 5662 600 5813 36 
333 6840 600 7406 600 8361 600 8586 600 8639 600 8681 307 8878 600 8949 600 
334 5605 600 5991 600 6082 600 7111 600 7125 600 7490 600 8284 600 8656 19 
335 6345 600 7149 72 7346 600 
336 6099 600 6432 600 6945 455 
337 9319 204 
338 9106 598 
339 8268 600 8417 600 9365 339 
340 8485 567 8715 154 8966 600 
341 4991 392 5015 600 
342 6303 146 6490 600 6495 600 6584 600 6700 600 8230 600 8912 600 9211 600 9399 574 
343 5714 473 
344 5597 600 6162 426 
345 6313 600 6476 388 8450 600 
346 5840 600 6055 537 6177 600 6410 600 6502 332 6581 600 6618 600 
347 6674 600 6699 600 8595 510 
348 9580 191 
349 6736 600 6810 600 6876 61 7945 600 8229 600 
350 6914 600 7582 600 8323 400 8345 600 8415 600 8610 600 8805 600 8908 429 9076 600 9250 600 9260 600 9408 600 
351 7765 600 9300 501 
352 6266 600 6441 600 6637 317 6723 600 6838 600 
353 6478 575 6594 241 8598 591 8883 436 9502 535 
354 6540 600 8185 87 8343 600 8454 600 8533 600 
355 8461 398 
356 5621 600 6014 508 6098 600 6160 600 6288 600 6412 254 6709 600 
357 7744 600 8040 600 8685 422 8781 600 8856 600 9268 600 9472 600 9524 600 
358 9418 566 
359 8076 600 8316 534 8743 600 
360 9485 357 
361 6031 600 6224 600 6522 600 6761 49 9061 600 
362 7599 600 8632 584 8642 142 
363 9693 461 
364 5869 562 5871 600 6320 395 6621 600 9461 600 
365 9601 185 
366 6701 600 7084 600 7896 121 
367 5481 52 5516 600 5626 600 
368 5500 600 6248 600 9246 12 
369 4173 454 
370 6715 600 8064 9 
371 8124 562 
372 9099 289 
373 5478 600 5525 600 5651 600 5698 600 5700 600 5848 600 5854 428 
374 8592 525 
375 2335 592 2388 143 
376 9789 88 
377 6163 247 8566 600 8589 600 8933 600 9643 600 
378 6407 600 8131 600 8240 600 8593 274 
379 7115 379 8796 600 
380 7247 600 8867 600 9163 24 
381 9617 446 
382 5547 539 5802 600 6046 600 6446 600 6732 600 6742 600 6817 600 
383 7921 591 
384 9619 21 
385 5529 462 5823 600 
386 5352 410 5433 600 5694 600 6004 600 
387 7866 600 9233 69 
388 6406 600 6457 600 6781 600 8397 600 9007 600 9187 600 9270 553 9659 23 
389 8315 600 9269 271 
390 282 178 
391 6456 600 6599 600 6712 600 6829 518 7199 600 7543 600 8149 600 9602 600 
392 6586 600 6675 600 8170 539 
393 5989 600 6492 600 8386 600 8471 600 8911 600 8940 600 9004 600 9167 550 9280 600 9512 600 9548 544 
394 5646 600 5940 600 5973 600 6113 600 6183 600 6204 299 6306 519 6467 600 6537 600 
395 6752 441 
396 7716 600 7728 600 8519 600 8596 516 8668 600 8679 147 8757 600 8962 600 9046 600 9062 600 9131 600 9352 600 
397 8656 284 9157 199 9366 600 
398 5575 409 6094 600 6567 600 6800 600 8695 600 8897 600 8924 600 9092 600 9455 600 
399 4974 600 5001 305 5006 600 
400 8064 133 
401 6240 600 6523 600 6629 600 8655 92 
402 6376 600 6597 280 8510 600 
403 5437 600 5513 600 6533 600 6545 600 6600 600 6622 600 6857 24 6977 600 8061 600 8403 600 8441 600 8567 600 
404 5417 600 6095 241 6409 600 6519 600 6819 600 6961 600 
405 9265 239 
406 9541 91 
407 8190 600 8222 127 8965 600 9285 600 
408 7971 600 8145 600 8721 600 8727 113 
409 5985 600 6167 600 6666 247 
410 8541 600 8661 512 
411 5938 480 6346 600 6507 246 7379 600 8258 600 8405 600 8575 600 8704 600 
412 8813 600 8851 547 9246 588 9314 600 9324 600 
413 5888 461 5968 600 6054 600 6606 600 6734 600 6775 600 8276 600 8436 600 8722 600 8730 600 8761 512 9128 600 9185 600 
414 8785 124 
415 9497 324 
416 9612 502 
417 9510 240 
418 6725 600 6927 600 7013 385 
419 5543 309 6631 566 7311 600 7343 600 8012 600 
420 5980 600 6641 600 6735 600 7711 102 
421 6284 29 
422 6318 600 6337 600 8979 475 
423 6396 600 6464 600 6569 434 6573 600 
424 5512 5 5585 600 6192 600 6208 600 6595 600 7496 600 
425 84 600 86 600 93 600 97 600 99 600 103 219 156 600 
426 5379 600 5519 600 5683 600 5901 600 6222 600 6262 600 6561 600 6784 600 7008 520 
427 8991 512 
428 9531 127 
429 9439 469 
430 8456 600 8663 600 8826 373 
431 9645 497 
432 8427 180 8850 600 8866 600 
433 7265 600 7811 600 7817 600 8136 600 8277 600 8303 600 8322 450 8615 600 8815 318 
434 6145 233 8899 600 8918 600 9012 600 9241 600 9384 600 9567 600 
435 6787 600 6947 49 
436 6179 600 8138 600 8327 233 8535 600 
437 392 600 412 600 478 600 482 600 515 600 668 586 
438 5686 600 6935 507 8544 600 
439 6404 80 6646 600 7266 600 8020 600 8283 600 
440 6161 115 6589 600 8025 600 8686 600 9077 600 9563 600 
441 5594 600 6164 600 6237 341 6293 600 
442 5325 600 5512 389 6534 600 6778 600 8875 475 
443 5368 600 6349 119 
444 5813 564 6058 600 6311 187 
445 9619 379 
446 8682 169 8782 600 9011 600 
447 5589 600 6026 392 6195 600 6418 600 
448 9659 81 
449 9501 276 
450 5285 158 
451 9534 195 
452 9630 69 
453 9970 11 
454 8960 357 
455 5953 600 6080 600 6148 600 6846 78 8760 600 
456 5485 600 6352 600 6530 600 6842 380 8832 600 
457 6254 600 6509 600 6648 600 6698 600 6816 600 7052 438 
458 5367 600 5391 600 5549 600 6429 600 6585 600 6678 600 6731 600 6893 600 7350 600 7358 600 7499 42 7788 600 7850 517 
459 8348 600 8373 350 
460 5324 600 5487 600 5493 394 5967 600 6380 600 
461 7292 69 
462 9163 26 
463 9738 25 
464 8391 77 
465 9651 157 
466 9301 376 
467 5466 571 6327 600 6388 600 7837 600 8119 600 8622 600 9010 600 9022 600 9369 600 9372 600 
468 5363 233 5730 600 6142 600 6549 600 6627 600 7058 600 7450 600 7787 600 8570 600 8587 600 9256 600 
469 8990 600 9385 406 
470 6885 600 7392 600 8260 600 8998 600 9332 133 
471 6166 600 6520 600 7293 600 7865 600 8167 589 8713 600 8890 600 
472 7717 93 8267 600 8375 600 
473 8751 89 9500 600 9556 600 
474 5542 600 8412 600 8614 157 9180 600 
475 8331 586 
476 5809 600 8233 600 8486 600 9137 215 
477 5952 600 6559 468 
478 639 600 652 75 
479 9915 69 
480 5712 600 5752 480 6755 600 6779 600 
481 5532 600 6375 600 6484 600 7075 600 7337 600 7352 600 7633 600 8231 600 8241 600 8252 600 8293 119 
482 8779 143 8931 600 
483 8355 600 8409 600 8640 600 8763 492 9053 600 9073 600 9116 455 9422 600 9437 600 9454 600 
484 2260 398 2299 600 2452 600 
485 5631 481 5798 600 5839 600 5961 600 6045 600 6174 600 
486 9669 128 
487 5803 600 6708 600 6769 600 6870 600 6909 600 6948 600 7237 600 7767 248 7909 600 7918 600 7941 600 
488 2359 600 2588 183 
489 5682 600 6047 600 6290 600 6449 600 7451 600 7833 600 7988 600 8573 600 8581 600 8669 600 8673 251 8720 600 9113 600 
490 9295 358 
491 5919 600 6292 416 6997 600 7370 600 8227 600 8396 158 8711 483 9071 600 9207 600 9221 600 9464 600 9490 600 
492 5223 600 5479 589 5633 600 5862 600 5896 600 
493 6857 576 6938 600 8255 63 8536 600 
494 65 600 68 600 98 600 162 426 216 600 
495 6286 600 6480 246 7175 600 
496 5449 438 5665 600 5728 600 
497 6036 122 6128 600 6357 600 6399 600 6501 600 6504 600 6568 420 
498 6574 600 6691 600 6717 600 6726 600 6900 600 7160 600 7434 458 7512 600 
499 9546 256 
500 9085 226 
501 8129 600 8451 600 8546 600 8885 600 9115 276 9294 600 
502 9382 86 
503 8122 600 8381 600 8383 178 
504 7890 600 7903 64 8498 600 8985 600 
505 8411 600 8565 274 9288 600 
506 9333 404 
507 6420 600 6544 600 6652 600 6738 600 6869 600 7072 600 7240 600 7556 66 7876 600 8219 600 
508 6984 384 8393 600 
509 5687 600 6176 521 6685 600 6694 600 7300 600 7542 600 8889 103 9002 600 9357 600 
510 5756 600 6190 600 6205 600 6219 453 6828 600 7020 600 8071 600 8793 600 8986 203 
511 8148 600 8447 375 
512 7242 600 7383 600 8193 426 
513 6369 600 6626 600 9453 157 
514 8194 600 8529 123 
515 8066 389 8500 600 
516 5559 600 5586 600 5668 600 5786 68 6348 600 7137 600 7227 600 8426 600 
517 6124 571 
518 9672 207 
519 6458 600 6754 600 6973 600 8027 600 8126 65 
520 5545 458 8549 600 
521 6943 600 7054 600 7372 600 7998 562 8964 600 9139 600 
522 8306 517 8629 600 
523 5667 600 6452 600 6861 4 
524 5279 600 5450 600 5561 600 6119 600 6138 600 6284 571 6372 600 6560 600 6624 600 6951 600 7299 600 8458 54 
525 6245 600 6745 500 8288 600 9098 600 9231 600 9282 507 9330 600 9586 600 
526 6132 600 6640 600 6906 600 7943 557 8058 600 
527 5473 600 5671 238 5915 600 5983 600 
528 9726 445 
529 6603 600 7059 600 7123 600 7735 515 
530 8413 347 
531 7883 600 9079 600 9406 187 9642 600 
532 7847 600 8290 600 8784 37 
533 9518 379 
534 9049 600 9622 398 
535 6516 600 6750 131 
536 6761 551 6808 222 
537 6593 600 6729 600 7602 134 
538 8011 480 
539 5234 600 5634 600 6373 600 6571 600 6836 600 6861 452 6969 600 7159 600 8611 600 8888 600 
540 7260 416 7320 600 
541 5584 600 6499 214 
542 6513 600 6783 600 6972 600 7087 600 7094 488 
543 8113 446 
544 2276 600 2287 303 
545 5286 600 6703 310 8192 600 8329 600 
546 46 600 47 600 56 600 58 600 70 600 91 600 136 600 200 19 
547 5294 600 5765 41 6707 600 
548 8511 600 8666 525 
549 9987 14 
550 8437 600 8604 600 8616 600 8717 102 
551 6765 114 
552 5481 548 5494 600 5599 600 5622 470 5703 600 5748 600 5887 600 6100 600 6355 600 6389 9 
553 8482 460 9064 600 
554 8937 562 
555 9236 27 
556 9107 4 9120 600 9154 600 
557 2153 146 
558 9599 11 
559 7686 600 8457 600 8837 488 8959 600 
560 6771 600 8607 67 
561 6867 600 6876 539 7143 600 7191 600 7877 600 7957 600 8007 115 8021 600 8157 600 8263 600 
562 5638 600 6341 600 6592 600 6657 600 7799 495 
563 9163 550 9583 247 
564 5374 600 5677 600 5740 347 6656 600 6903 600 7186 600 7497 448 
565 8308 600 8356 600 8364 600 8542 600 9264 600 9341 268 
566 7986 452 8310 600 8350 600 8421 600 8507 600 8532 600 8576 600 
567 5879 197 
568 8689 265 8702 600 8914 600 9104 600 9124 600 9164 600 9338 600 9509 264 
569 5903 185 8014 600 8367 600 8378 600 8478 600 8490 600 9107 596 9368 600 9465 600 
570 9671 150 9677 600 
571 8318 225 9470 600 
572 2069 600 2407 600 2423 291 2486 600 
573 5431 61 6796 600 6928 600 
574 9474 429 
575 6182 449 6249 600 6610 600 6860 32 7060 600 7886 600 
576 8916 271 
577 8466 258 8543 600 8907 600 9014 600 9127 600 
578 5790 600 6702 600 7785 600 8048 600 8207 36 8298 600 
579 5727 455 8379 600 8626 600 8738 600 8811 600 8844 600 8921 600 9056 600 9190 600 9364 600 
580 7732 600 8660 405 8814 600 9193 195 9644 600 
581 8764 600 8973 116 
582 5898 600 6213 173 6826 27 7047 600 
583 9635 102 
584 6720 169 8497 419 8947 24 9308 600 
585 5441 600 6075 600 6312 437 7003 600 7149 528 
586 5702 600 5718 600 6001 600 6428 422 
587 7291 600 7703 407 8070 447 8365 600 8430 600 8910 600 
588 6487 137 
589 9796 103 
590 6814 27 7326 600 
591 8317 201 8496 600 9072 600 9296 600 9660 600 
592 9599 52 
593 5397 600 6064 600 6389 591 6442 365 6475 600 6654 600 7126 600 7225 131 7605 600 7991 600 8018 600 8150 486 
594 8217 600 8221 412 8371 600 
595 9991 1 
596 6686 551 8249 600 
597 8473 356 9019 600 9441 600 
598 9243 600 9258 345 
599 5476 600 6084 600 6264 600 6354 600 7278 2 8446 600 8601 600 8773 600 
600 5577 600 5656 278 5657 600 5761 600 
601 6863 10 
602 6918 10 
603 200 10 
604 5867 10 
605 5203 10 
606 8522 10 
607 8644 10 
608 6737 10 
609 5228 10 
610 6974 10 
611 6275 10 
612 9398 10 
613 5443 10 
614 5582 10 
615 5329 10 
616 8823 10 
617 523 10 
618 9108 10 
619 8481 10 
620 2481 10 
621 5742 10 
622 268 10 
623 5909 10 
624 6739 10 
625 599 10 
626 248 10 
627 2226 10 
628 8189 10 
629 8463 10 
630 5199 10 
631 247 10 
632 5560 10 
633 147 10 
634 6013 10 
635 9498 10 
636 9162 10 
637 271 10 
638 929 10 
639 5616 10 
640 8325 10 
641 6062 10 
642 2547 10 
643 6890 10 
644 5916 10 
645 5956 10 
646 6967 10 
647 9489 10 
648 6307 10 
649 167 10 
650 2099 10 
651 6780 10 
652 7278 10 
653 164 10 
654 9133 10 
655 6391 10 
656 6076 10 
657 6239 10 
658 200 10 
659 8151 10 
660 5966 10 
661 7104 10 
662 8130 10 
663 5613 10 
664 2542 10 
665 2380 10 
666 5930 10 
667 523 10 
668 182 10 
669 6291 10 
670 6713 10 
671 8360 10 
672 2625 10 
673 7136 10 
674 5059 10 
675 7024 10 
676 7333 10 
677 9349 10 
678 599 10 
679 5758 10 
680 2414 10 
681 9361 10 
682 12 10 
683 2436 10 
684 5851 10 
685 8243 10 
686 8580 10 
687 8354 10 
688 8555 10 
689 8286 10 
690 6491 10 
691 2481 10 
692 7978 10 
693 9593 10 
694 5323 10 
695 9350 10 
696 180 10 
697 242 10 
698 9278 10 
699 2288 10 
700 8023 10 
701 9042 10 
702 6562 10 
703 8206 10 
704 2226 10 
705 6688 10 
706 5573 10 
707 23 10 
708 2313 10 
709 8904 10 
710 6924 10 
711 7968 10 
712 770 10 
713 268 10 
714 6894 10 
715 5194 10 
716 9416 10 
717 6051 10 
718 90 10 
719 9299 10 
720 6371 10 
721 2547 10 
722 5576 10 
723 248 10 
724 6788 10 
725 147 10 
726 6619 10 
727 85 10 
728 5582 10 
729 8969 10 
730 349 10 
731 8262 10 
732 929 10 
733 8010 10 
734 7282 10 
735 9037 10 
736 61 10 
737 8621 10 
738 6682 10 
739 5904 10 
740 167 10 
741 90 10 
742 38 10 
743 6463 10 
744 2372 10 
745 6772 10 
746 5847 10 
747 6067 10 
748 5874 10 
749 8631 10 
750 6680 10 
751 8862 10 
752 6147 10 
753 6338 10 
754 247 10 
755 9313 10 
756 6188 10 
757 8818 10 
758 9150 10 
759 8416 10 
760 6724 10 
761 8906 10 
762 6279 10 
763 7499 10 
764 32 10 
765 2099 10 
766 5443 10 
767 9196 10 
768 6572 10 
769 9172 10 
770 8387 10 
771 5329 10 
772 6564 10 
773 8049 10 
774 8505 10 
775 263 10 
776 271 10 
777 8270 10 
778 7731 10 
779 5934 10 
780 2484 10 
781 6165 10 
782 164 10 
783 5867 10 
784 167 10 
785 948 10 
786 6947 10 
787 7295 10 
788 5129 10 
789 6898 10 
790 7155 10 
791 229 10 
792 9732 10 
793 2542 10 
794 6587 10 
795 7733 10 
796 6602 10 
797 6811 10 
798 59 10 
799 665 10 
800 6207 10 
801 8143 10 
802 872 10 
803 6013 10 
804 8562 10 
805 6843 10 
806 7016 10 
807 5093 10 
808 8419 10 
809 38 10 
810 6834 10 
811 665 10 
812 6275 10 
813 8414 10 
814 6855 10 
815 511 10 
816 5956 10 
817 9528 10 
818 2501 10 
819 5360 10 
820 2754 10 
821 242 10 
822 5560 10 
823 5318 10 
824 6538 10 
825 6453 10 
826 6062 10 
827 2714 10 
828 6662 10 
829 7643 10 
830 7010 10 
831 7177 10 
832 6459 10 
833 6697 10 
834 2380 10 
835 6632 10 
836 6835 10 
837 6737 10 
838 5641 10 
839 204 10 
840 5301 10 
841 8302 10 
842 151 10 
843 6863 10 
844 5423 10 
845 9279 10 
846 5138 10 
847 6918 10 
848 6974 10 
849 6739 10 
850 9577 10 
851 6 10 
852 6625 10 
853 778 10 
854 8753 10 
855 6051 10 
856 9424 10 
857 7522 10 
858 7329 10 
859 14 10 
860 6060 10 
861 8790 10 
862 8281 10 
863 268 10 
864 309 10 
865 9738 10 
866 5807 6 5841 4 
867 5742 10 
868 6890 10 
869 5965 10 
870 248 10 
871 5909 10 
872 2134 10 
873 6307 10 
874 5916 10 
875 8109 10 
876 8182 10 
877 2625 10 
878 5930 10 
879 5880 10 
880 2647 10 
881 9516 10 
882 8480 10 
883 6967 10 
884 7216 10 
885 7561 10 
886 9670 10 
887 829 10 
888 7055 10 
889 8203 10 
890 7246 10 
891 9354 10 
892 6552 10 
893 6780 10 
894 5389 10 
895 6981 10 
896 5595 10 
897 659 10 
898 8515 10 
899 6076 10 
900 8030 10 
901 5851 10 
902 5323 10 
903 5192 10 
904 8314 10 
905 8635 10 
906 6391 10 
907 8429 10 
908 5966 10 
909 2544 10 
910 2398 10 
911 2414 10 
912 101 10 
913 2344 10 
914 553 10 
915 5260 10 
916 8925 10 
917 117 10 
918 9233 10 
919 208 10 
920 8724 10 
921 5616 10 
922 7278 10 
923 8266 10 
924 5995 10 
925 61 10 
926 147 10 
927 9142 10 
928 6518 10 
929 9055 10 
930 9504 10 
931 5329 10 
932 7104 10 
933 8524 10 
934 2656 10 
935 20 10 
936 8818 10 
937 5408 10 
938 321 10 
939 8168 10 
940 5203 10 
941 223 10 
942 5713 10 
943 263 10 
944 2436 10 
945 8645 10 
946 6713 10 
947 9054 10 
948 8189 10 
949 5403 10 
950 8151 10 
951 2633 10 
952 5194 10 
953 5360 10 
954 90 10 
955 180 10 
956 8862 10 
957 6067 10 
958 128 10 
959 2481 10 
960 728 10 
961 349 10 
962 9462 10 
963 7376 10 
964 5208 10 
965 252 10 
966 5318 10 
967 6 10 
968 399 10 
969 5613 10 
970 6424 10 
971 6562 10 
972 247 10 
973 7136 10 
974 7449 10 
975 100 10 
976 9030 10 
977 2226 10 
978 7024 10 
979 6239 10 
980 7333 10 
981 8271 10 
982 5059 10 
983 6397 10 
984 6688 10 
985 23 10 
986 5716 10 
987 8555 10 
988 665 10 
989 504 10 
990 5881 10 
991 389 10 
992 5228 10 
993 6455 10 
994 5573 10 
995 6291 10 
996 6491 10 
997 5905 10 
998 8130 10 
999 8325 10 
1000 9411 10 
1001 32 10 
1002 9133 10 
1003 8522 10 
1004 8823 10 
1005 6924 10 
1006 929 10 
1007 5138 10 
1008 9196 10 
1009 8481 10 
1010 8311 10 
1011 7133 10 
1012 7204 10 
1013 6371 10 
1014 8644 10 
1015 8492 10 
1016 6757 10 
1017 7978 10 
1018 8957 10 
1019 5462 10 
1020 9398 10 
1021 5758 10 
1022 5514 10 
1023 6165 10 
1024 6894 10 
1025 8023 10 
1026 271 10 
1027 9074 10 
1028 5199 10 
1029 9393 10 
1030 8155 10 
1031 8360 10 
1032 9108 10 
1033 85 10 
1034 6788 10 
1035 6760 10 
1036 7196 10 
1037 2288 10 
1038 6556 10 
1039 9767 10 
1040 5904 10 
1041 9613 10 
1042 7968 10 
1043 7499 10 
1044 2073 10 
1045 8463 10 
1046 2547 10 
1047 9162 10 
1048 6338 10 
1049 6619 10 
1050 74 10 
1051 5705 10 
1052 5151 10 
1053 5962 10 
1054 6677 10 
1055 5576 10 
1056 2313 10 
1057 8243 10 
1058 7983 10 
1059 2800 10 
1060 5146 10 
1061 5807 10 
1062 6682 10 
1063 8206 10 
1064 9498 10 
1065 7282 10 
1066 8580 10 
1067 9489 10 
1068 5249 10 
1069 2099 10 
1070 8278 10 
1071 9349 10 
1072 204 10 
1073 8010 10 
1074 8354 10 
1075 8286 10 
1076 348 10 
1077 229 10 
1078 6786 10 
1079 6300 10 
1080 9361 10 
1081 7591 10 
1082 309 10 
1083 5847 10 
1084 8819 10 
1085 182 10 
1086 8762 10 
1087 242 10 
1088 2372 10 
1089 872 10 
1090 6463 10 
1091 8439 10 
1092 25 10 
1093 770 10 
1094 6623 10 
1095 8253 10 
1096 6279 10 
1097 9278 10 
1098 6772 10 
1099 2484 10 
1100 389 10 
1101 6553 10 
1102 6953 10 
1103 5945 10 
1104 6498 10 
1105 2451 10 
1106 8279 10 
1107 107 10 
1108 2542 10 
1109 8049 10 
1110 9350 10 
1111 101 10 
1112 6680 10 
1113 2427 10 
1114 6473 10 
1115 7271 10 
1116 6947 10 
1117 145 10 
1118 8408 10 
1119 7016 10 
1120 9042 10 
1121 117 10 
1122 59 10 
1123 8904 10 
1124 6724 10 
1125 2501 10 
1126 2754 10 
1127 5874 10 
1128 2380 10 
1129 7731 10 
1130 8262 10 
1131 6572 10 
1132 635 10 
1133 9299 10 
1134 8577 10 
1135 463 10 
1136 8969 10 
1137 8416 10 
1138 418 10 
1139 164 10 
1140 9284 10 
1141 6564 10 
1142 8548 10 
1143 6308 10 
1144 32 10 
1145 5101 10 
1146 9593 10 
1147 2714 10 
1148 23 10 
1149 7295 10 
1150 7459 10 
1151 6957 10 
1152 6898 10 
1153 2125 10 
1154 489 10 
1155 8183 10 
1156 2405 10 
1157 9037 10 
1158 7155 10 
1159 2134 10 
1160 208 10 
1161 2220 10 
1162 2858 10 
1163 9380 10 
1164 6147 10 
1165 7919 10 
1166 7253 10 
1167 6587 10 
1168 6811 10 
1169 948 10 
1170 7733 10 
1171 278 10 
1172 8387 10 
1173 151 10 
1174 6590 10 
1175 5954 10 
1176 6843 10 
1177 8270 10 
1178 8906 10 
1179 8621 10 
1180 7505 10 
1181 5783 10 
1182 6602 10 
1183 6241 10 
1184 163 10 
1185 7830 10 
1186 6902 10 
1187 9416 10 
1188 9313 10 
1189 5138 10 
1190 6937 10 
1191 9150 10 
1192 6108 10 
1193 2625 10 
1194 5301 10 
1195 5442 10 
1196 8631 10 
1197 6188 10 
1198 265 10 
1199 6834 10 
1200 6232 10 
1201 8440 10 
1202 764 10 
1203 85 10 
1204 5641 10 
1205 5934 10 
1206 6704 10 
1207 9732 10 
1208 8349 10 
1209 8820 10 
1210 5582 10 
1211 170 10 
1212 6608 10 
1213 9528 10 
1214 8468 10 
1215 6855 10 
1216 6207 10 
1217 184 10 
1218 6538 10 
1219 6825 10 
1220 6662 10 
1221 511 10 
1222 8505 10 
1223 9172 10 
1224 5867 10 
1225 8096 10 
1226 5632 10 
1227 432 10 
1228 8143 10 
1229 8147 10 
1230 6275 10 
1231 7264 10 
1232 38 10 
1233 5695 10 
1234 8185 10 
1235 523 10 
1236 7643 10 
1237 9236 10 
1238 9279 10 
1239 9471 10 
1240 8200 10 
1241 263 10 
1242 6547 10 
1243 5353 10 
1244 504 10 
1245 180 10 
1246 6453 10 
1247 7010 10 
1248 2647 10 
1249 463 10 
1250 8753 10 
1251 2883 10 
1252 128 10 
1253 8974 10 
1254 8545 10 
1255 5762 10 
1256 2368 10 
1257 7177 10 
1258 2503 10 
1259 8562 10 
1260 9424 10 
1261 7234 10 
1262 8790 10 
1263 5742 10 
1264 8301 10 
1265 8550 10 
1266 2414 10 
1267 8259 10 
1268 8518 10 
1269 6616 10 
1270 9577 10 
1271 5260 10 
1272 5059 10 
1273 6835 10 
1274 2943 10 
1275 8999 10 
1276 2544 10 
1277 5891 10 
1278 6459 10 
1279 8635 10 
1280 6863 10 
1281 151 10 
1282 6918 10 
1283 6013 10 
1284 8419 10 
1285 6697 10 
1286 8480 10 
1287 5956 10 
1288 6062 10 
1289 6737 10 
1290 5560 10 
1291 8515 10 
1292 6307 10 
1293 2398 10 
1294 8905 10 
1295 6974 10 
1296 223 10 
1297 6841 10 
1298 6865 10 
1299 6060 10 
1300 6079 10 
1301 6632 10 
1302 6739 10 
1303 2471 10 
1304 8176 10 
1305 7522 10 
1306 6035 10 
1307 8987 10 
1308 6089 10 
1309 7329 10 
1310 8182 10 
1311 77 10 
1312 9370 10 
1313 9516 10 
1314 163 10 
1315 6888 10 
1316 8281 10 
1317 2344 10 
1318 778 10 
1319 7874 10 
1320 145 10 
1321 968 10 
1322 426 10 
1323 9738 10 
1324 255 10 
1325 184 10 
1326 8401 10 
1327 7561 10 
1328 76 10 
1329 12 10 
1330 9354 10 
1331 349 10 
1332 986 10 
1333 829 10 
1334 61 10 
1335 6890 10 
1336 182 10 
1337 8414 10 
1338 6 10 
1339 6076 10 
1340 6625 10 
1341 9767 10 
1342 5072 10 
1343 5101 10 
1344 100 10 
1345 5443 10 
1346 6967 10 
1347 7616 10 
1348 7189 10 
1349 8302 10 
1350 8395 10 
1351 8925 2 8928 8 
1352 9670 10 
1353 6780 10 
1354 7216 10 
1355 5260 10 
1356 7055 10 
1357 2436 10 
1358 6391 10 
1359 728 10 
1360 9233 10 
1361 6552 10 
1362 170 10 
1363 8590 10 
1364 5705 10 
1365 872 10 
1366 770 10 
1367 6518 10 
1368 6873 10 
1369 8203 10 
1370 2656 10 
1371 9504 10 
1372 5857 10 
1373 7246 10 
1374 2633 10 
1375 8418 10 
1376 9448 10 
1377 6981 10 
1378 8110 10 
1379 823 10 
1380 326 10 
1381 2776 10 
1382 9478 10 
1383 6713 10 
1384 8168 10 
1385 7104 10 
1386 5965 10 
1387 5595 10 
1388 8140 10 
1389 8724 10 
1390 6503 10 
1391 6239 10 
1392 2244 10 
1393 9462 10 
1394 8189 10 
1395 5909 10 
1396 8429 10 
1397 764 10 
1398 6003 10 
1399 7376 10 
1400 9142 10 
1401 6424 10 
1402 9411 10 
1403 2339 10 
1404 74 10 
1405 8216 10 
1406 8314 10 
1407 9347 10 
1408 8952 10 
1409 5323 10 
1410 8030 10 
1411 2197 10 
1412 5423 10 
1413 6576 10 
1414 2288 10 
1415 8266 10 
1416 8402 10 
1417 8109 10 
1418 7136 10 
1419 9055 10 
1420 2313 10 
1421 6826 10 
1422 117 10 
1423 5966 10 
1424 948 10 
1425 8271 10 
1426 7860 10 
1427 2073 10 
1428 6562 10 
1429 9273 10 
1430 9458 10 
1431 9632 10 
1432 5616 10 
1433 6455 10 
1434 6827 10 
1435 6917 10 
1436 2372 10 
1437 8151 10 
1438 2352 10 
1439 8125 10 
1440 5012 10 
1441 6397 10 
1442 5916 10 
1443 1109 10 
1444 8130 10 
1445 8238 10 
1446 5378 10 
1447 9054 10 
1448 8325 10 
1449 59 10 
1450 778 10 
1451 107 10 
1452 5533 10 
1453 2800 10 
1454 321 10 
1455 7024 10 
1456 2484 10 
1457 2540 10 
1458 204 10 
1459 6688 10 
1460 2451 10 
1461 5930 10 
1462 5301 10 
1463 89 10 
1464 8360 10 
1465 5713 10 
1466 557 10 
1467 5716 10 
1468 243 10 
1469 7333 10 
1470 101 10 
1471 8524 10 
1472 2124 10 
1473 8925 10 
1474 2091 10 
1475 968 10 
1476 7449 10 
1477 8645 10 
1478 5995 10 
1479 5880 10 
1480 6803 10 
1481 6924 10 
1482 7133 10 
1483 7360 10 
1484 5445 10 
1485 5447 10 
1486 553 10 
1487 6521 10 
1488 5851 10 
1489 8031 10 
1490 6472 10 
1491 2084 10 
1492 7978 10 
1493 9030 10 
1494 8522 10 
1495 9297 10 
1496 5881 10 
1497 171 10 
1498 6067 10 
1499 6757 10 
1500 2358 10 
1501 2427 10 
1502 599 10 
1503 8530 10 
1504 6291 10 
1505 7204 10 
1506 6134 10 
1507 8823 10 
1508 6434 10 
1509 9398 10 
1510 8481 10 
1511 6894 10 
1512 7769 10 
1513 9393 10 
1514 6788 10 
1515 8644 10 
1516 8023 10 
1517 8181 10 
1518 8957 10 
1519 2364 10 
1520 6491 10 
1521 5124 10 
1522 8568 10 
1523 5186 10 
1524 7394 10 
1525 5389 10 
1526 6760 10 
1527 8463 10 
1528 8492 10 
1529 8697 10 
1530 8243 10 
1531 25 10 
1532 6371 10 
1533 7808 10 
1534 6556 10 
1535 5462 10 
1536 5384 10 
1537 2309 10 
1538 9634 10 
1539 7196 10 
1540 9108 10 
1541 5758 10 
1542 2501 10 
1543 6619 10 
1544 128 10 
1545 7968 10 
1546 20 10 
1547 6498 10 
1548 5905 10 
1549 5126 10 
1550 6463 10 
1551 8311 10 
1552 552 10 
1553 6515 10 
1554 5408 10 
1555 9582 10 
1556 5613 10 
1557 8944 10 
1558 399 10 
1559 9498 10 
1560 5403 10 
1561 8155 10 
1562 511 10 
1563 9074 10 
1564 8580 10 
1565 2754 10 
1566 9162 10 
1567 5573 10 
1568 8354 10 
1569 2265 10 
1570 2714 10 
1571 418 10 
1572 8816 10 
1573 6814 10 
1574 252 10 
1575 8380 10 
1576 1984 10 
1577 8784 10 
1578 9613 10 
1579 8278 10 
1580 2476 10 
1581 5318 10 
1582 2125 10 
1583 9257 10 
1584 7588 10 
1585 7983 10 
1586 8286 10 
1587 6677 10 
1588 7141 10 
1589 9489 10 
1590 5904 10 
1591 5737 10 
1592 244 10 
1593 184 10 
1594 6338 10 
1595 105 10 
1596 5503 10 
1597 6539 10 
1598 5151 10 
1599 728 10 
1600 6682 10 
1601 229 10 
1602 8904 10 
1603 5576 10 
1604 7282 10 
1605 6402 10 
1606 9349 10 
1607 6772 10 
1608 5347 10 
1609 2405 10 
1610 2134 10 
1611 113 10 
1612 6786 10 
1613 6872 10 
1614 6623 10 
1615 6680 10 
1616 5765 10 
1617 2220 10 
1618 5962 10 
1619 764 10 
1620 776 10 
1621 163 10 
1622 376 10 
1623 2283 10 
1624 9361 10 
1625 8026 10 
1626 8162 10 
1627 8133 10 
1628 5786 10 
1629 749 10 
1630 7591 10 
1631 170 10 
1632 9593 10 
1633 723 10 
1634 2858 10 
1635 9278 10 
1636 5807 10 
1637 9350 10 
1638 8819 10 
1639 8010 10 
1640 8257 10 
1641 9042 10 
1642 7905 10 
1643 7704 10 
1644 9416 10 
1645 6929 10 
1646 986 10 
1647 9299 10 
1648 6953 10 
1649 131 10 
1650 2457 10 
1651 6300 10 
1652 9380 10 
1653 2647 10 
1654 5514 10 
1655 489 10 
1656 5261 10 
1657 8969 10 
1658 313 10 
1659 9037 10 
1660 6443 10 
1661 2738 10 
1662 6860 10 
1663 5847 10 
1664 9132 10 
1665 6279 10 
1666 107 10 
1667 5123 10 
1668 646 10 
1669 2611 10 
1670 5572 10 
1671 9284 10 
1672 265 10 
1673 1000 10 
1674 2883 10 
1675 7271 10 
1676 2810 10 
1677 6553 10 
1678 723 10 
1679 8173 10 
1680 6724 10 
1681 5170 10 
1682 8988 10 
1683 309 10 
1684 5606 10 
1685 9313 10 
1686 8439 10 
1687 8762 10 
1688 7224 10 
1689 5084 10 
1690 9442 10 
1691 8206 10 
1692 145 10 
1693 6747 10 
1694 8399 10 
1695 8577 10 
1696 2368 10 
1697 6147 10 
1698 8574 10 
1699 2503 10 
1700 6473 10 
1701 7919 10 
1702 736 10 
1703 4994 10 
1704 22 10 
1705 7731 10 
1706 9604 10 
1707 8253 10 
1708 8548 10 
1709 2609 10 
1710 8420 10 
1711 12 10 
1712 179 10 
1713 646 10 
1714 5964 10 
1715 5945 10 
1716 2544 10 
1717 6572 10 
1718 7181 10 
1719 7992 10 
1720 557 10 
1721 5201 10 
1722 8621 10 
1723 265 10 
1724 7051 10 
1725 776 10 
1726 7021 10 
1727 6564 10 
1728 102 10 
1729 739 10 
1730 2734 10 
1731 7165 10 
1732 6252 10 
1733 1977 10 
1734 6957 10 
1735 7295 10 
1736 77 10 
1737 9150 10 
1738 6898 10 
1739 7459 10 
1740 8214 10 
1741 8262 10 
1742 8183 10 
1743 9310 10 
1744 9614 10 
1745 171 10 
1746 6587 10 
1747 6308 10 
1748 6489 10 
1749 362 10 
1750 2398 10 
1751 255 10 
1752 8 10 
1753 8906 10 
1754 2943 10 
1755 76 10 
1756 8049 10 
1757 5486 10 
1758 8631 10 
1759 8896 10 
1760 8929 10 
1761 8416 10 
1762 7733 10 
1763 2344 10 
1764 5496 10 
1765 6330 10 
1766 2471 10 
1767 5067 10 
1768 132 10 
1769 701 10 
1770 8279 10 
1771 71 10 
1772 9097 10 
1773 208 10 
1774 9018 10 
1775 9208 10 
1776 635 10 
1777 5250 10 
1778 6590 10 
1779 8408 10 
1780 9236 10 
1781 8292 10 
1782 8185 10 
1783 8387 10 
1784 2656 10 
1785 5360 10 
1786 222 10 
1787 2173 10 
1788 9146 10 
1789 9172 10 
1790 19 10 
1791 8270 10 
1792 466 10 
1793 5420 10 
1794 9436 10 
1795 5658 10 
1796 6811 10 
1797 2633 10 
1798 600 10 
1799 6843 10 
1800 8096 10 
1801 7155 10 
1802 100 10 
1803 9528 10 
1804 5353 10 
1805 9279 10 
1806 9732 10 
1807 67 10 
1808 5442 10 
1809 2459 10 
1810 223 10 
1811 8001 10 
1812 5208 10 
1813 8390 10 
1814 6602 10 
1815 8440 10 
1816 5567 10 
1817 9560 10 
1818 6188 10 
1819 9584 10 
1820 6620 10 
1821 5459 10 
1822 5874 10 
1823 829 10 
1824 2776 10 
1825 92 10 
1826 6241 10 
1827 6834 10 
1828 5595 10 
1829 6108 10 
1830 6146 10 
1831 6207 10 
1832 6232 10 
1833 105 10 
1834 7099 10 
1835 113 10 
1836 74 10 
1837 8250 10 
1838 5312 10 
1839 504 10 
1840 8337 10 
1841 8468 10 
1842 8820 10 
1843 7505 10 
1844 7253 10 
1845 6035 10 
1846 8349 10 
1847 4965 10 
1848 6855 10 
1849 8505 10 
1850 8753 10 
1851 236 10 
1852 7593 10 
1853 7830 10 
1854 5120 10 
1855 6462 10 
1856 5641 10 
1857 8143 10 
1858 9391 10 
1859 6902 10 
1860 102 10 
1861 5389 10 
1862 581 10 
1863 8562 10 
1864 5205 10 
1865 8637 10 
1866 8518 10 
1867 5954 10 
1868 7750 10 
1869 6937 10 
1870 646 10 
1871 9471 10 
1872 7077 10 
1873 2164 10 
1874 6538 10 
1875 5603 10 
1876 6704 10 
1877 9424 10 
1878 5199 10 
1879 635 10 
1880 5217 10 
1881 123 10 
1882 2244 10 
1883 6608 10 
1884 5308 10 
1885 6662 10 
1886 8545 10 
1887 5783 10 
1888 723 10 
1889 5934 10 
1890 8564 10 
1891 8120 10 
1892 7888 10 
1893 57 10 
1894 6488 10 
1895 389 10 
1896 7643 10 
1897 179 10 
1898 659 10 
1899 701 10 
1900 8147 10 
1901 2039 10 
1902 89 10 
1903 5423 10 
1904 143 10 
1905 8550 10 
1906 6665 10 
1907 6453 10 
1908 426 10 
1909 8974 10 
1910 131 10 
1911 57 10 
1912 8790 10 
1913 2339 10 
1914 8987 10 
1915 7010 10 
1916 5957 10 
1917 2197 10 
1918 8999 10 
1919 5632 10 
1920 8635 10 
1921 243 10 
1922 659 10 
1923 6825 10 
1924 2884 10 
1925 6835 10 
1926 2073 10 
1927 8578 10 
1928 2800 10 
1929 252 10 
1930 7264 10 
1931 8022 10 
1932 376 10 
1933 7177 10 
1934 6060 10 
1935 8200 10 
1936 9254 10 
1937 244 10 
1938 14 10 
1939 6697 10 
1940 8968 10 
1941 6547 10 
1942 5203 10 
1943 5829 10 
1944 278 10 
1945 138 10 
1946 545 10 
1947 9577 10 
1948 6079 10 
1949 9370 10 
1950 4987 10 
1951 6089 10 
1952 5846 10 
1953 326 10 
1954 8205 10 
1955 9727 10 
1956 581 10 
1957 6044 10 
1958 9378 10 
1959 7257 10 
1960 222 10 
1961 9093 10 
1962 8062 10 
1963 5891 10 
1964 551 10 
1965 8301 10 
1966 6616 10 
1967 9516 10 
1968 5972 10 
1969 9354 10 
1970 7963 10 
1971 684 10 
1972 1109 10 
1973 9670 10 
1974 8594 10 
1975 9165 10 
1976 6459 10 
1977 5695 10 
1978 5320 10 
1979 6387 10 
1980 5544 10 
1981 5384 10 
1982 8419 10 
1983 171 10 
1984 7823 10 
1985 8480 10 
1986 6517 10 
1987 195 10 
1988 6632 10 
1989 8515 10 
1990 2352 10 
1991 9767 10 
1992 463 10 
1993 5129 10 
1994 5713 10 
1995 2782 10 
1996 6730 10 
1997 7836 10 
1998 9448 10 
1999 9487 10 
2000 8905 10 
2001 8734 10 
2002 9021 10 
2003 6109 10 
2004 20 10 
2005 5988 10 
2006 6625 10 
2007 5312 10 
2008 5762 10 
2009 6535 10 
2010 7234 10 
2011 5533 10 
2012 2540 10 
2013 600 10 
2014 5445 10 
2015 2451 10 
2016 5447 10 
2017 8401 10 
2018 8414 10 
2019 6841 10 
2020 648 10 
2021 7871 10 
2022 628 10 
2023 5965 10 
2024 57 10 
2025 5462 10 
2026 6003 10 
2027 194 10 
2028 9571 10 
2029 5716 10 
2030 255 10 
2031 6552 10 
2032 6865 10 
2033 5853 10 
2034 77 10 
2035 9462 10 
2036 6862 10 
2037 557 10 
2038 6839 10 
2039 553 10 
2040 2632 10 
2041 6762 10 
2042 8139 10 
2043 141 10 
2044 5627 10 
2045 552 10 
2046 7522 10 
2047 7046 10 
2048 2124 10 
2049 245 10 
2050 5857 10 
2051 5201 10 
2052 5514 10 
2053 6518 10 
2054 5749 10 
2055 5899 10 
2056 5765 10 
2057 7329 10 
2058 8302 10 
2059 179 10 
2060 5737 10 
2061 236 10 
2062 5503 10 
2063 76 10 
2064 551 10 
2065 5995 10 
2066 5880 10 
2067 5378 10 
2068 399 10 
2069 172 10 
2070 8434 10 
2071 9228 10 
2072 7882 10 
2073 95 10 
2074 9676 10 
2075 6888 10 
2076 5093 10 
2077 8198 10 
2078 5970 10 
2079 5333 10 
2080 67 10 
2081 6826 10 
2082 5933 10 
2083 71 10 
2084 8407 10 
2085 9618 10 
2086 8395 10 
2087 5228 10 
2088 8683 10 
2089 348 10 
2090 6083 10 
2091 8590 10 
2092 6539 10 
2093 7189 10 
2094 7312 10 
2095 6134 10 
2096 7292 10 
2097 8724 10 
2098 869 10 
2099 5408 10 
2100 8259 10 
2101 9504 10 
2102 7804 10 
2103 5881 10 
2104 8281 10 
2105 9142 10 
2106 5572 10 
2107 2302 10 
2108 6503 10 
2109 143 10 
2110 7216 10 
2111 7055 10 
2112 7246 10 
2113 8418 10 
2114 8176 10 
2115 150 10 
2116 8078 10 
2117 2091 10 
2118 5783 10 
2119 8182 10 
2120 2427 10 
2121 243 10 
2122 2084 10 
2123 6576 10 
2124 150 10 
2125 5905 10 
2126 5606 10 
2127 8429 10 
2128 8524 10 
2129 6981 10 
2130 8110 10 
2131 9235 10 
2132 2358 10 
2133 5658 10 
2134 9478 10 
2135 8203 10 
2136 4997 10 
2137 7376 10 
2138 7561 10 
2139 491 10 
2140 314 10 
2141 313 10 
2142 6424 10 
2143 8602 10 
2144 489 10 
2145 5962 10 
2146 14 10 
2147 8266 10 
2148 5632 10 
2149 9632 10 
2150 6330 10 
2151 6455 10 
2152 6873 10 
2153 7431 10 
2154 6827 10 
2155 109 10 
2156 4895 10 
2157 8305 10 
2158 8314 10 
2159 7874 10 
2160 7616 10 
2161 326 10 
2162 7012 10 
2163 6397 10 
2164 7797 10 
2165 9055 10 
2166 6917 10 
2167 5291 10 
2168 8402 10 
2169 2310 10 
2170 6434 10 
2171 9657 10 
2172 6714 10 
2173 5603 10 
2174 5208 10 
2175 8645 10 
2176 1012 10 
2177 809 10 
2178 7860 10 
2179 6782 10 
2180 7202 10 
2181 6803 10 
2182 5196 10 
2183 521 10 
2184 5957 10 
2185 2429 10 
2186 7989 10 
2187 9054 10 
2188 7449 10 
2189 7006 10 
2190 7792 10 
2191 545 10 
2192 7360 10 
2193 2364 10 
2194 9411 10 
2195 6521 10 
2196 9396 10 
2197 8168 10 
2198 9347 10 
2199 532 10 
2200 9273 10 
2201 5146 10 
2202 8207 10 
2203 141 10 
2204 7133 10 
2205 7204 10 
2206 8271 10 
2207 5486 10 
2208 2695 10 
2209 6472 10 
2210 92 10 
2211 2309 10 
2212 89 10 
2213 9458 10 
2214 8109 10 
2215 552 10 
2216 7769 10 
2217 684 10 
2218 6757 10 
2219 6679 10 
2220 5945 10 
2221 8030 10 
2222 5773 10 
2223 7462 10 
2224 9030 10 
2225 8369 10 
2226 244 10 
2227 6402 10 
2228 8530 10 
2229 8 10 
2230 5964 10 
2231 823 10 
2232 629 10 
2233 5496 10 
2234 2265 10 
2235 7025 10 
2236 105 10 
2237 6814 10 
2238 5095 10 
2239 6760 10 
2240 5829 10 
2241 581 10 
2242 8665 10 
2243 1984 10 
2244 195 10 
2245 6556 10 
2246 9230 10 
2247 5695 10 
2248 5954 10 
2249 5907 10 
2250 1185 10 
2251 9297 10 
2252 9393 10 
2253 8 10 
2254 6677 10 
2255 8927 10 
2256 2476 10 
2257 9495 10 
2258 6515 10 
2259 7288 10 
2260 6108 10 
2261 6079 10 
2262 8731 10 
2263 320 10 
2264 524 10 
2265 9682 10 
2266 5420 10 
2267 9674 10 
2268 2125 10 
2269 7196 10 
2270 6252 10 
2271 8140 10 
2272 6091 10 
2273 6786 10 
2274 8492 10 
2275 6860 10 
2276 7808 10 
2277 7141 10 
2278 7394 10 
2279 5846 10 
2280 5891 10 
2281 6011 10 
2282 6623 10 
2283 6300 10 
2284 6872 10 
2285 5732 10 
2286 39 10 
2287 5403 10 
2288 5249 10 
2289 113 10 
2290 8568 10 
2291 5762 10 
2292 5137 10 
2293 138 10 
2294 6929 10 
2295 8680 10 
2296 6553 10 
2297 6404 10 
2298 6565 10 
2299 8216 10 
2300 5343 10 
2301 8957 10 
2302 9074 10 
2303 2416 10 
2304 8101 10 
2305 7477 10 
2306 6747 10 
2307 39 10 
2308 9613 10 
2309 9634 10 
2310 5436 10 
2311 6953 10 
2312 8125 10 
2313 7017 10 
2314 8459 10 
2315 7809 10 
2316 19 10 
2317 7588 10 
2318 8311 10 
2319 6274 10 
2320 5442 10 
2321 5347 10 
2322 6378 10 
2323 2405 10 
2324 102 10 
2325 6146 10 
2326 6473 10 
2327 6443 10 
2328 9318 10 
2329 6097 10 
2330 6882 10 
2331 6308 10 
2332 8944 10 
2333 6383 10 
2334 8784 10 
2335 6089 10 
2336 245 10 
2337 561 10 
2338 7591 10 
2339 7022 10 
2340 2220 10 
2341 7271 10 
2342 2858 10 
2343 348 10 
2344 6044 10 
2345 8238 10 
2346 6109 10 
2347 9329 10 
2348 6751 10 
2349 9257 10 
2350 5445 10 
2351 484 10 
2352 7704 10 
2353 7488 10 
2354 5853 10 
2355 968 10 
2356 8134 10 
2357 6241 10 
2358 8031 10 
2359 5459 10 
2360 5972 10 
2361 5607 10 
2362 7224 10 
2363 8077 10 
2364 7455 10 
2365 873 10 
2366 5205 10 
2367 8697 10 
2368 5261 10 
2369 6532 10 
2370 8278 10 
2371 5510 10 
2372 9582 10 
2373 9663 10 
2374 5447 10 
2375 2283 10 
2376 6489 10 
2377 9706 10 
2378 28 10 
2379 8628 10 
2380 2457 10 
2381 5353 10 
2382 8380 10 
2383 39 10 
2384 7983 10 
2385 6232 10 
2386 8935 10 
2387 8816 10 
2388 9578 10 
2389 132 10 
2390 8026 10 
2391 749 10 
2392 7051 10 
2393 8377 10 
2394 784 10 
2395 6400 10 
2396 7021 10 
2397 36 10 
2398 6590 10 
2399 9117 10 
2400 7181 10 
2401 7165 10 
2402 8627 10 
2403 123 10 
2404 6846 10 
2405 9158 10 
2406 8155 10 
2407 4940 10 
2408 5988 10 
2409 6957 10 
2410 5567 10 
2411 7891 10 
2412 7905 10 
2413 8181 10 
2414 8162 10 
2415 8133 10 
2416 6474 10 
2417 6923 10 
2418 7161 10 
2419 7459 10 
2420 6548 10 
2421 5533 10 
2422 6259 10 
2423 5120 10 
2424 7099 10 
2425 5334 10 
2426 5857 10 
2427 222 10 
2428 6003 10 
2429 2833 10 
2430 6620 10 
2431 8299 10 
2432 6447 10 
2433 6704 10 
2434 6114 10 
2435 6038 10 
2436 5384 10 
2437 5335 10 
2438 8439 10 
2439 8173 10 
2440 214 10 
2441 2478 10 
2442 25 10 
2443 5544 10 
2444 6980 10 
2445 9630 10 
2446 2738 10 
2447 95 10 
2448 9380 10 
2449 385 10 
2450 6902 10 
2451 6012 10 
2452 6773 10 
2453 5872 10 
2454 28 10 
2455 7969 10 
2456 5899 10 
2457 8729 10 
2458 8577 10 
2459 80 10 
2460 8819 10 
2461 7381 10 
2462 5627 10 
2463 5749 10 
2464 314 10 
2465 7505 10 
2466 5044 10 
2467 8891 10 
2468 7992 10 
2469 131 10 
2470 8224 10 
2471 6256 10 
2472 2883 10 
2473 5970 10 
2474 8257 10 
2475 2207 10 
2476 8968 10 
2477 8762 10 
2478 711 10 
2479 8399 10 
2480 2611 10 
2481 8548 10 
2482 6053 10 
2483 959 10 
2484 9284 10 
2485 5834 10 
2486 5308 10 
2487 5933 10 
2488 9132 10 
2489 8988 10 
2490 2368 10 
2491 5737 10 
2492 8574 10 
2493 8096 10 
2494 9145 10 
2495 278 10 
2496 684 10 
2497 236 10 
2498 8648 10 
2499 132 10 
2500 418 10 
2501 8253 10 
2502 319 10 
2503 6387 10 
2504 9442 10 
2505 701 10 
2506 5012 10 
2507 152 10 
2508 8235 10 
2509 30 10 
2510 5303 10 
2511 6937 10 
2512 8517 10 
2513 7253 10 
2514 5987 10 
2515 9624 10 
2516 8896 10 
2517 8929 10 
2518 387 10 
2519 6514 10 
2520 7479 10 
2521 6271 10 
2522 6805 10 
2523 6488 10 
2524 154 10 
2525 7077 10 
2526 9604 10 
2527 7919 10 
2528 8420 10 
2529 491 10 
2530 6608 10 
2531 109 10 
2532 9705 10 
2533 6462 10 
2534 8214 10 
2535 6825 10 
2536 2626 10 
2537 7079 10 
2538 8279 10 
2539 6134 10 
2540 7750 10 
2541 5537 10 
2542 5498 10 
2543 6435 10 
2544 8120 10 
2545 8001 10 
2546 9310 10 
2547 7830 10 
2548 5333 10 
2549 5503 10 
2550 8408 10 
2551 8410 10 
2552 9240 10 
2553 7593 10 
2554 2810 10 
2555 8292 10 
2556 5431 10 
2557 5747 10 
2558 6665 10 
2559 6083 10 
2560 7963 10 
2561 8655 10 
2562 2503 10 
2563 5948 10 
2564 6692 10 
2565 6547 10 
2566 5568 10 
2567 7264 10 
2568 9097 10 
2569 6616 10 
2570 7234 10 
2571 8218 10 
2572 9018 10 
2573 2609 10 
2574 6517 10 
2575 5572 10 
2576 8147 10 
2577 6636 10 
2578 7903 10 
2579 1999 10 
2580 736 10 
2581 5895 10 
2582 7888 10 
2583 7257 10 
2584 6841 10 
2585 9146 10 
2586 5710 10 
2587 7292 10 
2588 5250 10 
2589 5875 10 
2590 6472 10 
2591 6865 10 
2592 19 10 
2593 2943 10 
2594 5805 10 
2595 6730 10 
2596 6862 10 
2597 6535 10 
2598 6762 10 
2599 2734 10 
2600 8390 10 
2601 123 10 
2602 967 10 
2603 6503 10 
2604 5486 10 
2605 6104 10 
2606 8183 10 
2607 1977 10 
2608 776 10 
2609 2471 10 
2610 7823 10 
2611 2936 10 
2612 584 10 
2613 2319 10 
2614 8440 10 
2615 7836 10 
2616 8594 10 
2617 5723 10 
2618 8255 10 
2619 8337 10 
2620 9614 10 
2621 9676 10 
2622 5496 10 
2623 986 10 
2624 6071 10 
2625 92 10 
2626 6252 10 
2627 5032 10 
2628 7871 10 
2629 9208 10 
2630 28 10 
2631 7107 10 
2632 2173 10 
2633 9436 10 
2634 739 10 
2635 8022 10 
2636 8349 10 
2637 5420 10 
2638 8468 10 
2639 1985 10 
2640 8545 10 
2641 5233 10 
2642 6655 10 
2643 8009 10 
2644 8820 10 
2645 805 10 
2646 2776 10 
2647 9228 10 
2648 1976 10 
2649 5477 10 
2650 6839 10 
2651 7556 10 
2652 6576 10 
2653 7046 10 
2654 8250 10 
2655 9222 10 
2656 133 10 
2657 7882 10 
2658 8974 10 
2659 2449 10 
2660 439 10 
2661 5378 10 
2662 9541 10 
2663 5964 10 
2664 6546 10 
2665 5697 10 
2666 8254 10 
2667 5123 10 
2668 7312 10 
2669 2459 10 
2670 5732 10 
2671 6854 10 
2672 2244 10 
2673 2688 10 
2674 2164 10 
2675 6888 10 
2676 376 10 
2677 362 10 
2678 1000 10 
2679 7804 10 
2680 5684 10 
2681 809 10 
2682 2039 10 
2683 7874 10 
2684 6274 10 
2685 521 10 
2686 9560 10 
2687 955 10 
2688 9654 10 
2689 6806 10 
2690 6434 10 
2691 7538 10 
2692 8637 10 
2693 5159 10 
2694 7616 10 
2695 5217 10 
2696 9432 10 
2697 6146 10 
2698 5124 10 
2699 6223 10 
2700 8726 10 
2701 6485 10 
2702 6521 10 
2703 8200 10 
2704 8999 10 
2705 5606 10 
2706 7189 10 
2707 5907 10 
2708 6714 10 
2709 9584 10 
2710 2016 10 
2711 6827 10 
2712 8062 10 
2713 7597 10 
2714 4987 10 
2715 5658 10 
2716 6404 10 
2717 257 10 
2718 5072 10 
2719 6873 10 
2720 7884 10 
2721 7012 10 
2722 8550 10 
2723 9391 10 
2724 194 10 
2725 8564 10 
2726 5808 10 
2727 8458 10 
2728 6770 10 
2729 9471 10 
2730 9370 10 
2731 2339 10 
2732 2197 10 
2733 9727 10 
2734 4994 10 
2735 1968 10 
2736 30 10 
2737 882 10 
2738 7203 10 
2739 9376 10 
2740 8518 10 
2741 8301 10 
2742 6091 10 
2743 432 10 
2744 5693 10 
2745 9402 10 
2746 8987 10 
2747 6097 10 
2748 9254 10 
2749 604 10 
2750 6137 10 
2751 7692 10 
2752 6378 10 
2753 313 10 
2754 8205 10 
2755 9165 10 
2756 5249 10 
2757 342 10 
2758 6917 10 
2759 9378 10 
2760 5347 10 
2761 9360 10 
2762 8578 10 
2763 7000 10 
2764 8864 10 
2765 2884 10 
2766 7797 10 
2767 6259 10 
2768 5773 10 
2769 9571 10 
2770 5044 10 
2771 9511 10 
2772 5436 10 
2773 2353 10 
2774 5987 10 
2775 2352 10 
2776 293 10 
2777 6515 10 
2778 257 10 
2779 5829 10 
2780 6782 10 
2781 5846 10 
2782 6679 10 
2783 6402 10 
2784 449 10 
2785 8362 10 
2786 9487 10 
2787 8366 10 
2788 9093 10 
2789 245 10 
2790 7431 10 
2791 6443 10 
2792 11 10 
2793 342 10 
2794 5202 10 
2795 6044 10 
2796 8139 10 
2797 9749 10 
2798 7860 10 
2799 5603 10 
2800 342 10 
2801 9215 10 
2802 5334 10 
2803 5607 10 
2804 1109 10 
2805 9618 10 
2806 8905 10 
2807 8176 10 
2808 8024 10 
2809 9523 10 
2810 6557 10 
2811 7006 10 
2812 67 10 
2813 7202 10 
2814 6803 10 
2815 5451 10 
2816 5801 10 
2817 6693 10 
2818 8401 10 
2819 5567 10 
2820 2891 10 
2821 8031 10 
2822 6421 10 
2823 9713 10 
2824 6776 10 
2825 909 10 
2826 320 10 
2827 6011 10 
2828 8982 10 
2829 24 10 
2830 8734 10 
2831 7025 10 
2832 8665 10 
2833 7388 10 
2834 5153 10 
2835 8259 10 
2836 6408 10 
2837 9289 10 
2838 5459 10 
2839 6109 10 
2840 9448 10 
2841 8372 10 
2842 8391 10 
2843 7068 10 
2844 5056 10 
2845 7057 10 
2846 8434 10 
2847 9373 10 
2848 2279 10 
2849 8467 10 
2850 5972 10 
2851 7141 10 
2852 9478 10 
2853 7769 10 
2854 8590 10 
2855 30 10 
2856 5988 10 
2857 426 10 
2858 7360 10 
2859 2396 10 
2860 559 10 
2861 6872 10 
2862 9632 10 
2863 6468 10 
2864 4997 10 
2865 6633 10 
2866 6929 10 
2867 22 10 
2868 36 10 
2869 7462 10 
2870 8407 10 
2871 7792 10 
2872 8395 10 
2873 9657 10 
2874 8683 10 
2875 2782 10 
2876 6383 10 
2877 823 10 
2878 9334 10 
2879 8712 10 
2880 143 10 
2881 11 10 
2882 7989 10 
2883 6489 10 
2884 2540 10 
2885 8198 10 
2886 9659 10 
2887 6009 10 
2888 22 10 
2889 9230 10 
2890 2892 10 
2891 8432 10 
2892 95 10 
2893 440 10 
2894 5853 10 
2895 2124 10 
2896 7017 10 
2897 6846 10 
2898 6565 10 
2899 2632 10 
2900 877 10 
2901 5791 10 
2902 8418 10 
2903 9235 10 
2904 8089 10 
2905 1012 10 
2906 369 10 
2907 5510 10 
2908 2091 10 
2909 7394 10 
2910 7128 10 
2911 711 10 
2912 6114 10 
2913 6038 10 
2914 7808 10 
2915 6747 10 
2916 6012 10 
2917 5343 10 
2918 2410 10 
2919 6696 10 
2920 6400 10 
2921 5899 10 
2922 9347 10 
2923 130 10 
2924 6604 10 
2925 869 10 
2926 9035 10 
2927 5399 10 
2928 7809 10 
2929 5722 10 
2930 5544 10 
2931 81 10 
2932 6532 10 
2933 6256 10 
2934 4965 10 
2935 8402 10 
2936 5970 10 
2937 8431 10 
2938 6379 10 
2939 8602 10 
2940 9396 10 
2941 9273 10 
2942 6853 10 
2943 600 10 
2944 9458 10 
2945 6858 10 
2946 5508 10 
2947 6733 10 
2948 8106 10 
2949 45 10 
2950 5618 10 
2951 7288 10 
2952 9253 10 
2953 8107 10 
2954 8305 10 
2955 26 10 
2956 2302 10 
2957 8891 10 
2958 8207 10 
2959 8659 10 
2960 614 10 
2961 7224 10 
2962 7181 10 
2963 8078 10 
2964 5872 10 
2965 545 10 
2966 71 10 
2967 3027 10 
2968 7588 10 
2969 7022 10 
2970 5749 10 
2971 8110 10 
2972 5739 10 
2973 1889 10 
2974 8223 10 
2975 5288 10 
2976 8648 10 
2977 8530 10 
2978 8662 10 
2979 7508 10 
2980 5126 10 
2981 8035 10 
2982 36 10 
2983 5431 10 
2984 1176 10 
2985 8917 10 
2986 1952 10 
2987 5933 10 
2988 8140 10 
2989 7051 10 
2990 9682 10 
2991 6882 10 
2992 5196 10 
2993 8369 10 
2994 6053 10 
2995 7021 10 
2996 8927 10 
2997 5383 10 
2998 138 10 
2999 653 10 
3000 8568 10 
