100
1 278 50 293 47 
2 796 50 804 50 825 40 
3 244 34 248 50 322 50 
4 728 11 733 50 
5 8 50 17 32 
6 633 50 652 50 661 50 666 50 670 5 673 50 674 50 676 50 
7 753 8 
8 679 50 681 38 682 50 688 50 693 50 697 50 699 50 703 50 706 50 708 50 709 50 
9 700 50 705 50 712 50 713 27 
10 992 5 
11 690 7 
12 623 29 635 50 
13 578 50 580 4 586 50 588 50 594 50 
14 981 23 
15 816 50 824 4 
16 694 50 707 26 
17 257 18 282 50 292 50 297 50 305 50 307 50 
18 650 50 653 50 655 50 667 36 670 45 
19 621 50 640 50 643 50 657 50 672 50 680 50 690 17 711 50 722 50 
20 820 50 835 16 860 50 
21 625 10 
22 664 10 
23 721 10 
24 738 10 
25 685 10 
26 649 10 
27 597 10 
28 339 10 
29 698 10 
30 715 10 
31 725 10 
32 607 10 
33 63 10 
34 695 10 
35 555 10 
36 720 10 
37 747 10 
38 647 10 
39 654 10 
40 289 10 
41 610 10 
42 675 10 
43 89 10 
44 145 10 
45 630 10 
46 758 10 
47 607 10 
48 55 10 
49 605 10 
50 506 10 
51 489 10 
52 309 10 
53 719 10 
54 103 10 
55 741 10 
56 691 10 
57 714 10 
58 696 10 
59 86 10 
60 717 10 
61 3 10 
62 223 10 
63 730 10 
64 686 10 
65 12 10 
66 723 10 
67 642 10 
68 737 10 
69 671 10 
70 99 10 
71 323 10 
72 5 10 
73 251 10 
74 752 10 
75 48 10 
76 718 10 
77 331 10 
78 728 10 
79 727 10 
80 739 10 
81 751 10 
82 240 10 
83 531 10 
84 759 10 
85 34 10 
86 762 10 
87 503 10 
88 763 10 
89 491 10 
90 760 10 
91 646 10 
92 236 10 
93 626 10 
94 678 10 
95 731 10 
96 625 10 
97 284 10 
98 724 10 
99 764 10 
100 14 10 
