48
80
0
26
76
46
23
0
45
56
40
97
52
79
0
18
70
90
0
0
22
93
95
0
56
12
87
5
19
0
46
89
92
79
11
1
94
42
87
53
97
40
43
0
0
16
69
0
63
9
56
55
68
0
73
34
0
58
4
0
0
99
55
95
61
65
57
89
0
0
90
73
3
0
75
8
62
79
4
83
32
0
83
0
30
27
85
22
95
0
0
0
0
71
13
0
64
74
64
57
0
0
82
15
84
27
46
88
5
45
8
21
41
0
76
7
66
89
0
47
70
15
25
14
60
52
79
0
52
0
36
31
0
68
19
100
87
42
34
0
0
0
90
43
40
29
54
52
25
34
94
6
60
20
9
7
0
4
0
32
75
72
54
26
14
0
34
0
0
90
82
1
72
12
82
61
75
33
37
33
54
28
0
10
47
0
0
69
81
28
99
64
31
95
95
65
86
14
58
29
0
8
60
83
21
90
0
44
24
16
55
19
70
58
66
67
81
39
93
67
44
26
67
1
12
9
16
73
77
77
80
44
80
64
0
12
19
0
28
8
0
6
12
5
10
38
36
40
4
98
61
85
0
90
24
39
34
68
0
18
76
35
10
0
0
95
47
77
12
34
35
79
0
6
16
8
75
64
77
65
0
90
78
65
18
75
0
18
14
25
43
87
12
16
98
8
23
47
55
49
60
0
11
17
84
1
21
39
99
48
11
94
42
88
92
98
22
54
75
85
99
41
41
55
18
72
55
67
0
47
0
91
9
0
20
3
0
61
26
49
3
65
0
43
75
0
56
9
11
84
80
0
11
87
2
0
0
20
85
48
15
87
92
43
42
56
30
79
74
31
0
56
47
72
43
31
51
58
56
4
20
77
71
64
0
5
3
0
48
44
98
57
0
46
15
0
69
45
42
13
38
20
55
42
36
83
0
40
14
0
23
93
80
35
0
46
5
0
41
0
89
0
80
63
0
40
67
28
17
30
67
27
0
79
59
24
26
96
38
27
14
38
2
35
84
78
0
46
0
19
59
54
47
95
21
88
0
34
94
69
38
53
51
41
25
53
83
0
8
0
77
3
0
96
32
57
100
16
70
91
0
13
27
0
54
6
0
40
64
0
83
37
82
27
37
86
18
26
65
2
