36
74
42
82
54
13
75
68
9
98
49
25
25
14
36
24
62
70
15
53
99
46
96
42
0
0
97
18
83
82
47
28
88
16
0
8
0
45
50
99
75
58
67
17
21
0
77
0
0
47
80
16
15
39
66
36
0
13
0
36
18
3
44
82
63
62
18
92
70
79
80
91
1
41
83
71
84
44
100
11
28
52
16
60
61
34
24
16
88
36
3
43
0
35
57
87
17
0
93
17
42
72
84
20
93
34
53
12
0
30
11
99
11
0
99
43
96
94
73
29
97
31
50
18
91
7
0
87
6
82
59
77
60
30
53
28
0
51
0
70
61
75
69
83
6
8
98
0
78
93
52
2
100
60
81
34
84
3
64
34
0
51
60
18
0
79
60
0
42
33
74
33
80
0
71
55
38
62
0
47
36
41
36
47
46
86
50
99
91
0
10
43
38
75
0
1
52
22
44
5
6
37
45
50
0
44
4
14
0
58
71
32
100
24
48
28
78
55
35
10
61
20
0
50
86
39
0
6
86
20
29
85
0
44
0
25
30
60
31
26
27
0
78
2
76
99
58
27
75
19
54
0
35
80
53
80
55
28
36
46
72
60
57
32
82
34
0
28
86
0
77
56
35
33
19
71
11
5
0
0
90
45
46
15
2
11
54
77
39
51
0
0
14
95
68
34
34
0
26
23
87
80
31
5
25
89
0
0
40
3
5
6
0
54
86
62
84
93
0
100
53
65
7
71
0
99
46
5
26
56
65
0
20
18
49
61
18
93
13
52
31
3
44
3
85
0
50
96
41
77
33
13
0
71
0
13
50
0
37
83
1
63
45
16
86
86
30
89
62
69
88
23
96
16
50
63
57
30
17
39
49
75
54
36
63
0
8
7
20
96
30
35
61
57
34
29
0
34
51
61
54
32
6
95
76
10
15
33
91
13
0
26
37
63
9
28
99
91
90
100
81
28
48
45
37
58
0
53
92
92
71
29
73
19
44
91
59
9
57
0
74
54
22
36
21
86
0
0
18
47
38
0
6
6
22
0
17
35
58
51
87
13
90
64
2
73
33
17
15
70
70
35
16
45
0
64
66
51
40
61
15
53
10
3
8
80
68
8
0
1
49
94
61
44
0
63
9
88
0
16
47
28
79
44
76
0
47
23
49
52
33
99
24
26
28
68
57
55
77
10
39
18
20
88
85
79
7
69
81
68
47
96
98
100
95
40
58
64
62
53
73
49
70
67
4
47
14
69
30
79
31
77
95
97
0
37
58
93
62
60
21
70
80
69
80
46
59
14
14
78
97
63
41
26
17
0
62
16
40
36
90
83
96
60
25
93
77
10
37
5
49
56
37
100
19
4
44
27
7
60
72
63
72
100
75
20
85
14
92
94
62
82
0
31
98
0
86
68
22
0
69
17
0
89
8
22
0
100
86
49
17
2
80
9
59
0
55
0
42
69
87
66
74
41
18
30
13
25
54
58
11
2
93
89
46
56
11
73
77
64
33
72
77
95
13
81
6
17
34
96
84
57
0
39
90
44
0
15
14
77
85
3
21
56
3
13
7
48
35
70
5
2
1
15
69
94
46
75
68
19
10
93
5
13
0
31
0
0
67
91
33
45
7
23
85
87
35
9
0
50
48
61
64
0
28
46
89
0
14
13
22
91
25
63
7
3
51
9
52
46
37
8
49
39
99
2
0
99
40
56
99
38
95
41
35
0
0
82
48
92
57
21
86
75
53
27
80
53
0
21
93
6
99
65
0
30
37
5
12
27
65
40
66
24
16
27
0
58
69
43
87
94
12
56
6
86
65
54
96
81
22
32
27
91
68
68
0
21
4
97
9
65
67
42
5
0
86
11
96
59
1
65
49
31
0
38
15
44
73
88
0
17
15
61
54
16
42
41
7
56
11
0
25
74
0
11
7
84
97
39
43
73
80
58
30
10
0
71
0
39
85
19
7
64
85
72
40
51
53
91
0
51
92
39
10
34
34
43
66
31
0
33
15
29
91
100
10
28
10
52
63
0
4
33
60
68
1
64
17
95
0
52
93
66
27
39
40
31
14
79
0
60
53
22
60
16
69
12
97
47
64
31
0
26
2
30
87
0
52
0
47
0
67
67
38
44
17
32
33
0
63
0
58
64
94
46
29
35
0
87
0
38
47
3
54
71
54
56
84
31
58
26
75
15
78
58
97
30
98
23
11
24
77
97
54
22
12
14
75
45
27
0
78
5
70
25
47
0
76
61
57
28
13
14
32
76
0
80
83
75
