66
22
162
216
52
277
179
165
293
70
210
39
127
40
273
72
278
167
129
136
171
96
112
215
94
259
86
167
158
165
55
264
285
148
92
108
197
202
68
227
291
216
294
194
112
256
288
11
168
169
58
123
283
166
31
93
116
216
84
57
150
210
117
255
0
89
196
104
272
150
190
280
56
0
69
203
143
40
59
163
245
78
191
90
157
171
233
118
297
241
223
186
197
145
268
33
218
39
212
162
176
74
147
270
35
106
287
169
229
164
109
127
64
223
13
114
133
37
232
185
77
67
279
82
153
242
240
29
191
287
199
249
120
186
107
161
299
177
114
15
24
219
54
202
254
228
95
80
104
27
148
34
300
61
227
87
30
263
73
131
127
215
235
183
17
72
12
178
63
184
60
132
80
235
13
281
59
117
92
48
172
41
157
290
156
228
47
144
146
76
111
53
196
257
224
257
75
277
95
250
252
46
0
34
257
36
7
184
167
296
1
224
182
193
104
270
260
170
271
180
173
215
76
107
263
221
158
206
124
149
57
174
225
39
91
191
141
204
98
183
27
287
259
11
43
87
253
291
193
159
137
6
187
161
269
135
45
154
137
17
80
124
178
47
23
150
96
10
227
2
21
226
172
263
194
135
75
201
200
112
248
74
246
79
50
123
210
0
244
108
49
97
208
12
194
160
73
255
76
258
31
0
179
268
22
110
192
44
48
225
262
142
83
294
117
86
0
113
18
8
74
245
185
244
230
197
124
5
28
244
65
110
295
142
252
231
90
214
158
61
243
15
155
189
276
154
66
280
20
143
21
122
230
152
141
52
25
282
22
73
162
285
129
36
67
191
38
4
126
290
202
93
139
118
168
242
176
37
250
66
117
266
60
46
270
258
274
84
91
177
156
102
261
214
109
71
117
203
284
254
134
7
51
256
103
210
295
148
10
51
243
240
72
24
293
179
204
290
128
180
218
23
81
276
142
214
137
48
275
6
240
207
42
38
61
146
211
119
256
248
113
98
125
10
15
251
210
195
253
54
45
253
164
259
164
203
77
75
141
235
30
138
229
296
212
247
151
170
24
60
93
159
86
108
0
20
159
98
160
16
298
82
99
213
174
14
1
104
193
82
176
266
83
168
275
247
241
95
226
155
288
13
267
91
267
130
299
130
16
198
133
218
268
44
189
222
2
81
70
123
19
55
198
236
122
32
288
147
62
265
33
56
62
239
283
128
239
221
231
37
109
55
3
3
14
0
281
25
8
58
85
69
62
125
166
121
28
174
103
160
145
166
37
179
169
102
94
242
76
261
25
246
119
200
217
269
140
286
36
273
188
105
262
6
134
234
120
241
151
120
272
9
184
286
225
258
275
234
131
21
125
221
274
138
126
75
94
101
47
57
209
94
105
238
208
81
205
237
23
271
4
21
106
205
212
180
102
211
213
32
195
248
251
260
3
121
82
189
181
71
45
288
220
78
229
85
236
106
86
47
69
183
236
9
118
186
217
234
181
0
190
188
9
90
120
37
65
220
1
300
211
205
228
229
244
79
152
57
175
0
64
161
105
65
54
111
298
286
278
116
223
18
99
173
131
290
283
181
19
187
43
289
26
201
96
61
82
52
247
227
138
289
298
41
43
292
38
63
89
213
174
239
179
33
153
0
206
220
86
182
161
0
232
49
211
231
50
296
152
10
42
15
272
0
132
248
54
207
175
56
269
207
281
218
88
23
175
217
22
267
101
30
273
8
209
185
208
100
276
156
284
35
238
215
292
149
26
5
110
209
5
292
4
28
97
172
152
137
136
222
240
269
239
24
115
251
282
139
113
5
297
265
0
294
119
55
198
278
0
97
88
0
265
26
143
84
237
279
280
0
264
170
100
100
270
264
90
66
29
0
115
0
248
238
222
75
0
204
136
0
262
226
81
0
121
135
0
117
0
0
0
261
103
106
219
217
177
0
0
235
226
0
0
0
62
168
151
271
0
0
0
150
0
0
0
0
256
0
0
268
0
0
190
0
0
0
139
266
0
72
0
0
0
144
0
0
0
0
146
0
0
272
0
0
0
186
0
0
0
0
0
181
0
0
0
89
0
0
0
0
0
0
0
0
0
0
0
0
0
0
0
116
113
0
0
0
0
0
260
199
96
0
0
0
0
0
0
0
126
0
109
0
0
125
0
0
0
118
0
0
129
0
0
0
0
0
0
99
0
0
0
0
0
197
0
163
0
0
0
0
0
0
0
0
0
0
60
34
0
208
0
0
93
0
0
67
0
0
0
0
