65
100
82
78
40
60
0
3
32
56
22
2
17
80
22
9
90
0
12
75
85
85
78
27
0
35
5
36
68
82
96
48
0
72
42
11
48
19
43
21
56
81
50
78
77
15
39
0
88
21
39
16
76
0
4
12
39
1
93
65
73
35
93
0
51
46
0
32
23
7
0
0
33
65
56
76
2
35
0
38
69
58
18
61
47
47
62
79
36
76
1
86
12
33
47
31
45
61
6
10
87
0
48
42
70
85
71
97
83
80
14
68
65
49
72
60
79
45
18
96
21
93
60
78
57
38
50
55
50
100
92
41
46
33
25
85
0
91
41
0
3
53
77
69
88
63
30
99
95
32
22
60
66
3
0
0
0
67
68
97
66
0
5
0
81
74
0
88
51
48
0
79
16
58
88
33
60
96
79
99
70
37
100
0
32
0
0
96
80
22
90
68
12
9
0
0
30
37
87
24
23
1
34
63
37
93
62
76
0
59
98
0
38
88
51
0
58
5
17
8
38
76
51
0
2
0
60
9
69
13
57
11
35
62
0
74
64
16
32
8
56
79
27
46
3
81
54
83
26
2
11
29
52
97
18
18
87
32
46
59
4
62
22
0
9
47
72
0
100
62
68
51
76
8
30
84
71
43
0
21
8
90
5
85
10
20
4
47
21
38
93
7
35
59
0
0
55
27
7
72
97
10
23
85
12
36
0
47
44
1
3
89
35
37
0
87
85
18
61
83
78
40
0
4
86
14
78
83
72
92
97
57
46
73
49
2
96
28
83
68
41
67
79
42
0
1
70
49
2
0
51
90
84
70
89
64
14
0
20
70
76
71
87
50
49
81
98
37
57
0
75
86
28
42
50
60
39
64
83
0
33
93
5
42
11
80
43
22
84
40
21
4
24
44
69
98
50
46
57
19
68
67
22
44
80
10
90
0
62
14
87
13
82
31
49
82
83
52
81
48
54
87
48
0
0
36
49
56
51
0
7
37
0
69
56
20
10
67
26
0
0
0
39
53
100
65
15
81
0
17
57
35
41
100
84
29
47
12
79
59
90
41
90
36
82
50
70
61
94
61
8
89
67
34
0
18
31
80
55
65
0
62
2
44
42
64
53
32
12
69
55
38
55
20
24
37
81
49
6
25
