121
245
271
295
204
228
190
196
130
34
0
24
176
98
165
259
6
66
36
197
293
222
232
170
26
96
62
194
39
266
244
6
268
250
255
21
250
286
205
88
183
60
213
82
277
34
269
253
220
296
20
141
296
292
137
39
160
258
198
76
21
98
123
17
108
220
280
91
101
266
168
35
240
217
289
268
197
260
222
160
10
131
137
293
91
273
167
151
101
35
180
190
82
197
22
102
28
144
276
219
283
25
41
41
110
15
223
33
114
299
11
180
44
131
166
75
202
135
44
17
280
154
138
140
287
192
278
130
294
193
179
41
165
104
230
118
229
77
78
99
276
108
169
115
292
280
138
61
99
196
257
51
42
258
145
22
5
216
130
84
210
194
49
264
68
182
191
63
24
222
179
73
62
136
220
288
37
212
263
268
207
53
188
256
84
233
288
94
171
36
74
139
117
201
9
48
107
119
279
65
195
274
90
87
98
116
61
146
134
193
133
118
259
30
59
37
67
134
56
232
279
161
75
97
199
184
239
77
237
3
2
144
112
81
263
275
4
0
146
159
203
110
79
11
132
145
111
254
226
246
37
175
5
81
261
163
210
150
82
91
13
184
163
286
72
122
65
152
58
150
252
126
269
43
260
85
141
208
234
159
195
66
0
112
6
283
209
37
154
103
122
255
85
52
209
287
230
258
169
83
187
191
39
68
264
206
264
67
84
157
51
246
170
270
195
127
107
154
67
31
111
207
275
21
92
163
16
69
113
142
27
52
24
129
123
265
32
114
227
29
213
166
183
155
23
127
199
183
44
136
34
122
96
214
32
123
105
106
263
95
187
69
149
41
138
116
102
214
254
38
207
145
42
289
210
248
242
23
206
132
110
259
186
219
281
78
20
2
109
288
148
142
250
242
94
103
42
291
238
7
156
189
271
211
229
189
221
51
296
140
278
295
137
231
113
133
108
300
214
74
239
243
262
196
212
55
36
76
83
12
78
121
216
126
245
267
81
215
271
89
8
240
115
178
261
4
11
224
100
218
232
25
9
189
184
99
8
214
10
135
18
149
164
217
45
56
43
63
109
170
155
221
215
278
295
161
106
121
243
7
273
205
50
291
85
112
250
78
229
233
79
125
177
55
180
168
43
242
95
258
19
46
235
26
128
289
251
48
2
245
57
238
0
89
192
192
147
71
74
182
174
297
191
167
143
98
241
128
157
10
195
200
284
203
17
156
66
109
213
290
228
88
218
282
93
202
177
100
284
252
80
0
267
251
197
57
60
252
5
0
262
31
125
38
208
12
212
247
53
204
257
235
173
172
209
235
272
239
203
285
33
178
95
89
147
272
227
182
234
299
64
57
204
241
17
63
131
225
211
291
171
64
224
227
88
92
257
185
225
34
277
224
19
158
79
88
89
181
31
247
40
234
162
221
120
253
105
93
3
169
71
2
14
45
40
175
247
40
155
290
268
62
199
104
87
286
46
47
124
28
86
290
243
26
50
49
28
187
215
260
158
185
47
49
200
14
143
188
129
72
244
0
111
177
139
70
239
97
136
297
153
263
256
120
236
249
198
93
18
208
143
181
7
231
236
117
80
159
8
129
168
245
274
274
27
30
186
281
25
59
236
167
274
120
73
225
253
18
265
126
90
173
152
148
166
29
119
0
59
292
264
177
46
173
238
0
285
253
47
54
218
121
61
85
60
235
244
157
33
45
136
1
92
237
54
255
29
64
172
0
204
106
53
151
114
73
153
68
1
285
201
16
117
277
0
298
53
282
30
300
150
225
157
226
262
152
27
300
0
58
90
117
94
42
0
0
158
171
143
188
0
273
109
61
13
0
270
247
281
124
0
211
65
86
118
0
15
275
140
0
294
0
0
79
0
198
0
0
0
284
0
0
299
0
0
216
0
40
214
127
129
0
54
0
298
277
0
0
0
0
0
162
19
0
224
185
97
0
0
0
47
0
0
0
134
192
0
70
0
0
35
0
174
223
115
0
128
0
0
0
199
0
0
0
0
0
0
0
0
0
0
0
102
0
0
0
0
0
0
241
0
0
0
156
0
0
31
0
0
0
0
0
0
0
144
0
0
0
0
95
0
0
176
0
0
288
168
0
285
221
0
215
0
0
0
294
0
0
272
266
39
0
0
0
231
164
0
0
122
0
0
0
0
0
0
0
0
0
10
0
0
0
0
0
164
23
0
0
0
0
48
56
163
0
0
0
0
0
0
0
0
0
0
55
0
287
0
0
0
0
0
0
0
0
0
0
0
0
213
0
