14
83
134
43
133
80
51
27
42
194
31
175
143
0
64
168
87
62
0
187
170
6
5
21
170
0
61
91
190
33
0
113
0
32
0
126
104
116
126
85
146
69
161
167
35
106
0
166
84
142
184
108
125
128
65
99
73
0
58
133
125
184
17
33
79
21
168
0
50
191
98
77
138
109
0
0
58
15
193
188
0
132
185
53
41
51
178
0
27
196
81
15
120
166
126
110
200
2
150
192
0
16
129
0
45
0
167
143
10
67
103
0
14
131
1
15
0
38
0
89
184
38
16
12
191
68
0
153
4
41
0
144
124
3
90
0
107
188
69
46
164
76
146
185
189
0
28
77
71
92
154
0
0
135
101
42
0
24
189
174
167
146
181
171
142
158
185
71
79
0
106
118
0
172
97
130
0
1
172
9
145
0
109
119
126
0
154
173
170
65
166
96
137
21
1
150
83
40
24
74
154
117
111
143
184
88
182
134
115
86
0
132
63
181
149
5
11
8
44
0
17
147
177
0
0
0
0
194
52
83
85
113
0
153
113
94
96
143
175
0
0
68
77
173
0
0
98
183
159
82
0
97
147
102
22
138
184
112
4
74
140
38
87
97
85
0
17
28
181
38
188
137
89
118
45
98
136
189
190
57
153
98
29
22
138
154
127
0
4
121
0
82
108
0
182
84
85
163
144
83
0
57
71
59
72
35
71
0
117
144
107
41
0
155
142
164
198
2
88
32
0
2
0
0
0
144
130
190
0
14
91
133
66
105
6
61
190
169
116
49
44
23
0
113
40
5
59
91
67
30
45
0
149
14
131
139
0
74
80
23
152
73
79
0
157
65
188
176
99
88
71
190
4
124
56
0
190
0
131
186
123
126
119
159
0
128
0
194
175
44
172
182
64
191
138
189
17
94
16
155
144
0
31
42
62
105
98
0
4
146
0
0
88
76
197
168
164
0
104
118
81
48
62
0
184
194
0
16
1
170
152
200
0
100
90
5
20
0
94
57
0
28
0
173
151
97
0
110
176
32
61
0
61
143
20
191
0
154
123
113
0
56
179
35
152
128
58
37
46
107
123
76
90
137
0
87
86
90
171
0
160
46
194
85
0
44
0
196
89
161
116
151
53
9
97
87
144
117
89
169
57
16
182
81
180
0
23
184
130
0
130
83
15
119
47
153
169
0
130
0
50
96
105
5
81
92
117
114
168
146
175
0
166
172
143
13
79
0
4
0
0
0
119
116
0
23
14
37
5
91
122
6
90
21
38
4
119
82
0
79
101
71
196
106
77
134
15
20
91
45
84
88
94
0
69
189
17
46
50
194
19
17
192
86
68
195
98
61
188
0
0
0
41
26
0
183
73
148
30
26
0
26
185
138
106
0
183
0
123
27
110
0
0
115
77
62
196
0
197
0
0
0
114
35
113
149
157
141
189
72
70
167
73
25
58
182
59
163
3
45
0
108
23
145
71
97
65
69
169
115
14
87
150
9
132
27
0
39
153
96
95
154
150
91
164
83
100
167
106
0
133
169
185
3
66
32
0
0
162
82
1
46
146
193
54
200
136
43
125
27
107
6
153
0
78
74
37
0
80
11
122
61
51
143
61
27
78
156
144
150
80
180
10
96
0
193
183
137
116
0
82
101
126
197
116
97
9
70
31
49
20
76
164
0
132
22
89
147
119
119
105
7
92
87
41
106
165
197
128
148
138
138
20
159
129
183
59
145
15
172
100
73
74
197
85
116
199
0
0
33
192
107
183
156
35
44
47
0
188
76
196
168
0
16
107
36
51
182
79
0
0
43
123
26
159
14
123
190
74
0
0
0
80
0
52
0
0
0
158
23
0
0
29
0
0
60
0
0
85
0
0
0
0
0
0
0
0
0
161
0
0
0
0
34
0
0
0
0
0
0
0
0
94
111
0
0
0
0
0
0
0
0
0
0
11
0
0
0
0
0
0
0
0
0
0
11
0
183
0
0
0
127
0
0
0
118
0
50
131
0
0
0
0
0
0
63
0
0
0
170
0
0
0
0
88
0
0
192
196
3
0
149
21
75
77
0
24
79
0
198
179
193
103
0
173
0
99
0
9
80
168
49
0
0
0
19
9
0
16
41
93
87
0
160
0
101
35
0
22
0
168
0
166
179
99
31
0
45
96
57
151
169
0
0
0
129
175
101
114
0
13
0
0
180
180
0
0
191
0
0
110
22
110
0
165
193
0
20
166
199
51
192
150
33
51
151
51
115
161
191
182
0
13
152
189
197
0
141
159
60
