191
184
53
157
142
85
109
61
47
0
40
156
191
90
91
17
146
68
65
93
80
57
78
146
122
1
158
29
199
183
13
48
75
120
105
196
162
48
31
34
48
9
194
58
82
193
144
151
95
23
80
150
173
121
41
89
19
161
63
132
48
6
103
4
75
141
142
14
10
103
77
125
200
12
68
71
44
123
139
24
161
131
88
45
51
58
167
27
76
58
175
45
105
64
55
154
49
19
170
97
127
134
195
154
118
48
117
124
191
120
109
18
81
98
125
94
93
108
18
190
168
67
155
152
4
101
2
192
58
108
122
118
90
47
198
92
53
158
39
76
29
38
171
197
67
129
87
165
77
63
156
9
22
115
94
187
193
168
129
118
84
7
20
160
181
170
178
167
74
173
166
99
198
12
89
183
162
178
49
171
123
185
93
37
119
125
178
139
49
114
31
114
132
156
39
13
61
87
116
143
116
119
99
138
26
135
200
86
170
120
121
113
116
108
172
20
46
191
28
172
173
32
194
83
198
135
41
45
111
85
97
92
54
81
2
176
121
151
10
180
115
180
123
102
32
8
144
1
5
194
34
41
181
43
140
178
68
142
49
154
136
104
51
158
14
172
27
139
164
13
149
193
158
96
179
100
136
7
188
93
176
30
10
5
170
25
180
163
162
67
190
138
89
124
105
5
8
47
194
80
188
5
4
21
27
151
189
102
3
31
185
71
12
84
41
26
23
29
152
160
52
11
34
194
17
185
101
44
184
187
87
80
111
77
54
66
82
15
49
117
152
198
91
16
143
90
90
34
62
66
13
147
43
37
19
131
176
96
124
43
17
0
35
55
96
130
61
79
19
8
107
149
180
58
40
167
115
146
125
129
57
60
71
85
64
120
118
4
150
4
22
8
94
97
135
6
38
192
95
163
86
56
135
54
79
27
144
182
45
79
16
180
193
126
52
175
165
125
105
55
141
84
15
100
129
199
143
3
132
72
168
26
101
77
94
88
41
115
19
126
23
81
56
44
13
176
10
15
58
97
175
177
86
91
177
137
141
83
5
189
176
178
172
113
46
31
33
73
72
33
37
149
135
44
195
101
139
111
116
15
128
52
61
196
112
90
104
158
192
114
40
45
102
55
57
175
113
38
150
105
