0.00099900099900099900
0.00199800199800199800
0.00299700299700299700
0.00399600399600399600
0.00499500499500499500
0.00599400599400599400
0.00699300699300699300
0.00799200799200799200
0.00899100899100899187
0.00999000999000999174
0.01098901098901099160
0.01198801198801199147
0.01298701298701299134
0.01398601398601399121
0.01498501498501499107
0.01598401598401599094
0.01698301698301699081
0.01798201798201799068
0.01898101898101899054
0.01998001998001999041
0.02097902097902099028
0.02197802197802199015
0.02297702297702299001
0.02397602397602398988
0.02497502497502498975
0.02597402597402598962
0.02697302697302698948
0.02797202797202798935
0.02897102897102898922
0.02997002997002998909
0.03096903096903098895
0.03196803196803198882
0.03296703296703298869
0.03396603396603398856
0.03496503496503498842
0.03596403596403598829
0.03696303696303698816
0.03796203796203798803
0.03896103896103898789
0.03996003996003998776
0.04095904095904098763
0.04195804195804198750
0.04295704295704298736
0.04395604395604398723
0.04495504495504498710
0.04595404595404598697
0.04695304695304698683
0.04795204795204798670
0.04895104895104898657
0.04995004995004998644
0.05094905094905098630
0.05194805194805198617
0.05294705294705298604
0.05394605394605398591
0.05494505494505498577
0.05594405594405598564
0.05694305694305698551
0.05794205794205798538
0.05894105894105898524
0.05994005994005998511
0.06093906093906098498
0.06193806193806198485
0.06293706293706298471
0.06393606393606397764
0.06493506493506497057
0.06593406593406596350
0.06693306693306695643
0.06793206793206794936
0.06893106893106894228
0.06993006993006993521
0.07092907092907092814
0.07192807192807192107
0.07292707292707291400
0.07392607392607390693
0.07492507492507489986
0.07592407592407589279
0.07692307692307688571
0.07792207792207787864
0.07892107892107887157
0.07992007992007986450
0.08091908091908085743
0.08191808191808185036
0.08291708291708284329
0.08391608391608383621
0.08491508491508482914
0.08591408591408582207
0.08691308691308681500
0.08791208791208780793
0.08891108891108880086
0.08991008991008979379
0.09090909090909078671
0.09190809190809177964
0.09290709290709277257
0.09390609390609376550
0.09490509490509475843
0.09590409590409575136
0.09690309690309674429
0.09790209790209773721
0.09890109890109873014
0.09990009990009972307
0.10089910089910071600
0.10189810189810170893
0.10289710289710270186
0.10389610389610369479
0.10489510489510468771
0.10589410589410568064
0.10689310689310667357
0.10789210789210766650
0.10889110889110865943
0.10989010989010965236
0.11088911088911064529
0.11188811188811163821
0.11288711288711263114
0.11388611388611362407
0.11488511488511461700
0.11588411588411560993
0.11688311688311660286
0.11788211788211759579
0.11888111888111858871
0.11988011988011958164
0.12087912087912057457
0.12187812187812156750
0.12287712287712256043
0.12387612387612355336
0.12487512487512454629
0.12587412587412555309
0.12687312687312654602
0.12787212787212753895
0.12887112887112853188
0.12987012987012952481
0.13086913086913051774
0.13186813186813151066
0.13286713286713250359
0.13386613386613349652
0.13486513486513448945
0.13586413586413548238
0.13686313686313647531
0.13786213786213746824
0.13886113886113846116
0.13986013986013945409
0.14085914085914044702
0.14185814185814143995
0.14285714285714243288
0.14385614385614342581
0.14485514485514441874
0.14585414585414541166
0.14685314685314640459
0.14785214785214739752
0.14885114885114839045
0.14985014985014938338
0.15084915084915037631
0.15184815184815136924
0.15284715284715236217
0.15384615384615335509
0.15484515484515434802
0.15584415584415534095
0.15684315684315633388
0.15784215784215732681
0.15884115884115831974
0.15984015984015931267
0.16083916083916030559
0.16183816183816129852
0.16283716283716229145
0.16383616383616328438
0.16483516483516427731
0.16583416583416527024
0.16683316683316626317
0.16783216783216725609
0.16883116883116824902
0.16983016983016924195
0.17082917082917023488
0.17182817182817122781
0.17282717282717222074
0.17382617382617321367
0.17482517482517420659
0.17582417582417519952
0.17682317682317619245
0.17782217782217718538
0.17882117882117817831
0.17982017982017917124
0.18081918081918016417
0.18181818181818115709
0.18281718281718215002
0.18381618381618314295
0.18481518481518413588
0.18581418581418512881
0.18681318681318612174
0.18781218781218711467
0.18881118881118810759
0.18981018981018910052
0.19080919080919009345
0.19180819180819108638
0.19280719280719207931
0.19380619380619307224
0.19480519480519406517
0.19580419580419505809
0.19680319680319605102
0.19780219780219704395
0.19880119880119803688
0.19980019980019902981
0.20079920079920002274
0.20179820179820101567
0.20279720279720200860
0.20379620379620300152
0.20479520479520399445
0.20579420579420498738
0.20679320679320598031
0.20779220779220697324
0.20879120879120796617
0.20979020979020895910
0.21078921078920995202
0.21178821178821094495
0.21278721278721193788
0.21378621378621293081
0.21478521478521392374
0.21578421578421491667
0.21678321678321590960
0.21778221778221690252
0.21878121878121789545
0.21978021978021888838
0.22077922077921988131
0.22177822177822087424
0.22277722277722186717
0.22377622377622286010
0.22477522477522385302
0.22577422577422484595
0.22677322677322583888
0.22777222777222683181
0.22877122877122782474
0.22977022977022881767
0.23076923076922981060
0.23176823176823080352
0.23276723276723179645
0.23376623376623278938
0.23476523476523378231
0.23576423576423477524
0.23676323676323576817
0.23776223776223676110
0.23876123876123775402
0.23976023976023874695
0.24075924075923973988
0.24175824175824073281
0.24275724275724172574
0.24375624375624271867
0.24475524475524371160
0.24575424575424470452
0.24675324675324569745
0.24775224775224669038
0.24875124875124768331
0.24975024975024867624
0.25074925074924969692
0.25174825174825071761
0.25274725274725173829
0.25374625374625275898
0.25474525474525377966
0.25574425574425480034
0.25674325674325582103
0.25774225774225684171
0.25874125874125786240
0.25974025974025888308
0.26073926073925990377
0.26173826173826092445
0.26273726273726194513
0.26373626373626296582
0.26473526473526398650
0.26573426573426500719
0.26673326673326602787
0.26773226773226704855
0.26873126873126806924
0.26973026973026908992
0.27072927072927011061
0.27172827172827113129
0.27272727272727215198
0.27372627372627317266
0.27472527472527419334
0.27572427572427521403
0.27672327672327623471
0.27772227772227725540
0.27872127872127827608
0.27972027972027929676
0.28071928071928031745
0.28171828171828133813
0.28271728271728235882
0.28371628371628337950
0.28471528471528440019
0.28571428571428542087
0.28671328671328644155
0.28771228771228746224
0.28871128871128848292
0.28971028971028950361
0.29070929070929052429
0.29170829170829154497
0.29270729270729256566
0.29370629370629358634
0.29470529470529460703
0.29570429570429562771
0.29670329670329664840
0.29770229770229766908
0.29870129870129868976
0.29970029970029971045
0.30069930069930073113
0.30169830169830175182
0.30269730269730277250
0.30369630369630379318
0.30469530469530481387
0.30569430569430583455
0.30669330669330685524
0.30769230769230787592
0.30869130869130889661
0.30969030969030991729
0.31068931068931093797
0.31168831168831195866
0.31268731268731297934
0.31368631368631400003
0.31468531468531502071
0.31568431568431604139
0.31668331668331706208
0.31768231768231808276
0.31868131868131910345
0.31968031968032012413
0.32067932067932114482
0.32167832167832216550
0.32267732267732318618
0.32367632367632420687
0.32467532467532522755
0.32567432567432624824
0.32667332667332726892
0.32767232767232828961
0.32867132867132931029
0.32967032967033033097
0.33066933066933135166
0.33166833166833237234
0.33266733266733339303
0.33366633366633441371
0.33466533466533543439
0.33566433566433645508
0.33666333666333747576
0.33766233766233849645
0.33866133866133951713
0.33966033966034053782
0.34065934065934155850
0.34165834165834257918
0.34265734265734359987
0.34365634365634462055
0.34465534465534564124
0.34565434565434666192
0.34665334665334768260
0.34765234765234870329
0.34865134865134972397
0.34965034965035074466
0.35064935064935176534
0.35164835164835278603
0.35264735264735380671
0.35364635364635482739
0.35464535464535584808
0.35564435564435686876
0.35664335664335788945
0.35764235764235891013
0.35864135864135993081
0.35964035964036095150
0.36063936063936197218
0.36163836163836299287
0.36263736263736401355
0.36363636363636503424
0.36463536463536605492
0.36563436563436707560
0.36663336663336809629
0.36763236763236911697
0.36863136863137013766
0.36963036963037115834
0.37062937062937217902
0.37162837162837319971
0.37262737262737422039
0.37362637362637524108
0.37462537462537626176
0.37562437562437728245
0.37662337662337830313
0.37762237762237932381
0.37862137862138034450
0.37962037962038136518
0.38061938061938238587
0.38161838161838340655
0.38261738261738442723
0.38361638361638544792
0.38461538461538646860
0.38561438561438748929
0.38661338661338850997
0.38761238761238953066
0.38861138861139055134
0.38961038961039157202
0.39060939060939259271
0.39160839160839361339
0.39260739260739463408
0.39360639360639565476
0.39460539460539667544
0.39560439560439769613
0.39660339660339871681
0.39760239760239973750
0.39860139860140075818
0.39960039960040177887
0.40059940059940279955
0.40159840159840382023
0.40259740259740484092
0.40359640359640586160
0.40459540459540688229
0.40559440559440790297
0.40659340659340892365
0.40759240759240994434
0.40859140859141096502
0.40959040959041198571
0.41058941058941300639
0.41158841158841402708
0.41258741258741504776
0.41358641358641606844
0.41458541458541708913
0.41558441558441810981
0.41658341658341913050
0.41758241758242015118
0.41858141858142117187
0.41958041958042219255
0.42057942057942321323
0.42157842157842423392
0.42257742257742525460
0.42357642357642627529
0.42457542457542729597
0.42557442557442831665
0.42657342657342933734
0.42757242757243035802
0.42857142857143137871
0.42957042957043239939
0.43056943056943342008
0.43156843156843444076
0.43256743256743546144
0.43356643356643648213
0.43456543456543750281
0.43556443556443852350
0.43656343656343954418
0.43756243756244056486
0.43856143856144158555
0.43956043956044260623
0.44055944055944362692
0.44155844155844464760
0.44255744255744566829
0.44355644355644668897
0.44455544455544770965
0.44555444555444873034
0.44655344655344975102
0.44755244755245077171
0.44855144855145179239
0.44955044955045281307
0.45054945054945383376
0.45154845154845485444
0.45254745254745587513
0.45354645354645689581
0.45454545454545791650
0.45554445554445893718
0.45654345654345995786
0.45754245754246097855
0.45854145854146199923
0.45954045954046301992
0.46053946053946404060
0.46153846153846506128
0.46253746253746608197
0.46353646353646710265
0.46453546453546812334
0.46553446553446914402
0.46653346653347016471
0.46753246753247118539
0.46853146853147220607
0.46953046953047322676
0.47052947052947424744
0.47152847152847526813
0.47252747252747628881
0.47352647352647730949
0.47452547452547833018
0.47552447552447935086
0.47652347652348037155
0.47752247752248139223
0.47852147852148241292
0.47952047952048343360
0.48051948051948445428
0.48151848151848547497
0.48251748251748649565
0.48351648351648751634
0.48451548451548853702
0.48551448551448955770
0.48651348651349057839
0.48751248751249159907
0.48851148851149261976
0.48951048951049364044
0.49050949050949466113
0.49150849150849568181
0.49250749250749670249
0.49350649350649772318
0.49450549450549874386
0.49550449550449976455
0.49650349650350078523
0.49750249750250180591
0.49850149850150282660
0.49950049950050384728
0.50049950049950486797
0.50149850149850583314
0.50249750249750679831
0.50349650349650776349
0.50449550449550872866
0.50549450549450969383
0.50649350649351065901
0.50749250749251162418
0.50849150849151258935
0.50949050949051355452
0.51048951048951451970
0.51148851148851548487
0.51248751248751645004
0.51348651348651741522
0.51448551448551838039
0.51548451548451934556
0.51648351648352031074
0.51748251748252127591
0.51848151848152224108
0.51948051948052320625
0.52047952047952417143
0.52147852147852513660
0.52247752247752610177
0.52347652347652706695
0.52447552447552803212
0.52547452547452899729
0.52647352647352996247
0.52747252747253092764
0.52847152847153189281
0.52947052947053285799
0.53046953046953382316
0.53146853146853478833
0.53246753246753575350
0.53346653346653671868
0.53446553446553768385
0.53546453546453864902
0.53646353646353961420
0.53746253746254057937
0.53846153846154154454
0.53946053946054250972
0.54045954045954347489
0.54145854145854444006
0.54245754245754540523
0.54345654345654637041
0.54445554445554733558
0.54545454545454830075
0.54645354645354926593
0.54745254745255023110
0.54845154845155119627
0.54945054945055216145
0.55044955044955312662
0.55144855144855409179
0.55244755244755505696
0.55344655344655602214
0.55444555444555698731
0.55544455544455795248
0.55644355644355891766
0.55744255744255988283
0.55844155844156084800
0.55944055944056181318
0.56043956043956277835
0.56143856143856374352
0.56243756243756470869
0.56343656343656567387
0.56443556443556663904
0.56543456543456760421
0.56643356643356856939
0.56743256743256953456
0.56843156843157049973
0.56943056943057146491
0.57042957042957243008
0.57142857142857339525
0.57242757242757436043
0.57342657342657532560
0.57442557442557629077
0.57542457542457725594
0.57642357642357822112
0.57742257742257918629
0.57842157842158015146
0.57942057942058111664
0.58041958041958208181
0.58141858141858304698
0.58241758241758401216
0.58341658341658497733
0.58441558441558594250
0.58541458541458690767
0.58641358641358787285
0.58741258741258883802
0.58841158841158980319
0.58941058941059076837
0.59040959040959173354
0.59140859140859269871
0.59240759240759366389
0.59340659340659462906
0.59440559440559559423
0.59540459540459655940
0.59640359640359752458
0.59740259740259848975
0.59840159840159945492
0.59940059940060042010
0.60039960039960138527
0.60139860139860235044
0.60239760239760331562
0.60339660339660428079
0.60439560439560524596
0.60539460539460621114
0.60639360639360717631
0.60739260739260814148
0.60839160839160910665
0.60939060939061007183
0.61038961038961103700
0.61138861138861200217
0.61238761238761296735
0.61338661338661393252
0.61438561438561489769
0.61538461538461586287
0.61638361638361682804
0.61738261738261779321
0.61838161838161875838
0.61938061938061972356
0.62037962037962068873
0.62137862137862165390
0.62237762237762261908
0.62337662337662358425
0.62437562437562454942
0.62537462537462551460
0.62637362637362647977
0.62737262737262744494
0.62837162837162841011
0.62937062937062937529
0.63036963036963034046
0.63136863136863130563
0.63236763236763227081
0.63336663336663323598
0.63436563436563420115
0.63536463536463516633
0.63636363636363613150
0.63736263736263709667
0.63836163836163806184
0.63936063936063902702
0.64035964035963999219
0.64135864135864095736
0.64235764235764192254
0.64335664335664288771
0.64435564435564385288
0.64535464535464481806
0.64635364635364578323
0.64735264735264674840
0.64835164835164771358
0.64935064935064867875
0.65034965034964964392
0.65134865134865060909
0.65234765234765157427
0.65334665334665253944
0.65434565434565350461
0.65534465534465446979
0.65634365634365543496
0.65734265734265640013
0.65834165834165736531
0.65934065934065833048
0.66033966033965929565
0.66133866133866026082
0.66233766233766122600
0.66333666333666219117
0.66433566433566315634
0.66533466533466412152
0.66633366633366508669
0.66733266733266605186
0.66833166833166701704
0.66933066933066798221
0.67032967032966894738
0.67132867132866991255
0.67232767232767087773
0.67332667332667184290
0.67432567432567280807
0.67532467532467377325
0.67632367632367473842
0.67732267732267570359
0.67832167832167666877
0.67932067932067763394
0.68031968031967859911
0.68131868131867956428
0.68231768231768052946
0.68331668331668149463
0.68431568431568245980
0.68531468531468342498
0.68631368631368439015
0.68731268731268535532
0.68831168831168632050
0.68931068931068728567
0.69030969030968825084
0.69130869130868921602
0.69230769230769018119
0.69330669330669114636
0.69430569430569211153
0.69530469530469307671
0.69630369630369404188
0.69730269730269500705
0.69830169830169597223
0.69930069930069693740
0.70029970029969790257
0.70129870129869886775
0.70229770229769983292
0.70329670329670079809
0.70429570429570176326
0.70529470529470272844
0.70629370629370369361
0.70729270729270465878
0.70829170829170562396
0.70929070929070658913
0.71028971028970755430
0.71128871128870851948
0.71228771228770948465
0.71328671328671044982
0.71428571428571141499
0.71528471528471238017
0.71628371628371334534
0.71728271728271431051
0.71828171828171527569
0.71928071928071624086
0.72027972027971720603
0.72127872127871817121
0.72227772227771913638
0.72327672327672010155
0.72427572427572106672
0.72527472527472203190
0.72627372627372299707
0.72727272727272396224
0.72827172827172492742
0.72927072927072589259
0.73026973026972685776
0.73126873126872782294
0.73226773226772878811
0.73326673326672975328
0.73426573426573071846
0.73526473526473168363
0.73626373626373264880
0.73726273726273361397
0.73826173826173457915
0.73926073926073554432
0.74025974025973650949
0.74125874125873747467
0.74225774225773843984
0.74325674325673940501
0.74425574425574037019
0.74525474525474133536
0.74625374625374230053
0.74725274725274326570
0.74825174825174423088
0.74925074925074519605
0.75024975024974616122
0.75124875124874712640
0.75224775224774809157
0.75324675324674905674
0.75424575424575002192
0.75524475524475098709
0.75624375624375195226
0.75724275724275291743
0.75824175824175388261
0.75924075924075484778
0.76023976023975581295
0.76123876123875677813
0.76223776223775774330
0.76323676323675870847
0.76423576423575967365
0.76523476523476063882
0.76623376623376160399
0.76723276723276256917
0.76823176823176353434
0.76923076923076449951
0.77022977022976546468
0.77122877122876642986
0.77222777222776739503
0.77322677322676836020
0.77422577422576932538
0.77522477522477029055
0.77622377622377125572
0.77722277722277222090
0.77822177822177318607
0.77922077922077415124
0.78021978021977511641
0.78121878121877608159
0.78221778221777704676
0.78321678321677801193
0.78421578421577897711
0.78521478521477994228
0.78621378621378090745
0.78721278721278187263
0.78821178821178283780
0.78921078921078380297
0.79020979020978476814
0.79120879120878573332
0.79220779220778669849
0.79320679320678766366
0.79420579420578862884
0.79520479520478959401
0.79620379620379055918
0.79720279720279152436
0.79820179820179248953
0.79920079920079345470
0.80019980019979441987
0.80119880119879538505
0.80219780219779635022
0.80319680319679731539
0.80419580419579828057
0.80519480519479924574
0.80619380619380021091
0.80719280719280117609
0.80819180819180214126
0.80919080919080310643
0.81018981018980407161
0.81118881118880503678
0.81218781218780600195
0.81318681318680696712
0.81418581418580793230
0.81518481518480889747
0.81618381618380986264
0.81718281718281082782
0.81818181818181179299
0.81918081918081275816
0.82017982017981372334
0.82117882117881468851
0.82217782217781565368
0.82317682317681661885
0.82417582417581758403
0.82517482517481854920
0.82617382617381951437
0.82717282717282047955
0.82817182817182144472
0.82917082917082240989
0.83016983016982337507
0.83116883116882434024
0.83216783216782530541
0.83316683316682627058
0.83416583416582723576
0.83516483516482820093
0.83616383616382916610
0.83716283716283013128
0.83816183816183109645
0.83916083916083206162
0.84015984015983302680
0.84115884115883399197
0.84215784215783495714
0.84315684315683592231
0.84415584415583688749
0.84515484515483785266
0.84615384615383881783
0.84715284715283978301
0.84815184815184074818
0.84915084915084171335
0.85014985014984267853
0.85114885114884364370
0.85214785214784460887
0.85314685314684557405
0.85414585414584653922
0.85514485514484750439
0.85614385614384846956
0.85714285714284943474
0.85814185814185039991
0.85914085914085136508
0.86013986013985233026
0.86113886113885329543
0.86213786213785426060
0.86313686313685522578
0.86413586413585619095
0.86513486513485715612
0.86613386613385812129
0.86713286713285908647
0.86813186813186005164
0.86913086913086101681
0.87012987012986198199
0.87112887112886294716
0.87212787212786391233
0.87312687312686487751
0.87412587412586584268
0.87512487512486680785
0.87612387612386777302
0.87712287712286873820
0.87812187812186970337
0.87912087912087066854
0.88011988011987163372
0.88111888111887259889
0.88211788211787356406
0.88311688311687452924
0.88411588411587549441
0.88511488511487645958
0.88611388611387742476
0.88711288711287838993
0.88811188811187935510
0.88911088911088032027
0.89010989010988128545
0.89110889110888225062
0.89210789210788321579
0.89310689310688418097
0.89410589410588514614
0.89510489510488611131
0.89610389610388707649
0.89710289710288804166
0.89810189810188900683
0.89910089910088997200
0.90009990009989093718
0.90109890109889190235
0.90209790209789286752
0.90309690309689383270
0.90409590409589479787
0.90509490509489576304
0.90609390609389672822
0.90709290709289769339
0.90809190809189865856
0.90909090909089962373
0.91008991008990058891
0.91108891108890155408
0.91208791208790251925
0.91308691308690348443
0.91408591408590444960
0.91508491508490541477
0.91608391608390637995
0.91708291708290734512
0.91808191808190831029
0.91908091908090927546
0.92007992007991024064
0.92107892107891120581
0.92207792207791217098
0.92307692307691313616
0.92407592407591410133
0.92507492507491506650
0.92607392607391603168
0.92707292707291699685
0.92807192807191796202
0.92907092907091892720
0.93006993006991989237
0.93106893106892085754
0.93206793206792182271
0.93306693306692278789
0.93406593406592375306
0.93506493506492471823
0.93606393606392568341
0.93706293706292664858
0.93806193806192761375
0.93906093906092857893
0.94005994005992954410
0.94105894105893050927
0.94205794205793147444
0.94305694305693243962
0.94405594405593340479
0.94505494505493436996
0.94605394605393533514
0.94705294705293630031
0.94805194805193726548
0.94905094905093823066
0.95004995004993919583
0.95104895104894016100
0.95204795204794112617
0.95304695304694209135
0.95404595404594305652
0.95504495504494402169
0.95604395604394498687
0.95704295704294595204
0.95804195804194691721
0.95904095904094788239
0.96003996003994884756
0.96103896103894981273
0.96203796203795077790
0.96303696303695174308
0.96403596403595270825
0.96503496503495367342
0.96603396603395463860
0.96703296703295560377
0.96803196803195656894
0.96903096903095753412
0.97002997002995849929
0.97102897102895946446
0.97202797202796042964
0.97302697302696139481
0.97402597402596235998
0.97502497502496332515
0.97602397602396429033
0.97702297702296525550
0.97802197802196622067
0.97902097902096718585
0.98001998001996815102
0.98101898101896911619
0.98201798201797008137
0.98301698301697104654
0.98401598401597201171
0.98501498501497297688
0.98601398601397394206
0.98701298701297490723
0.98801198801197587240
0.98901098901097683758
0.99000999000997780275
0.99100899100897876792
0.99200799200797973310
0.99300699300698069827
0.99400599400598166344
0.99500499500498262861
0.99600399600398359379
0.99700299700298455896
0.99800199800198552413
0.99900099900098648931
0.99999999999998745448
