0.00099900097120553255
0.00199800194241106510
0.00299700303003191948
0.00399600388482213020
0.00499500473961234093
0.00599400559440255165
0.00699300644919276237
0.00799200776964426041
0.00899100862443447113
0.00999000947922468185
0.01098901033401489258
0.01198801118880510330
0.01298701204359531403
0.01398601289838552475
0.01498501375317573547
0.01598401553928852081
0.01698301732540130615
0.01798201911151409149
0.01898102089762687683
0.01998002268373966217
0.02097902446985244751
0.02197802625596523285
0.02297702804207801819
0.02397602982819080353
0.02497503161430358887
0.02597403340041637421
0.02697303518652915955
0.02797203697264194489
0.02897103875875473022
0.02997004054486751556
0.03096904233098030090
0.03196804225444793701
0.03296704217791557312
0.03396604210138320923
0.03496504202485084534
0.03596404194831848145
0.03696304187178611755
0.03796204179525375366
0.03896104171872138977
0.03996004164218902588
0.04095904156565666199
0.04195804148912429810
0.04295704141259193420
0.04395604133605957031
0.04495504125952720642
0.04595404118299484253
0.04695304110646247864
0.04795204102993011475
0.04895104095339775085
0.04995004087686538696
0.05094904080033302307
0.05194804072380065918
0.05294704064726829529
0.05394604057073593140
0.05494504049420356750
0.05594404041767120361
0.05694304034113883972
0.05794204026460647583
0.05894104018807411194
0.05994004011154174805
0.06093904003500938416
0.06193803995847702026
0.06293704360723495483
0.06393604725599288940
0.06493505090475082397
0.06593405455350875854
0.06693305820226669312
0.06793206185102462769
0.06893106549978256226
0.06993006914854049683
0.07092907279729843140
0.07192807644605636597
0.07292708009481430054
0.07392608374357223511
0.07492508739233016968
0.07592409104108810425
0.07692309468984603882
0.07792209833860397339
0.07892110198736190796
0.07992010563611984253
0.08091910928487777710
0.08191811293363571167
0.08291711658239364624
0.08391612023115158081
0.08491512387990951538
0.08591412752866744995
0.08691313117742538452
0.08791213482618331909
0.08891113847494125366
0.08991014212369918823
0.09090914577245712280
0.09190814942121505737
0.09290715306997299194
0.09390615671873092651
0.09490516036748886108
0.09590416401624679565
0.09690316766500473022
0.09790217131376266479
0.09890117496252059937
0.09990017861127853394
0.10089918226003646851
0.10189818590879440308
0.10289718955755233765
0.10389619320631027222
0.10489519685506820679
0.10589420050382614136
0.10689320415258407593
0.10789220780134201050
0.10889121145009994507
0.10989021509885787964
0.11088921874761581421
0.11188822239637374878
0.11288722604513168335
0.11388622969388961792
0.11488523334264755249
0.11588423699140548706
0.11688324064016342163
0.11788224428892135620
0.11888124793767929077
0.11988025158643722534
0.12087925523519515991
0.12187825888395309448
0.12287726253271102905
0.12387626618146896362
0.12487526983022689819
0.12587426602840423584
0.12687326967716217041
0.12787227332592010498
0.12887127697467803955
0.12987028062343597412
0.13086928427219390869
0.13186828792095184326
0.13286729156970977783
0.13386629521846771240
0.13486529886722564697
0.13586430251598358154
0.13686330616474151611
0.13786230981349945068
0.13886131346225738525
0.13986031711101531982
0.14085932075977325439
0.14185832440853118896
0.14285732805728912354
0.14385633170604705811
0.14485533535480499268
0.14585433900356292725
0.14685334265232086182
0.14785234630107879639
0.14885134994983673096
0.14985035359859466553
0.15084935724735260010
0.15184836089611053467
0.15284736454486846924
0.15384636819362640381
0.15484537184238433838
0.15584437549114227295
0.15684337913990020752
0.15784238278865814209
0.15884138643741607666
0.15984039008617401123
0.16083939373493194580
0.16183839738368988037
0.16283740103244781494
0.16383640468120574951
0.16483540832996368408
0.16583441197872161865
0.16683341562747955322
0.16783241927623748779
0.16883142292499542236
0.16983042657375335693
0.17082943022251129150
0.17182843387126922607
0.17282743752002716064
0.17382644116878509521
0.17482544481754302979
0.17582444846630096436
0.17682345211505889893
0.17782245576381683350
0.17882145941257476807
0.17982046306133270264
0.18081946671009063721
0.18181847035884857178
0.18281747400760650635
0.18381647765636444092
0.18481548130512237549
0.18581448495388031006
0.18681348860263824463
0.18781249225139617920
0.18881149590015411377
0.18981049954891204834
0.19080950319766998291
0.19180850684642791748
0.19280751049518585205
0.19380651414394378662
0.19480551779270172119
0.19580452144145965576
0.19680352509021759033
0.19780252873897552490
0.19880153238773345947
0.19980053603649139404
0.20079953968524932861
0.20179854333400726318
0.20279754698276519775
0.20379655063152313232
0.20479555428028106689
0.20579455792903900146
0.20679356157779693604
0.20779256522655487061
0.20879156887531280518
0.20979057252407073975
0.21078957617282867432
0.21178857982158660889
0.21278758347034454346
0.21378658711910247803
0.21478559076786041260
0.21578459441661834717
0.21678359806537628174
0.21778260171413421631
0.21878160536289215088
0.21978060901165008545
0.22077961266040802002
0.22177861630916595459
0.22277761995792388916
0.22377662360668182373
0.22477562725543975830
0.22577463090419769287
0.22677363455295562744
0.22777263820171356201
0.22877164185047149658
0.22977064549922943115
0.23076964914798736572
0.23176865279674530029
0.23276765644550323486
0.23376666009426116943
0.23476566374301910400
0.23576466739177703857
0.23676367104053497314
0.23776267468929290771
0.23876167833805084229
0.23976068198680877686
0.24075968563556671143
0.24175868928432464600
0.24275769293308258057
0.24375669658184051514
0.24475570023059844971
0.24575470387935638428
0.24675370752811431885
0.24775271117687225342
0.24875171482563018799
0.24975071847438812256
0.25074970722198486328
0.25174871087074279785
0.25274771451950073242
0.25374671816825866699
0.25474572181701660156
0.25574472546577453613
0.25674372911453247070
0.25774273276329040527
0.25874173641204833984
0.25974074006080627441
0.26073974370956420898
0.26173874735832214355
0.26273775100708007812
0.26373675465583801270
0.26473575830459594727
0.26573476195335388184
0.26673376560211181641
0.26773276925086975098
0.26873177289962768555
0.26973077654838562012
0.27072978019714355469
0.27172878384590148926
0.27272778749465942383
0.27372679114341735840
0.27472579479217529297
0.27572479844093322754
0.27672380208969116211
0.27772280573844909668
0.27872180938720703125
0.27972081303596496582
0.28071981668472290039
0.28171882033348083496
0.28271782398223876953
0.28371682763099670410
0.28471583127975463867
0.28571483492851257324
0.28671383857727050781
0.28771284222602844238
0.28871184587478637695
0.28971084952354431152
0.29070985317230224609
0.29170885682106018066
0.29270786046981811523
0.29370686411857604980
0.29470586776733398438
0.29570487141609191895
0.29670387506484985352
0.29770287871360778809
0.29870188236236572266
0.29970088601112365723
0.30069988965988159180
0.30169889330863952637
0.30269789695739746094
0.30369690060615539551
0.30469590425491333008
0.30569490790367126465
0.30669391155242919922
0.30769291520118713379
0.30869191884994506836
0.30969092249870300293
0.31068992614746093750
0.31168892979621887207
0.31268793344497680664
0.31368693709373474121
0.31468594074249267578
0.31568494439125061035
0.31668394804000854492
0.31768295168876647949
0.31868195533752441406
0.31968095898628234863
0.32067996263504028320
0.32167896628379821777
0.32267796993255615234
0.32367697358131408691
0.32467597723007202148
0.32567498087882995605
0.32667398452758789062
0.32767298817634582520
0.32867199182510375977
0.32967099547386169434
0.33066999912261962891
0.33166900277137756348
0.33266800642013549805
0.33366701006889343262
0.33466601371765136719
0.33566501736640930176
0.33666402101516723633
0.33766302466392517090
0.33866202831268310547
0.33966103196144104004
0.34066003561019897461
0.34165903925895690918
0.34265804290771484375
0.34365704655647277832
0.34465605020523071289
0.34565505385398864746
0.34665405750274658203
0.34765306115150451660
0.34865206480026245117
0.34965106844902038574
0.35065007209777832031
0.35164907574653625488
0.35264807939529418945
0.35364708304405212402
0.35464608669281005859
0.35564509034156799316
0.35664409399032592773
0.35764309763908386230
0.35864210128784179688
0.35964110493659973145
0.36064010858535766602
0.36163911223411560059
0.36263811588287353516
0.36363711953163146973
0.36463612318038940430
0.36563512682914733887
0.36663413047790527344
0.36763313412666320801
0.36863213777542114258
0.36963114142417907715
0.37063014507293701172
0.37162914872169494629
0.37262815237045288086
0.37362715601921081543
0.37462615966796875000
0.37562516331672668457
0.37662416696548461914
0.37762317061424255371
0.37862217426300048828
0.37962117791175842285
0.38062018156051635742
0.38161918520927429199
0.38261818885803222656
0.38361719250679016113
0.38461619615554809570
0.38561519980430603027
0.38661420345306396484
0.38761320710182189941
0.38861221075057983398
0.38961121439933776855
0.39061021804809570312
0.39160922169685363770
0.39260822534561157227
0.39360722899436950684
0.39460623264312744141
0.39560523629188537598
0.39660423994064331055
0.39760324358940124512
0.39860224723815917969
0.39960125088691711426
0.40060025453567504883
0.40159925818443298340
0.40259826183319091797
0.40359726548194885254
0.40459626913070678711
0.40559527277946472168
0.40659427642822265625
0.40759328007698059082
0.40859228372573852539
0.40959128737449645996
0.41059029102325439453
0.41158929467201232910
0.41258829832077026367
0.41358730196952819824
0.41458630561828613281
0.41558530926704406738
0.41658431291580200195
0.41758331656455993652
0.41858232021331787109
0.41958132386207580566
0.42058032751083374023
0.42157933115959167480
0.42257833480834960938
0.42357733845710754395
0.42457634210586547852
0.42557534575462341309
0.42657434940338134766
0.42757335305213928223
0.42857235670089721680
0.42957136034965515137
0.43057036399841308594
0.43156936764717102051
0.43256837129592895508
0.43356737494468688965
0.43456637859344482422
0.43556538224220275879
0.43656438589096069336
0.43756338953971862793
0.43856239318847656250
0.43956139683723449707
0.44056040048599243164
0.44155940413475036621
0.44255840778350830078
0.44355741143226623535
0.44455641508102416992
0.44555541872978210449
0.44655442237854003906
0.44755342602729797363
0.44855242967605590820
0.44955143332481384277
0.45055043697357177734
0.45154944062232971191
0.45254844427108764648
0.45354744791984558105
0.45454645156860351562
0.45554545521736145020
0.45654445886611938477
0.45754346251487731934
0.45854246616363525391
0.45954146981239318848
0.46054047346115112305
0.46153947710990905762
0.46253848075866699219
0.46353748440742492676
0.46453648805618286133
0.46553549170494079590
0.46653449535369873047
0.46753349900245666504
0.46853250265121459961
0.46953150629997253418
0.47053050994873046875
0.47152951359748840332
0.47252851724624633789
0.47352752089500427246
0.47452652454376220703
0.47552552819252014160
0.47652453184127807617
0.47752353549003601074
0.47852253913879394531
0.47952154278755187988
0.48052054643630981445
0.48151955008506774902
0.48251855373382568359
0.48351755738258361816
0.48451656103134155273
0.48551556468009948730
0.48651456832885742188
0.48751357197761535645
0.48851257562637329102
0.48951157927513122559
0.49051058292388916016
0.49150958657264709473
0.49250859022140502930
0.49350759387016296387
0.49450659751892089844
0.49550560116767883301
0.49650460481643676758
0.49750360846519470215
0.49850261211395263672
0.49950161576271057129
0.50050061941146850586
0.50149959325790405273
0.50249856710433959961
0.50349754095077514648
0.50449651479721069336
0.50549548864364624023
0.50649446249008178711
0.50749343633651733398
0.50849241018295288086
0.50949138402938842773
0.51049035787582397461
0.51148933172225952148
0.51248830556869506836
0.51348727941513061523
0.51448625326156616211
0.51548522710800170898
0.51648420095443725586
0.51748317480087280273
0.51848214864730834961
0.51948112249374389648
0.52048009634017944336
0.52147907018661499023
0.52247804403305053711
0.52347701787948608398
0.52447599172592163086
0.52547496557235717773
0.52647393941879272461
0.52747291326522827148
0.52847188711166381836
0.52947086095809936523
0.53046983480453491211
0.53146880865097045898
0.53246778249740600586
0.53346675634384155273
0.53446573019027709961
0.53546470403671264648
0.53646367788314819336
0.53746265172958374023
0.53846162557601928711
0.53946059942245483398
0.54045957326889038086
0.54145854711532592773
0.54245752096176147461
0.54345649480819702148
0.54445546865463256836
0.54545444250106811523
0.54645341634750366211
0.54745239019393920898
0.54845136404037475586
0.54945033788681030273
0.55044931173324584961
0.55144828557968139648
0.55244725942611694336
0.55344623327255249023
0.55444520711898803711
0.55544418096542358398
0.55644315481185913086
0.55744212865829467773
0.55844110250473022461
0.55944007635116577148
0.56043905019760131836
0.56143802404403686523
0.56243699789047241211
0.56343597173690795898
0.56443494558334350586
0.56543391942977905273
0.56643289327621459961
0.56743186712265014648
0.56843084096908569336
0.56942981481552124023
0.57042878866195678711
0.57142776250839233398
0.57242673635482788086
0.57342571020126342773
0.57442468404769897461
0.57542365789413452148
0.57642263174057006836
0.57742160558700561523
0.57842057943344116211
0.57941955327987670898
0.58041852712631225586
0.58141750097274780273
0.58241647481918334961
0.58341544866561889648
0.58441442251205444336
0.58541339635848999023
0.58641237020492553711
0.58741134405136108398
0.58841031789779663086
0.58940929174423217773
0.59040826559066772461
0.59140723943710327148
0.59240621328353881836
0.59340518712997436523
0.59440416097640991211
0.59540313482284545898
0.59640210866928100586
0.59740108251571655273
0.59840005636215209961
0.59939903020858764648
0.60039800405502319336
0.60139697790145874023
0.60239595174789428711
0.60339492559432983398
0.60439389944076538086
0.60539287328720092773
0.60639184713363647461
0.60739082098007202148
0.60838979482650756836
0.60938876867294311523
0.61038774251937866211
0.61138671636581420898
0.61238569021224975586
0.61338466405868530273
0.61438363790512084961
0.61538261175155639648
0.61638158559799194336
0.61738055944442749023
0.61837953329086303711
0.61937850713729858398
0.62037748098373413086
0.62137645483016967773
0.62237542867660522461
0.62337440252304077148
0.62437337636947631836
0.62537235021591186523
0.62637132406234741211
0.62737029790878295898
0.62836927175521850586
0.62936824560165405273
0.63036721944808959961
0.63136619329452514648
0.63236516714096069336
0.63336414098739624023
0.63436311483383178711
0.63536208868026733398
0.63636106252670288086
0.63736003637313842773
0.63835901021957397461
0.63935798406600952148
0.64035695791244506836
0.64135593175888061523
0.64235490560531616211
0.64335387945175170898
0.64435285329818725586
0.64535182714462280273
0.64635080099105834961
0.64734977483749389648
0.64834874868392944336
0.64934772253036499023
0.65034669637680053711
0.65134567022323608398
0.65234464406967163086
0.65334361791610717773
0.65434259176254272461
0.65534156560897827148
0.65634053945541381836
0.65733951330184936523
0.65833848714828491211
0.65933746099472045898
0.66033643484115600586
0.66133540868759155273
0.66233438253402709961
0.66333335638046264648
0.66433233022689819336
0.66533130407333374023
0.66633027791976928711
0.66732925176620483398
0.66832822561264038086
0.66932719945907592773
0.67032617330551147461
0.67132514715194702148
0.67232412099838256836
0.67332309484481811523
0.67432206869125366211
0.67532104253768920898
0.67632001638412475586
0.67731899023056030273
0.67831796407699584961
0.67931693792343139648
0.68031591176986694336
0.68131488561630249023
0.68231385946273803711
0.68331283330917358398
0.68431180715560913086
0.68531078100204467773
0.68630975484848022461
0.68730872869491577148
0.68830770254135131836
0.68930667638778686523
0.69030565023422241211
0.69130462408065795898
0.69230359792709350586
0.69330257177352905273
0.69430154561996459961
0.69530051946640014648
0.69629949331283569336
0.69729846715927124023
0.69829744100570678711
0.69929641485214233398
0.70029538869857788086
0.70129436254501342773
0.70229333639144897461
0.70329231023788452148
0.70429128408432006836
0.70529025793075561523
0.70628923177719116211
0.70728820562362670898
0.70828717947006225586
0.70928615331649780273
0.71028512716293334961
0.71128410100936889648
0.71228307485580444336
0.71328204870223999023
0.71428102254867553711
0.71527999639511108398
0.71627897024154663086
0.71727794408798217773
0.71827691793441772461
0.71927589178085327148
0.72027486562728881836
0.72127383947372436523
0.72227281332015991211
0.72327178716659545898
0.72427076101303100586
0.72526973485946655273
0.72626870870590209961
0.72726768255233764648
0.72826665639877319336
0.72926563024520874023
0.73026460409164428711
0.73126357793807983398
0.73226255178451538086
0.73326152563095092773
0.73426049947738647461
0.73525947332382202148
0.73625844717025756836
0.73725742101669311523
0.73825639486312866211
0.73925536870956420898
0.74025434255599975586
0.74125331640243530273
0.74225229024887084961
0.74325126409530639648
0.74425023794174194336
0.74524921178817749023
0.74624818563461303711
0.74724715948104858398
0.74824613332748413086
0.74924510717391967773
0.75024408102035522461
0.75124305486679077148
0.75224202871322631836
0.75324100255966186523
0.75423997640609741211
0.75523895025253295898
0.75623792409896850586
0.75723689794540405273
0.75823587179183959961
0.75923484563827514648
0.76023381948471069336
0.76123279333114624023
0.76223176717758178711
0.76323074102401733398
0.76422971487045288086
0.76522868871688842773
0.76622766256332397461
0.76722663640975952148
0.76822561025619506836
0.76922458410263061523
0.77022355794906616211
0.77122253179550170898
0.77222150564193725586
0.77322047948837280273
0.77421945333480834961
0.77521842718124389648
0.77621740102767944336
0.77721637487411499023
0.77821534872055053711
0.77921432256698608398
0.78021329641342163086
0.78121227025985717773
0.78221124410629272461
0.78321021795272827148
0.78420919179916381836
0.78520816564559936523
0.78620713949203491211
0.78720611333847045898
0.78820508718490600586
0.78920406103134155273
0.79020303487777709961
0.79120200872421264648
0.79220098257064819336
0.79319995641708374023
0.79419893026351928711
0.79519790410995483398
0.79619687795639038086
0.79719585180282592773
0.79819482564926147461
0.79919379949569702148
0.80019277334213256836
0.80119174718856811523
0.80219072103500366211
0.80318969488143920898
0.80418866872787475586
0.80518764257431030273
0.80618661642074584961
0.80718559026718139648
0.80818456411361694336
0.80918353796005249023
0.81018251180648803711
0.81118148565292358398
0.81218045949935913086
0.81317943334579467773
0.81417840719223022461
0.81517738103866577148
0.81617635488510131836
0.81717532873153686523
0.81817430257797241211
0.81917327642440795898
0.82017225027084350586
0.82117122411727905273
0.82217019796371459961
0.82316917181015014648
0.82416814565658569336
0.82516711950302124023
0.82616609334945678711
0.82716506719589233398
0.82816404104232788086
0.82916301488876342773
0.83016198873519897461
0.83116096258163452148
0.83215993642807006836
0.83315891027450561523
0.83415788412094116211
0.83515685796737670898
0.83615583181381225586
0.83715480566024780273
0.83815377950668334961
0.83915275335311889648
0.84015172719955444336
0.84115070104598999023
0.84214967489242553711
0.84314864873886108398
0.84414762258529663086
0.84514659643173217773
0.84614557027816772461
0.84714454412460327148
0.84814351797103881836
0.84914249181747436523
0.85014146566390991211
0.85114043951034545898
0.85213941335678100586
0.85313838720321655273
0.85413736104965209961
0.85513633489608764648
0.85613530874252319336
0.85713428258895874023
0.85813325643539428711
0.85913223028182983398
0.86013120412826538086
0.86113017797470092773
0.86212915182113647461
0.86312812566757202148
0.86412709951400756836
0.86512607336044311523
0.86612504720687866211
0.86712402105331420898
0.86812299489974975586
0.86912196874618530273
0.87012094259262084961
0.87111991643905639648
0.87211889028549194336
0.87311786413192749023
0.87411683797836303711
0.87511581182479858398
0.87611478567123413086
0.87711375951766967773
0.87811273336410522461
0.87911170721054077148
0.88011068105697631836
0.88110965490341186523
0.88210862874984741211
0.88310760259628295898
0.88410657644271850586
0.88510555028915405273
0.88610452413558959961
0.88710349798202514648
0.88810247182846069336
0.88910144567489624023
0.89010041952133178711
0.89109939336776733398
0.89209836721420288086
0.89309734106063842773
0.89409631490707397461
0.89509528875350952148
0.89609426259994506836
0.89709323644638061523
0.89809221029281616211
0.89909118413925170898
0.90009015798568725586
0.90108913183212280273
0.90208810567855834961
0.90308707952499389648
0.90408605337142944336
0.90508502721786499023
0.90608400106430053711
0.90708297491073608398
0.90808194875717163086
0.90908092260360717773
0.91007989645004272461
0.91107887029647827148
0.91207784414291381836
0.91307681798934936523
0.91407579183578491211
0.91507476568222045898
0.91607373952865600586
0.91707271337509155273
0.91807168722152709961
0.91907066106796264648
0.92006963491439819336
0.92106860876083374023
0.92206758260726928711
0.92306655645370483398
0.92406553030014038086
0.92506450414657592773
0.92606347799301147461
0.92706245183944702148
0.92806142568588256836
0.92906039953231811523
0.93005937337875366211
0.93105834722518920898
0.93205732107162475586
0.93305629491806030273
0.93405526876449584961
0.93505424261093139648
0.93605321645736694336
0.93705219030380249023
0.93805116415023803711
0.93905013799667358398
0.94004911184310913086
0.94104808568954467773
0.94204705953598022461
0.94304603338241577148
0.94404500722885131836
0.94504398107528686523
0.94604295492172241211
0.94704192876815795898
0.94804090261459350586
0.94903987646102905273
0.95003885030746459961
0.95103782415390014648
0.95203679800033569336
0.95303577184677124023
0.95403474569320678711
0.95503371953964233398
0.95603269338607788086
0.95703166723251342773
0.95803064107894897461
0.95902961492538452148
0.96002858877182006836
0.96102756261825561523
0.96202653646469116211
0.96302551031112670898
0.96402448415756225586
0.96502345800399780273
0.96602243185043334961
0.96702140569686889648
0.96802037954330444336
0.96901935338973999023
0.97001832723617553711
0.97101730108261108398
0.97201627492904663086
0.97301524877548217773
0.97401422262191772461
0.97501319646835327148
0.97601217031478881836
0.97701114416122436523
0.97801011800765991211
0.97900909185409545898
0.98000806570053100586
0.98100703954696655273
0.98200601339340209961
0.98300498723983764648
0.98400396108627319336
0.98500293493270874023
0.98600190877914428711
0.98700088262557983398
0.98799985647201538086
0.98899883031845092773
0.98999780416488647461
0.99099677801132202148
0.99199575185775756836
0.99299472570419311523
0.99399369955062866211
0.99499267339706420898
0.99599164724349975586
0.99699062108993530273
0.99798959493637084961
0.99898856878280639648
0.99998754262924194336
