0.00099900097120553255
0.00199800194241106510
0.00299700303003191948
0.00399600388482213020
0.00499500473961234093
0.00599400606006383896
0.00699300691485404968
0.00799200776964426041
0.00899100862443447113
0.00999000947922468185
0.01098901033401489258
0.01198801212012767792
0.01298701297491788864
0.01398601382970809937
0.01498501468449831009
0.01598401553928852081
0.01698301732540130615
0.01798201724886894226
0.01898101903498172760
0.01998001895844936371
0.02097902074456214905
0.02197802066802978516
0.02297702245414257050
0.02397602424025535583
0.02497502416372299194
0.02597402594983577728
0.02697302587330341339
0.02797202765941619873
0.02897102758288383484
0.02997002936899662018
0.03096902929246425629
0.03196803107857704163
0.03296703100204467773
0.03396603465080261230
0.03496503457427024841
0.03596403449773788452
0.03696303442120552063
0.03796203806996345520
0.03896103799343109131
0.03996003791689872742
0.04095904156565666199
0.04195804148912429810
0.04295704141259193420
0.04395604133605957031
0.04495504498481750488
0.04595404490828514099
0.04695304483175277710
0.04795204848051071167
0.04895104840397834778
0.04995004832744598389
0.05094904825091362000
0.05194805189967155457
0.05294705182313919067
0.05394605174660682678
0.05494505167007446289
0.05594405531883239746
0.05694305524230003357
0.05794205516576766968
0.05894105881452560425
0.05994005873799324036
0.06093905866146087646
0.06193805858492851257
0.06293705850839614868
0.06393606215715408325
0.06493506580591201782
0.06593406200408935547
0.06693306565284729004
0.06793206930160522461
0.06893106549978256226
0.06993006914854049683
0.07092906534671783447
0.07192806899547576904
0.07292707264423370361
0.07392606884241104126
0.07492507249116897583
0.07592407613992691040
0.07692307233810424805
0.07792207598686218262
0.07892107963562011719
0.07992007583379745483
0.08091907948255538940
0.08191808313131332397
0.08291707932949066162
0.08391608297824859619
0.08491507917642593384
0.08591408282518386841
0.08691308647394180298
0.08791208267211914062
0.08891108632087707520
0.08991008996963500977
0.09090908616781234741
0.09190808981657028198
0.09290709346532821655
0.09390608966350555420
0.09490509331226348877
0.09590409696102142334
0.09690309315919876099
0.09790209680795669556
0.09890109300613403320
0.09990009665489196777
0.10089910030364990234
0.10189809650182723999
0.10289710015058517456
0.10389610379934310913
0.10489509999752044678
0.10589410364627838135
0.10689310729503631592
0.10789210349321365356
0.10889110714197158813
0.10989010334014892578
0.11088910698890686035
0.11188811063766479492
0.11288710683584213257
0.11388611048460006714
0.11488511413335800171
0.11588411033153533936
0.11688311398029327393
0.11788211762905120850
0.11888111382722854614
0.11988011747598648071
0.12087912112474441528
0.12187811732292175293
0.12287712097167968750
0.12387611716985702515
0.12487512081861495972
0.12587411701679229736
0.12687312066555023193
0.12787212431430816650
0.12887112796306610107
0.12987013161182403564
0.13086912035942077637
0.13186812400817871094
0.13286712765693664551
0.13386613130569458008
0.13486513495445251465
0.13586413860321044922
0.13686312735080718994
0.13786213099956512451
0.13886113464832305908
0.13986013829708099365
0.14085914194583892822
0.14185813069343566895
0.14285713434219360352
0.14385613799095153809
0.14485514163970947266
0.14585414528846740723
0.14685314893722534180
0.14785213768482208252
0.14885114133358001709
0.14985014498233795166
0.15084914863109588623
0.15184815227985382080
0.15284715592861175537
0.15384614467620849609
0.15484514832496643066
0.15584415197372436523
0.15684315562248229980
0.15784215927124023438
0.15884114801883697510
0.15984015166759490967
0.16083915531635284424
0.16183815896511077881
0.16283716261386871338
0.16383616626262664795
0.16483515501022338867
0.16583415865898132324
0.16683316230773925781
0.16783216595649719238
0.16883116960525512695
0.16983015835285186768
0.17082916200160980225
0.17182816565036773682
0.17282716929912567139
0.17382617294788360596
0.17482517659664154053
0.17582416534423828125
0.17682316899299621582
0.17782217264175415039
0.17882117629051208496
0.17982017993927001953
0.18081916868686676025
0.18181817233562469482
0.18281717598438262939
0.18381617963314056396
0.18481518328189849854
0.18581418693065643311
0.18681317567825317383
0.18781217932701110840
0.18881118297576904297
0.18981018662452697754
0.19080919027328491211
0.19180819392204284668
0.19280718266963958740
0.19380618631839752197
0.19480518996715545654
0.19580419361591339111
0.19680319726467132568
0.19780218601226806641
0.19880118966102600098
0.19980019330978393555
0.20079919695854187012
0.20179820060729980469
0.20279720425605773926
0.20379619300365447998
0.20479519665241241455
0.20579420030117034912
0.20679320394992828369
0.20779220759868621826
0.20879119634628295898
0.20979019999504089355
0.21078920364379882812
0.21178820729255676270
0.21278721094131469727
0.21378621459007263184
0.21478520333766937256
0.21578420698642730713
0.21678321063518524170
0.21778221428394317627
0.21878121793270111084
0.21978020668029785156
0.22077921032905578613
0.22177821397781372070
0.22277721762657165527
0.22377622127532958984
0.22477522492408752441
0.22577421367168426514
0.22677321732044219971
0.22777222096920013428
0.22877122461795806885
0.22977022826671600342
0.23076921701431274414
0.23176822066307067871
0.23276722431182861328
0.23376622796058654785
0.23476523160934448242
0.23576423525810241699
0.23676322400569915771
0.23776222765445709229
0.23876123130321502686
0.23976023495197296143
0.24075923860073089600
0.24175824224948883057
0.24275723099708557129
0.24375623464584350586
0.24475523829460144043
0.24575424194335937500
0.24675324559211730957
0.24775223433971405029
0.24875123798847198486
0.24975024163722991943
0.25074923038482666016
0.25174823403358459473
0.25274723768234252930
0.25374624133110046387
0.25474524497985839844
0.25574424862861633301
0.25674325227737426758
0.25774225592613220215
0.25874125957489013672
0.25974026322364807129
0.26073926687240600586
0.26173824071884155273
0.26273724436759948730
0.26373624801635742188
0.26473525166511535645
0.26573425531387329102
0.26673325896263122559
0.26773226261138916016
0.26873126626014709473
0.26973026990890502930
0.27072927355766296387
0.27172827720642089844
0.27272725105285644531
0.27372625470161437988
0.27472525835037231445
0.27572426199913024902
0.27672326564788818359
0.27772226929664611816
0.27872127294540405273
0.27972027659416198730
0.28071928024291992188
0.28171828389167785645
0.28271728754043579102
0.28371626138687133789
0.28471526503562927246
0.28571426868438720703
0.28671327233314514160
0.28771227598190307617
0.28871127963066101074
0.28971028327941894531
0.29070928692817687988
0.29170829057693481445
0.29270729422569274902
0.29370629787445068359
0.29470527172088623047
0.29570427536964416504
0.29670327901840209961
0.29770228266716003418
0.29870128631591796875
0.29970028996467590332
0.30069929361343383789
0.30169829726219177246
0.30269730091094970703
0.30369630455970764160
0.30469530820846557617
0.30569431185722351074
0.30669328570365905762
0.30769228935241699219
0.30869129300117492676
0.30969029664993286133
0.31068930029869079590
0.31168830394744873047
0.31268730759620666504
0.31368631124496459961
0.31468531489372253418
0.31568431854248046875
0.31668332219123840332
0.31768229603767395020
0.31868129968643188477
0.31968030333518981934
0.32067930698394775391
0.32167831063270568848
0.32267731428146362305
0.32367631793022155762
0.32467532157897949219
0.32567432522773742676
0.32667332887649536133
0.32767233252525329590
0.32867130637168884277
0.32967031002044677734
0.33066931366920471191
0.33166831731796264648
0.33266732096672058105
0.33366632461547851562
0.33466532826423645020
0.33566433191299438477
0.33666333556175231934
0.33766233921051025391
0.33866134285926818848
0.33966031670570373535
0.34065932035446166992
0.34165832400321960449
0.34265732765197753906
0.34365633130073547363
0.34465533494949340820
0.34565433859825134277
0.34665334224700927734
0.34765234589576721191
0.34865134954452514648
0.34965035319328308105
0.35064932703971862793
0.35164833068847656250
0.35264733433723449707
0.35364633798599243164
0.35464534163475036621
0.35564434528350830078
0.35664334893226623535
0.35764235258102416992
0.35864135622978210449
0.35964035987854003906
0.36063936352729797363
0.36163833737373352051
0.36263734102249145508
0.36363634467124938965
0.36463534832000732422
0.36563435196876525879
0.36663335561752319336
0.36763235926628112793
0.36863136291503906250
0.36963036656379699707
0.37062937021255493164
0.37162837386131286621
0.37262734770774841309
0.37362635135650634766
0.37462535500526428223
0.37562435865402221680
0.37662336230278015137
0.37762236595153808594
0.37862136960029602051
0.37962037324905395508
0.38061937689781188965
0.38161838054656982422
0.38261738419532775879
0.38361638784408569336
0.38461536169052124023
0.38561436533927917480
0.38661336898803710938
0.38761237263679504395
0.38861137628555297852
0.38961037993431091309
0.39060938358306884766
0.39160838723182678223
0.39260739088058471680
0.39360639452934265137
0.39460539817810058594
0.39560437202453613281
0.39660337567329406738
0.39760237932205200195
0.39860138297080993652
0.39960038661956787109
0.40059939026832580566
0.40159839391708374023
0.40259739756584167480
0.40359640121459960938
0.40459540486335754395
0.40559440851211547852
0.40659338235855102539
0.40759238600730895996
0.40859138965606689453
0.40959039330482482910
0.41058939695358276367
0.41158840060234069824
0.41258740425109863281
0.41358640789985656738
0.41458541154861450195
0.41558441519737243652
0.41658341884613037109
0.41758239269256591797
0.41858139634132385254
0.41958039999008178711
0.42057940363883972168
0.42157840728759765625
0.42257741093635559082
0.42357641458511352539
0.42457541823387145996
0.42557442188262939453
0.42657342553138732910
0.42757242918014526367
0.42857140302658081055
0.42957040667533874512
0.43056941032409667969
0.43156841397285461426
0.43256741762161254883
0.43356642127037048340
0.43456542491912841797
0.43556442856788635254
0.43656343221664428711
0.43756243586540222168
0.43856143951416015625
0.43956041336059570312
0.44055941700935363770
0.44155842065811157227
0.44255742430686950684
0.44355642795562744141
0.44455543160438537598
0.44555443525314331055
0.44655343890190124512
0.44755244255065917969
0.44855144619941711426
0.44955044984817504883
0.45054942369461059570
0.45154842734336853027
0.45254743099212646484
0.45354643464088439941
0.45454543828964233398
0.45554444193840026855
0.45654344558715820312
0.45754244923591613770
0.45854145288467407227
0.45954045653343200684
0.46053946018218994141
0.46153843402862548828
0.46253743767738342285
0.46353644132614135742
0.46453544497489929199
0.46553444862365722656
0.46653345227241516113
0.46753245592117309570
0.46853145956993103027
0.46953046321868896484
0.47052946686744689941
0.47152847051620483398
0.47252747416496276855
0.47352644801139831543
0.47452545166015625000
0.47552445530891418457
0.47652345895767211914
0.47752246260643005371
0.47852146625518798828
0.47952046990394592285
0.48051947355270385742
0.48151847720146179199
0.48251748085021972656
0.48351648449897766113
0.48451545834541320801
0.48551446199417114258
0.48651346564292907715
0.48751246929168701172
0.48851147294044494629
0.48951047658920288086
0.49050948023796081543
0.49150848388671875000
0.49250748753547668457
0.49350649118423461914
0.49450549483299255371
0.49550446867942810059
0.49650347232818603516
0.49750247597694396973
0.49850147962570190430
0.49950048327445983887
0.50049948692321777344
0.50149846076965332031
0.50249749422073364258
0.50349646806716918945
0.50449550151824951172
0.50549447536468505859
0.50649350881576538086
0.50749248266220092773
0.50849151611328125000
0.50949048995971679688
0.51048952341079711914
0.51148849725723266602
0.51248747110366821289
0.51348650455474853516
0.51448547840118408203
0.51548451185226440430
0.51648348569869995117
0.51748251914978027344
0.51848149299621582031
0.51948052644729614258
0.52047950029373168945
0.52147853374481201172
0.52247750759124755859
0.52347648143768310547
0.52447551488876342773
0.52547448873519897461
0.52647352218627929688
0.52747249603271484375
0.52847152948379516602
0.52947050333023071289
0.53046953678131103516
0.53146851062774658203
0.53246754407882690430
0.53346651792526245117
0.53446549177169799805
0.53546452522277832031
0.53646349906921386719
0.53746253252029418945
0.53846150636672973633
0.53946053981781005859
0.54045951366424560547
0.54145854711532592773
0.54245752096176147461
0.54345655441284179688
0.54445552825927734375
0.54545450210571289062
0.54645353555679321289
0.54745250940322875977
0.54845154285430908203
0.54945051670074462891
0.55044955015182495117
0.55144852399826049805
0.55244755744934082031
0.55344653129577636719
0.55444556474685668945
0.55544453859329223633
0.55644351243972778320
0.55744254589080810547
0.55844151973724365234
0.55944055318832397461
0.56043952703475952148
0.56143856048583984375
0.56243753433227539062
0.56343656778335571289
0.56443554162979125977
0.56543457508087158203
0.56643354892730712891
0.56743252277374267578
0.56843155622482299805
0.56943053007125854492
0.57042956352233886719
0.57142853736877441406
0.57242757081985473633
0.57342654466629028320
0.57442557811737060547
0.57542455196380615234
0.57642358541488647461
0.57742255926132202148
0.57842153310775756836
0.57942056655883789062
0.58041954040527343750
0.58141857385635375977
0.58241754770278930664
0.58341658115386962891
0.58441555500030517578
0.58541458845138549805
0.58641356229782104492
0.58741259574890136719
0.58841156959533691406
0.58941054344177246094
0.59040957689285278320
0.59140855073928833008
0.59240758419036865234
0.59340655803680419922
0.59440559148788452148
0.59540456533432006836
0.59640359878540039062
0.59740257263183593750
0.59840160608291625977
0.59940057992935180664
0.60039961338043212891
0.60139858722686767578
0.60239756107330322266
0.60339659452438354492
0.60439556837081909180
0.60539460182189941406
0.60639357566833496094
0.60739260911941528320
0.60839158296585083008
0.60939061641693115234
0.61038959026336669922
0.61138862371444702148
0.61238759756088256836
0.61338657140731811523
0.61438560485839843750
0.61538457870483398438
0.61638361215591430664
0.61738258600234985352
0.61838161945343017578
0.61938059329986572266
0.62037962675094604492
0.62137860059738159180
0.62237763404846191406
0.62337660789489746094
0.62437558174133300781
0.62537461519241333008
0.62637358903884887695
0.62737262248992919922
0.62837159633636474609
0.62937062978744506836
0.63036960363388061523
0.63136863708496093750
0.63236761093139648438
0.63336664438247680664
0.63436561822891235352
0.63536459207534790039
0.63636362552642822266
0.63736259937286376953
0.63836163282394409180
0.63936060667037963867
0.64035964012145996094
0.64135861396789550781
0.64235764741897583008
0.64335662126541137695
0.64435565471649169922
0.64535462856292724609
0.64635360240936279297
0.64735263586044311523
0.64835160970687866211
0.64935064315795898438
0.65034961700439453125
0.65134865045547485352
0.65234762430191040039
0.65334665775299072266
0.65434563159942626953
0.65534466505050659180
0.65634363889694213867
0.65734261274337768555
0.65834164619445800781
0.65934062004089355469
0.66033965349197387695
0.66133862733840942383
0.66233766078948974609
0.66333663463592529297
0.66433566808700561523
0.66533464193344116211
0.66633367538452148438
0.66733264923095703125
0.66833162307739257812
0.66933065652847290039
0.67032963037490844727
0.67132866382598876953
0.67232763767242431641
0.67332667112350463867
0.67432564496994018555
0.67532467842102050781
0.67632365226745605469
0.67732268571853637695
0.67832165956497192383
0.67932063341140747070
0.68031966686248779297
0.68131864070892333984
0.68231767416000366211
0.68331664800643920898
0.68431568145751953125
0.68531465530395507812
0.68631368875503540039
0.68731266260147094727
0.68831169605255126953
0.68931066989898681641
0.69030964374542236328
0.69130867719650268555
0.69230765104293823242
0.69330668449401855469
0.69430565834045410156
0.69530469179153442383
0.69630366563796997070
0.69730269908905029297
0.69830167293548583984
0.69930070638656616211
0.70029968023300170898
0.70129865407943725586
0.70229768753051757812
0.70329666137695312500
0.70429569482803344727
0.70529466867446899414
0.70629370212554931641
0.70729267597198486328
0.70829170942306518555
0.70929068326950073242
0.71028971672058105469
0.71128869056701660156
0.71228766441345214844
0.71328669786453247070
0.71428567171096801758
0.71528470516204833984
0.71628367900848388672
0.71728271245956420898
0.71828168630599975586
0.71928071975708007812
0.72027969360351562500
0.72127872705459594727
0.72227770090103149414
0.72327667474746704102
0.72427570819854736328
0.72527468204498291016
0.72627371549606323242
0.72727268934249877930
0.72827172279357910156
0.72927069664001464844
0.73026973009109497070
0.73126870393753051758
0.73226773738861083984
0.73326671123504638672
0.73426568508148193359
0.73526471853256225586
0.73626369237899780273
0.73726272583007812500
0.73826169967651367188
0.73926073312759399414
0.74025970697402954102
0.74125874042510986328
0.74225771427154541016
0.74325674772262573242
0.74425572156906127930
0.74525469541549682617
0.74625372886657714844
0.74725270271301269531
0.74825173616409301758
0.74925071001052856445
0.75024974346160888672
0.75124871730804443359
0.75224775075912475586
0.75324672460556030273
0.75424575805664062500
0.75524473190307617188
0.75624370574951171875
0.75724273920059204102
0.75824171304702758789
0.75924074649810791016
0.76023972034454345703
0.76123875379562377930
0.76223772764205932617
0.76323676109313964844
0.76423573493957519531
0.76523476839065551758
0.76623374223709106445
0.76723277568817138672
0.76823174953460693359
0.76923072338104248047
0.77022975683212280273
0.77122873067855834961
0.77222776412963867188
0.77322673797607421875
0.77422577142715454102
0.77522474527359008789
0.77622377872467041016
0.77722275257110595703
0.77822178602218627930
0.77922075986862182617
0.78021973371505737305
0.78121876716613769531
0.78221774101257324219
0.78321677446365356445
0.78421574831008911133
0.78521478176116943359
0.78621375560760498047
0.78721278905868530273
0.78821176290512084961
0.78921079635620117188
0.79020977020263671875
0.79120874404907226562
0.79220777750015258789
0.79320675134658813477
0.79420578479766845703
0.79520475864410400391
0.79620379209518432617
0.79720276594161987305
0.79820179939270019531
0.79920077323913574219
0.80019980669021606445
0.80119878053665161133
0.80219775438308715820
0.80319678783416748047
0.80419576168060302734
0.80519479513168334961
0.80619376897811889648
0.80719280242919921875
0.80819177627563476562
0.80919080972671508789
0.81018978357315063477
0.81118881702423095703
0.81218779087066650391
0.81318676471710205078
0.81418579816818237305
0.81518477201461791992
0.81618380546569824219
0.81718277931213378906
0.81818181276321411133
0.81918078660964965820
0.82017982006072998047
0.82117879390716552734
0.82217782735824584961
0.82317680120468139648
0.82417577505111694336
0.82517480850219726562
0.82617378234863281250
0.82717281579971313477
0.82817178964614868164
0.82917082309722900391
0.83016979694366455078
0.83116883039474487305
0.83216780424118041992
0.83316683769226074219
0.83416581153869628906
0.83516478538513183594
0.83616381883621215820
0.83716279268264770508
0.83816182613372802734
0.83916079998016357422
0.84015983343124389648
0.84115880727767944336
0.84215784072875976562
0.84315681457519531250
0.84415584802627563477
0.84515482187271118164
0.84615379571914672852
0.84715282917022705078
0.84815180301666259766
0.84915083646774291992
0.85014981031417846680
0.85114884376525878906
0.85214781761169433594
0.85314685106277465820
0.85414582490921020508
0.85514485836029052734
0.85614383220672607422
0.85714280605316162109
0.85814183950424194336
0.85914081335067749023
0.86013984680175781250
0.86113882064819335938
0.86213785409927368164
0.86313682794570922852
0.86413586139678955078
0.86513483524322509766
0.86613386869430541992
0.86713284254074096680
0.86813181638717651367
0.86913084983825683594
0.87012982368469238281
0.87112885713577270508
0.87212783098220825195
0.87312686443328857422
0.87412583827972412109
0.87512487173080444336
0.87612384557723999023
0.87712287902832031250
0.87812185287475585938
0.87912082672119140625
0.88011986017227172852
0.88111883401870727539
0.88211786746978759766
0.88311684131622314453
0.88411587476730346680
0.88511484861373901367
0.88611388206481933594
0.88711285591125488281
0.88811188936233520508
0.88911086320877075195
0.89010983705520629883
0.89110887050628662109
0.89210784435272216797
0.89310687780380249023
0.89410585165023803711
0.89510488510131835938
0.89610385894775390625
0.89710289239883422852
0.89810186624526977539
0.89910089969635009766
0.90009987354278564453
0.90109884738922119141
0.90209788084030151367
0.90309685468673706055
0.90409588813781738281
0.90509486198425292969
0.90609389543533325195
0.90709286928176879883
0.90809190273284912109
0.90909087657928466797
0.91008991003036499023
0.91108888387680053711
0.91208785772323608398
0.91308689117431640625
0.91408586502075195312
0.91508489847183227539
0.91608387231826782227
0.91708290576934814453
0.91808187961578369141
0.91908091306686401367
0.92007988691329956055
0.92107892036437988281
0.92207789421081542969
0.92307686805725097656
0.92407590150833129883
0.92507487535476684570
0.92607390880584716797
0.92707288265228271484
0.92807191610336303711
0.92907088994979858398
0.93006992340087890625
0.93106889724731445312
0.93206793069839477539
0.93306690454483032227
0.93406587839126586914
0.93506491184234619141
0.93606388568878173828
0.93706291913986206055
0.93806189298629760742
0.93906092643737792969
0.94005990028381347656
0.94105893373489379883
0.94205790758132934570
0.94305694103240966797
0.94405591487884521484
0.94505494832992553711
0.94605392217636108398
0.94705289602279663086
0.94805192947387695312
0.94905090332031250000
0.95004993677139282227
0.95104891061782836914
0.95204794406890869141
0.95304691791534423828
0.95404595136642456055
0.95504492521286010742
0.95604395866394042969
0.95704293251037597656
0.95804190635681152344
0.95904093980789184570
0.96003991365432739258
0.96103894710540771484
0.96203792095184326172
0.96303695440292358398
0.96403592824935913086
0.96503496170043945312
0.96603393554687500000
0.96703296899795532227
0.96803194284439086914
0.96903091669082641602
0.97002995014190673828
0.97102892398834228516
0.97202795743942260742
0.97302693128585815430
0.97402596473693847656
0.97502493858337402344
0.97602397203445434570
0.97702294588088989258
0.97802197933197021484
0.97902095317840576172
0.98001992702484130859
0.98101896047592163086
0.98201793432235717773
0.98301696777343750000
0.98401594161987304688
0.98501497507095336914
0.98601394891738891602
0.98701298236846923828
0.98801195621490478516
0.98901098966598510742
0.99000996351242065430
0.99100893735885620117
0.99200797080993652344
0.99300694465637207031
0.99400597810745239258
0.99500495195388793945
0.99600398540496826172
0.99700295925140380859
0.99800199270248413086
0.99900096654891967773
1.00000000000000000000
