0.00099900099900099900
0.00199800199800199800
0.00299700299700299700
0.00399600399600399600
0.00499500499500499500
0.00599400599400599401
0.00699300699300699301
0.00799200799200799201
0.00899100899100899101
0.00999000999000999001
0.01098901098901098901
0.01198801198801198801
0.01298701298701298701
0.01398601398601398601
0.01498501498501498501
0.01598401598401598402
0.01698301698301698302
0.01798201798201798202
0.01898101898101898102
0.01998001998001998002
0.02097902097902097902
0.02197802197802197802
0.02297702297702297702
0.02397602397602397602
0.02497502497502497502
0.02597402597402597402
0.02697302697302697302
0.02797202797202797202
0.02897102897102897102
0.02997002997002997002
0.03096903096903096902
0.03196803196803196802
0.03296703296703296702
0.03396603396603396602
0.03496503496503496502
0.03596403596403596402
0.03696303696303696302
0.03796203796203796202
0.03896103896103896102
0.03996003996003996002
0.04095904095904095902
0.04195804195804195802
0.04295704295704295702
0.04395604395604395602
0.04495504495504495502
0.04595404595404595402
0.04695304695304695302
0.04795204795204795202
0.04895104895104895102
0.04995004995004995002
0.05094905094905094902
0.05194805194805194802
0.05294705294705294702
0.05394605394605394602
0.05494505494505494502
0.05594405594405594402
0.05694305694305694302
0.05794205794205794202
0.05894105894105894102
0.05994005994005994002
0.06093906093906093902
0.06193806193806193802
0.06293706293706293702
0.06393606393606393602
0.06493506493506493502
0.06593406593406593402
0.06693306693306693302
0.06793206793206793202
0.06893106893106893102
0.06993006993006993002
0.07092907092907092902
0.07192807192807192802
0.07292707292707292702
0.07392607392607392602
0.07492507492507492502
0.07592407592407592402
0.07692307692307692302
0.07792207792207792202
0.07892107892107892102
0.07992007992007992002
0.08091908091908091902
0.08191808191808191802
0.08291708291708291702
0.08391608391608391602
0.08491508491508491502
0.08591408591408591402
0.08691308691308691303
0.08791208791208791203
0.08891108891108891103
0.08991008991008991003
0.09090909090909090903
0.09190809190809190803
0.09290709290709290703
0.09390609390609390603
0.09490509490509490503
0.09590409590409590403
0.09690309690309690303
0.09790209790209790203
0.09890109890109890103
0.09990009990009990003
0.10089910089910089903
0.10189810189810189803
0.10289710289710289703
0.10389610389610389603
0.10489510489510489503
0.10589410589410589403
0.10689310689310689303
0.10789210789210789203
0.10889110889110889103
0.10989010989010989003
0.11088911088911088903
0.11188811188811188803
0.11288711288711288703
0.11388611388611388603
0.11488511488511488503
0.11588411588411588403
0.11688311688311688303
0.11788211788211788203
0.11888111888111888103
0.11988011988011988003
0.12087912087912087903
0.12187812187812187803
0.12287712287712287703
0.12387612387612387603
0.12487512487512487503
0.12587412587412587403
0.12687312687312687303
0.12787212787212787203
0.12887112887112887103
0.12987012987012987003
0.13086913086913086903
0.13186813186813186803
0.13286713286713286703
0.13386613386613386603
0.13486513486513486503
0.13586413586413586403
0.13686313686313686303
0.13786213786213786203
0.13886113886113886103
0.13986013986013986003
0.14085914085914085903
0.14185814185814185803
0.14285714285714285703
0.14385614385614385603
0.14485514485514485503
0.14585414585414585403
0.14685314685314685303
0.14785214785214785203
0.14885114885114885103
0.14985014985014985003
0.15084915084915084903
0.15184815184815184803
0.15284715284715284703
0.15384615384615384603
0.15484515484515484503
0.15584415584415584403
0.15684315684315684303
0.15784215784215784203
0.15884115884115884103
0.15984015984015984003
0.16083916083916083903
0.16183816183816183804
0.16283716283716283704
0.16383616383616383604
0.16483516483516483504
0.16583416583416583404
0.16683316683316683304
0.16783216783216783204
0.16883116883116883104
0.16983016983016983004
0.17082917082917082904
0.17182817182817182804
0.17282717282717282704
0.17382617382617382604
0.17482517482517482504
0.17582417582417582404
0.17682317682317682304
0.17782217782217782204
0.17882117882117882104
0.17982017982017982004
0.18081918081918081904
0.18181818181818181804
0.18281718281718281704
0.18381618381618381604
0.18481518481518481504
0.18581418581418581404
0.18681318681318681304
0.18781218781218781204
0.18881118881118881104
0.18981018981018981004
0.19080919080919080904
0.19180819180819180804
0.19280719280719280704
0.19380619380619380604
0.19480519480519480504
0.19580419580419580404
0.19680319680319680304
0.19780219780219780204
0.19880119880119880104
0.19980019980019980004
0.20079920079920079904
0.20179820179820179804
0.20279720279720279704
0.20379620379620379604
0.20479520479520479504
0.20579420579420579404
0.20679320679320679304
0.20779220779220779204
0.20879120879120879104
0.20979020979020979004
0.21078921078921078904
0.21178821178821178804
0.21278721278721278704
0.21378621378621378604
0.21478521478521478504
0.21578421578421578404
0.21678321678321678304
0.21778221778221778204
0.21878121878121878104
0.21978021978021978004
0.22077922077922077904
0.22177822177822177804
0.22277722277722277704
0.22377622377622377604
0.22477522477522477504
0.22577422577422577404
0.22677322677322677304
0.22777222777222777204
0.22877122877122877104
0.22977022977022977004
0.23076923076923076904
0.23176823176823176804
0.23276723276723276704
0.23376623376623376604
0.23476523476523476504
0.23576423576423576404
0.23676323676323676304
0.23776223776223776205
0.23876123876123876105
0.23976023976023976005
0.24075924075924075905
0.24175824175824175805
0.24275724275724275705
0.24375624375624375605
0.24475524475524475505
0.24575424575424575405
0.24675324675324675305
0.24775224775224775205
0.24875124875124875105
0.24975024975024975005
0.25074925074925074906
0.25174825174825174806
0.25274725274725274706
0.25374625374625374606
0.25474525474525474506
0.25574425574425574406
0.25674325674325674306
0.25774225774225774206
0.25874125874125874106
0.25974025974025974006
0.26073926073926073906
0.26173826173826173806
0.26273726273726273706
0.26373626373626373606
0.26473526473526473506
0.26573426573426573406
0.26673326673326673306
0.26773226773226773206
0.26873126873126873106
0.26973026973026973006
0.27072927072927072906
0.27172827172827172806
0.27272727272727272706
0.27372627372627372606
0.27472527472527472506
0.27572427572427572406
0.27672327672327672306
0.27772227772227772206
0.27872127872127872106
0.27972027972027972006
0.28071928071928071906
0.28171828171828171806
0.28271728271728271706
0.28371628371628371606
0.28471528471528471506
0.28571428571428571407
0.28671328671328671307
0.28771228771228771207
0.28871128871128871107
0.28971028971028971007
0.29070929070929070907
0.29170829170829170807
0.29270729270729270707
0.29370629370629370607
0.29470529470529470507
0.29570429570429570407
0.29670329670329670307
0.29770229770229770207
0.29870129870129870107
0.29970029970029970007
0.30069930069930069907
0.30169830169830169807
0.30269730269730269707
0.30369630369630369607
0.30469530469530469507
0.30569430569430569407
0.30669330669330669307
0.30769230769230769207
0.30869130869130869107
0.30969030969030969007
0.31068931068931068907
0.31168831168831168807
0.31268731268731268707
0.31368631368631368607
0.31468531468531468507
0.31568431568431568407
0.31668331668331668307
0.31768231768231768207
0.31868131868131868107
0.31968031968031968007
0.32067932067932067907
0.32167832167832167807
0.32267732267732267707
0.32367632367632367607
0.32467532467532467507
0.32567432567432567407
0.32667332667332667307
0.32767232767232767207
0.32867132867132867107
0.32967032967032967007
0.33066933066933066907
0.33166833166833166807
0.33266733266733266707
0.33366633366633366607
0.33466533466533466507
0.33566433566433566407
0.33666333666333666307
0.33766233766233766207
0.33866133866133866107
0.33966033966033966007
0.34065934065934065907
0.34165834165834165807
0.34265734265734265707
0.34365634365634365607
0.34465534465534465507
0.34565434565434565407
0.34665334665334665307
0.34765234765234765207
0.34865134865134865107
0.34965034965034965007
0.35064935064935064907
0.35164835164835164807
0.35264735264735264707
0.35364635364635364607
0.35464535464535464507
0.35564435564435564407
0.35664335664335664307
0.35764235764235764207
0.35864135864135864107
0.35964035964035964007
0.36063936063936063907
0.36163836163836163808
0.36263736263736263708
0.36363636363636363608
0.36463536463536463508
0.36563436563436563408
0.36663336663336663308
0.36763236763236763208
0.36863136863136863108
0.36963036963036963008
0.37062937062937062908
0.37162837162837162808
0.37262737262737262708
0.37362637362637362608
0.37462537462537462508
0.37562437562437562408
0.37662337662337662308
0.37762237762237762208
0.37862137862137862108
0.37962037962037962008
0.38061938061938061908
0.38161838161838161808
0.38261738261738261708
0.38361638361638361608
0.38461538461538461508
0.38561438561438561408
0.38661338661338661308
0.38761238761238761208
0.38861138861138861108
0.38961038961038961008
0.39060939060939060908
0.39160839160839160808
0.39260739260739260708
0.39360639360639360608
0.39460539460539460508
0.39560439560439560408
0.39660339660339660308
0.39760239760239760208
0.39860139860139860108
0.39960039960039960008
0.40059940059940059908
0.40159840159840159808
0.40259740259740259708
0.40359640359640359608
0.40459540459540459508
0.40559440559440559408
0.40659340659340659308
0.40759240759240759208
0.40859140859140859108
0.40959040959040959008
0.41058941058941058908
0.41158841158841158808
0.41258741258741258708
0.41358641358641358608
0.41458541458541458508
0.41558441558441558408
0.41658341658341658308
0.41758241758241758208
0.41858141858141858108
0.41958041958041958008
0.42057942057942057908
0.42157842157842157808
0.42257742257742257708
0.42357642357642357608
0.42457542457542457508
0.42557442557442557408
0.42657342657342657308
0.42757242757242757208
0.42857142857142857108
0.42957042957042957008
0.43056943056943056908
0.43156843156843156808
0.43256743256743256708
0.43356643356643356608
0.43456543456543456508
0.43556443556443556408
0.43656343656343656309
0.43756243756243756209
0.43856143856143856109
0.43956043956043956009
0.44055944055944055909
0.44155844155844155809
0.44255744255744255709
0.44355644355644355609
0.44455544455544455509
0.44555444555444555409
0.44655344655344655309
0.44755244755244755209
0.44855144855144855109
0.44955044955044955009
0.45054945054945054909
0.45154845154845154809
0.45254745254745254709
0.45354645354645354609
0.45454545454545454509
0.45554445554445554409
0.45654345654345654309
0.45754245754245754209
0.45854145854145854109
0.45954045954045954009
0.46053946053946053909
0.46153846153846153809
0.46253746253746253709
0.46353646353646353609
0.46453546453546453509
0.46553446553446553409
0.46653346653346653309
0.46753246753246753209
0.46853146853146853109
0.46953046953046953009
0.47052947052947052909
0.47152847152847152809
0.47252747252747252709
0.47352647352647352609
0.47452547452547452509
0.47552447552447552409
0.47652347652347652309
0.47752247752247752209
0.47852147852147852109
0.47952047952047952009
0.48051948051948051909
0.48151848151848151809
0.48251748251748251709
0.48351648351648351609
0.48451548451548451509
0.48551448551448551409
0.48651348651348651309
0.48751248751248751209
0.48851148851148851109
0.48951048951048951009
0.49050949050949050909
0.49150849150849150809
0.49250749250749250709
0.49350649350649350609
0.49450549450549450509
0.49550449550449550409
0.49650349650349650309
0.49750249750249750209
0.49850149850149850109
0.49950049950049950009
0.50049950049950049912
0.50149850149850149812
0.50249750249750249712
0.50349650349650349612
0.50449550449550449512
0.50549450549450549412
0.50649350649350649312
0.50749250749250749212
0.50849150849150849112
0.50949050949050949012
0.51048951048951048912
0.51148851148851148812
0.51248751248751248712
0.51348651348651348612
0.51448551448551448512
0.51548451548451548412
0.51648351648351648312
0.51748251748251748212
0.51848151848151848112
0.51948051948051948012
0.52047952047952047912
0.52147852147852147812
0.52247752247752247712
0.52347652347652347612
0.52447552447552447512
0.52547452547452547412
0.52647352647352647312
0.52747252747252747212
0.52847152847152847112
0.52947052947052947012
0.53046953046953046912
0.53146853146853146812
0.53246753246753246712
0.53346653346653346612
0.53446553446553446513
0.53546453546453546413
0.53646353646353646313
0.53746253746253746213
0.53846153846153846113
0.53946053946053946013
0.54045954045954045913
0.54145854145854145813
0.54245754245754245713
0.54345654345654345613
0.54445554445554445513
0.54545454545454545413
0.54645354645354645313
0.54745254745254745213
0.54845154845154845113
0.54945054945054945013
0.55044955044955044913
0.55144855144855144813
0.55244755244755244713
0.55344655344655344613
0.55444555444555444513
0.55544455544455544413
0.55644355644355644313
0.55744255744255744213
0.55844155844155844113
0.55944055944055944013
0.56043956043956043913
0.56143856143856143813
0.56243756243756243713
0.56343656343656343613
0.56443556443556443513
0.56543456543456543413
0.56643356643356643313
0.56743256743256743213
0.56843156843156843113
0.56943056943056943013
0.57042957042957042913
0.57142857142857142813
0.57242757242757242713
0.57342657342657342613
0.57442557442557442513
0.57542457542457542413
0.57642357642357642313
0.57742257742257742213
0.57842157842157842113
0.57942057942057942013
0.58041958041958041913
0.58141858141858141813
0.58241758241758241713
0.58341658341658341613
0.58441558441558441513
0.58541458541458541413
0.58641358641358641313
0.58741258741258741213
0.58841158841158841113
0.58941058941058941013
0.59040959040959040913
0.59140859140859140813
0.59240759240759240713
0.59340659340659340613
0.59440559440559440513
0.59540459540459540413
0.59640359640359640313
0.59740259740259740213
0.59840159840159840113
0.59940059940059940013
0.60039960039960039913
0.60139860139860139813
0.60239760239760239713
0.60339660339660339613
0.60439560439560439513
0.60539460539460539413
0.60639360639360639313
0.60739260739260739213
0.60839160839160839113
0.60939060939060939014
0.61038961038961038914
0.61138861138861138814
0.61238761238761238714
0.61338661338661338614
0.61438561438561438514
0.61538461538461538414
0.61638361638361638314
0.61738261738261738214
0.61838161838161838114
0.61938061938061938014
0.62037962037962037914
0.62137862137862137814
0.62237762237762237714
0.62337662337662337614
0.62437562437562437514
0.62537462537462537414
0.62637362637362637314
0.62737262737262737214
0.62837162837162837114
0.62937062937062937014
0.63036963036963036914
0.63136863136863136814
0.63236763236763236714
0.63336663336663336614
0.63436563436563436514
0.63536463536463536414
0.63636363636363636314
0.63736263736263736214
0.63836163836163836114
0.63936063936063936014
0.64035964035964035914
0.64135864135864135814
0.64235764235764235714
0.64335664335664335614
0.64435564435564435514
0.64535464535464535414
0.64635364635364635314
0.64735264735264735214
0.64835164835164835114
0.64935064935064935014
0.65034965034965034914
0.65134865134865134814
0.65234765234765234714
0.65334665334665334614
0.65434565434565434514
0.65534465534465534414
0.65634365634365634314
0.65734265734265734214
0.65834165834165834114
0.65934065934065934014
0.66033966033966033914
0.66133866133866133814
0.66233766233766233714
0.66333666333666333614
0.66433566433566433514
0.66533466533466533414
0.66633366633366633314
0.66733266733266733214
0.66833166833166833114
0.66933066933066933014
0.67032967032967032914
0.67132867132867132814
0.67232767232767232714
0.67332667332667332614
0.67432567432567432514
0.67532467532467532414
0.67632367632367632314
0.67732267732267732214
0.67832167832167832114
0.67932067932067932014
0.68031968031968031914
0.68131868131868131814
0.68231768231768231714
0.68331668331668331614
0.68431568431568431514
0.68531468531468531415
0.68631368631368631315
0.68731268731268731215
0.68831168831168831115
0.68931068931068931015
0.69030969030969030915
0.69130869130869130815
0.69230769230769230715
0.69330669330669330615
0.69430569430569430515
0.69530469530469530415
0.69630369630369630315
0.69730269730269730215
0.69830169830169830115
0.69930069930069930015
0.70029970029970029915
0.70129870129870129815
0.70229770229770229715
0.70329670329670329615
0.70429570429570429515
0.70529470529470529415
0.70629370629370629315
0.70729270729270729215
0.70829170829170829115
0.70929070929070929015
0.71028971028971028915
0.71128871128871128815
0.71228771228771228715
0.71328671328671328615
0.71428571428571428515
0.71528471528471528415
0.71628371628371628315
0.71728271728271728215
0.71828171828171828115
0.71928071928071928015
0.72027972027972027915
0.72127872127872127815
0.72227772227772227715
0.72327672327672327615
0.72427572427572427515
0.72527472527472527415
0.72627372627372627315
0.72727272727272727215
0.72827172827172827115
0.72927072927072927015
0.73026973026973026915
0.73126873126873126815
0.73226773226773226715
0.73326673326673326615
0.73426573426573426515
0.73526473526473526415
0.73626373626373626315
0.73726273726273726215
0.73826173826173826115
0.73926073926073926015
0.74025974025974025915
0.74125874125874125815
0.74225774225774225715
0.74325674325674325615
0.74425574425574425515
0.74525474525474525415
0.74625374625374625315
0.74725274725274725215
0.74825174825174825115
0.74925074925074925015
0.75024975024975024915
0.75124875124875124815
0.75224775224775224715
0.75324675324675324615
0.75424575424575424515
0.75524475524475524415
0.75624375624375624315
0.75724275724275724215
0.75824175824175824115
0.75924075924075924015
0.76023976023976023916
0.76123876123876123816
0.76223776223776223716
0.76323676323676323616
0.76423576423576423516
0.76523476523476523416
0.76623376623376623316
0.76723276723276723216
0.76823176823176823116
0.76923076923076923016
0.77022977022977022916
0.77122877122877122816
0.77222777222777222716
0.77322677322677322616
0.77422577422577422516
0.77522477522477522416
0.77622377622377622316
0.77722277722277722216
0.77822177822177822116
0.77922077922077922016
0.78021978021978021916
0.78121878121878121816
0.78221778221778221716
0.78321678321678321616
0.78421578421578421516
0.78521478521478521416
0.78621378621378621316
0.78721278721278721216
0.78821178821178821116
0.78921078921078921016
0.79020979020979020916
0.79120879120879120816
0.79220779220779220716
0.79320679320679320616
0.79420579420579420516
0.79520479520479520416
0.79620379620379620316
0.79720279720279720216
0.79820179820179820116
0.79920079920079920016
0.80019980019980019916
0.80119880119880119816
0.80219780219780219716
0.80319680319680319616
0.80419580419580419516
0.80519480519480519416
0.80619380619380619316
0.80719280719280719216
0.80819180819180819116
0.80919080919080919016
0.81018981018981018916
0.81118881118881118816
0.81218781218781218716
0.81318681318681318616
0.81418581418581418516
0.81518481518481518416
0.81618381618381618316
0.81718281718281718216
0.81818181818181818116
0.81918081918081918016
0.82017982017982017916
0.82117882117882117816
0.82217782217782217716
0.82317682317682317616
0.82417582417582417516
0.82517482517482517416
0.82617382617382617316
0.82717282717282717216
0.82817182817182817116
0.82917082917082917016
0.83016983016983016916
0.83116883116883116816
0.83216783216783216716
0.83316683316683316616
0.83416583416583416516
0.83516483516483516416
0.83616383616383616317
0.83716283716283716217
0.83816183816183816117
0.83916083916083916017
0.84015984015984015917
0.84115884115884115817
0.84215784215784215717
0.84315684315684315617
0.84415584415584415517
0.84515484515484515417
0.84615384615384615317
0.84715284715284715217
0.84815184815184815117
0.84915084915084915017
0.85014985014985014917
0.85114885114885114817
0.85214785214785214717
0.85314685314685314617
0.85414585414585414517
0.85514485514485514417
0.85614385614385614317
0.85714285714285714217
0.85814185814185814117
0.85914085914085914017
0.86013986013986013917
0.86113886113886113817
0.86213786213786213717
0.86313686313686313617
0.86413586413586413517
0.86513486513486513417
0.86613386613386613317
0.86713286713286713217
0.86813186813186813117
0.86913086913086913017
0.87012987012987012917
0.87112887112887112817
0.87212787212787212717
0.87312687312687312617
0.87412587412587412517
0.87512487512487512417
0.87612387612387612317
0.87712287712287712217
0.87812187812187812117
0.87912087912087912017
0.88011988011988011917
0.88111888111888111817
0.88211788211788211717
0.88311688311688311617
0.88411588411588411517
0.88511488511488511417
0.88611388611388611317
0.88711288711288711217
0.88811188811188811117
0.88911088911088911017
0.89010989010989010917
0.89110889110889110817
0.89210789210789210717
0.89310689310689310617
0.89410589410589410517
0.89510489510489510417
0.89610389610389610317
0.89710289710289710217
0.89810189810189810117
0.89910089910089910017
0.90009990009990009917
0.90109890109890109817
0.90209790209790209717
0.90309690309690309617
0.90409590409590409517
0.90509490509490509417
0.90609390609390609317
0.90709290709290709217
0.90809190809190809117
0.90909090909090909017
0.91008991008991008917
0.91108891108891108818
0.91208791208791208718
0.91308691308691308618
0.91408591408591408518
0.91508491508491508418
0.91608391608391608318
0.91708291708291708218
0.91808191808191808118
0.91908091908091908018
0.92007992007992007918
0.92107892107892107818
0.92207792207792207718
0.92307692307692307618
0.92407592407592407518
0.92507492507492507418
0.92607392607392607318
0.92707292707292707218
0.92807192807192807118
0.92907092907092907018
0.93006993006993006918
0.93106893106893106818
0.93206793206793206718
0.93306693306693306618
0.93406593406593406518
0.93506493506493506418
0.93606393606393606318
0.93706293706293706218
0.93806193806193806118
0.93906093906093906018
0.94005994005994005918
0.94105894105894105818
0.94205794205794205718
0.94305694305694305618
0.94405594405594405518
0.94505494505494505418
0.94605394605394605318
0.94705294705294705218
0.94805194805194805118
0.94905094905094905018
0.95004995004995004918
0.95104895104895104818
0.95204795204795204718
0.95304695304695304618
0.95404595404595404518
0.95504495504495504418
0.95604395604395604318
0.95704295704295704218
0.95804195804195804118
0.95904095904095904018
0.96003996003996003918
0.96103896103896103818
0.96203796203796203718
0.96303696303696303618
0.96403596403596403518
0.96503496503496503418
0.96603396603396603318
0.96703296703296703218
0.96803196803196803118
0.96903096903096903018
0.97002997002997002918
0.97102897102897102818
0.97202797202797202718
0.97302697302697302618
0.97402597402597402518
0.97502497502497502418
0.97602397602397602318
0.97702297702297702218
0.97802197802197802118
0.97902097902097902018
0.98001998001998001918
0.98101898101898101818
0.98201798201798201718
0.98301698301698301618
0.98401598401598401518
0.98501498501498501418
0.98601398601398601318
0.98701298701298701219
0.98801198801198801119
0.98901098901098901019
0.99000999000999000919
0.99100899100899100819
0.99200799200799200719
0.99300699300699300619
0.99400599400599400519
0.99500499500499500419
0.99600399600399600319
0.99700299700299700219
0.99800199800199800119
0.99900099900099900019
0.99999999999999999919
