0.00099900099900099900
0.00199800199800199800
0.00299700299700299700
0.00399600399600399600
0.00499500499500499500
0.00599400599400599401
0.00699300699300699301
0.00799200799200799201
0.00899100899100899101
0.00999000999000999001
0.01098901098901098901
0.01198801198801198801
0.01298701298701298701
0.01398601398601398601
0.01498501498501498501
0.01598401598401598402
0.01698301698301698302
0.01798201798201798202
0.01898101898101898102
0.01998001998001998002
0.02097902097902097902
0.02197802197802197802
0.02297702297702297702
0.02397602397602397602
0.02497502497502497502
0.02597402597402597403
0.02697302697302697303
0.02797202797202797203
0.02897102897102897103
0.02997002997002997003
0.03096903096903096903
0.03196803196803196803
0.03296703296703296703
0.03396603396603396603
0.03496503496503496504
0.03596403596403596404
0.03696303696303696304
0.03796203796203796204
0.03896103896103896104
0.03996003996003996004
0.04095904095904095904
0.04195804195804195804
0.04295704295704295704
0.04395604395604395604
0.04495504495504495504
0.04595404595404595405
0.04695304695304695305
0.04795204795204795205
0.04895104895104895105
0.04995004995004995005
0.05094905094905094905
0.05194805194805194805
0.05294705294705294705
0.05394605394605394605
0.05494505494505494505
0.05594405594405594405
0.05694305694305694305
0.05794205794205794206
0.05894105894105894106
0.05994005994005994006
0.06093906093906093906
0.06193806193806193806
0.06293706293706293706
0.06393606393606393606
0.06493506493506493506
0.06593406593406593406
0.06693306693306693306
0.06793206793206793206
0.06893106893106893107
0.06993006993006993007
0.07092907092907092907
0.07192807192807192807
0.07292707292707292707
0.07392607392607392607
0.07492507492507492507
0.07592407592407592408
0.07692307692307692308
0.07792207792207792208
0.07892107892107892108
0.07992007992007992008
0.08091908091908091908
0.08191808191808191808
0.08291708291708291708
0.08391608391608391608
0.08491508491508491509
0.08591408591408591409
0.08691308691308691309
0.08791208791208791209
0.08891108891108891109
0.08991008991008991009
0.09090909090909090909
0.09190809190809190809
0.09290709290709290709
0.09390609390609390609
0.09490509490509490509
0.09590409590409590409
0.09690309690309690309
0.09790209790209790209
0.09890109890109890109
0.09990009990009990009
0.10089910089910089910
0.10189810189810189810
0.10289710289710289710
0.10389610389610389610
0.10489510489510489510
0.10589410589410589410
0.10689310689310689310
0.10789210789210789211
0.10889110889110889111
0.10989010989010989011
0.11088911088911088911
0.11188811188811188811
0.11288711288711288711
0.11388611388611388611
0.11488511488511488511
0.11588411588411588411
0.11688311688311688312
0.11788211788211788212
0.11888111888111888112
0.11988011988011988012
0.12087912087912087912
0.12187812187812187812
0.12287712287712287712
0.12387612387612387612
0.12487512487512487512
0.12587412587412587413
0.12687312687312687313
0.12787212787212787213
0.12887112887112887113
0.12987012987012987013
0.13086913086913086913
0.13186813186813186813
0.13286713286713286713
0.13386613386613386613
0.13486513486513486513
0.13586413586413586413
0.13686313686313686314
0.13786213786213786214
0.13886113886113886114
0.13986013986013986014
0.14085914085914085914
0.14185814185814185814
0.14285714285714285714
0.14385614385614385614
0.14485514485514485514
0.14585414585414585414
0.14685314685314685314
0.14785214785214785214
0.14885114885114885114
0.14985014985014985014
0.15084915084915084914
0.15184815184815184816
0.15284715284715284716
0.15384615384615384616
0.15484515484515484516
0.15584415584415584416
0.15684315684315684316
0.15784215784215784216
0.15884115884115884116
0.15984015984015984016
0.16083916083916083916
0.16183816183816183816
0.16283716283716283716
0.16383616383616383616
0.16483516483516483516
0.16583416583416583416
0.16683316683316683316
0.16783216783216783216
0.16883116883116883117
0.16983016983016983017
0.17082917082917082917
0.17182817182817182817
0.17282717282717282717
0.17382617382617382617
0.17482517482517482517
0.17582417582417582417
0.17682317682317682317
0.17782217782217782217
0.17882117882117882117
0.17982017982017982017
0.18081918081918081917
0.18181818181818181817
0.18281718281718281717
0.18381618381618381619
0.18481518481518481519
0.18581418581418581419
0.18681318681318681319
0.18781218781218781219
0.18881118881118881119
0.18981018981018981019
0.19080919080919080919
0.19180819180819180819
0.19280719280719280719
0.19380619380619380619
0.19480519480519480519
0.19580419580419580419
0.19680319680319680319
0.19780219780219780219
0.19880119880119880119
0.19980019980019980019
0.20079920079920079920
0.20179820179820179820
0.20279720279720279720
0.20379620379620379620
0.20479520479520479520
0.20579420579420579420
0.20679320679320679320
0.20779220779220779220
0.20879120879120879120
0.20979020979020979020
0.21078921078921078920
0.21178821178821178820
0.21278721278721278720
0.21378621378621378620
0.21478521478521478520
0.21578421578421578422
0.21678321678321678322
0.21778221778221778222
0.21878121878121878122
0.21978021978021978022
0.22077922077922077922
0.22177822177822177822
0.22277722277722277722
0.22377622377622377622
0.22477522477522477522
0.22577422577422577422
0.22677322677322677322
0.22777222777222777222
0.22877122877122877122
0.22977022977022977022
0.23076923076923076922
0.23176823176823176822
0.23276723276723276723
0.23376623376623376623
0.23476523476523476523
0.23576423576423576423
0.23676323676323676323
0.23776223776223776223
0.23876123876123876123
0.23976023976023976024
0.24075924075924075924
0.24175824175824175824
0.24275724275724275724
0.24375624375624375624
0.24475524475524475524
0.24575424575424575424
0.24675324675324675324
0.24775224775224775225
0.24875124875124875125
0.24975024975024975025
0.25074925074925074925
0.25174825174825174825
0.25274725274725274725
0.25374625374625374625
0.25474525474525474525
0.25574425574425574425
0.25674325674325674325
0.25774225774225774225
0.25874125874125874125
0.25974025974025974025
0.26073926073926073925
0.26173826173826173825
0.26273726273726273725
0.26373626373626373625
0.26473526473526473525
0.26573426573426573425
0.26673326673326673325
0.26773226773226773225
0.26873126873126873125
0.26973026973026973025
0.27072927072927072925
0.27172827172827172825
0.27272727272727272728
0.27372627372627372628
0.27472527472527472528
0.27572427572427572428
0.27672327672327672328
0.27772227772227772228
0.27872127872127872128
0.27972027972027972028
0.28071928071928071928
0.28171828171828171828
0.28271728271728271728
0.28371628371628371628
0.28471528471528471528
0.28571428571428571428
0.28671328671328671328
0.28771228771228771228
0.28871128871128871128
0.28971028971028971028
0.29070929070929070928
0.29170829170829170828
0.29270729270729270728
0.29370629370629370628
0.29470529470529470528
0.29570429570429570428
0.29670329670329670328
0.29770229770229770228
0.29870129870129870128
0.29970029970029970028
0.30069930069930069928
0.30169830169830169828
0.30269730269730269728
0.30369630369630369631
0.30469530469530469531
0.30569430569430569431
0.30669330669330669331
0.30769230769230769231
0.30869130869130869131
0.30969030969030969031
0.31068931068931068931
0.31168831168831168831
0.31268731268731268731
0.31368631368631368631
0.31468531468531468531
0.31568431568431568431
0.31668331668331668331
0.31768231768231768231
0.31868131868131868131
0.31968031968031968031
0.32067932067932067931
0.32167832167832167831
0.32267732267732267731
0.32367632367632367631
0.32467532467532467531
0.32567432567432567431
0.32667332667332667331
0.32767232767232767231
0.32867132867132867131
0.32967032967032967031
0.33066933066933066931
0.33166833166833166832
0.33266733266733266732
0.33366633366633366632
0.33466533466533466532
0.33566433566433566432
0.33666333666333666334
0.33766233766233766234
0.33866133866133866134
0.33966033966033966034
0.34065934065934065934
0.34165834165834165834
0.34265734265734265734
0.34365634365634365634
0.34465534465534465534
0.34565434565434565434
0.34665334665334665334
0.34765234765234765234
0.34865134865134865134
0.34965034965034965034
0.35064935064935064934
0.35164835164835164834
0.35264735264735264734
0.35364635364635364635
0.35464535464535464535
0.35564435564435564435
0.35664335664335664335
0.35764235764235764235
0.35864135864135864135
0.35964035964035964035
0.36063936063936063935
0.36163836163836163835
0.36263736263736263735
0.36363636363636363635
0.36463536463536463535
0.36563436563436563435
0.36663336663336663335
0.36763236763236763237
0.36863136863136863137
0.36963036963036963037
0.37062937062937062937
0.37162837162837162837
0.37262737262737262737
0.37362637362637362637
0.37462537462537462537
0.37562437562437562438
0.37662337662337662338
0.37762237762237762238
0.37862137862137862138
0.37962037962037962038
0.38061938061938061938
0.38161838161838161838
0.38261738261738261738
0.38361638361638361638
0.38461538461538461538
0.38561438561438561438
0.38661338661338661338
0.38761238761238761238
0.38861138861138861138
0.38961038961038961038
0.39060939060939060938
0.39160839160839160838
0.39260739260739260738
0.39360639360639360638
0.39460539460539460538
0.39560439560439560438
0.39660339660339660338
0.39760239760239760238
0.39860139860139860138
0.39960039960039960038
0.40059940059940059941
0.40159840159840159841
0.40259740259740259741
0.40359640359640359641
0.40459540459540459541
0.40559440559440559441
0.40659340659340659341
0.40759240759240759241
0.40859140859140859141
0.40959040959040959041
0.41058941058941058941
0.41158841158841158841
0.41258741258741258741
0.41358641358641358641
0.41458541458541458541
0.41558441558441558441
0.41658341658341658341
0.41758241758241758241
0.41858141858141858141
0.41958041958041958041
0.42057942057942057941
0.42157842157842157841
0.42257742257742257741
0.42357642357642357641
0.42457542457542457541
0.42557442557442557441
0.42657342657342657341
0.42757242757242757241
0.42857142857142857141
0.42957042957042957041
0.43056943056943056941
0.43156843156843156844
0.43256743256743256744
0.43356643356643356644
0.43456543456543456544
0.43556443556443556444
0.43656343656343656344
0.43756243756243756244
0.43856143856143856144
0.43956043956043956044
0.44055944055944055944
0.44155844155844155844
0.44255744255744255744
0.44355644355644355644
0.44455544455544455544
0.44555444555444555444
0.44655344655344655344
0.44755244755244755244
0.44855144855144855144
0.44955044955044955044
0.45054945054945054944
0.45154845154845154844
0.45254745254745254744
0.45354645354645354644
0.45454545454545454544
0.45554445554445554444
0.45654345654345654344
0.45754245754245754244
0.45854145854145854144
0.45954045954045954044
0.46053946053946053944
0.46153846153846153844
0.46253746253746253744
0.46353646353646353644
0.46453546453546453547
0.46553446553446553447
0.46653346653346653347
0.46753246753246753247
0.46853146853146853147
0.46953046953046953047
0.47052947052947052947
0.47152847152847152847
0.47252747252747252747
0.47352647352647352647
0.47452547452547452547
0.47552447552447552447
0.47652347652347652347
0.47752247752247752247
0.47852147852147852147
0.47952047952047952047
0.48051948051948051947
0.48151848151848151847
0.48251748251748251747
0.48351648351648351647
0.48451548451548451547
0.48551448551448551447
0.48651348651348651347
0.48751248751248751247
0.48851148851148851147
0.48951048951048951047
0.49050949050949050947
0.49150849150849150847
0.49250749250749250747
0.49350649350649350647
0.49450549450549450547
0.49550449550449550450
0.49650349650349650350
0.49750249750249750250
0.49850149850149850150
0.49950049950049950050
0.50049950049950049950
0.50149850149850149850
0.50249750249750249750
0.50349650349650349650
0.50449550449550449550
0.50549450549450549450
0.50649350649350649350
0.50749250749250749250
0.50849150849150849150
0.50949050949050949050
0.51048951048951048950
0.51148851148851148850
0.51248751248751248750
0.51348651348651348650
0.51448551448551448550
0.51548451548451548450
0.51648351648351648350
0.51748251748251748250
0.51848151848151848150
0.51948051948051948050
0.52047952047952047950
0.52147852147852147850
0.52247752247752247750
0.52347652347652347650
0.52447552447552447550
0.52547452547452547450
0.52647352647352647350
0.52747252747252747250
0.52847152847152847150
0.52947052947052947050
0.53046953046953046950
0.53146853146853146850
0.53246753246753246750
0.53346653346653346650
0.53446553446553446550
0.53546453546453546450
0.53646353646353646350
0.53746253746253746250
0.53846153846153846151
0.53946053946053946051
0.54045954045954045951
0.54145854145854145851
0.54245754245754245751
0.54345654345654345651
0.54445554445554445556
0.54545454545454545456
0.54645354645354645356
0.54745254745254745256
0.54845154845154845156
0.54945054945054945056
0.55044955044955044956
0.55144855144855144856
0.55244755244755244756
0.55344655344655344656
0.55444555444555444556
0.55544455544455544456
0.55644355644355644356
0.55744255744255744256
0.55844155844155844156
0.55944055944055944056
0.56043956043956043956
0.56143856143856143856
0.56243756243756243756
0.56343656343656343656
0.56443556443556443556
0.56543456543456543456
0.56643356643356643356
0.56743256743256743256
0.56843156843156843156
0.56943056943056943056
0.57042957042957042956
0.57142857142857142856
0.57242757242757242756
0.57342657342657342656
0.57442557442557442556
0.57542457542457542456
0.57642357642357642356
0.57742257742257742256
0.57842157842157842156
0.57942057942057942056
0.58041958041958041956
0.58141858141858141857
0.58241758241758241757
0.58341658341658341657
0.58441558441558441557
0.58541458541458541457
0.58641358641358641357
0.58741258741258741257
0.58841158841158841157
0.58941058941058941057
0.59040959040959040957
0.59140859140859140857
0.59240759240759240757
0.59340659340659340657
0.59440559440559440557
0.59540459540459540457
0.59640359640359640357
0.59740259740259740257
0.59840159840159840157
0.59940059940059940057
0.60039960039960039957
0.60139860139860139857
0.60239760239760239757
0.60339660339660339657
0.60439560439560439557
0.60539460539460539457
0.60639360639360639357
0.60739260739260739262
0.60839160839160839162
0.60939060939060939062
0.61038961038961038962
0.61138861138861138862
0.61238761238761238762
0.61338661338661338662
0.61438561438561438562
0.61538461538461538462
0.61638361638361638362
0.61738261738261738262
0.61838161838161838162
0.61938061938061938062
0.62037962037962037962
0.62137862137862137862
0.62237762237762237762
0.62337662337662337662
0.62437562437562437562
0.62537462537462537463
0.62637362637362637363
0.62737262737262737263
0.62837162837162837163
0.62937062937062937063
0.63036963036963036963
0.63136863136863136863
0.63236763236763236763
0.63336663336663336663
0.63436563436563436563
0.63536463536463536463
0.63636363636363636363
0.63736263736263736263
0.63836163836163836163
0.63936063936063936063
0.64035964035964035963
0.64135864135864135863
0.64235764235764235763
0.64335664335664335663
0.64435564435564435563
0.64535464535464535463
0.64635364635364635363
0.64735264735264735263
0.64835164835164835163
0.64935064935064935063
0.65034965034965034963
0.65134865134865134863
0.65234765234765234763
0.65334665334665334663
0.65434565434565434563
0.65534465534465534463
0.65634365634365634363
0.65734265734265734263
0.65834165834165834163
0.65934065934065934063
0.66033966033966033963
0.66133866133866133863
0.66233766233766233763
0.66333666333666333663
0.66433566433566433563
0.66533466533466533463
0.66633366633366633363
0.66733266733266733263
0.66833166833166833163
0.66933066933066933063
0.67032967032967032963
0.67132867132867132863
0.67232767232767232769
0.67332667332667332669
0.67432567432567432569
0.67532467532467532469
0.67632367632367632369
0.67732267732267732269
0.67832167832167832169
0.67932067932067932069
0.68031968031968031969
0.68131868131868131869
0.68231768231768231769
0.68331668331668331669
0.68431568431568431569
0.68531468531468531469
0.68631368631368631369
0.68731268731268731269
0.68831168831168831169
0.68931068931068931069
0.69030969030969030969
0.69130869130869130869
0.69230769230769230769
0.69330669330669330669
0.69430569430569430569
0.69530469530469530469
0.69630369630369630369
0.69730269730269730269
0.69830169830169830169
0.69930069930069930069
0.70029970029970029969
0.70129870129870129869
0.70229770229770229769
0.70329670329670329669
0.70429570429570429569
0.70529470529470529469
0.70629370629370629369
0.70729270729270729269
0.70829170829170829169
0.70929070929070929069
0.71028971028971028969
0.71128871128871128869
0.71228771228771228769
0.71328671328671328669
0.71428571428571428569
0.71528471528471528469
0.71628371628371628369
0.71728271728271728269
0.71828171828171828169
0.71928071928071928069
0.72027972027972027969
0.72127872127872127869
0.72227772227772227769
0.72327672327672327669
0.72427572427572427569
0.72527472527472527469
0.72627372627372627369
0.72727272727272727269
0.72827172827172827169
0.72927072927072927069
0.73026973026973026969
0.73126873126873126869
0.73226773226773226769
0.73326673326673326669
0.73426573426573426569
0.73526473526473526475
0.73626373626373626375
0.73726273726273726275
0.73826173826173826175
0.73926073926073926075
0.74025974025974025975
0.74125874125874125875
0.74225774225774225775
0.74325674325674325675
0.74425574425574425575
0.74525474525474525475
0.74625374625374625375
0.74725274725274725275
0.74825174825174825175
0.74925074925074925075
0.75024975024975024975
0.75124875124875124875
0.75224775224775224775
0.75324675324675324675
0.75424575424575424575
0.75524475524475524475
0.75624375624375624375
0.75724275724275724275
0.75824175824175824175
0.75924075924075924075
0.76023976023976023975
0.76123876123876123875
0.76223776223776223775
0.76323676323676323675
0.76423576423576423575
0.76523476523476523475
0.76623376623376623375
0.76723276723276723275
0.76823176823176823175
0.76923076923076923075
0.77022977022977022975
0.77122877122877122875
0.77222777222777222775
0.77322677322677322675
0.77422577422577422575
0.77522477522477522475
0.77622377622377622375
0.77722277722277722275
0.77822177822177822175
0.77922077922077922075
0.78021978021978021975
0.78121878121878121875
0.78221778221778221775
0.78321678321678321675
0.78421578421578421575
0.78521478521478521475
0.78621378621378621375
0.78721278721278721275
0.78821178821178821176
0.78921078921078921076
0.79020979020979020976
0.79120879120879120876
0.79220779220779220776
0.79320679320679320676
0.79420579420579420576
0.79520479520479520476
0.79620379620379620376
0.79720279720279720276
0.79820179820179820176
0.79920079920079920076
0.80019980019980019981
0.80119880119880119881
0.80219780219780219781
0.80319680319680319681
0.80419580419580419581
0.80519480519480519481
0.80619380619380619381
0.80719280719280719281
0.80819180819180819181
0.80919080919080919081
0.81018981018981018981
0.81118881118881118881
0.81218781218781218781
0.81318681318681318681
0.81418581418581418581
0.81518481518481518481
0.81618381618381618381
0.81718281718281718281
0.81818181818181818181
0.81918081918081918081
0.82017982017982017981
0.82117882117882117881
0.82217782217782217781
0.82317682317682317681
0.82417582417582417581
0.82517482517482517481
0.82617382617382617381
0.82717282717282717281
0.82817182817182817181
0.82917082917082917081
0.83016983016983016981
0.83116883116883116881
0.83216783216783216782
0.83316683316683316682
0.83416583416583416582
0.83516483516483516482
0.83616383616383616382
0.83716283716283716282
0.83816183816183816182
0.83916083916083916082
0.84015984015984015982
0.84115884115884115882
0.84215784215784215782
0.84315684315684315682
0.84415584415584415582
0.84515484515484515482
0.84615384615384615382
0.84715284715284715282
0.84815184815184815182
0.84915084915084915082
0.85014985014985014982
0.85114885114885114882
0.85214785214785214782
0.85314685314685314682
0.85414585414585414582
0.85514485514485514482
0.85614385614385614382
0.85714285714285714282
0.85814185814185814182
0.85914085914085914082
0.86013986013986013982
0.86113886113886113882
0.86213786213786213782
0.86313686313686313687
0.86413586413586413587
0.86513486513486513487
0.86613386613386613387
0.86713286713286713287
0.86813186813186813187
0.86913086913086913087
0.87012987012987012987
0.87112887112887112887
0.87212787212787212787
0.87312687312687312687
0.87412587412587412587
0.87512487512487512488
0.87612387612387612388
0.87712287712287712288
0.87812187812187812188
0.87912087912087912088
0.88011988011988011988
0.88111888111888111888
0.88211788211788211788
0.88311688311688311688
0.88411588411588411588
0.88511488511488511488
0.88611388611388611388
0.88711288711288711288
0.88811188811188811188
0.88911088911088911088
0.89010989010989010988
0.89110889110889110888
0.89210789210789210788
0.89310689310689310688
0.89410589410589410588
0.89510489510489510488
0.89610389610389610388
0.89710289710289710288
0.89810189810189810188
0.89910089910089910088
0.90009990009990009988
0.90109890109890109888
0.90209790209790209788
0.90309690309690309688
0.90409590409590409588
0.90509490509490509488
0.90609390609390609388
0.90709290709290709288
0.90809190809190809188
0.90909090909090909088
0.91008991008991008988
0.91108891108891108888
0.91208791208791208788
0.91308691308691308688
0.91408591408591408588
0.91508491508491508488
0.91608391608391608388
0.91708291708291708288
0.91808191808191808188
0.91908091908091908088
0.92007992007992007988
0.92107892107892107888
0.92207792207792207788
0.92307692307692307688
0.92407592407592407588
0.92507492507492507488
0.92607392607392607388
0.92707292707292707288
0.92807192807192807194
0.92907092907092907094
0.93006993006993006994
0.93106893106893106894
0.93206793206793206794
0.93306693306693306694
0.93406593406593406594
0.93506493506493506494
0.93606393606393606394
0.93706293706293706294
0.93806193806193806194
0.93906093906093906094
0.94005994005994005994
0.94105894105894105894
0.94205794205794205794
0.94305694305694305694
0.94405594405594405594
0.94505494505494505494
0.94605394605394605394
0.94705294705294705294
0.94805194805194805194
0.94905094905094905094
0.95004995004995004994
0.95104895104895104894
0.95204795204795204794
0.95304695304695304694
0.95404595404595404594
0.95504495504495504494
0.95604395604395604394
0.95704295704295704294
0.95804195804195804194
0.95904095904095904094
0.96003996003996003994
0.96103896103896103894
0.96203796203796203794
0.96303696303696303694
0.96403596403596403594
0.96503496503496503494
0.96603396603396603394
0.96703296703296703294
0.96803196803196803194
0.96903096903096903094
0.97002997002997002994
0.97102897102897102894
0.97202797202797202794
0.97302697302697302694
0.97402597402597402594
0.97502497502497502494
0.97602397602397602394
0.97702297702297702294
0.97802197802197802194
0.97902097902097902094
0.98001998001998001994
0.98101898101898101894
0.98201798201798201794
0.98301698301698301694
0.98401598401598401594
0.98501498501498501494
0.98601398601398601394
0.98701298701298701294
0.98801198801198801194
0.98901098901098901094
0.99000999000999000994
0.99100899100899100900
0.99200799200799200800
0.99300699300699300700
0.99400599400599400600
0.99500499500499500500
0.99600399600399600400
0.99700299700299700300
0.99800199800199800200
0.99900099900099900100
1.00000000000000000000
