80
64
7
52
57
26
0
0
20
18
43
94
42
94
85
90
48
19
35
37
54
28
38
93
27
65
11
79
38
0
61
99
27
2
44
70
54
66
78
98
48
41
9
26
0
75
25
54
90
11
56
16
37
48
19
18
90
0
90
19
31
26
85
34
48
9
56
42
1
43
1
70
97
77
66
84
9
79
23
8
13
57
88
36
16
70
64
4
78
81
86
26
12
82
73
88
56
42
0
13
59
60
25
82
68
78
12
0
5
38
64
64
0
39
53
88
51
38
15
75
13
58
83
40
39
65
0
40
96
22
57
12
34
75
55
79
87
61
47
53
44
12
66
14
1
78
52
90
79
0
21
79
36
9
47
87
98
28
89
20
16
2
34
0
35
75
0
38
68
46
6
45
46
16
32
15
2
63
3
44
0
79
67
21
46
6
55
52
83
22
94
0
98
0
78
68
82
26
95
5
10
41
14
27
31
0
14
0
68
75
64
3
11
24
87
60
37
88
67
80
80
89
65
40
30
12
55
42
77
0
13
18
34
47
89
95
44
4
19
92
38
33
43
28
57
74
0
72
67
15
0
71
50
12
56
55
84
78
89
4
63
64
0
54
15
59
46
92
34
8
73
11
84
62
77
36
14
27
0
0
67
54
95
27
60
0
83
82
34
83
33
0
94
2
0
57
8
41
60
76
42
23
91
17
10
81
21
49
94
51
34
100
50
87
89
24
85
26
96
77
16
46
32
52
45
6
0
3
30
24
98
47
37
31
21
29
0
0
0
56
100
57
41
1
0
20
0
61
93
0
69
10
75
87
85
11
94
17
23
0
28
0
35
40
95
56
49
0
0
69
54
50
25
99
43
84
62
4
7
69
30
81
36
76
95
47
18
0
79
3
60
25
74
20
46
0
86
99
55
43
22
72
65
54
83
5
73
19
8
19
55
6
97
0
45
55
12
4
0
62
48
35
76
0
78
0
95
67
5
27
20
72
95
40
29
48
36
8
16
91
52
14
43
99
56
58
61
0
57
58
67
8
18
77
65
18
64
89
48
80
5
0
69
3
0
92
41
32
0
47
67
14
90
58
18
47
93
87
71
42
8
40
77
90
72
65
0
9
75
53
0
31
83
39
14
40
9
21
0
70
