106
100
168
117
174
81
132
51
35
152
75
1
148
192
182
42
26
135
188
14
41
73
132
77
102
8
167
103
176
29
31
71
117
167
37
127
114
43
163
92
31
42
91
58
198
126
178
16
139
195
155
84
30
28
10
88
52
19
32
78
13
163
12
57
47
56
82
194
147
175
160
101
36
98
36
126
110
27
4
60
89
55
13
42
193
107
111
6
196
127
135
27
76
151
150
24
138
94
74
63
65
70
110
119
52
115
183
136
131
19
66
78
151
173
103
156
154
51
84
136
144
110
102
31
47
103
112
9
35
35
116
57
63
23
163
4
129
151
49
50
17
186
18
108
88
119
75
22
6
84
66
180
112
149
24
113
44
180
108
5
34
187
153
200
49
189
171
25
94
5
116
151
68
51
127
16
60
90
24
71
17
65
80
82
178
44
48
158
37
117
130
120
162
173
56
102
61
68
150
48
139
49
34
146
107
83
142
118
44
199
141
95
64
114
186
173
163
91
38
63
86
122
135
7
179
187
107
34
15
126
193
164
167
14
161
129
15
113
177
96
12
101
85
118
46
58
109
58
121
93
198
115
74
155
75
32
12
154
89
1
111
32
3
48
79
72
79
81
194
16
121
33
29
138
80
19
11
10
117
35
196
171
28
129
80
13
59
172
138
119
37
52
123
27
87
98
23
193
160
183
168
118
10
90
174
116
50
3
39
87
7
42
56
133
115
88
140
8
38
124
97
11
20
83
117
110
137
46
167
88
131
8
140
93
187
195
94
78
138
116
92
172
98
111
70
139
125
163
178
189
2
197
53
134
18
70
171
116
63
16
8
23
162
181
37
121
3
61
127
145
86
177
180
58
41
127
69
31
38
186
50
9
122
121
191
69
139
46
61
4
12
118
13
82
147
5
58
174
90
87
86
79
44
172
188
136
172
193
25
152
181
91
39
186
22
15
50
182
40
55
100
2
95
122
17
153
92
184
187
172
182
45
51
22
159
184
12
39
22
105
85
198
152
69
14
115
40
2
152
33
105
80
9
6
135
171
179
153
36
33
7
157
59
4
43
178
183
119
190
112
164
165
40
20
96
88
57
122
98
12
92
140
90
54
30
148
113
37
5
93
59
196
99
47
114
155
166
177
60
199
