100
84
82
58
75
68
65
44
16
51
85
57
0
84
69
35
45
93
79
36
0
9
85
42
81
67
79
88
91
54
46
90
56
0
83
11
2
32
7
62
34
70
4
51
34
13
79
29
51
9
27
0
36
0
5
88
80
51
39
67
83
55
100
70
74
0
42
36
31
0
38
22
90
65
65
7
77
13
32
57
78
4
10
69
98
41
74
100
96
48
93
0
60
48
46
0
0
22
18
38
32
39
21
90
78
89
18
40
97
37
67
48
4
53
30
47
82
0
71
42
71
93
76
50
87
31
69
77
12
78
51
87
81
28
56
60
62
32
47
37
50
22
41
96
20
0
38
12
90
81
38
87
0
5
25
24
68
55
97
33
49
1
33
72
80
97
0
79
17
7
89
44
100
73
49
11
81
79
0
11
59
52
67
78
15
65
40
59
64
33
79
46
0
71
83
5
0
0
62
91
86
62
27
53
59
87
37
8
15
46
85
93
0
39
60
84
63
90
12
81
43
5
68
61
18
40
14
40
10
0
16
12
73
21
14
14
3
87
0
47
2
6
7
80
26
46
84
49
31
69
39
79
21
8
76
35
80
76
83
57
66
11
12
11
56
37
35
93
62
99
72
5
95
30
21
45
36
90
0
80
44
10
3
42
46
51
49
48
55
58
1
32
61
6
74
94
14
8
76
62
22
81
37
72
59
44
2
75
68
99
48
0
76
56
64
49
65
60
33
55
36
37
51
7
76
26
68
47
85
35
70
41
72
56
92
18
24
49
3
50
81
0
63
88
60
32
29
43
96
64
96
57
57
0
43
42
55
2
85
10
17
82
29
72
28
70
58
3
22
61
0
23
64
5
69
64
0
93
27
3
82
78
2
24
60
75
68
0
0
22
20
97
20
50
35
41
18
1
4
53
23
0
4
62
0
76
65
88
61
100
48
97
69
96
18
38
83
100
16
56
12
87
39
0
2
66
19
68
35
57
52
78
74
0
41
21
7
8
13
17
89
10
87
2
0
88
37
21
33
47
82
92
47
60
50
47
64
96
98
86
90
85
12
50
3
23
70
67
35
20
80
98
54
9
95
1
83
6
1
85
19
50
9
83
70
49
61
0
94
86
0
42
22
71
84
8
30
38
32
25
