88
0
82
55
75
68
41
44
16
51
3
57
56
84
69
32
45
93
81
36
85
9
85
42
81
30
79
88
21
54
46
97
59
85
83
31
2
29
17
62
4
70
0
51
34
13
26
0
42
38
39
82
36
18
5
88
0
1
39
85
83
55
100
13
74
88
42
36
31
97
62
22
90
79
65
7
0
13
90
57
78
27
27
69
98
41
11
100
96
0
93
2
60
48
46
0
78
39
18
69
32
25
21
90
78
89
18
0
56
37
93
48
4
53
60
47
79
16
71
42
71
47
76
50
87
0
45
77
48
0
51
87
81
28
71
60
23
32
47
37
50
22
41
96
20
7
0
12
90
27
38
87
84
5
79
24
68
55
0
33
49
1
33
42
80
97
79
79
17
7
89
44
9
50
49
0
47
79
0
96
91
52
77
78
84
65
40
59
58
33
0
25
65
11
83
35
0
69
62
91
86
85
10
0
59
87
37
8
15
46
80
93
78
39
60
6
63
90
38
12
43
22
100
28
18
40
14
40
24
65
16
12
73
21
14
14
3
87
85
47
2
100
7
80
26
46
84
49
31
69
92
21
21
73
76
35
80
76
63
57
66
11
12
36
56
41
5
93
62
99
72
5
95
30
67
12
36
90
78
80
44
10
3
74
81
51
49
48
5
64
92
32
46
6
74
94
14
8
76
62
22
81
37
72
59
44
0
75
68
99
0
34
76
56
68
49
65
60
33
55
86
37
51
38
76
0
68
61
0
35
70
41
72
56
62
18
61
64
8
50
81
37
0
88
60
32
29
43
96
64
96
57
57
76
32
42
0
2
22
10
53
46
29
72
10
70
0
3
0
61
84
23
64
35
0
0
23
93
49
3
0
61
2
70
60
75
68
90
20
22
15
51
20
50
35
82
18
55
4
53
64
67
4
62
7
0
65
82
61
100
48
40
69
48
67
38
83
100
5
56
12
87
67
4
2
66
19
68
35
57
11
0
82
24
52
21
7
8
72
17
89
10
87
2
43
58
37
74
33
47
50
11
47
81
32
83
64
96
97
0
85
51
12
9
3
97
70
67
35
20
80
98
54
0
0
1
83
6
1
0
19
8
9
83
70
49
58
95
94
86
0
98
22
71
50
1
30
38
0
39
