89
55
168
0
190
5
109
87
99
151
264
171
117
237
258
42
108
42
33
143
16
0
21
70
122
266
72
2
238
180
82
11
256
205
0
86
102
234
260
292
292
204
114
91
225
274
135
60
3
93
75
267
153
0
147
277
156
101
0
216
0
222
0
260
279
0
90
115
53
49
0
93
0
114
285
142
0
98
183
78
179
205
86
175
24
153
17
0
257
84
6
224
49
31
278
46
245
283
0
20
265
190
167
135
222
1
0
36
40
159
0
59
38
1
0
255
88
279
284
189
144
236
90
200
224
0
97
6
224
215
43
15
229
278
2
197
300
0
11
18
212
263
244
226
103
158
33
29
35
239
192
200
220
217
31
203
68
191
188
243
288
212
60
246
247
92
61
218
140
0
280
0
0
248
14
138
136
217
282
106
0
288
74
240
271
178
0
25
85
0
173
0
188
24
142
140
141
232
286
137
155
294
213
233
216
28
137
13
27
17
0
21
278
165
300
114
34
291
139
198
43
284
294
117
46
34
260
90
221
161
230
120
261
69
18
88
112
58
169
47
22
251
243
270
199
239
293
121
182
0
24
226
219
296
0
95
252
291
34
263
91
0
272
45
32
77
211
183
25
223
68
172
103
104
10
5
268
98
0
291
161
123
248
135
30
124
0
222
0
201
273
241
44
157
176
76
245
6
117
0
182
0
0
203
246
29
154
106
94
232
138
51
80
0
163
25
0
137
132
8
0
19
34
79
298
229
205
45
9
59
238
181
103
39
215
19
0
62
0
281
284
12
0
167
90
296
79
21
113
295
231
63
202
65
11
166
109
138
203
272
33
254
38
0
47
0
0
57
0
108
56
0
108
0
51
186
130
92
144
290
0
133
170
0
184
162
223
159
110
225
0
16
0
0
180
177
116
55
160
0
0
65
299
158
0
277
69
283
30
214
251
0
94
4
112
63
234
19
249
209
191
262
40
42
159
0
220
198
193
187
183
53
15
89
75
176
208
228
211
269
166
142
242
0
295
119
199
169
196
0
196
100
0
181
207
60
67
127
0
99
145
250
247
118
158
84
26
9
268
147
152
118
64
0
136
66
283
146
0
0
160
174
231
207
290
0
0
154
0
168
280
276
0
31
292
195
257
37
243
3
195
17
105
231
159
72
295
0
0
121
195
128
50
233
0
62
96
177
150
8
0
121
28
60
152
11
150
14
54
204
184
235
66
149
43
48
196
259
97
36
273
262
29
285
133
30
112
145
210
299
191
180
145
218
0
275
0
109
253
173
193
299
236
163
0
96
206
209
0
148
134
107
186
0
107
53
113
184
230
154
139
97
167
298
287
281
54
250
0
0
131
297
0
243
161
212
237
234
294
281
85
95
116
293
46
170
274
129
215
259
185
32
144
143
194
189
41
286
275
0
149
107
227
0
253
0
37
28
249
0
106
221
256
268
139
297
262
252
6
48
68
99
72
255
206
199
258
70
155
93
0
0
235
110
104
168
290
0
0
216
156
44
102
289
127
208
199
27
228
18
166
0
251
129
273
22
0
126
253
190
0
20
44
41
0
73
57
270
55
134
215
73
116
122
128
233
264
286
246
225
111
84
40
234
137
0
192
125
77
170
257
123
288
0
282
130
71
0
236
154
247
179
238
263
78
0
232
39
0
45
131
81
122
10
54
7
172
122
127
157
254
10
56
99
202
147
208
145
7
100
78
163
125
108
194
164
105
53
66
47
152
250
31
289
174
27
185
285
261
105
173
236
0
271
83
26
0
0
0
0
226
0
188
146
61
82
262
23
182
187
74
229
151
287
50
179
228
133
83
27
0
136
287
210
120
0
182
127
171
112
87
0
67
241
208
242
220
266
300
255
272
0
71
251
0
61
2
0
0
148
204
253
0
165
23
139
98
150
210
0
263
141
299
51
291
168
277
0
0
227
267
52
65
85
268
256
58
218
124
202
197
156
101
264
201
183
7
37
3
282
272
0
5
173
48
184
111
0
12
18
162
98
227
275
155
244
78
0
0
84
120
76
62
296
276
115
110
0
81
89
0
123
269
42
0
143
290
64
197
114
192
150
219
169
274
265
0
0
132
13
213
69
82
82
35
171
141
221
252
214
298
189
126
111
0
20
198
221
91
36
76
102
0
289
26
195
214
167
28
211
194
164
0
109
258
197
67
80
277
0
214
209
0
242
207
295
119
0
128
0
230
157
83
95
39
0
274
63
102
260
0
64
0
177
240
131
37
0
0
61
213
0
4
129
52
288
178
17
265
130
