102
57
94
271
84
0
178
190
229
142
2
280
34
187
251
0
168
8
167
261
0
160
152
81
237
117
194
65
83
205
294
141
203
247
0
164
259
62
271
243
252
138
180
249
0
245
280
5
0
130
186
5
26
277
172
0
154
264
67
260
149
0
218
264
221
93
212
110
265
88
38
66
133
26
270
200
30
26
0
0
56
38
244
274
214
210
66
222
227
0
257
288
67
89
0
228
193
281
215
238
130
182
160
83
18
0
15
61
16
216
266
229
213
116
192
19
0
0
106
278
195
267
0
0
234
107
7
126
285
176
81
29
0
146
112
139
57
171
161
258
99
231
103
35
58
1
0
91
276
0
55
19
0
293
45
168
95
156
6
247
151
205
37
208
10
78
0
111
0
118
89
62
126
98
0
42
113
94
94
0
210
236
290
144
153
59
110
130
77
209
63
127
143
128
231
0
9
0
121
202
52
248
180
0
4
0
269
119
267
138
29
40
85
262
263
9
155
207
64
225
208
110
191
90
29
23
56
233
256
46
0
149
114
0
2
126
142
277
3
148
156
41
143
157
296
121
127
28
278
153
119
121
299
0
211
160
88
0
148
0
0
0
100
0
65
256
259
220
57
207
112
145
210
291
0
0
169
42
298
123
239
168
97
224
120
281
296
217
199
229
67
88
23
279
140
113
185
0
251
197
152
27
69
0
128
217
288
40
222
235
189
292
0
170
300
275
268
135
105
280
204
75
104
201
287
76
59
181
103
175
66
0
234
113
140
38
51
50
69
0
0
114
175
243
31
92
34
135
35
136
12
227
259
0
96
3
120
115
53
290
188
131
22
158
12
298
36
137
62
252
169
132
273
273
44
162
222
237
134
0
0
17
193
265
229
0
131
27
13
212
75
250
114
98
221
0
191
82
109
156
214
0
57
45
173
43
177
248
114
152
142
7
41
242
272
116
0
44
165
248
0
169
51
238
270
211
64
30
161
209
2
69
123
257
0
235
52
8
134
122
54
0
132
0
48
36
125
150
266
285
0
18
6
5
0
179
240
7
101
167
234
240
0
283
109
25
166
143
282
284
106
0
47
283
242
0
0
228
26
261
129
0
0
146
196
254
0
49
144
216
255
158
113
267
104
124
61
77
246
72
274
189
0
68
179
245
253
240
299
0
106
191
86
263
0
0
276
96
255
222
270
138
293
74
214
0
261
24
0
69
0
218
198
256
204
82
10
194
84
80
20
268
125
0
0
246
218
286
172
174
273
78
12
157
65
95
47
184
21
285
262
241
172
220
53
38
102
0
239
203
86
0
129
15
141
292
215
293
92
76
145
97
0
50
264
80
0
219
14
0
84
155
46
254
37
87
139
175
0
225
292
0
213
187
83
72
82
232
139
155
89
0
164
0
287
22
206
0
135
176
0
10
281
242
295
284
115
156
202
1
117
101
43
209
176
173
183
109
249
0
70
23
73
198
278
54
250
198
99
183
199
137
239
0
171
244
300
147
159
47
195
96
107
99
0
0
100
85
202
0
219
225
212
184
0
127
190
70
156
0
148
25
242
174
54
41
259
174
291
265
21
262
98
207
45
253
264
274
27
200
39
157
4
260
79
70
0
0
36
220
103
111
22
186
228
110
91
52
223
0
51
90
3
37
0
91
292
175
147
136
75
217
131
32
144
128
241
33
37
105
76
1
232
154
166
0
181
136
122
298
286
267
163
266
247
134
60
213
58
223
0
21
221
0
48
46
0
82
118
74
179
61
49
0
166
150
0
0
124
108
74
294
182
118
215
170
208
9
90
193
178
137
0
297
258
227
161
289
30
216
295
95
163
93
0
185
13
184
24
296
159
0
147
161
183
68
262
279
295
290
108
101
183
33
192
230
1
165
125
102
143
48
224
108
0
199
239
0
277
226
189
188
9
81
174
116
63
84
226
73
0
293
170
146
32
233
95
129
186
93
194
75
287
102
23
206
187
162
133
55
0
119
104
152
71
197
171
6
260
10
151
288
79
158
39
93
13
238
86
181
76
0
159
213
0
186
185
0
206
272
0
0
108
71
269
82
0
268
257
294
28
37
145
201
238
43
0
17
0
100
237
177
196
72
15
270
0
20
123
0
265
284
30
197
60
0
289
236
25
205
0
0
282
258
0
198
0
251
117
263
117
253
230
9
125
181
210
55
31
212
0
142
211
182
141
0
16
19
244
11
164
248
297
272
23
9
106
0
87
98
286
192
0
124
205
25
218
94
0
279
162
243
288
11
80
148
14
275
0
8
