21
82
184
16
45
0
51
111
0
194
4
15
83
145
119
0
101
0
14
96
0
0
0
175
123
22
6
0
9
166
31
185
134
65
0
113
189
5
23
185
110
118
26
143
0
0
114
96
0
47
47
8
74
61
96
0
107
200
118
192
172
0
5
88
182
170
185
169
0
147
37
4
136
159
159
84
20
164
0
0
31
63
113
1
90
117
180
38
23
0
0
154
94
182
0
103
133
83
40
177
144
85
145
63
167
0
126
83
159
102
176
189
146
28
137
97
0
0
164
199
91
192
0
0
35
184
196
144
181
0
119
130
0
3
90
110
2
0
72
86
0
143
107
21
42
37
0
105
129
0
80
57
0
197
0
193
0
170
144
80
171
35
116
193
150
91
0
188
0
188
98
15
154
0
0
178
17
150
90
0
44
40
30
146
138
98
62
191
116
89
195
30
23
87
83
0
105
0
169
0
32
101
20
0
111
0
71
135
87
96
46
15
117
179
73
35
64
76
191
197
79
27
23
9
193
0
56
124
0
62
0
82
0
0
117
27
14
118
167
7
168
120
185
80
59
175
92
191
43
6
0
97
73
0
61
43
0
0
15
0
0
0
159
0
62
2
200
126
153
141
125
80
144
35
0
0
27
4
131
125
90
0
94
74
88
97
169
77
81
107
130
17
15
5
151
99
17
0
126
65
0
199
15
0
139
88
57
103
20
182
59
123
0
110
184
4
0
183
57
183
53
0
64
29
132
66
106
143
123
49
192
0
16
147
0
0
197
182
9
0
0
69
89
190
154
33
123
91
49
87
114
0
0
0
164
87
46
132
32
58
41
132
5
131
12
9
100
3
134
105
22
26
115
0
117
186
99
190
150
0
0
0
76
149
144
0
150
85
55
87
166
182
91
183
27
0
157
159
146
22
153
0
110
166
91
104
91
167
188
97
73
149
88
193
52
119
0
67
151
165
0
58
124
143
4
194
154
190
138
159
36
44
32
101
0
173
40
180
97
170
129
0
175
0
155
119
136
22
155
0
0
92
21
97
0
45
10
180
0
173
168
123
0
148
16
113
106
32
108
94
38
0
133
90
1
0
0
194
100
78
183
0
0
76
0
60
0
190
51
46
23
90
11
148
191
97
104
19
88
169
190
60
0
45
43
175
16
0
138
0
51
174
86
86
0
0
137
0
119
46
0
45
116
153
50
0
11
26
0
128
0
82
50
0
89
92
143
168
87
93
59
51
35
0
0
22
0
83
18
113
106
138
77
0
194
58
9
28
0
35
160
168
0
172
147
182
0
0
179
191
80
0
10
179
0
184
198
105
126
41
42
189
0
79
94
161
0
71
191
0
163
0
0
119
151
33
188
26
0
183
69
0
138
58
149
181
196
28
107
46
0
0
0
0
170
1
196
0
95
39
0
31
20
85
115
153
200
25
4
49
146
61
0
24
197
65
154
0
143
0
152
106
5
54
50
57
127
99
128
40
163
0
115
0
81
158
113
82
113
51
101
194
51
153
0
0
156
20
0
0
173
0
41
161
0
6
133
168
184
0
41
129
89
106
108
180
84
132
192
70
130
197
188
66
30
193
67
173
71
152
49
62
94
169
29
166
0
0
197
118
45
23
101
16
0
24
13
161
71
0
44
84
0
154
0
13
189
153
0
16
116
96
109
38
176
144
83
116
121
123
142
68
74
181
190
0
77
150
168
74
85
0
69
0
137
79
61
190
151
152
0
96
184
0
131
33
0
5
182
14
73
130
0
0
172
87
0
0
119
0
147
144
6
74
2
108
189
152
122
38
44
14
0
0
133
198
156
142
192
0
145
172
65
81
0
0
11
167
165
77
0
0
38
109
107
96
107
85
72
41
134
51
161
41
50
73
71
130
76
68
166
13
59
75
0
168
89
0
17
79
128
85
57
14
71
21
98
0
24
73
0
53
45
0
81
175
79
170
98
0
21
40
80
42
164
79
31
9
5
112
0
128
140
122
169
126
105
61
48
71
0
0
0
116
19
74
194
187
183
131
188
0
138
154
0
189
0
0
98
0
0
0
33
110
166
77
0
56
150
61
82
27
1
69
70
85
0
141
0
78
99
160
196
127
164
17
0
11
98
0
3
172
0
157
14
0
106
142
34
146
0
0
44
16
0
196
0
184
33
143
61
17
200
27
76
14
79
68
126
1
0
137
116
189
138
0
114
0
0
100
196
0
77
109
167
0
162
0
20
146
183
0
0
52
0
171
125
0
0
115
158
0
37
4
88
149
192
185
0
3
