0
30
86
0
58
86
70
86
85
11
61
91
87
0
14
73
13
0
70
49
99
27
54
83
39
0
11
36
28
59
43
76
53
35
58
10
32
45
62
6
75
5
40
11
73
47
28
28
2
99
30
44
0
14
80
0
96
80
0
13
47
86
52
72
49
0
57
28
47
95
64
87
13
53
91
3
0
44
47
75
37
76
51
97
12
47
88
60
88
69
0
34
86
14
63
41
36
58
46
53
49
17
62
7
93
58
95
44
1
24
37
21
71
54
53
96
91
34
0
12
38
33
75
70
46
7
92
45
92
79
0
77
64
15
41
99
0
93
36
45
63
77
4
25
57
8
98
65
50
93
2
69
48
25
17
78
27
32
94
96
95
15
14
5
22
62
60
77
99
56
77
33
0
56
45
40
97
20
0
10
0
69
93
31
56
94
48
26
44
0
4
95
15
0
66
91
54
37
0
100
62
40
1
30
37
0
27
0
98
70
28
3
39
97
21
0
0
0
52
55
54
0
45
90
25
30
88
35
0
25
0
17
22
0
95
10
47
16
11
3
95
92
0
37
33
43
0
93
7
55
0
68
44
89
61
26
9
79
13
94
13
86
35
82
8
0
24
49
36
57
63
76
35
63
91
86
60
2
9
25
30
0
30
0
30
10
75
34
83
44
61
65
63
35
43
2
21
35
68
63
96
47
31
39
0
72
10
0
40
78
53
18
31
83
86
39
59
10
43
85
52
50
31
33
14
61
13
34
49
22
65
3
99
0
0
0
16
93
32
64
0
52
22
62
52
6
74
56
34
15
25
64
42
15
71
54
28
6
57
100
97
10
99
49
72
57
33
58
27
17
53
17
95
30
39
82
99
42
6
1
11
96
0
31
26
0
74
61
27
9
72
0
84
57
31
85
36
25
83
9
17
34
93
78
96
75
10
38
20
6
47
41
3
46
36
41
69
98
97
37
43
46
85
97
0
35
82
84
57
45
41
86
19
47
85
0
0
64
20
8
44
18
73
60
35
7
82
60
63
28
2
50
30
88
0
42
54
0
64
56
87
5
60
75
0
5
33
17
72
90
69
21
1
16
100
9
75
63
72
0
15
73
44
54
6
60
16
69
71
30
81
10
20
68
39
99
0
75
84
99
75
88
82
11
10
20
26
5
61
91
2
23
67
25
44
50
4
91
11
18
80
68
75
49
91
35
17
37
0
3
51
80
26
95
10
77
64
52
21
24
49
60
54
19
60
0
14
13
89
75
6
0
80
1
61
39
55
3
73
81
0
16
9
36
67
15
79
80
79
29
92
80
22
83
58
60
74
92
84
82
12
71
20
60
61
65
31
0
98
90
23
12
0
73
0
51
77
19
28
4
0
59
6
53
80
39
68
51
63
42
86
99
56
46
76
0
51
5
38
26
69
51
29
8
8
16
20
34
53
0
77
50
71
100
0
5
81
56
24
53
32
68
74
40
15
15
13
87
24
37
15
38
40
17
19
78
51
93
33
48
95
67
38
0
7
31
58
41
49
40
30
58
68
61
46
66
38
56
14
18
87
11
97
0
34
11
2
45
33
71
80
84
45
13
13
100
29
59
0
47
53
0
76
1
99
84
50
16
0
23
7
62
13
24
99
26
17
85
26
21
46
65
33
94
28
70
15
5
70
82
3
91
14
14
78
18
18
22
41
23
87
30
68
57
77
41
29
46
0
92
27
0
39
0
0
28
50
87
55
100
44
0
14
94
97
27
43
0
50
34
0
0
62
80
12
82
89
79
70
77
69
93
58
7
7
36
18
31
59
3
60
75
80
47
81
100
14
71
55
29
91
8
66
0
100
46
51
50
60
44
69
16
0
80
6
15
31
0
23
22
18
6
52
0
17
91
89
0
35
5
32
13
52
4
97
48
28
16
7
68
19
63
54
85
64
16
46
0
13
81
79
48
19
70
35
38
48
94
79
16
18
96
67
30
87
62
66
37
93
77
83
2
22
58
85
59
6
36
9
84
86
5
66
31
7
53
67
56
66
70
32
73
90
33
61
36
62
69
49
46
3
96
42
0
27
99
0
42
0
54
40
96
65
39
11
77
22
21
78
0
64
2
0
34
52
0
90
0
70
41
0
42
100
36
18
7
74
82
33
9
0
0
67
39
0
100
28
71
65
54
5
63
47
89
27
68
11
1
71
28
44
0
25
53
88
58
77
87
34
33
54
0
77
51
58
86
96
31
16
98
8
17
34
58
14
29
46
64
0
80
57
44
54
93
17
3
86
0
47
61
