102
57
94
0
84
31
0
190
275
192
2
280
34
187
193
229
0
257
167
261
0
160
152
81
13
259
194
289
83
210
294
51
203
247
257
164
0
62
228
243
235
138
180
0
0
245
0
5
48
130
186
5
126
277
172
160
154
103
0
260
149
0
218
264
221
0
75
2
59
88
38
66
133
70
270
200
30
26
222
211
0
38
260
274
214
210
66
255
227
280
113
89
67
89
229
0
171
281
215
238
122
182
160
83
18
38
15
293
16
262
97
229
0
116
192
0
61
189
106
268
195
267
0
240
234
107
7
299
285
244
0
29
255
146
112
139
57
218
161
258
99
26
103
35
58
1
32
91
276
55
56
19
157
293
45
168
95
156
6
247
151
205
37
208
19
186
146
111
157
118
89
142
0
208
65
42
113
94
94
10
210
236
0
144
0
59
110
0
77
0
63
127
143
101
231
141
9
71
121
271
52
248
0
205
4
236
0
119
267
0
0
40
0
262
263
9
155
207
64
225
168
110
191
90
29
23
56
233
256
46
248
149
114
47
176
126
180
277
3
148
156
267
143
117
296
121
127
0
0
153
250
121
78
49
0
0
88
162
148
0
36
212
100
0
0
256
259
142
0
207
140
145
210
291
0
105
169
42
298
36
239
168
104
224
0
281
0
217
199
19
67
88
23
279
140
10
185
57
251
197
152
27
69
188
128
217
60
0
222
0
0
292
221
170
300
0
220
135
0
292
204
167
97
201
287
76
178
181
79
175
66
83
137
84
125
258
51
107
69
286
5
114
175
0
31
92
34
135
0
136
12
99
259
282
96
3
120
115
53
290
0
131
22
158
282
35
36
0
62
252
111
132
274
273
44
162
222
155
134
266
67
41
193
277
229
80
0
27
209
48
0
0
114
98
0
188
0
96
109
156
271
0
57
209
173
43
177
248
114
244
142
7
41
242
272
116
0
44
165
248
25
169
51
238
270
211
64
30
78
91
2
69
123
113
82
235
52
8
0
122
54
146
132
185
92
0
125
0
49
285
99
0
6
0
0
297
240
7
37
193
234
0
237
0
109
20
0
143
224
284
106
0
48
283
124
0
20
228
26
261
129
18
198
265
0
196
137
0
144
6
0
166
33
0
104
124
61
0
246
72
274
189
10
68
179
245
253
202
62
123
106
119
0
0
0
113
276
138
0
222
270
0
0
74
0
0
261
24
153
69
251
218
198
13
204
82
10
194
195
0
0
268
125
141
299
246
128
0
172
174
273
0
12
184
65
95
47
175
11
285
262
241
172
220
53
38
102
134
239
278
0
28
129
15
141
292
215
293
0
76
145
137
0
0
264
80
85
219
14
0
84
178
46
254
37
87
139
175
0
74
77
212
213
237
278
72
82
232
139
155
147
267
164
0
287
22
206
39
135
176
0
263
281
242
295
284
115
156
0
1
117
101
43
101
124
173
183
109
249
257
0
23
73
65
278
54
250
198
152
298
199
227
239
234
171
244
0
185
126
47
0
225
29
0
0
239
100
85
13
203
219
225
280
184
231
127
190
0
156
273
166
25
242
174
54
8
259
174
291
265
21
262
98
207
45
253
264
0
27
200
148
157
4
260
79
70
209
131
45
220
103
41
22
0
86
110
76
52
227
288
0
90
3
228
202
0
292
183
166
50
75
217
131
0
144
128
241
112
37
105
0
1
232
154
9
70
181
216
0
272
286
110
0
266
247
134
176
213
58
223
202
21
221
96
93
46
249
82
118
0
179
81
100
214
0
150
223
138
0
108
74
294
182
118
215
170
208
9
0
0
0
0
296
254
0
191
161
191
30
216
295
95
163
93
130
61
242
184
24
296
159
253
147
161
183
68
169
279
295
290
108
265
120
33
192
230
1
165
147
102
143
183
0
108
298
199
0
12
213
269
189
283
9
81
174
116
63
264
226
73
28
293
170
212
32
233
95
129
186
93
194
75
0
102
23
206
187
162
133
55
289
119
104
152
71
197
171
91
0
179
288
288
84
158
0
93
0
238
86
181
76
256
159
213
0
186
90
240
206
21
297
266
108
0
87
82
151
75
0
294
0
37
145
201
238
43
150
17
26
50
237
177
196
72
15
270
159
0
123
252
265
284
30
197
60
268
243
0
25
205
158
212
136
258
86
198
163
251
117
263
117
287
230
9
125
181
226
55
0
40
161
142
211
182
136
0
16
98
290
39
164
269
130
272
23
17
106
300
0
98
286
0
187
0
205
25
218
94
0
279
216
243
288
11
80
148
14
275
214
8
