80
3
7
17
57
98
3
64
20
56
0
6
0
94
14
90
48
19
43
37
0
28
38
93
27
65
11
5
38
95
61
99
94
0
44
38
54
36
78
14
48
41
9
26
52
9
25
31
90
11
58
0
36
0
19
18
90
88
90
71
31
26
85
69
1
0
56
42
23
0
0
70
12
77
66
78
9
79
23
8
13
57
88
19
16
75
64
4
50
81
86
0
21
82
73
0
0
72
64
12
59
60
71
82
68
36
12
45
0
38
98
64
95
88
76
88
51
0
15
100
13
19
83
40
39
65
79
97
0
26
57
2
34
75
55
81
87
61
47
53
44
12
2
14
1
0
52
90
79
89
66
79
0
40
47
87
9
28
89
32
16
72
34
78
35
75
0
38
68
46
6
45
46
16
32
15
12
54
0
52
92
79
37
21
46
13
55
52
83
22
77
12
0
9
78
89
0
0
39
5
10
62
29
27
33
79
14
84
65
75
57
3
0
57
87
66
37
34
0
14
80
0
65
40
30
48
68
42
77
0
13
18
34
15
60
21
44
4
0
92
38
33
43
28
96
74
35
95
67
69
0
67
54
12
56
55
84
24
98
4
63
64
6
54
15
59
46
94
34
8
73
11
84
62
77
30
24
27
0
73
67
54
95
27
89
48
83
82
40
83
43
8
94
2
99
93
8
41
25
76
42
23
85
64
10
81
78
49
94
51
53
0
50
87
89
24
85
26
96
77
87
46
95
25
82
6
56
3
0
47
98
47
37
31
21
29
25
22
3
56
100
0
41
1
20
20
60
61
93
16
80
10
75
0
18
11
19
41
0
78
28
91
35
55
95
56
49
79
84
69
0
50
75
40
43
83
0
4
7
69
30
44
36
76
21
47
18
0
0
34
60
67
74
20
46
78
86
99
42
43
22
0
65
54
0
5
89
19
8
70
55
67
97
56
45
55
11
4
1
62
48
35
0
0
9
32
95
67
5
27
20
72
85
0
70
54
36
8
16
91
52
14
57
99
0
58
61
40
57
26
58
8
18
77
0
18
64
26
48
80
5
0
34
55
63
92
41
17
68
47
67
14
90
58
18
47
27
87
42
42
48
0
94
90
72
65
60
0
75
53
0
31
83
39
43
40
2
0
16
70
