21
107
0
0
45
26
51
0
1
194
4
0
0
0
197
18
101
166
14
0
197
69
175
175
123
0
183
0
59
164
0
0
73
41
164
42
99
0
23
185
110
118
26
143
138
27
96
198
57
0
0
8
52
56
96
122
0
0
118
192
172
0
95
0
182
108
185
0
35
147
37
54
0
0
159
84
20
39
0
0
24
0
113
193
184
128
180
0
23
142
72
21
94
87
129
34
59
83
40
98
144
85
145
63
167
0
0
83
159
102
163
0
146
28
0
97
0
154
164
0
91
123
27
119
181
0
0
144
181
197
119
0
0
3
90
100
2
153
0
145
68
17
181
0
27
37
190
105
129
23
80
136
0
197
121
0
98
0
0
59
0
35
0
193
150
169
194
188
9
188
98
15
154
60
38
0
17
150
90
167
194
40
0
146
0
0
0
191
116
17
195
3
0
87
0
138
105
126
169
74
197
101
20
38
111
32
0
0
87
96
46
15
163
35
73
35
99
76
191
197
79
33
23
9
97
61
56
124
193
0
116
82
175
192
117
0
5
0
130
86
168
120
185
0
22
0
162
0
87
6
107
0
73
107
61
1
49
40
15
0
189
74
159
130
62
0
16
126
153
0
0
80
144
35
70
134
0
4
67
106
0
168
94
74
196
97
169
0
81
24
130
17
142
5
151
103
97
115
30
65
58
199
15
4
0
88
98
103
20
182
50
123
150
146
29
176
149
0
57
183
53
166
0
0
78
0
125
57
123
0
192
0
16
147
77
126
81
182
9
80
149
0
89
190
154
0
0
91
49
87
114
13
116
0
0
3
0
132
32
58
41
132
5
13
12
191
100
0
61
105
85
0
46
33
117
183
31
190
150
22
63
175
76
33
178
99
161
85
55
0
166
182
91
66
27
32
110
159
146
0
153
192
110
166
91
0
0
167
29
97
25
149
88
186
52
119
0
67
151
165
0
155
124
57
4
194
154
190
138
85
166
44
0
0
101
173
40
180
97
170
190
188
36
160
189
119
113
117
133
104
0
17
21
97
43
45
10
0
0
173
168
188
179
43
16
137
106
32
108
94
0
87
133
90
23
167
10
21
0
0
183
9
119
86
147
180
0
47
51
46
0
0
0
184
30
0
104
0
0
169
190
60
125
45
0
175
0
45
138
134
51
174
58
86
92
0
137
1
119
46
0
173
116
153
50
4
11
26
2
64
80
82
50
113
89
92
143
0
0
0
59
51
35
196
111
158
0
83
169
182
106
138
77
0
194
192
9
28
114
0
0
0
5
172
0
182
62
0
179
191
80
110
0
0
0
184
16
0
77
41
184
0
119
79
94
0
189
71
191
0
0
4
45
7
118
33
157
19
44
198
127
44
76
0
149
151
159
28
114
22
90
131
187
144
170
1
196
143
0
0
0
31
128
85
115
153
200
0
69
0
146
61
0
0
144
0
154
21
137
169
6
106
5
0
84
57
127
0
185
132
164
143
115
143
81
0
113
82
47
51
101
0
51
5
0
126
109
20
3
154
0
179
144
16
87
6
133
168
184
185
0
129
0
106
90
180
172
132
192
70
42
0
188
0
0
193
0
173
71
152
49
62
30
0
131
135
41
22
0
118
45
0
101
199
62
156
65
0
71
168
0
84
116
200
159
13
189
168
126
15
116
96
0
38
0
144
83
64
136
123
142
68
74
0
42
107
0
166
49
191
117
161
69
167
31
79
61
141
151
152
150
139
0
138
131
0
150
0
182
14
73
130
11
183
75
0
89
15
0
65
0
0
6
74
0
108
189
152
122
38
0
0
23
0
0
0
156
0
0
148
145
172
65
81
94
14
11
0
165
77
0
88
38
109
123
96
107
85
72
41
0
51
0
41
50
73
71
0
76
0
0
0
0
66
96
168
0
134
17
79
128
0
83
14
71
0
27
177
24
73
58
53
2
0
110
0
79
170
98
20
0
40
80
107
155
79
31
0
5
0
0
128
140
93
89
126
105
61
48
71
0
88
44
116
113
74
0
0
183
131
188
0
138
154
88
189
130
91
0
0
91
143
33
157
46
77
171
26
170
61
82
27
1
69
0
85
90
153
194
78
99
160
0
0
164
176
9
11
98
92
71
172
147
0
14
0
106
161
22
112
133
141
44
16
196
196
89
184
96
143
43
0
200
79
76
14
0
68
161
100
193
137
19
189
0
0
0
14
0
152
196
0
105
109
82
113
0
0
20
146
183
190
77
16
170
171
125
83
200
115
158
0
37
4
88
0
0
0
184
148
