89
55
168
283
190
0
4
87
281
83
264
171
117
237
258
0
132
0
33
143
16
34
0
70
122
193
90
0
238
180
82
11
234
205
0
86
102
234
192
292
292
204
114
91
0
274
135
129
248
93
75
267
0
172
147
277
156
207
232
216
218
182
285
260
279
293
90
115
54
49
5
93
136
114
285
65
200
98
0
0
179
205
86
149
24
259
17
175
257
0
6
185
49
31
0
46
245
283
280
20
265
190
167
135
222
0
273
14
40
159
222
59
38
1
87
140
0
0
151
189
149
236
128
0
224
45
97
6
224
0
43
15
229
278
2
197
300
0
11
291
212
250
244
226
103
158
0
29
35
0
192
252
106
217
0
203
0
191
188
243
288
212
60
246
80
92
158
218
0
203
76
54
1
0
0
138
136
217
282
0
39
203
74
240
28
178
64
25
85
61
173
128
107
24
142
0
141
0
286
137
155
42
213
0
216
0
137
13
27
21
163
21
278
109
300
114
34
75
139
198
90
48
294
32
46
181
260
90
234
161
12
224
0
0
18
294
112
58
169
47
22
251
243
270
199
239
284
121
182
174
24
77
219
139
266
95
0
0
34
0
0
0
272
0
32
77
211
250
225
223
68
172
103
104
0
0
10
98
208
291
161
0
260
135
30
124
197
126
225
289
273
241
44
157
176
76
11
0
117
276
222
271
140
0
246
29
154
106
94
232
138
51
0
248
163
25
0
137
184
8
287
152
34
79
73
229
205
110
9
59
238
0
103
39
84
102
0
62
196
0
0
56
153
167
99
296
79
21
113
185
231
0
202
0
183
166
109
214
153
272
33
254
38
127
47
63
18
57
152
108
154
125
108
0
51
186
130
92
144
29
0
111
170
177
184
0
223
159
110
231
215
16
99
263
180
0
116
55
160
230
214
204
299
267
235
277
69
283
30
214
251
251
94
206
112
63
291
19
249
209
191
262
40
42
62
110
220
198
193
121
84
6
281
89
243
176
208
228
211
269
166
0
242
0
295
243
199
290
196
0
0
100
15
181
0
60
67
127
0
249
145
250
0
118
158
221
26
9
268
220
118
0
64
297
7
0
0
146
256
220
160
0
0
207
290
177
0
154
298
168
280
122
208
31
292
195
257
37
258
3
195
17
105
231
159
72
295
0
68
272
195
238
50
233
0
159
96
0
150
8
0
121
28
23
152
0
150
14
0
45
184
66
66
0
122
48
196
259
97
36
191
262
214
0
0
30
112
145
210
17
295
180
261
0
0
275
245
109
18
173
145
299
236
163
36
96
142
0
123
247
134
107
186
123
120
61
113
184
286
63
53
97
171
298
78
289
0
23
136
0
131
0
263
194
161
212
237
234
0
281
85
0
116
293
46
170
98
51
215
132
226
253
0
0
194
189
41
0
275
215
60
107
40
270
253
202
37
28
0
56
3
221
197
117
139
297
262
294
6
0
68
99
72
255
206
199
258
70
155
93
143
0
235
0
104
168
290
144
240
216
147
44
102
239
108
0
199
27
228
144
166
0
251
129
0
22
5
255
284
190
129
20
169
41
183
126
57
101
55
134
215
154
44
233
128
233
264
286
246
225
111
84
133
65
137
85
0
0
0
170
257
123
288
209
282
130
71
73
236
43
247
179
268
263
78
151
232
88
0
273
131
200
122
10
54
53
2
288
127
157
254
10
271
99
202
0
208
145
7
100
78
0
125
0
194
164
105
290
66
47
188
98
162
0
174
27
0
285
261
105
173
236
0
95
83
26
296
0
18
0
27
2
188
146
247
82
262
279
182
187
74
229
0
287
50
179
228
133
83
284
120
39
287
210
0
0
182
127
171
112
0
0
67
241
20
242
213
266
300
255
227
31
71
69
187
61
53
88
278
148
204
253
108
165
0
139
91
150
210
252
263
141
299
148
291
168
277
0
45
227
0
52
65
81
268
256
19
43
124
0
197
156
101
264
201
183
7
37
3
282
53
78
5
173
48
60
89
106
12
274
31
25
183
275
155
244
0
227
226
84
120
0
62
296
0
115
33
0
81
167
0
0
269
230
201
143
0
64
42
114
192
150
219
169
274
265
0
253
0
13
213
69
82
82
35
72
141
221
252
147
298
189
0
111
58
256
198
221
91
36
76
138
133
289
26
195
0
167
28
211
276
164
116
109
95
299
67
80
277
11
0
209
119
242
207
295
119
0
165
218
230
157
272
142
19
0
274
42
102
260
268
156
0
177
0
131
37
0
0
61
162
0
4
0
52
288
178
17
265
130
