63
30
39
32
64
0
2
73
85
17
61
20
87
43
14
0
54
91
70
49
6
16
0
83
39
94
11
82
28
59
43
76
53
35
0
87
84
45
62
3
75
5
40
11
0
99
28
28
61
99
30
44
69
14
80
44
96
80
44
13
47
0
52
47
49
17
57
14
99
95
64
87
13
53
83
3
2
44
93
86
37
3
51
97
12
47
88
60
88
0
75
34
86
14
0
21
36
58
41
53
49
17
62
7
93
0
95
44
1
24
37
21
71
54
53
96
0
47
100
12
38
33
0
0
46
7
85
45
92
0
66
17
64
15
41
99
79
0
36
45
99
77
92
25
57
8
86
52
50
0
2
69
62
25
0
78
0
13
94
85
43
15
14
5
80
62
60
77
0
56
77
33
32
56
0
40
97
20
29
0
24
69
18
14
56
94
48
26
44
59
4
95
15
90
66
91
54
0
70
100
47
40
1
0
18
58
27
90
98
70
28
3
10
97
21
34
74
86
52
55
54
98
45
30
25
30
88
35
51
25
86
17
93
0
63
64
47
16
11
3
95
92
7
37
33
43
21
93
7
55
91
68
44
0
79
26
93
0
13
0
0
0
35
0
8
5
24
49
16
57
63
76
35
63
0
0
34
2
9
25
30
31
30
38
30
10
75
34
83
44
14
65
45
35
43
2
34
0
68
63
86
47
31
0
39
72
45
86
40
78
53
18
0
83
34
39
96
10
50
85
52
50
31
33
14
38
13
34
49
22
65
86
37
2
41
91
16
93
32
60
0
52
22
62
48
6
96
56
34
15
25
64
49
0
71
54
28
6
57
100
97
10
11
49
72
6
33
58
27
17
53
17
95
75
39
82
99
42
6
99
0
0
52
31
99
0
10
29
27
96
72
9
84
57
31
0
36
25
83
9
17
60
93
78
96
75
10
13
20
61
47
41
3
46
36
26
0
98
97
37
0
46
85
97
73
35
82
84
57
45
24
86
19
47
58
66
89
64
20
8
44
0
73
64
35
7
82
60
63
28
0
50
30
88
31
42
54
12
0
56
87
5
0
75
19
5
13
17
72
90
69
0
1
16
100
0
0
63
72
42
15
0
0
54
6
60
96
69
71
30
83
10
20
68
39
99
9
75
84
4
75
88
0
11
10
20
26
75
61
91
2
23
67
25
47
61
4
91
11
18
80
68
75
49
1
0
17
37
0
77
60
80
26
95
10
77
10
78
21
24
49
10
54
0
60
22
28
33
89
75
6
76
80
0
61
39
55
3
73
81
70
16
46
36
67
15
77
80
79
61
92
80
22
99
58
60
74
94
5
82
12
71
0
36
61
65
0
43
98
16
23
0
99
73
41
51
77
19
0
4
72
0
6
53
80
39
68
51
63
42
86
91
56
0
76
70
51
0
38
26
95
51
29
8
8
16
90
34
53
35
77
9
80
100
50
5
33
56
70
16
32
68
74
40
15
15
13
87
57
37
15
73
40
0
19
78
51
35
33
48
95
67
38
73
0
31
58
41
47
80
30
0
68
61
46
66
38
56
69
95
87
11
97
16
34
11
2
64
33
71
44
84
45
13
13
100
29
59
65
47
53
97
76
1
1
84
0
0
41
23
7
62
13
41
99
26
17
85
26
0
46
65
31
94
28
70
15
5
28
82
100
91
14
14
78
18
79
22
41
23
87
30
68
57
77
0
29
46
20
92
27
0
39
60
74
28
50
87
55
100
0
59
14
0
97
27
0
53
50
34
37
81
62
80
12
30
96
82
70
77
69
93
58
7
7
36
18
28
59
3
60
75
0
58
81
100
14
71
55
93
91
8
66
63
0
46
51
50
60
44
69
0
11
22
6
15
31
31
23
22
18
6
52
79
17
91
89
27
89
5
32
79
52
4
0
48
28
0
7
68
19
63
54
85
64
16
46
60
13
81
96
48
19
93
35
38
48
94
79
0
18
96
67
30
87
62
40
37
22
77
0
2
22
58
85
59
6
36
9
84
86
5
86
31
7
53
67
56
7
70
32
0
90
33
0
36
62
69
49
46
0
0
42
35
27
99
0
42
36
54
40
74
65
39
11
77
0
21
0
18
64
3
27
34
52
71
69
15
70
0
13
42
50
36
18
0
66
82
33
9
0
58
67
39
82
100
0
71
65
54
5
63
47
89
27
68
11
1
71
28
0
24
25
53
88
58
3
0
86
33
54
44
77
51
58
0
9
0
16
98
8
31
0
21
46
29
46
91
61
80
57
44
54
93
17
3
81
92
58
61
