300413921691
8 8 9 6 9 6 7 6 6 6 8 10 6 7 12 6 6 6 7 6 6 9 6 12 6 6 6 6 7 6 7 7 9 6 6 6 7 8 6 6 10 6 10 6 7 6 7 6 7 6 6 7 7 7 8 6 6 6 8 10 9 8 7 7 6 7 6 6 6 10 8 7 8 7 9 7 8 11 6 8 6 6 9 6 7 7 7 6 7 6 7 6 6 6 7 6 8 6 6 8 
279741915951
6 6 7 7 7 8 8 6 9 6 8 6 9 6 7 6 7 6 10 9 6 9 7 5 6 7 7 6 9 7 8 7 8 6 7 6 7 7 8 6 8 8 6 10 6 7 7 8 6 8 7 9 6 8 6 7 6 8 6 6 12 6 6 6 6 8 7 6 5 9 6 6 6 8 6 6 9 7 7 7 7 6 6 6 12 7 7 6 6 11 7 10 5 6 7 9 7 7 6 9 
313563452685
8 9 6 7 8 7 11 7 6 7 6 6 8 6 9 7 6 11 8 6 6 6 8 10 6 6 9 6 9 6 8 8 9 6 12 6 7 8 9 10 7 9 7 6 8 8 6 9 6 6 6 7 6 6 8 7 6 6 6 7 9 7 7 6 7 6 6 12 8 6 6 6 6 7 6 7 6 6 6 6 6 6 6 7 6 6 6 6 11 6 7 8 6 7 9 6 7 8 6 6 
275664663940
8 9 10 7 8 7 6 8 6 9 8 6 6 8 9 6 6 6 8 6 6 7 6 6 9 6 7 8 7 6 6 8 8 8 7 8 8 7 11 6 6 5 7 10 6 6 6 10 7 6 8 9 6 7 6 6 5 10 7 8 9 7 10 8 8 6 6 6 8 6 8 6 9 6 7 8 7 11 6 6 5 7 6 7 8 8 7 6 8 6 6 6 5 6 8 7 7 6 6 7 
261421202592
6 7 6 6 6 7 8 8 7 7 5 7 7 6 8 7 5 7 6 8 9 7 7 6 8 7 6 8 11 9 7 7 6 5 7 7 6 8 10 6 7 7 7 10 8 6 11 6 7 7 6 6 8 6 6 6 6 6 6 6 5 11 6 6 7 13 8 5 9 7 11 8 7 6 10 13 6 6 6 7 6 7 11 8 6 8 10 8 9 7 7 6 6 10 6 6 7 12 7 6 
280343409935
7 6 11 6 6 6 6 7 6 9 6 6 7 6 6 6 9 7 8 7 7 10 6 8 7 6 9 8 10 6 5 6 7 7 9 6 6 12 7 9 7 6 12 6 7 9 5 6 6 6 7 9 7 6 9 9 6 6 6 6 7 9 8 6 6 6 10 9 6 6 7 7 10 11 8 6 7 6 6 11 7 6 7 6 10 7 6 6 6 7 7 6 5 10 7 8 7 7 7 9 
289789965508
12 7 7 5 8 6 6 11 6 5 6 6 6 11 9 8 7 7 6 6 11 6 9 6 9 7 8 6 6 7 8 12 6 6 10 8 6 6 7 6 10 9 6 6 6 7 8 9 6 7 6 8 6 7 6 6 6 7 11 6 9 6 8 6 8 6 7 7 7 6 8 7 6 7 6 6 6 7 6 6 7 6 7 7 6 9 6 8 8 8 7 7 10 11 7 6 7 6 6 7 
326555796437
7 9 6 6 8 6 7 9 11 7 7 8 6 7 6 7 6 7 6 6 6 6 8 7 6 7 8 9 6 10 6 6 6 8 6 6 9 8 6 6 8 10 7 9 6 6 6 7 7 9 6 9 6 7 6 6 7 7 6 6 6 7 6 10 9 7 9 7 8 7 7 6 8 8 11 9 6 6 8 7 7 7 6 6 6 6 6 7 7 6 6 6 6 6 6 6 7 6 8 7 
274953797966
6 9 6 6 9 7 8 6 6 8 8 6 7 6 8 7 9 8 6 7 9 5 6 6 6 6 6 9 7 6 8 9 6 7 10 8 6 6 6 9 8 6 6 7 6 8 7 7 7 6 6 6 6 7 9 6 6 8 5 6 6 7 7 5 8 7 7 7 6 7 9 7 6 7 7 10 8 13 8 7 6 7 8 6 13 8 6 6 8 6 11 6 6 6 6 12 10 6 7 9 
322141238394
11 7 9 7 10 6 6 7 7 6 6 6 7 8 6 7 6 6 6 9 7 6 6 7 7 8 6 7 7 8 8 8 6 9 6 7 8 7 6 7 9 6 7 6 6 6 6 11 6 6 6 6 7 6 11 9 8 8 7 7 6 6 6 7 11 8 7 6 7 6 7 6 7 7 6 6 7 8 6 6 6 6 9 6 6 6 6 6 10 8 6 7 6 8 9 6 9 7 6 8 
276321922452
7 7 6 7 9 10 6 6 6 5 6 6 13 7 6 6 6 8 6 7 7 7 10 8 7 6 6 6 6 6 12 6 7 6 6 6 7 7 8 5 9 6 9 7 8 9 6 7 6 9 8 6 6 6 8 7 6 7 5 6 9 6 6 7 9 7 7 6 6 5 7 12 7 10 9 6 6 6 6 7 7 10 9 7 9 12 9 8 7 8 10 7 8 6 13 8 8 6 6 6 
325339238638
8 8 6 7 9 6 8 7 6 7 7 10 6 6 6 6 6 6 6 6 10 7 7 6 7 7 6 7 6 7 10 6 9 6 8 7 6 6 7 6 7 7 6 8 6 6 6 6 8 6 8 6 6 8 6 6 6 10 9 7 6 7 6 6 11 10 6 7 6 6 7 13 8 12 7 6 9 7 9 7 6 7 6 8 7 8 6 7 6 6 7 8 7 6 7 6 6 6 13 7 
310824537676
6 6 7 9 6 6 11 10 7 7 6 6 6 6 6 7 6 6 8 7 7 6 9 6 8 6 10 6 6 8 7 6 6 6 6 8 6 8 7 7 6 9 7 7 6 10 6 6 7 6 6 7 6 6 7 7 8 6 6 8 9 6 7 8 6 10 6 8 6 7 6 8 6 9 8 8 6 7 6 6 8 6 6 7 7 7 6 11 8 6 8 6 6 9 6 7 6 10 10 10 
254211580316
10 7 10 9 6 10 6 7 7 6 7 6 8 7 12 6 8 8 7 6 8 6 7 7 6 6 8 6 6 9 7 11 7 9 6 6 9 9 6 8 5 10 6 8 6 10 7 6 6 9 8 7 7 8 6 6 6 6 5 6 7 7 5 10 6 6 8 11 7 7 6 7 6 6 7 6 6 6 9 8 6 9 6 6 6 9 6 9 6 6 9 6 7 6 11 12 5 9 8 6 
341615096852
7 6 9 6 7 7 7 6 6 6 6 7 6 11 6 7 8 7 7 7 8 9 6 6 10 7 9 8 7 6 6 9 7 6 6 9 8 7 7 8 6 7 7 7 6 6 8 7 6 6 6 6 6 7 8 7 6 7 10 7 6 6 6 7 7 6 8 8 6 6 7 6 9 6 10 9 9 9 6 6 6 6 6 6 6 7 11 7 6 6 6 6 9 8 7 7 7 6 6 6 
311525598708
12 7 7 7 7 6 8 8 6 7 7 8 6 7 6 6 6 6 7 7 9 7 6 10 6 6 12 6 6 6 7 9 6 7 7 6 7 6 6 6 6 9 6 8 7 6 9 6 9 6 6 6 9 7 6 7 10 9 6 6 12 7 6 7 6 6 7 7 6 6 10 6 6 7 6 6 9 7 12 7 9 6 6 7 9 7 6 6 6 6 6 8 7 8 6 9 9 6 8 6 
342718329653
6 8 6 6 8 6 8 6 7 12 6 8 6 6 6 6 6 13 10 8 6 8 6 7 6 10 6 7 7 7 6 9 6 6 6 7 6 7 6 6 6 7 9 6 7 7 8 6 6 9 10 7 6 6 7 7 9 6 7 7 6 10 6 10 6 9 6 7 6 6 9 8 7 8 6 6 7 6 9 6 6 7 7 6 7 13 6 6 7 6 6 7 11 6 9 8 9 6 7 6 
301753670010
7 9 6 7 7 6 6 9 6 6 6 6 6 8 7 7 11 9 6 6 6 8 12 6 7 12 9 6 8 6 6 8 7 6 6 7 6 11 7 6 8 7 14 8 11 6 9 10 6 12 11 7 8 6 6 6 6 6 7 13 6 6 8 6 6 9 7 6 7 6 6 9 7 8 7 6 6 6 6 6 6 9 6 7 7 8 6 14 6 7 6 6 6 6 6 6 6 6 8 7 
283551696333
6 6 6 7 6 9 6 7 5 6 7 11 8 8 6 8 10 8 6 6 7 7 8 6 8 8 6 7 6 8 7 6 7 10 6 8 7 8 7 12 6 6 6 12 9 7 8 6 6 13 10 11 7 7 8 6 6 6 6 8 8 6 7 6 6 7 7 6 7 6 10 5 7 8 8 6 6 6 6 6 5 12 6 8 13 7 6 7 6 6 7 8 6 6 9 7 5 7 9 9 
309685505851
6 9 7 7 6 6 6 7 7 6 6 8 11 9 6 6 7 7 6 6 6 6 6 8 6 6 7 6 6 6 10 9 8 10 7 6 6 7 6 6 6 8 6 6 6 7 14 6 7 11 6 6 7 7 6 13 7 14 8 6 7 6 12 9 9 8 6 6 8 7 11 6 6 8 6 8 6 6 8 8 7 6 8 6 6 7 6 6 6 10 7 6 8 10 6 6 6 7 7 8 
272116674837
7 7 6 6 12 12 7 6 11 7 6 10 7 6 7 6 9 9 5 10 7 5 9 7 6 6 7 10 8 8 5 7 7 7 6 8 8 7 6 9 6 6 7 7 6 7 9 8 10 7 5 6 9 7 7 11 7 6 9 8 7 7 6 6 6 9 6 7 6 7 7 7 7 6 6 6 7 8 6 6 7 8 6 6 7 5 7 6 6 6 6 6 9 6 9 8 9 7 6 11 
302579172708
6 6 5 8 6 6 6 7 7 9 6 8 7 9 8 6 6 11 10 6 7 6 6 6 6 6 8 6 8 6 6 7 6 8 6 6 6 6 6 7 7 6 7 6 7 7 6 10 7 6 6 8 8 10 7 6 6 8 7 6 7 6 6 11 8 7 6 10 9 6 10 9 7 7 8 7 8 6 6 10 9 8 7 11 6 6 6 12 6 6 7 9 7 12 6 6 6 6 7 7 
262670055571
6 11 7 7 7 10 6 6 7 6 11 6 8 9 8 6 6 6 7 7 13 6 7 6 9 9 7 6 7 9 9 9 6 6 5 7 7 7 9 5 9 7 7 6 8 7 9 6 7 8 9 6 7 8 6 6 6 6 9 9 6 6 5 13 9 6 6 6 6 6 7 8 12 8 7 6 8 8 6 6 6 6 6 6 11 11 6 6 6 9 6 5 9 7 7 7 7 11 5 9 
307648654648
8 6 6 8 6 8 6 9 6 6 6 6 6 9 6 7 6 6 6 10 6 6 10 6 7 9 7 8 6 6 6 6 6 13 7 8 6 12 7 7 6 7 7 13 7 7 6 7 6 10 7 8 6 6 7 9 6 7 8 6 6 6 6 11 6 6 6 6 7 6 8 9 6 7 8 7 8 7 8 6 7 7 7 9 9 6 8 8 6 9 7 6 6 6 6 8 6 6 8 6 
333999998154
9 10 7 6 9 7 6 6 6 7 6 7 7 8 7 8 7 9 9 6 6 8 7 6 7 6 6 6 6 6 7 6 7 8 6 7 13 8 6 8 6 6 7 6 6 7 14 6 7 6 8 6 7 6 6 14 7 8 8 6 6 8 6 7 7 6 6 7 7 7 11 7 6 8 6 7 6 8 6 7 8 7 6 6 8 6 7 7 8 6 6 6 12 7 6 6 6 6 9 6 
323460974956
10 7 6 6 10 8 7 7 6 6 6 6 9 6 7 8 6 7 6 8 7 9 6 6 6 6 6 6 14 8 6 8 6 6 9 6 8 6 9 6 7 7 6 6 6 6 6 6 7 13 6 12 6 8 6 8 7 6 9 8 7 6 10 7 6 7 10 7 10 8 6 6 6 6 6 7 6 6 6 14 9 6 7 6 7 9 7 6 6 7 6 7 6 7 7 7 6 8 7 11 
327002393877
7 7 10 6 10 6 6 7 6 7 9 6 6 11 6 6 7 6 9 7 7 7 6 8 7 6 6 7 6 7 11 7 6 6 6 7 6 6 6 7 6 7 6 7 9 6 7 8 6 9 6 6 7 8 9 6 6 6 6 6 7 7 6 8 6 6 9 7 9 6 9 8 7 6 7 6 7 8 8 6 6 7 10 6 6 7 6 6 9 7 9 6 9 6 9 6 6 8 8 7 
296876607202
6 8 9 6 7 6 8 8 6 6 6 8 8 8 8 11 6 8 6 9 6 6 6 6 6 6 9 7 8 8 6 6 6 5 9 7 7 10 7 6 8 6 6 8 8 8 6 8 11 9 10 6 6 6 12 11 6 6 8 6 12 6 8 6 7 6 6 7 6 7 6 6 6 6 7 6 6 6 7 7 6 8 8 6 7 7 7 7 8 6 6 9 7 6 6 7 7 7 7 6 
282529095443
9 7 8 7 6 10 6 7 7 6 6 6 9 7 6 6 7 9 6 9 6 6 9 6 11 6 6 7 8 12 6 10 9 6 8 7 6 6 7 9 6 9 6 7 7 6 5 7 8 7 7 6 7 6 6 13 7 7 6 7 7 7 6 6 6 7 6 6 7 6 8 6 6 6 9 6 6 9 6 9 11 11 6 6 6 6 8 8 10 9 5 6 6 6 8 10 13 6 6 9 
275347278398
7 6 7 6 8 6 6 7 8 6 6 6 6 6 7 7 6 6 6 6 14 7 6 9 8 7 8 7 7 6 6 6 6 9 13 5 8 9 7 7 12 7 6 7 6 6 6 8 6 7 6 7 10 11 8 6 7 8 8 6 10 8 7 6 5 6 6 10 6 14 6 6 6 6 8 6 6 7 8 7 9 8 6 9 8 6 6 5 6 6 7 8 6 8 10 9 10 7 9 8 
308144074129
8 6 6 6 6 12 9 6 9 6 6 6 7 12 6 8 8 9 7 8 6 6 8 6 8 7 11 6 6 7 9 9 7 6 6 6 6 6 8 6 7 7 10 7 7 6 8 6 6 6 9 7 6 6 8 6 8 6 6 6 7 6 7 6 8 6 6 6 6 6 6 9 6 7 7 7 12 6 6 6 6 6 7 8 12 9 6 6 6 6 8 9 10 7 7 9 6 8 11 6 
321856456400
6 7 7 8 6 6 6 6 8 6 9 6 10 6 9 8 7 9 7 6 8 7 10 6 6 6 6 7 6 7 11 6 9 6 6 6 8 6 6 6 6 6 6 8 6 6 6 8 6 8 7 6 11 6 6 6 6 7 10 7 6 10 7 6 8 7 7 7 7 8 6 8 9 6 7 7 9 6 8 9 6 6 6 8 8 7 6 6 12 6 12 11 8 6 7 6 6 6 6 7 
280472039743
6 6 8 6 7 6 7 6 8 6 7 8 9 10 8 7 6 6 9 12 6 6 8 9 6 11 8 6 9 6 6 5 6 6 10 6 7 8 7 6 8 6 10 8 6 9 6 6 8 6 7 7 6 7 7 9 6 6 11 7 7 6 8 7 7 6 7 7 6 8 8 6 5 6 9 5 11 10 6 8 6 10 12 8 6 7 6 6 7 6 6 7 8 9 6 6 6 6 10 6 
275804273255
6 6 11 7 7 5 6 6 6 7 6 8 6 8 10 7 10 8 7 6 6 6 6 7 8 8 8 8 6 6 10 6 8 7 9 11 5 6 7 9 7 6 7 7 7 6 9 6 6 5 8 7 6 6 6 6 6 6 8 7 6 6 7 6 7 8 9 8 11 11 7 8 7 6 6 7 8 7 7 7 6 9 6 7 6 6 6 7 9 6 6 6 6 10 7 9 7 9 9 6 
316831818004
6 6 7 7 6 7 7 7 9 7 7 6 6 6 7 8 6 6 7 6 6 6 7 6 7 7 7 7 7 6 6 7 8 6 6 6 6 9 8 8 11 7 6 6 6 9 7 9 6 6 6 6 6 6 6 6 7 7 6 6 6 8 11 8 6 6 7 7 6 6 7 9 8 9 8 9 6 7 7 7 7 8 6 8 6 8 6 7 6 9 7 8 7 6 10 6 9 8 7 6 
303986527223
13 6 9 7 6 6 8 6 6 6 10 6 6 6 9 6 8 6 6 6 8 7 6 6 6 6 6 9 6 7 8 8 6 7 7 13 8 6 7 7 6 6 7 8 6 6 6 7 7 7 7 7 7 7 7 10 6 11 6 7 6 13 8 6 6 9 6 8 7 7 7 6 8 6 6 6 6 9 6 6 10 6 6 10 6 8 9 9 6 8 6 6 8 6 6 7 13 6 6 10 
294613818320
6 7 7 9 8 6 6 9 6 6 6 6 7 7 6 7 7 7 7 7 6 6 6 7 5 7 7 6 8 7 10 7 7 6 6 6 7 6 9 10 6 8 8 6 9 9 7 7 6 9 9 7 10 8 9 6 6 6 6 9 9 12 6 6 6 6 6 6 6 6 6 9 9 6 8 10 6 7 9 6 7 6 6 5 6 6 8 7 7 7 11 6 10 7 6 8 6 7 6 12 
253927280671
10 7 6 6 7 6 8 7 6 6 9 6 7 12 5 6 6 9 6 6 7 6 6 8 6 9 9 7 11 7 6 8 7 7 8 6 6 10 8 7 9 6 9 6 7 7 6 8 6 8 8 7 6 10 6 5 6 8 7 8 6 5 12 7 8 6 6 7 5 6 6 6 6 6 9 8 10 9 7 8 6 6 6 10 8 6 7 9 9 7 8 6 6 9 8 9 6 7 5 9 
304806341689
7 10 8 7 7 9 7 7 9 7 6 6 6 6 8 8 7 9 6 6 6 6 6 8 6 6 10 7 8 6 7 6 6 8 8 10 6 6 6 7 6 7 7 9 6 7 6 6 6 6 8 9 7 6 6 9 8 6 6 7 8 6 9 6 10 7 6 6 6 8 5 6 8 8 7 7 6 9 7 6 6 6 6 6 7 7 6 8 7 6 6 10 7 8 8 10 6 6 9 6 
301652719176
8 7 7 6 7 9 7 8 7 7 6 8 8 8 9 6 8 6 7 9 8 6 6 6 10 8 11 6 7 10 6 7 6 9 8 8 6 7 7 10 8 6 7 6 8 8 6 6 6 7 10 7 7 6 7 6 8 7 7 6 6 6 6 6 7 8 7 6 6 6 6 6 6 6 7 7 10 6 9 11 6 6 7 6 6 6 7 6 6 6 7 6 8 6 6 6 6 6 6 7 
275531013053
6 10 7 6 12 7 6 5 7 6 7 8 7 8 6 8 6 7 6 6 7 7 9 5 7 8 6 7 7 6 8 6 6 8 7 6 6 8 6 8 8 6 5 6 6 7 6 6 9 6 7 6 6 11 7 7 9 6 6 6 6 8 8 7 7 6 7 6 7 7 7 7 9 9 10 7 8 6 7 6 9 9 6 7 6 8 6 9 6 6 7 8 6 7 10 12 6 9 6 9 
297641796215
6 6 7 6 7 6 7 7 9 6 9 6 6 7 6 6 8 8 8 12 6 6 7 6 9 6 8 9 7 7 6 6 7 6 6 9 7 9 9 6 5 11 7 6 6 6 7 6 8 8 7 8 12 6 9 6 8 6 8 9 6 6 9 7 11 6 8 6 6 7 8 6 7 6 6 6 6 6 9 11 8 6 7 6 10 9 7 6 6 8 6 6 6 6 6 7 6 10 7 6 
278947877596
6 8 8 8 7 6 6 9 8 7 6 7 7 6 7 6 7 6 8 6 6 6 7 9 6 7 12 9 6 10 10 6 6 6 6 7 6 6 6 8 10 6 7 7 8 6 6 7 8 6 7 7 9 5 7 8 7 6 8 6 7 6 6 7 5 8 8 7 6 12 8 6 8 6 7 5 6 6 9 7 6 9 6 6 8 7 8 8 6 6 6 6 9 8 6 7 7 8 9 11 
322975075834
6 6 10 6 6 9 7 7 6 6 12 7 7 6 8 6 8 9 6 6 7 10 7 6 7 9 6 6 6 6 6 8 9 6 7 8 7 6 6 8 6 7 6 7 8 6 9 9 6 6 7 6 7 6 9 6 9 7 8 6 6 8 6 6 6 6 6 6 6 6 6 12 7 10 9 9 8 9 6 6 6 7 7 7 11 6 6 6 8 6 6 9 7 6 7 7 6 7 8 7 
298142851541
7 7 8 7 8 6 6 5 6 6 7 7 6 6 9 7 7 9 7 6 11 14 6 8 6 6 9 6 8 10 7 6 6 14 8 7 8 6 8 7 6 8 7 7 6 8 6 13 6 7 6 6 10 8 6 6 6 9 7 9 7 6 6 7 7 6 12 9 7 6 7 6 6 6 6 6 6 6 6 8 6 6 9 6 7 6 9 6 6 6 9 8 6 9 6 7 6 7 10 6 
290680610000
6 6 7 6 6 6 6 6 8 9 8 7 7 7 7 7 6 6 6 9 6 6 7 7 6 6 8 6 8 6 6 5 6 10 6 7 6 10 6 7 8 8 8 6 7 12 6 8 6 11 8 8 5 6 6 11 8 7 11 9 7 7 7 6 9 8 8 7 6 6 6 6 7 7 6 7 6 7 6 6 7 6 7 8 6 6 6 6 12 8 10 6 7 10 6 10 8 10 7 6 
292620575762
6 6 7 7 6 6 6 7 8 6 10 8 7 8 6 6 6 9 7 9 6 9 6 6 8 6 7 14 9 6 9 6 6 6 10 10 8 11 6 6 6 7 8 6 7 9 6 9 8 6 8 8 7 11 7 6 6 8 6 5 6 9 6 6 6 6 6 6 6 7 6 6 6 9 6 6 7 7 6 6 8 6 7 7 10 7 6 6 6 8 7 7 6 7 14 6 13 6 11 12 
295795833748
6 7 10 8 10 6 7 6 7 12 8 6 7 8 7 6 7 6 6 6 6 6 9 11 6 7 6 6 9 9 8 6 7 6 6 6 6 6 6 6 9 6 6 7 9 6 6 6 6 6 8 6 7 7 9 7 7 6 8 6 7 12 7 7 9 6 6 6 6 7 7 9 6 10 9 8 7 6 6 7 6 7 6 7 8 6 9 7 6 10 7 8 9 6 6 10 6 6 6 6 
297843150072
7 7 6 7 6 7 6 6 6 7 7 6 7 6 7 6 6 6 8 6 6 6 9 6 7 10 9 6 9 7 6 6 8 6 7 8 8 10 6 7 8 6 9 6 6 9 7 6 6 6 9 6 7 5 6 8 7 6 6 6 7 8 6 6 6 6 7 9 7 7 7 6 8 6 6 8 12 8 7 11 6 7 10 12 6 7 7 9 8 8 7 7 7 6 6 6 6 7 8 7 
260543529971
10 8 6 10 8 7 7 7 6 8 9 7 6 6 7 6 8 8 5 6 6 11 5 6 10 6 10 6 8 5 6 6 6 7 8 7 8 8 6 7 8 8 6 7 8 7 5 6 8 6 6 9 7 8 5 5 9 8 7 12 8 6 7 7 6 7 6 9 12 6 7 7 6 6 6 7 6 5 9 6 11 8 6 7 9 7 6 9 6 11 7 10 8 9 6 7 7 7 10 6 
