1546
524289 ^ 524289
524289 + 524289
1048578 + 524289
1572867 + 524289
2097156 + 524289
2621445 + 524289
3145734 + 524289
3670023 + 524289
4194312 + 524289
4718601 + 524289
5242890 + 524289
524289 + 524289
1048578 + 1048578
2097156 + 2097156
4194312 + 4194312
8388624 + 8388624
16777248 + 16777248
33554496 + 33554496
67108992 + 67108992
134217984 + 134217984
268435968 + 268435968
536871936 + 536871936
1073743872 + 1073743872
2147487744 + 2147487744
4294975488 + 4294975488
8589950976 + 8589950976
17179901952 + 17179901952
34359803904 + 34359803904
68719607808 + 68719607808
137439215616 + 137439215616
274878431232 + 274878431232
0 + 8388624
8388624 + 16777248
25165872 + 134217984
159383856 + 536871936
696255792 + 1073743872
1769999664 + 2147487744
3917487408 + 4294975488
8212462896 + 8589950976
16802413872 + 17179901952
33982315824 + 34359803904
68342119728 + 137439215616
205781335344 + 549756862464
524289 + 524289
1048578 + 1048578
2097156 + 2097156
4194312 + 4194312
8388624 + 8388624
16777248 + 16777248
33554496 + 33554496
67108992 + 67108992
134217984 + 134217984
268435968 + 268435968
536871936 + 536871936
1073743872 + 1073743872
2147487744 + 2147487744
4294975488 + 4294975488
8589950976 + 8589950976
17179901952 + 17179901952
34359803904 + 34359803904
68719607808 + 68719607808
137439215616 + 137439215616
0 + 4194312
4194312 + 8388624
12582936 + 16777248
29360184 + 67108992
96469176 + 536871936
633341112 + 1073743872
1707084984 + 4294975488
6002060472 + 17179901952
23181962424 + 34359803904
57541766328 + 137439215616
194980981944 + 274878431232
524289 + 524289
1048578 + 1048578
2097156 + 2097156
4194312 + 4194312
8388624 + 8388624
16777248 + 16777248
33554496 + 33554496
67108992 + 67108992
134217984 + 134217984
268435968 + 268435968
536871936 + 536871936
1073743872 + 1073743872
2147487744 + 2147487744
4294975488 + 4294975488
8589950976 + 8589950976
17179901952 + 17179901952
34359803904 + 34359803904
0 + 1048578
1048578 + 2097156
3145734 + 67108992
70254726 + 134217984
204472710 + 268435968
472908678 + 4294975488
4767884166 + 17179901952
21947786118 + 34359803904
56307590022 + 68719607808
524289 + 524289
1048578 + 1048578
2097156 + 2097156
4194312 + 4194312
8388624 + 8388624
16777248 + 16777248
33554496 + 33554496
67108992 + 67108992
134217984 + 134217984
268435968 + 268435968
536871936 + 536871936
1073743872 + 1073743872
2147487744 + 2147487744
4294975488 + 4294975488
8589950976 + 8589950976
17179901952 + 17179901952
34359803904 + 34359803904
68719607808 + 68719607808
137439215616 + 137439215616
274878431232 + 274878431232
0 + 8388624
8388624 + 33554496
41943120 + 67108992
109052112 + 134217984
243270096 + 268435968
511706064 + 536871936
1048578000 + 1073743872
2122321872 + 17179901952
19302223824 + 549756862464
524289 + 524289
1048578 + 1048578
2097156 + 2097156
4194312 + 4194312
8388624 + 8388624
16777248 + 16777248
33554496 + 33554496
67108992 + 67108992
134217984 + 134217984
268435968 + 268435968
536871936 + 536871936
1073743872 + 1073743872
2147487744 + 2147487744
4294975488 + 4294975488
8589950976 + 8589950976
17179901952 + 17179901952
34359803904 + 34359803904
68719607808 + 68719607808
0 + 2097156
2097156 + 4194312
6291468 + 8388624
14680092 + 16777248
31457340 + 67108992
98566332 + 268435968
367002300 + 4294975488
4661977788 + 68719607808
73381585596 + 137439215616
524289 + 524289
1048578 + 1048578
2097156 + 2097156
4194312 + 4194312
8388624 + 8388624
16777248 + 16777248
33554496 + 33554496
67108992 + 67108992
134217984 + 134217984
268435968 + 268435968
536871936 + 536871936
1073743872 + 1073743872
2147487744 + 2147487744
4294975488 + 4294975488
8589950976 + 8589950976
17179901952 + 17179901952
34359803904 + 34359803904
68719607808 + 68719607808
137439215616 + 137439215616
0 + 524289
524289 + 2097156
2621445 + 4194312
6815757 + 8388624
15204381 + 16777248
31981629 + 33554496
65536125 + 268435968
333972093 + 536871936
870844029 + 2147487744
3018331773 + 8589950976
11608282749 + 137439215616
149047498365 + 274878431232
524289 + 524289
1048578 + 1048578
2097156 + 2097156
4194312 + 4194312
8388624 + 8388624
16777248 + 16777248
33554496 + 33554496
67108992 + 67108992
134217984 + 134217984
268435968 + 268435968
536871936 + 536871936
1073743872 + 1073743872
2147487744 + 2147487744
4294975488 + 4294975488
8589950976 + 8589950976
17179901952 + 17179901952
34359803904 + 34359803904
68719607808 + 68719607808
137439215616 + 137439215616
0 + 2097156
2097156 + 4194312
6291468 + 16777248
23068716 + 33554496
56623212 + 67108992
123732204 + 1073743872
1197476076 + 34359803904
35557279980 + 137439215616
172996495596 + 274878431232
524289 + 524289
1048578 + 1048578
2097156 + 2097156
4194312 + 4194312
8388624 + 8388624
16777248 + 16777248
33554496 + 33554496
67108992 + 67108992
134217984 + 134217984
268435968 + 268435968
536871936 + 536871936
1073743872 + 1073743872
2147487744 + 2147487744
4294975488 + 4294975488
8589950976 + 8589950976
17179901952 + 17179901952
34359803904 + 34359803904
68719607808 + 68719607808
137439215616 + 137439215616
0 + 8388624
8388624 + 16777248
25165872 + 134217984
159383856 + 1073743872
1233127728 + 4294975488
5528103216 + 17179901952
22708005168 + 68719607808
91427612976 + 274878431232
524289 + 524289
1048578 + 1048578
2097156 + 2097156
4194312 + 4194312
8388624 + 8388624
16777248 + 16777248
33554496 + 33554496
67108992 + 67108992
134217984 + 134217984
268435968 + 268435968
536871936 + 536871936
1073743872 + 1073743872
2147487744 + 2147487744
4294975488 + 4294975488
8589950976 + 8589950976
17179901952 + 17179901952
34359803904 + 34359803904
68719607808 + 68719607808
137439215616 + 137439215616
0 + 524289
524289 + 8388624
8912913 + 16777248
25690161 + 67108992
92799153 + 134217984
227017137 + 536871936
763889073 + 2147487744
2911376817 + 8589950976
11501327793 + 34359803904
45861131697 + 137439215616
183300347313 + 274878431232
524289 + 524289
1048578 + 1048578
2097156 + 2097156
4194312 + 4194312
8388624 + 8388624
16777248 + 16777248
33554496 + 33554496
67108992 + 67108992
134217984 + 134217984
268435968 + 268435968
536871936 + 536871936
1073743872 + 1073743872
2147487744 + 2147487744
4294975488 + 4294975488
8589950976 + 8589950976
17179901952 + 17179901952
34359803904 + 34359803904
68719607808 + 68719607808
137439215616 + 137439215616
0 + 524289
524289 + 1048578
1572867 + 4194312
5767179 + 8388624
14155803 + 33554496
47710299 + 67108992
114819291 + 268435968
383255259 + 536871936
920127195 + 17179901952
18100029147 + 34359803904
52459833051 + 68719607808
121179440859 + 137439215616
258618656475 + 274878431232
524289 + 524289
1048578 + 1048578
2097156 + 2097156
4194312 + 4194312
8388624 + 8388624
16777248 + 16777248
33554496 + 33554496
67108992 + 67108992
134217984 + 134217984
268435968 + 268435968
536871936 + 536871936
1073743872 + 1073743872
2147487744 + 2147487744
4294975488 + 4294975488
8589950976 + 8589950976
17179901952 + 17179901952
34359803904 + 34359803904
68719607808 + 68719607808
137439215616 + 137439215616
0 + 524289
524289 + 1048578
1572867 + 4194312
5767179 + 16777248
22544427 + 33554496
56098923 + 536871936
592970859 + 2147487744
2740458603 + 137439215616
140179674219 + 274878431232
524289 + 524289
1048578 + 1048578
2097156 + 2097156
4194312 + 4194312
8388624 + 8388624
16777248 + 16777248
33554496 + 33554496
67108992 + 67108992
134217984 + 134217984
268435968 + 268435968
536871936 + 536871936
1073743872 + 1073743872
2147487744 + 2147487744
4294975488 + 4294975488
8589950976 + 8589950976
17179901952 + 17179901952
34359803904 + 34359803904
68719607808 + 68719607808
137439215616 + 137439215616
274878431232 + 274878431232
0 + 524289
524289 + 1048578
1572867 + 2097156
3670023 + 4194312
7864335 + 8388624
16252959 + 33554496
49807455 + 67108992
116916447 + 134217984
251134431 + 536871936
788006367 + 1073743872
1861750239 + 68719607808
70581358047 + 137439215616
208020573663 + 549756862464
524289 + 524289
1048578 + 1048578
2097156 + 2097156
4194312 + 4194312
8388624 + 8388624
16777248 + 16777248
33554496 + 33554496
67108992 + 67108992
134217984 + 134217984
268435968 + 268435968
536871936 + 536871936
1073743872 + 1073743872
2147487744 + 2147487744
4294975488 + 4294975488
8589950976 + 8589950976
17179901952 + 17179901952
34359803904 + 34359803904
68719607808 + 68719607808
137439215616 + 137439215616
274878431232 + 274878431232
0 + 1048578
1048578 + 4194312
5242890 + 8388624
13631514 + 16777248
30408762 + 67108992
97517754 + 134217984
231735738 + 536871936
768607674 + 2147487744
2916095418 + 4294975488
7211070906 + 68719607808
75930678714 + 137439215616
213369894330 + 549756862464
524289 + 524289
1048578 + 1048578
2097156 + 2097156
4194312 + 4194312
8388624 + 8388624
16777248 + 16777248
33554496 + 33554496
67108992 + 67108992
134217984 + 134217984
268435968 + 268435968
536871936 + 536871936
1073743872 + 1073743872
2147487744 + 2147487744
4294975488 + 4294975488
8589950976 + 8589950976
17179901952 + 17179901952
34359803904 + 34359803904
68719607808 + 68719607808
137439215616 + 137439215616
274878431232 + 274878431232
0 + 4194312
4194312 + 33554496
37748808 + 134217984
171966792 + 268435968
440402760 + 536871936
977274696 + 4294975488
5272250184 + 34359803904
39632054088 + 549756862464
524289 + 524289
1048578 + 1048578
2097156 + 2097156
4194312 + 4194312
8388624 + 8388624
16777248 + 16777248
33554496 + 33554496
67108992 + 67108992
134217984 + 134217984
268435968 + 268435968
536871936 + 536871936
1073743872 + 1073743872
2147487744 + 2147487744
4294975488 + 4294975488
8589950976 + 8589950976
17179901952 + 17179901952
34359803904 + 34359803904
68719607808 + 68719607808
0 + 1048578
1048578 + 4194312
5242890 + 8388624
13631514 + 67108992
80740506 + 268435968
349176474 + 1073743872
1422920346 + 4294975488
5717895834 + 68719607808
74437503642 + 137439215616
524289 + 524289
1048578 + 1048578
2097156 + 2097156
4194312 + 4194312
8388624 + 8388624
16777248 + 16777248
33554496 + 33554496
67108992 + 67108992
134217984 + 134217984
268435968 + 268435968
536871936 + 536871936
1073743872 + 1073743872
2147487744 + 2147487744
4294975488 + 4294975488
8589950976 + 8589950976
17179901952 + 17179901952
34359803904 + 34359803904
68719607808 + 68719607808
0 + 524289
524289 + 16777248
17301537 + 67108992
84410529 + 134217984
218628513 + 536871936
755500449 + 1073743872
1829244321 + 2147487744
3976732065 + 8589950976
12566683041 + 17179901952
29746584993 + 68719607808
98466192801 + 137439215616
524289 + 524289
1048578 + 1048578
2097156 + 2097156
4194312 + 4194312
8388624 + 8388624
16777248 + 16777248
33554496 + 33554496
67108992 + 67108992
134217984 + 134217984
268435968 + 268435968
536871936 + 536871936
1073743872 + 1073743872
2147487744 + 2147487744
4294975488 + 4294975488
8589950976 + 8589950976
17179901952 + 17179901952
34359803904 + 34359803904
68719607808 + 68719607808
137439215616 + 137439215616
274878431232 + 274878431232
0 + 524289
524289 + 4194312
4718601 + 8388624
13107225 + 33554496
46661721 + 67108992
113770713 + 134217984
247988697 + 1073743872
1321732569 + 2147487744
3469220313 + 4294975488
7764195801 + 17179901952
24944097753 + 68719607808
93663705561 + 137439215616
231102921177 + 549756862464
524289 + 524289
1048578 + 1048578
2097156 + 2097156
4194312 + 4194312
8388624 + 8388624
16777248 + 16777248
33554496 + 33554496
67108992 + 67108992
134217984 + 134217984
268435968 + 268435968
536871936 + 536871936
1073743872 + 1073743872
2147487744 + 2147487744
4294975488 + 4294975488
8589950976 + 8589950976
17179901952 + 17179901952
34359803904 + 34359803904
68719607808 + 68719607808
137439215616 + 137439215616
0 + 16777248
16777248 + 67108992
83886240 + 268435968
352322208 + 536871936
889194144 + 1073743872
1962938016 + 17179901952
19142839968 + 68719607808
87862447776 + 274878431232
524289 + 524289
1048578 + 1048578
2097156 + 2097156
4194312 + 4194312
8388624 + 8388624
16777248 + 16777248
33554496 + 33554496
67108992 + 67108992
134217984 + 134217984
268435968 + 268435968
536871936 + 536871936
1073743872 + 1073743872
2147487744 + 2147487744
4294975488 + 4294975488
8589950976 + 8589950976
17179901952 + 17179901952
34359803904 + 34359803904
68719607808 + 68719607808
137439215616 + 137439215616
0 + 524289
524289 + 1048578
1572867 + 2097156
3670023 + 16777248
20447271 + 33554496
54001767 + 134217984
188219751 + 268435968
456655719 + 4294975488
4751631207 + 68719607808
73471239015 + 137439215616
210910454631 + 274878431232
524289 + 524289
1048578 + 1048578
2097156 + 2097156
4194312 + 4194312
8388624 + 8388624
16777248 + 16777248
33554496 + 33554496
67108992 + 67108992
134217984 + 134217984
268435968 + 268435968
536871936 + 536871936
1073743872 + 1073743872
2147487744 + 2147487744
4294975488 + 4294975488
8589950976 + 8589950976
17179901952 + 17179901952
34359803904 + 34359803904
68719607808 + 68719607808
137439215616 + 137439215616
274878431232 + 274878431232
0 + 524289
524289 + 2097156
2621445 + 4194312
6815757 + 8388624
15204381 + 33554496
48758877 + 536871936
585630813 + 1073743872
1659374685 + 17179901952
18839276637 + 34359803904
53199080541 + 549756862464
524289 ^ 1048578
524289 ^ 1572867
524289 ^ 2097156
524289 ^ 2621445
524289 ^ 3145734
524289 ^ 3670023
524289 ^ 4194312
524289 ^ 4718601
524289 ^ 5242890
524289 ^ 755538197808
524289 ^ 469859413176
524289 ^ 125027197830
524289 ^ 569059086288
524289 ^ 210820801212
524289 ^ 423925929597
524289 ^ 447874926828
524289 ^ 366306044208
524289 ^ 458178778545
524289 ^ 533497087707
524289 ^ 415058105451
524289 ^ 757777436127
524289 ^ 763126756794
524289 ^ 589388916552
524289 ^ 211876719258
524289 ^ 235905408417
524289 ^ 780859783641
524289 ^ 362740879008
524289 ^ 485788885863
524289 ^ 602955943005
1048578 ^ 1572867
1048578 ^ 2097156
1048578 ^ 2621445
1048578 ^ 3145734
1048578 ^ 3670023
1048578 ^ 4194312
1048578 ^ 4718601
1048578 ^ 5242890
1048578 ^ 755538197808
1048578 ^ 469859413176
1048578 ^ 125027197830
1048578 ^ 569059086288
1048578 ^ 210820801212
1048578 ^ 423925929597
1048578 ^ 447874926828
1048578 ^ 366306044208
1048578 ^ 458178778545
1048578 ^ 533497087707
1048578 ^ 415058105451
1048578 ^ 757777436127
1048578 ^ 763126756794
1048578 ^ 589388916552
1048578 ^ 211876719258
1048578 ^ 235905408417
1048578 ^ 780859783641
1048578 ^ 362740879008
1048578 ^ 485788885863
1048578 ^ 602955943005
1572867 ^ 2097156
1572867 ^ 2621445
1572867 ^ 3145734
1572867 ^ 3670023
1572867 ^ 4194312
1572867 ^ 4718601
1572867 ^ 5242890
1572867 ^ 755538197808
1572867 ^ 469859413176
1572867 ^ 125027197830
1572867 ^ 569059086288
1572867 ^ 210820801212
1572867 ^ 423925929597
1572867 ^ 447874926828
1572867 ^ 366306044208
1572867 ^ 458178778545
1572867 ^ 533497087707
1572867 ^ 415058105451
1572867 ^ 757777436127
1572867 ^ 763126756794
1572867 ^ 589388916552
1572867 ^ 211876719258
1572867 ^ 235905408417
1572867 ^ 780859783641
1572867 ^ 362740879008
1572867 ^ 485788885863
1572867 ^ 602955943005
2097156 ^ 2621445
2097156 ^ 3145734
2097156 ^ 3670023
2097156 ^ 4194312
2097156 ^ 4718601
2097156 ^ 5242890
2097156 ^ 755538197808
2097156 ^ 469859413176
2097156 ^ 125027197830
2097156 ^ 569059086288
2097156 ^ 210820801212
2097156 ^ 423925929597
2097156 ^ 447874926828
2097156 ^ 366306044208
2097156 ^ 458178778545
2097156 ^ 533497087707
2097156 ^ 415058105451
2097156 ^ 757777436127
2097156 ^ 763126756794
2097156 ^ 589388916552
2097156 ^ 211876719258
2097156 ^ 235905408417
2097156 ^ 780859783641
2097156 ^ 362740879008
2097156 ^ 485788885863
2097156 ^ 602955943005
2621445 ^ 3145734
2621445 ^ 3670023
2621445 ^ 4194312
2621445 ^ 4718601
2621445 ^ 5242890
2621445 ^ 755538197808
2621445 ^ 469859413176
2621445 ^ 125027197830
2621445 ^ 569059086288
2621445 ^ 210820801212
2621445 ^ 423925929597
2621445 ^ 447874926828
2621445 ^ 366306044208
2621445 ^ 458178778545
2621445 ^ 533497087707
2621445 ^ 415058105451
2621445 ^ 757777436127
2621445 ^ 763126756794
2621445 ^ 589388916552
2621445 ^ 211876719258
2621445 ^ 235905408417
2621445 ^ 780859783641
2621445 ^ 362740879008
2621445 ^ 485788885863
2621445 ^ 602955943005
3145734 ^ 3670023
3145734 ^ 4194312
3145734 ^ 4718601
3145734 ^ 5242890
3145734 ^ 755538197808
3145734 ^ 469859413176
3145734 ^ 125027197830
3145734 ^ 569059086288
3145734 ^ 210820801212
3145734 ^ 423925929597
3145734 ^ 447874926828
3145734 ^ 366306044208
3145734 ^ 458178778545
3145734 ^ 533497087707
3145734 ^ 415058105451
3145734 ^ 757777436127
3145734 ^ 763126756794
3145734 ^ 589388916552
3145734 ^ 211876719258
3145734 ^ 235905408417
3145734 ^ 780859783641
3145734 ^ 362740879008
3145734 ^ 485788885863
3145734 ^ 602955943005
3670023 ^ 4194312
3670023 ^ 4718601
3670023 ^ 5242890
3670023 ^ 755538197808
3670023 ^ 469859413176
3670023 ^ 125027197830
3670023 ^ 569059086288
3670023 ^ 210820801212
3670023 ^ 423925929597
3670023 ^ 447874926828
3670023 ^ 366306044208
3670023 ^ 458178778545
3670023 ^ 533497087707
3670023 ^ 415058105451
3670023 ^ 757777436127
3670023 ^ 763126756794
3670023 ^ 589388916552
3670023 ^ 211876719258
3670023 ^ 235905408417
3670023 ^ 780859783641
3670023 ^ 362740879008
3670023 ^ 485788885863
3670023 ^ 602955943005
4194312 ^ 4718601
4194312 ^ 5242890
4194312 ^ 755538197808
4194312 ^ 469859413176
4194312 ^ 125027197830
4194312 ^ 569059086288
4194312 ^ 210820801212
4194312 ^ 423925929597
4194312 ^ 447874926828
4194312 ^ 366306044208
4194312 ^ 458178778545
4194312 ^ 533497087707
4194312 ^ 415058105451
4194312 ^ 757777436127
4194312 ^ 763126756794
4194312 ^ 589388916552
4194312 ^ 211876719258
4194312 ^ 235905408417
4194312 ^ 780859783641
4194312 ^ 362740879008
4194312 ^ 485788885863
4194312 ^ 602955943005
4718601 ^ 5242890
4718601 ^ 755538197808
4718601 ^ 469859413176
4718601 ^ 125027197830
4718601 ^ 569059086288
4718601 ^ 210820801212
4718601 ^ 423925929597
4718601 ^ 447874926828
4718601 ^ 366306044208
4718601 ^ 458178778545
4718601 ^ 533497087707
4718601 ^ 415058105451
4718601 ^ 757777436127
4718601 ^ 763126756794
4718601 ^ 589388916552
4718601 ^ 211876719258
4718601 ^ 235905408417
4718601 ^ 780859783641
4718601 ^ 362740879008
4718601 ^ 485788885863
4718601 ^ 602955943005
5242890 ^ 755538197808
5242890 ^ 469859413176
5242890 ^ 125027197830
5242890 ^ 569059086288
5242890 ^ 210820801212
5242890 ^ 423925929597
5242890 ^ 447874926828
5242890 ^ 366306044208
5242890 ^ 458178778545
5242890 ^ 533497087707
5242890 ^ 415058105451
5242890 ^ 757777436127
5242890 ^ 763126756794
5242890 ^ 589388916552
5242890 ^ 211876719258
5242890 ^ 235905408417
5242890 ^ 780859783641
5242890 ^ 362740879008
5242890 ^ 485788885863
5242890 ^ 602955943005
755538197808 ^ 469859413176
755538197808 ^ 125027197830
755538197808 ^ 569059086288
755538197808 ^ 210820801212
755538197808 ^ 423925929597
755538197808 ^ 447874926828
755538197808 ^ 366306044208
755538197808 ^ 458178778545
755538197808 ^ 533497087707
755538197808 ^ 415058105451
755538197808 ^ 757777436127
755538197808 ^ 763126756794
755538197808 ^ 589388916552
755538197808 ^ 211876719258
755538197808 ^ 235905408417
755538197808 ^ 780859783641
755538197808 ^ 362740879008
755538197808 ^ 485788885863
755538197808 ^ 602955943005
469859413176 ^ 125027197830
469859413176 ^ 569059086288
469859413176 ^ 210820801212
469859413176 ^ 423925929597
469859413176 ^ 447874926828
469859413176 ^ 366306044208
469859413176 ^ 458178778545
469859413176 ^ 533497087707
469859413176 ^ 415058105451
469859413176 ^ 757777436127
469859413176 ^ 763126756794
469859413176 ^ 589388916552
469859413176 ^ 211876719258
469859413176 ^ 235905408417
469859413176 ^ 780859783641
469859413176 ^ 362740879008
469859413176 ^ 485788885863
469859413176 ^ 602955943005
125027197830 ^ 569059086288
125027197830 ^ 210820801212
125027197830 ^ 423925929597
125027197830 ^ 447874926828
125027197830 ^ 366306044208
125027197830 ^ 458178778545
125027197830 ^ 533497087707
125027197830 ^ 415058105451
125027197830 ^ 757777436127
125027197830 ^ 763126756794
125027197830 ^ 589388916552
125027197830 ^ 211876719258
125027197830 ^ 235905408417
125027197830 ^ 780859783641
125027197830 ^ 362740879008
125027197830 ^ 485788885863
125027197830 ^ 602955943005
569059086288 ^ 210820801212
569059086288 ^ 423925929597
569059086288 ^ 447874926828
569059086288 ^ 366306044208
569059086288 ^ 458178778545
569059086288 ^ 533497087707
569059086288 ^ 415058105451
569059086288 ^ 757777436127
569059086288 ^ 763126756794
569059086288 ^ 589388916552
569059086288 ^ 211876719258
569059086288 ^ 235905408417
569059086288 ^ 780859783641
569059086288 ^ 362740879008
569059086288 ^ 485788885863
569059086288 ^ 602955943005
210820801212 ^ 423925929597
210820801212 ^ 447874926828
210820801212 ^ 366306044208
210820801212 ^ 458178778545
210820801212 ^ 533497087707
210820801212 ^ 415058105451
210820801212 ^ 757777436127
210820801212 ^ 763126756794
210820801212 ^ 589388916552
210820801212 ^ 211876719258
210820801212 ^ 235905408417
210820801212 ^ 780859783641
210820801212 ^ 362740879008
210820801212 ^ 485788885863
210820801212 ^ 602955943005
423925929597 ^ 447874926828
423925929597 ^ 366306044208
423925929597 ^ 458178778545
423925929597 ^ 533497087707
423925929597 ^ 415058105451
423925929597 ^ 757777436127
423925929597 ^ 763126756794
423925929597 ^ 589388916552
423925929597 ^ 211876719258
423925929597 ^ 235905408417
423925929597 ^ 780859783641
423925929597 ^ 362740879008
423925929597 ^ 485788885863
423925929597 ^ 602955943005
447874926828 ^ 366306044208
447874926828 ^ 458178778545
447874926828 ^ 533497087707
447874926828 ^ 415058105451
447874926828 ^ 757777436127
447874926828 ^ 763126756794
447874926828 ^ 589388916552
447874926828 ^ 211876719258
447874926828 ^ 235905408417
447874926828 ^ 780859783641
447874926828 ^ 362740879008
447874926828 ^ 485788885863
447874926828 ^ 602955943005
366306044208 ^ 458178778545
366306044208 ^ 533497087707
366306044208 ^ 415058105451
366306044208 ^ 757777436127
366306044208 ^ 763126756794
366306044208 ^ 589388916552
366306044208 ^ 211876719258
366306044208 ^ 235905408417
366306044208 ^ 780859783641
366306044208 ^ 362740879008
366306044208 ^ 485788885863
366306044208 ^ 602955943005
458178778545 ^ 533497087707
458178778545 ^ 415058105451
458178778545 ^ 757777436127
458178778545 ^ 763126756794
458178778545 ^ 589388916552
458178778545 ^ 211876719258
458178778545 ^ 235905408417
458178778545 ^ 780859783641
458178778545 ^ 362740879008
458178778545 ^ 485788885863
458178778545 ^ 602955943005
533497087707 ^ 415058105451
533497087707 ^ 757777436127
533497087707 ^ 763126756794
533497087707 ^ 589388916552
533497087707 ^ 211876719258
533497087707 ^ 235905408417
533497087707 ^ 780859783641
533497087707 ^ 362740879008
533497087707 ^ 485788885863
533497087707 ^ 602955943005
415058105451 ^ 757777436127
415058105451 ^ 763126756794
415058105451 ^ 589388916552
415058105451 ^ 211876719258
415058105451 ^ 235905408417
415058105451 ^ 780859783641
415058105451 ^ 362740879008
415058105451 ^ 485788885863
415058105451 ^ 602955943005
757777436127 ^ 763126756794
757777436127 ^ 589388916552
757777436127 ^ 211876719258
757777436127 ^ 235905408417
757777436127 ^ 780859783641
757777436127 ^ 362740879008
757777436127 ^ 485788885863
757777436127 ^ 602955943005
763126756794 ^ 589388916552
763126756794 ^ 211876719258
763126756794 ^ 235905408417
763126756794 ^ 780859783641
763126756794 ^ 362740879008
763126756794 ^ 485788885863
763126756794 ^ 602955943005
589388916552 ^ 211876719258
589388916552 ^ 235905408417
589388916552 ^ 780859783641
589388916552 ^ 362740879008
589388916552 ^ 485788885863
589388916552 ^ 602955943005
211876719258 ^ 235905408417
211876719258 ^ 780859783641
211876719258 ^ 362740879008
211876719258 ^ 485788885863
211876719258 ^ 602955943005
235905408417 ^ 780859783641
235905408417 ^ 362740879008
235905408417 ^ 485788885863
235905408417 ^ 602955943005
780859783641 ^ 362740879008
780859783641 ^ 485788885863
780859783641 ^ 602955943005
362740879008 ^ 485788885863
362740879008 ^ 602955943005
485788885863 ^ 602955943005
2621445 ^ 84434646298
34836382605 ^ 362742451877
108920515467 ^ 569060134870
835578253704 ^ 1572867
6815757 ^ 755541343546
533497611994 ^ 741717939772
56600143292 ^ 415054435426
210820276923 ^ 125031392142
458177729971 ^ 589388392267
2621445 ^ 366310238520
959443627112 ^ 940605399051
780854540755 ^ 569062232026
435417820188 ^ 1080664486800
959443627112 ^ 6291468
744962764377 ^ 122382159839
469854694577 ^ 893547839856
895621927142 ^ 1065707045935
274410241153 ^ 5767179
366311287098 ^ 569058037714
780860307934 ^ 6815757
366309189942 ^ 563241575544
569058037714 ^ 883068875617
235906981284 ^ 569063804889
447871781094 ^ 867452927746
166761650808 ^ 235908554151
935942896982 ^ 190201563420
932736869741 ^ 780860832223
22962285333 ^ 352048004849
240425828173 ^ 1003297780515
129997457546 ^ 383636941392
2097156 ^ 959443627112
174586664137 ^ 125024576385
533497611994 ^ 467708779698
469856267442 ^ 122382159839
898576819944 ^ 951498027317
1052480283027 ^ 210820276923
847249451137 ^ 463981609185
7340046 ^ 533496039133
12532079965 ^ 370682808778
235906456995 ^ 2621445
548409964027 ^ 1572867
763127805368 ^ 235910651307
156007959127 ^ 125031916431
3670023 ^ 33182775099
352048004849 ^ 780860307934
755542916409 ^ 755539246390
6815757 ^ 189143548218
909986921451 ^ 485789934437
909986921451 ^ 835576680843
275123274203 ^ 362742451877
699075418254 ^ 857634043356
5767179 ^ 22055789652
172938299515 ^ 119031428822
178231521259 ^ 741717939772
1080664486800 ^ 959445724268
485789410150 ^ 3670023
548409964027 ^ 569062232026
359268512961 ^ 469860461754
366305519921 ^ 763127805368
431047347084 ^ 210818704056
458180351414 ^ 427961906321
211877767836 ^ 210820276923
755537149234 ^ 415058629738
125031916431 ^ 125024052096
447873353963 ^ 3145734
757781106134 ^ 1094191143
423924356728 ^ 423921735285
34240790301 ^ 415057581164
570613603173 ^ 125030343564
33183299388 ^ 969518888825
955148651630 ^ 763123611056
397018893828 ^ 548409964027
5767179 ^ 396903550248
948251105538 ^ 984193737967
366311811389 ^ 932736869741
533495514846 ^ 835576680843
210817131189 ^ 76103694092
977503810297 ^ 154080672767
362740354721 ^ 189141975351
140350592441 ^ 38185540743
1011626635573 ^ 235905932706
274412862602 ^ 1025742592609
681780172714 ^ 1052480283027
447874402541 ^ 97097274218
897891574225 ^ 589389965134
240425828173 ^ 763122562482
791074506228 ^ 991288416685
74409716323 ^ 12532079965
415056532590 ^ 415056532590
780861880797 ^ 780859259352
982976338875 ^ 458181924283
4718601 ^ 2621445
331299791975 ^ 47053364881
275123274203 ^ 533493941969
415053911139 ^ 553936494368
909986921451 ^ 269573150843
602954370142 ^ 33182775099
485784691567 ^ 210820276923
755539246390 ^ 415058629738
895621927142 ^ 447870208229
763124659646 ^ 350954338007
1053975555255 ^ 415054435426
756694255089 ^ 458178254258
210821849790 ^ 7864335
395960878626 ^ 857634043356
660474640617 ^ 940605399051
602953845849 ^ 84434646298
366307617077 ^ 223633900047
569060134870 ^ 3145734
469859937467 ^ 418092165946
12532079965 ^ 7340046
485791507298 ^ 188730932775
447873353963 ^ 140350592441
362742976164 ^ 7864335
1025709562400 ^ 556112818019
366306568499 ^ 84433073439
362745073320 ^ 485785215854
241261020552 ^ 755541343546
898572625632 ^ 4718601
755540819253 ^ 332359904321
1001186468712 ^ 156007959127
447870732516 ^ 6815757
366305519921 ^ 423920686711
423921735285 ^ 757782678997
589388392267 ^ 514081617463
56988117144 ^ 524289
780861880797 ^ 415053911139
223157845677 ^ 830879575736
920908385614 ^ 962530116457
429989331882 ^ 1088669331258
602950700119 ^ 178231521259
1014585198396 ^ 969518888825
332359904321 ^ 189140926773
877681806084 ^ 469856267442
125025100674 ^ 22962285333
569058037714 ^ 883068875617
602953321560 ^ 602952797275
393136533785 ^ 2621445
602953845849 ^ 235905932706
447872829672 ^ 744962764377
813747384033 ^ 766987096701
458183497144 ^ 447870208229
1011626635573 ^ 845397138110
674889442397 ^ 235905932706
122767512240 ^ 210817131189
246133762520 ^ 658784857174
265467967975 ^ 211877767836
5767179 ^ 780855065040
210819228345 ^ 780858735067
173032147262 ^ 469860461754
8867824150 ^ 602953321560
898572625632 ^ 210821849790
1093666854 ^ 951498027317
757779008986 ^ 602949127248
395960878626 ^ 757779008986
957556710999 ^ 211878816414
383636941392 ^ 932736869741
7864335 ^ 835578253704
964343107817 ^ 76103694092
366309714233 ^ 447871781094
363538322583 ^ 166761650808
362744024742 ^ 8867824150
84434646298 ^ 447872829672
160764308935 ^ 905649478560
611767668224 ^ 980856638448
602955418716 ^ 979883033777
423924356728 ^ 658822605968
305328087770 ^ 928114737917
589387867978 ^ 969518888825
682840285068 ^ 766980805233
331299791975 ^ 763128329657
246245436055 ^ 1093269442940
533493417682 ^ 962658567262
602953845849 ^ 396220925968
589391013708 ^ 12532079965
812657911495 ^ 540081108973
125030343564 ^ 858434632683
2621445 ^ 423457215233
276212746749 ^ 135402352879
378844415647 ^ 469862034623
423923308154 ^ 246245436055
1016860612662 ^ 211872524946
243063526130 ^ 458178254258
651853756594 ^ 1048578
125026673541 ^ 600678431589
504044104554 ^ 257928167818
68018633413 ^ 140350592441
938516631619 ^ 394710449389
1076428231680 ^ 757776911838
448850628659 ^ 602954370142
984193737967 ^ 188730932775
1572867 ^ 310675835574
366307092786 ^ 763122562482
636299150542 ^ 682840285068
240425828173 ^ 125024052096
467708779698 ^ 780861880797
310675835574 ^ 235909078440
108920515467 ^ 4194312
258543683148 ^ 589383673666
905649478560 ^ 480214120926
317383064755 + 602953321560
569061183444 + 756694255089
158913044476 + 213411313161
979689046911 + 230756366152
847249451137 + 756694255089
458183497144 + 56600143292
38185540743 + 845397138110
867452927746 + 447873353963
780861880797 + 895621927142
72266947176 + 119031428822
235908029862 + 600499124753
658784857174 + 458179302832
447872829672 + 580909590555
211879340703 + 939567831150
4718601 + 694694459364
485785215854 + 589388392267
213411313161 + 396903550248
366309714233 + 423925405310
434359804986 + 3145734
173032147262 + 362740354721
191298375998 + 643288447189
980856638448 + 485792031585
210817131189 + 555751582894
589387867978 + 533498660568
415056008303 + 780858735067
261801090705 + 570613603173
1195914743370 + 983085390985
210817131189 + 258639103754
84433073439 + 2621445
1063854208615 + 108920515467
12524739923 + 589388392267
191298375998 + 423923832441
763123086771 + 2179000134355
58018345029 + 780858735067
469860461754 + 1028782420227
485791507298 + 317383064755
447872305385 + 533495514846
485784691567 + 469858888889
763128329657 + 187217310432
946836573816 + 1011626635573
1048578 + 6291468
589387867978 + 1676483807939
1001186468712 + 485785740141
4718601 + 1016860612662
920908385614 + 12524739923
766980805233 + 569059610577
602952272986 + 569060134870
535772501983 + 569059086288
744962764377 + 801276645883
569060134870 + 682917355559
211878292125 ^ 429989331882
3145734 ^ 780861356508
431047347084 ^ 589384722240
7564965989 ^ 779192020332
68018633413 ^ 569519936323
757776911838 ^ 951688344228
658822605968 ^ 7340046
569059086288 ^ 393139155228
1122886528546 ^ 447872305385
69776050143 ^ 834586823187
415058629738 ^ 396899880227
602954894431 ^ 485784691567
957556710999 ^ 980856638448
1048578 ^ 314990734048
1572867 ^ 396220925968
636299150542 ^ 569059086288
959443627112 ^ 423924881023
602952797275 ^ 211871476368
235908029862 ^ 366307092786
763126232509 ^ 184255601869
898576819944 ^ 682840285068
757777960412 ^ 928114737917
569059086288 ^ 485784691567
726981224544 ^ 1486972208853
38185540743 ^ 87971499902
418417225076 ^ 569059610577
210821325501 ^ 122382159839
780854540755 ^ 396903550248
756694255089 ^ 756694255089
6815757 ^ 396220925968
366311811389 ^ 1568569403083
959441529956 ^ 210815034033
304423164972 ^ 987879489605
211878816414 ^ 660474640617
166761650808 ^ 780859259352
469854694577 ^ 122767512240
964343107817 ^ 1210445413063
366306568499 ^ 813596388801
726981224544 ^ 951688344228
514081617463 ^ 491628416751
211872524946 ^ 660474640617
1018389439376 ^ 651853756594
423926453884 ^ 235904884128
262243066332 ^ 491628416751
423926453884 ^ 18844519523
846988355249 ^ 602954894431
979883033777 ^ 447873353963
777530024206 ^ 615222208439
533493417682 ^ 524289
154080672767 ^ 434359804986
418092165946 ^ 540081108973
407532461145 ^ 1066367650059
423924356728 ^ 555054802757
4194312 ^ 7864335
600499124753 ^ 415056008303
434359804986 ^ 763128329657
7864335 ^ 928114737917
415054959713 ^ 275123274203
775939855625 ^ 826940068138
241261020552 ^ 724032098935
396219353107 ^ 447870208229
210817655478 ^ 569058562003
152662995309 ^ 763126232509
46608243522 ^ 210815034033
256886405619 ^ 423920686711
423922259572 ^ 125030343564
524289 ^ 983900136101
74409716323 ^ 353164216128
823952145129 ^ 670354866828
125031392142 ^ 211877243547
602951224404 ^ 297096750468
362745597611 ^ 3670023
757781630423 ^ 847249451137
228993706528 ^ 203411024779
760439251334 ^ 983085390985
467708779698 ^ 480214120926
469861510332 ^ 3670023
533497611994 ^ 962530116457
962530116457 ^ 651853756594
353164216128 ^ 125025624963
555054802757 ^ 13612639596
332359904321 ^ 893927949385
780858210778 ^ 801276645883
406585595213 ^ 864612329936
984193737967 ^ 195424006149
1466648670033 ^ 76103694092
2621445 ^ 18844519523
417330373981 ^ 235266824413
1065707045935 ^ 755539246390
602951224404 ^ 213411313161
429989331882 ^ 485789410150
827697665757 ^ 0
68264524956 ^ 589387867978
757780581849 ^ 1036151826405
362745073320 ^ 812657911495
1084730872286 ^ 757778484701
372324357637 ^ 423924881023
210821325501 ^ 1048578
779192020332 ^ 1014585198396
898576819944 ^ 485789410150
184255601869 ^ 184255601869
959445724268 ^ 959441529956
777530024206 ^ 434362950720
7864335 ^ 6815757
600499124753 ^ 602955418716
780858210778 ^ 33059042893
366309714233 ^ 418417225076
265467967975 ^ 757781106134
13612639596 ^ 160763784646
0 ^ 801276645883
1486972208853 ^ 1001858082927
780855065040 ^ 1029284689097
600678431589 ^ 657207271569
755540294964 ^ 377029327129
946836573816 ^ 636299150542
4718601 ^ 5767179
22061556831 ^ 38808396071
261801090705 ^ 964343107817
983900136101 ^ 832414693878
815249996311 ^ 269922327313
780858210778 ^ 366305519921
74410240608 ^ 1958463209389
959441529956 ^ 556112818019
569519936323 ^ 699075418254
780861880797 ^ 757782678997
423923308154 ^ 766987096701
211877767836 ^ 228993706528
987879489605 ^ 792128327122
925517934500 ^ 861789557994
122767512240 ^ 7340046
757782678997 ^ 74409716323
447873878250 ^ 353164216128
569063804889 ^ 362741403299
569062232026 ^ 930583090529
362741403299 ^ 812052357758
22055789652 ^ 533496039133
246245436055 ^ 569060134870
6815757 ^ 5242890
24186500104 ^ 415058629738
483083030334 ^ 569060659159
832414693878 ^ 1325755438533
857634043356 ^ 624897437659
1002455772381 ^ 405550648727
1172774724082 ^ 363538322583
835578253704 ^ 297096750468
666988931440 ^ 396220925968
54156432251 ^ 24812501208
396226693149 ^ 744962764377
812052357758 ^ 111890088363
1075173608121 ^ 190856400381
122767512240 ^ 54742587357
569061707733 ^ 7340046
363715007972 ^ 433838661730
909986921451 ^ 1572867
231574781275 ^ 660474640617
514783640436 ^ 544858430343
405550648727 ^ 602954370142
514081617463 ^ 1002455772381
480214120926 ^ 2621445
480211499483 ^ 1001858082927
660474640617 ^ 2153437899827
223399542906 ^ 755539770679
611767668224 ^ 556112818019
1028782420227 ^ 687934277006
5242890 ^ 1116964160006
3145734 ^ 763123086771
898575247083 ^ 952551848211
342710942052 ^ 756694255089
178231521259 ^ 458177729971
757777960412 ^ 125024052096
600499124753 ^ 362741403299
7864335 ^ 660474640617
362370730972 ^ 757781630423
1035956266564 ^ 1035956266564
503237748054 ^ 569062232026
780854540755 ^ 5309998992
780858210778 ^ 191298375998
3670023 ^ 55830487032
602953321560 ^ 2621445
433838661730 ^ 362745597611
173032147262 ^ 210817131189
223914918989 ^ 504044104554
669646552397 ^ 755539246390
315297967398 ^ 1054992151626
610314863409 ^ 423921735285
33426045193 ^ 780861356508
342710942052 ^ 838877080096
3145734 ^ 602953845849
813747384033 ^ 1002455772381
780855589329 ^ 939571501159
764616261845 ^ 1116964160006
533492893395 ^ 611767668224
615222208439 ^ 223466651894
959445724268 ^ 1081648052968
949368365415 ^ 366310238520
485792031585 ^ 223400067195
815288793693 ^ 1048578
670354866828 ^ 804127729473
969518888825 ^ 366307617077
195075353954 ^ 1122886528546
7564965989 + 7564965989
1572867 + 1572867
3145734 + 3145734
6291468 + 6291468
12582936 + 12582936
25165872 + 25165872
50331744 + 50331744
100663488 + 100663488
201326976 + 201326976
402653952 + 402653952
805307904 + 805307904
1610615808 + 1610615808
3221231616 + 3221231616
6442463232 + 6442463232
12884926464 + 12884926464
25769852928 + 25769852928
51539705856 + 51539705856
103079411712 + 103079411712
206158823424 + 206158823424
412317646848 + 412317646848
824635293696 + 824635293696
1649270587392 + 1649270587392
3298541174784 + 3298541174784
6597082349568 + 6597082349568
13194164699136 + 13194164699136
26388329398272 + 26388329398272
52776658796544 + 52776658796544
105553317593088 + 105553317593088
211106635186176 + 211106635186176
0 + 1572867
1572867 + 3145734
4718601 + 12582936
17301537 + 50331744
67633281 + 201326976
268960257 + 805307904
1074268161 + 3221231616
4295499777 + 12884926464
17180426241 + 51539705856
68720132097 + 103079411712
171799543809 + 824635293696
996434837505 + 6597082349568
7593517187073 + 13194164699136
20787681886209 + 52776658796544
73564340682753 + 422213270372352
15129931978 + 15129931978
30259863956 + 30259863956
60519727912 + 60519727912
121039455824 + 121039455824
242078911648 + 242078911648
484157823296 + 484157823296
968315646592 + 968315646592
1936631293184 + 1936631293184
3873262586368 + 3873262586368
7746525172736 + 7746525172736
15493050345472 + 15493050345472
30986100690944 + 30986100690944
61972201381888 + 61972201381888
123944402763776 + 123944402763776
247888805527552 + 247888805527552
0 + 495777611055104
495777611055105 ^ 495777611055104
