5
1
100
1 278 50 293 47 
2 796 50 804 50 825 40 
3 244 34 248 50 322 50 
4 728 11 733 50 
5 8 50 17 32 
6 633 50 652 50 661 50 666 50 670 5 673 50 674 50 676 50 
7 753 8 
8 679 50 681 38 682 50 688 50 693 50 697 50 699 50 703 50 706 50 708 50 709 50 
9 700 50 705 50 712 50 713 27 
10 992 5 
11 690 7 
12 623 29 635 50 
13 578 50 580 4 586 50 588 50 594 50 
14 981 23 
15 816 50 824 4 
16 694 50 707 26 
17 257 18 282 50 292 50 297 50 305 50 307 50 
18 650 50 653 50 655 50 667 36 670 45 
19 621 50 640 50 643 50 657 50 672 50 680 50 690 17 711 50 722 50 
20 820 50 835 16 860 50 
21 625 10 
22 664 10 
23 721 10 
24 738 10 
25 685 10 
26 649 10 
27 597 10 
28 339 10 
29 698 10 
30 715 10 
31 725 10 
32 607 10 
33 63 10 
34 695 10 
35 555 10 
36 720 10 
37 747 10 
38 647 10 
39 654 10 
40 289 10 
41 610 10 
42 675 10 
43 89 10 
44 145 10 
45 630 10 
46 758 10 
47 607 10 
48 55 10 
49 605 10 
50 506 10 
51 489 10 
52 309 10 
53 719 10 
54 103 10 
55 741 10 
56 691 10 
57 714 10 
58 696 10 
59 86 10 
60 717 10 
61 3 10 
62 223 10 
63 730 10 
64 686 10 
65 12 10 
66 723 10 
67 642 10 
68 737 10 
69 671 10 
70 99 10 
71 323 10 
72 5 10 
73 251 10 
74 752 10 
75 48 10 
76 718 10 
77 331 10 
78 728 10 
79 727 10 
80 739 10 
81 751 10 
82 240 10 
83 531 10 
84 759 10 
85 34 10 
86 762 10 
87 503 10 
88 763 10 
89 491 10 
90 760 10 
91 646 10 
92 236 10 
93 626 10 
94 678 10 
95 731 10 
96 625 10 
97 284 10 
98 724 10 
99 764 10 
100 14 10 
2
100
1 674 42 697 50 
2 664 50 684 50 729 24 
3 773 23 
4 710 46 754 50 769 50 
5 962 42 
6 658 34 
7 28 50 29 19 
8 656 50 735 2 
9 615 50 619 36 
10 721 13 
11 213 39 
12 663 50 685 50 687 13 698 50 715 50 738 50 766 50 779 50 
13 47 50 52 50 55 24 75 50 
14 833 24 
15 637 50 649 50 690 34 692 50 695 50 704 50 725 50 735 48 742 50 750 50 753 50 767 50 
16 669 50 720 50 726 29 732 50 747 50 761 50 
17 606 50 639 50 647 50 654 50 675 35 745 50 775 50 
18 631 50 651 50 659 50 689 50 702 48 719 50 
19 660 50 691 50 714 50 728 50 741 50 756 8 758 50 787 50 805 50 
20 836 50 879 3 
21 608 10 
22 616 10 
23 64 10 
24 743 10 
25 696 10 
26 717 10 
27 736 10 
28 43 10 
29 730 10 
30 821 10 
31 45 10 
32 614 10 
33 629 10 
34 576 10 
35 749 10 
36 19 10 
37 723 10 
38 748 10 
39 630 10 
40 776 10 
41 686 10 
42 734 10 
43 268 10 
44 737 10 
45 601 10 
46 609 10 
47 693 10 
48 579 10 
49 92 10 
50 765 10 
51 78 10 
52 611 10 
53 752 10 
54 610 10 
55 671 10 
56 768 10 
57 15 10 
58 718 10 
59 645 10 
60 706 10 
61 7 10 
62 772 10 
63 324 10 
64 810 10 
65 983 10 
66 727 10 
67 24 10 
68 739 10 
69 642 10 
70 344 10 
71 580 10 
72 622 10 
73 250 10 
74 780 10 
75 827 10 
76 824 10 
77 751 10 
78 679 10 
79 276 10 
80 746 10 
81 759 10 
82 665 10 
83 623 10 
84 21 10 
85 249 10 
86 666 10 
87 646 10 
88 627 10 
89 809 10 
90 713 10 
91 285 10 
92 762 10 
93 677 10 
94 287 10 
95 513 10 
96 38 10 
97 688 10 
98 744 10 
99 668 10 
100 763 10 
3
100
1 814 46 
2 662 50 760 37 
3 678 50 778 19 803 50 
4 641 50 707 50 777 50 783 50 784 6 
5 881 50 911 30 
6 946 46 
7 731 46 
8 617 50 632 50 633 50 638 36 681 50 708 50 724 50 
9 625 44 626 50 
10 764 50 770 50 774 27 
11 701 50 740 6 
12 6 50 585 50 590 50 591 50 607 50 634 19 648 50 683 50 693 50 699 50 716 50 721 50 757 50 771 50 791 50 792 50 839 50 840 50 913 50 
13 706 50 785 50 826 50 842 22 938 50 951 50 
14 598 50 612 50 624 44 628 50 976 50 
15 587 50 595 50 605 50 613 50 636 50 644 50 666 41 679 50 682 50 688 50 
16 807 50 819 49 853 50 858 50 879 50 920 50 
17 583 50 600 13 696 50 717 50 730 50 756 50 781 50 788 50 802 50 813 50 822 50 828 50 848 50 849 50 850 50 939 50 978 50 
18 755 50 808 49 
19 709 50 723 22 
20 604 50 630 50 905 50 923 50 935 50 969 50 980 37 982 50 988 50 992 50 993 50 994 50 
21 686 10 
22 571 10 
23 272 10 
24 13 10 
25 737 10 
26 532 10 
27 713 10 
28 752 10 
29 687 10 
30 592 10 
31 80 10 
32 941 10 
33 281 10 
34 623 10 
35 671 10 
36 32 10 
37 232 10 
38 944 10 
39 782 10 
40 997 10 
41 887 10 
42 9 10 
43 718 10 
44 533 10 
45 60 10 
46 23 10 
47 252 10 
48 577 10 
49 806 10 
50 620 10 
51 602 10 
52 572 10 
53 616 10 
54 703 10 
55 727 10 
56 12 10 
57 661 10 
58 908 10 
59 739 10 
60 922 10 
61 977 10 
62 584 10 
63 743 10 
64 570 10 
65 115 10 
66 934 10 
67 258 10 
68 603 10 
69 736 10 
70 7 10 
71 642 10 
72 841 10 
73 676 10 
74 3 10 
75 629 10 
76 618 10 
77 793 10 
78 667 10 
79 122 10 
80 749 10 
81 561 10 
82 530 10 
83 352 10 
84 33 10 
85 614 10 
86 40 10 
87 673 10 
88 541 10 
89 35 10 
90 589 10 
91 645 10 
92 748 10 
93 559 10 
94 652 10 
95 784 10 
96 610 10 
97 956 10 
98 622 10 
99 646 10 
100 866 10 
4
100
1 734 50 751 50 759 50 762 50 763 50 765 50 768 50 772 50 776 50 794 50 799 50 
2 564 7 
3 593 17 674 50 740 50 746 50 780 50 
4 568 50 599 50 608 50 609 36 665 50 677 50 
5 705 32 
6 837 26 
7 953 3 987 50 
8 821 25 864 50 949 50 
9 968 45 
10 851 50 878 50 888 50 902 28 
11 915 16 
12 810 43 824 50 950 50 
13 790 50 798 15 800 50 809 50 827 50 
14 786 11 
15 867 5 889 50 894 50 937 50 958 50 961 50 964 50 972 50 
16 912 50 918 27 970 50 975 50 983 50 985 50 
17 668 22 697 50 744 50 812 50 815 50 859 50 
18 942 50 954 48 
19 733 50 795 14 801 50 
20 597 50 611 12 
21 582 10 
22 925 10 
23 563 10 
24 999 10 
25 31 10 
26 304 10 
27 670 10 
28 581 10 
29 573 10 
30 797 10 
31 551 10 
32 627 10 
33 566 10 
34 557 10 
35 16 10 
36 575 10 
37 933 10 
38 661 10 
39 712 10 
40 936 10 
41 345 10 
42 823 10 
43 829 10 
44 914 10 
45 342 10 
46 27 10 
47 82 10 
48 882 10 
49 703 10 
50 929 10 
51 14 10 
52 940 10 
53 995 10 
54 596 10 
55 953 10 
56 280 10 
57 5 10 
58 30 10 
59 676 10 
60 235 10 
61 623 10 
62 844 10 
63 943 10 
64 601 10 
65 554 10 
66 713 10 
67 773 10 
68 971 10 
69 128 10 
70 553 10 
71 635 10 
72 919 10 
73 979 10 
74 333 10 
75 576 10 
76 652 10 
77 558 10 
78 700 10 
79 835 10 
80 19 10 
81 673 10 
82 63 10 
83 567 10 
84 729 10 
85 884 10 
86 694 10 
87 686 10 
88 650 10 
89 34 10 
90 846 10 
91 321 10 
92 655 10 
93 921 10 
94 579 10 
95 667 10 
96 830 10 
97 909 10 
98 737 10 
99 671 10 
100 116 10 
5
100
1 752 3 
2 534 10 545 50 
3 857 50 917 50 932 7 
4 973 17 
5 861 50 928 38 
6 718 50 727 12 
7 653 50 739 35 
8 789 4 818 50 863 50 867 50 871 50 876 50 883 50 
9 642 50 687 50 817 50 831 50 847 50 862 26 890 50 897 50 899 50 904 50 906 50 
10 907 50 910 1 930 50 
11 947 50 948 50 952 50 955 50 957 50 959 50 960 50 963 50 965 50 974 50 981 50 984 50 986 50 989 50 990 41 991 50 
12 931 4 
13 616 30 
14 843 50 885 5 
15 736 35 743 50 966 50 967 50 
16 629 50 670 17 690 50 749 50 752 47 
17 560 50 580 50 610 50 748 50 855 50 910 14 
18 565 50 614 50 646 50 784 1 941 50 
19 552 50 564 50 569 1 571 50 782 50 944 50 945 50 
20 577 29 592 50 645 50 672 50 887 50 
21 41 10 
22 572 10 
23 806 10 
24 197 10 
25 620 10 
26 584 10 
27 569 10 
28 602 10 
29 712 10 
30 432 10 
31 22 10 
32 73 10 
33 48 10 
34 703 10 
35 262 10 
36 657 10 
37 661 10 
38 316 10 
39 603 10 
40 118 10 
41 243 10 
42 676 10 
43 643 10 
44 483 10 
45 89 10 
46 308 10 
47 247 10 
48 11 10 
49 622 10 
50 784 10 
51 54 10 
52 680 10 
53 290 10 
54 841 10 
55 793 10 
56 18 10 
57 418 10 
58 618 10 
59 90 10 
60 279 10 
61 317 10 
62 61 10 
63 570 10 
64 26 10 
65 574 10 
66 548 10 
67 623 10 
68 561 10 
69 713 10 
70 908 10 
71 228 10 
72 922 10 
73 544 10 
74 934 10 
75 640 10 
76 866 10 
77 956 10 
78 711 10 
79 15 10 
80 673 10 
81 589 10 
82 635 10 
83 36 10 
84 106 10 
85 652 10 
86 161 10 
87 852 10 
88 977 10 
89 700 10 
90 621 10 
91 898 10 
92 893 10 
93 536 10 
94 600 10 
95 722 10 
96 562 10 
97 58 10 
98 880 10 
99 926 10 
100 539 10 
