5
5
30
2 59 9 63 10 
8 82 5 
1 97 3 
30 92 3 93 10 
20 94 4 
6 65 10 66 2 
12 91 1 
18 62 10 66 6 67 10 68 10 
25 69 9 71 10 
11 57 7 90 10 
14 96 3 98 10 
13 64 6 
4 72 9 87 10 
5 85 2 
17 54 7 56 10 60 10 61 10 75 10 
24 70 10 83 10 88 10 89 6 91 9 92 7 
26 97 1 
19 95 1 
22 96 5 
23 95 3 
28 52 10 
10 53 5 55 10 58 10 
29 2 10 3 10 4 10 77 10 78 10 85 2 86 10 
15 59 1 73 10 74 10 79 5 84 10 
9 27 10 29 10 94 1 97 6 
7 76 5 
21 51 10 66 2 81 1 
16 89 3 
3 85 4 
27 28 2 47 10 49 10 
4
30
9 30 1 
1 63 4 
14 59 7 
18 19 3 
8 63 3 65 10 
3 48 2 
27 80 3 93 10 94 10 
15 92 8 
2 18 3 
23 32 10 50 10 66 10 67 10 
21 63 3 64 8 81 10 
5 99 1 
29 48 2 57 10 62 10 68 10 
6 82 7 
12 95 10 96 4 
20 11 10 21 8 22 10 
26 99 2 
7 34 8 
28 85 9 
30 99 1 
11 20 10 24 10 25 1 
13 31 10 35 10 38 6 44 10 46 10 
25 97 6 
16 91 4 
10 30 9 33 10 42 10 43 10 69 2 
17 98 2 
4 14 10 15 2 16 10 
19 23 3 26 10 28 10 
22 99 3 
24 80 6 
1
30
16 99 3 
17 71 10 72 5 
7 98 2 
22 25 10 39 7 54 10 59 10 63 10 
21 17 10 18 10 19 10 36 8 37 10 41 10 53 10 
12 56 5 69 10 
6 90 6 
9 48 7 
8 6 10 7 10 9 3 
2 79 6 
3 61 8 87 10 
5 97 3 
29 40 10 45 10 65 10 76 10 
24 75 3 
18 60 10 70 10 88 10 89 10 93 3 96 10 
1 77 2 
23 66 1 83 10 
25 98 2 
19 12 10 13 10 15 10 91 8 
15 67 6 92 10 94 10 
11 23 10 52 10 55 10 64 8 66 9 
4 75 7 86 7 
26 99 2 
20 93 2 97 7 
14 78 2 
10 72 5 98 6 99 3 
27 62 10 68 8 
28 27 5 56 5 58 10 
30 57 9 
13 90 4 
3
30
14 29 2 59 10 
5 84 1 
21 49 3 51 10 
3 73 10 74 3 82 10 93 10 
7 84 9 85 6 
9 63 8 
4 38 10 65 4 77 10 78 10 
15 80 4 95 10 
10 79 8 
25 90 10 
23 1 10 2 5 5 10 8 10 9 10 10 10 
22 61 2 
2 81 4 
18 99 5 
17 54 10 63 2 67 10 69 10 71 10 72 2 
20 11 10 21 10 22 10 47 8 
30 7 10 29 8 34 5 
1 74 7 
29 65 3 
8 97 4 
11 91 4 
6 50 1 
13 87 1 
19 83 7 
26 92 3 
16 96 2 
28 56 9 
12 98 1 
24 72 2 75 10 87 9 
27 94 2 
2
30
8 66 10 68 4 
9 63 1 
12 61 6 63 9 
4 98 1 
5 88 3 
15 64 2 65 10 
17 30 8 
18 19 8 
16 48 3 
29 53 10 59 7 60 10 
6 89 7 
11 97 6 
10 98 2 
14 62 10 70 4 86 10 
25 72 10 76 1 
2 4 2 
20 93 10 96 9 
3 85 4 91 10 
22 80 10 94 9 
7 0 10 1 6 
26 49 5 50 10 
24 76 8 92 10 
23 18 1 
21 39 10 44 4 
1 46 10 48 7 52 10 55 5 64 8 68 6 
13 16 10 18 9 20 10 24 10 27 7 32 10 
27 14 10 28 10 31 10 35 10 42 9 
28 3 10 4 7 
30 12 10 25 3 
19 26 10 33 10 36 2 
