10
1
200
1 2876 100 2943 100 2954 100 2955 22 2973 100 3003 100 
2 4516 100 4553 39 4625 100 
3 4305 31 4338 100 4454 100 
4 2874 100 2881 100 2883 100 2891 100 2910 100 2956 100 2962 100 2964 100 2970 100 2983 100 3030 100 3070 100 3078 100 3103 100 3104 100 3164 100 4479 100 4519 100 4525 41 4536 100 4557 100 4574 100 4577 100 
5 2787 100 2830 100 2852 100 2858 100 2859 100 2873 100 2947 100 2955 78 2960 100 2966 100 2982 100 2993 100 2997 100 3020 100 3085 100 3120 28 3140 100 3170 100 3231 100 
6 4293 100 4294 32 4326 100 4335 100 
7 2853 100 2924 100 2932 100 2935 100 2936 100 2975 100 3016 100 3071 100 3124 100 3177 11 4374 100 
8 4152 16 4228 100 4270 100 
9 4641 100 4665 32 
10 4503 27 4508 100 4600 100 4618 100 4697 100 
11 4572 100 4609 86 
12 4465 100 4483 100 4512 100 4527 100 4537 100 4570 64 4576 100 4635 100 4639 100 4711 100 
13 2808 100 2813 100 2854 100 2867 100 2871 100 2878 100 2882 100 2911 100 2930 100 2941 44 2959 100 2974 100 2985 100 3009 100 3014 100 3046 100 3075 100 3076 100 3106 100 3111 100 3127 100 3132 100 3142 100 3148 100 4395 100 4397 100 4426 100 4473 100 4518 100 4528 100 4593 100 4679 100 4769 100 
14 4595 100 4599 92 4602 100 
15 4419 100 4477 100 4614 100 4620 100 4700 100 4751 12 
16 1041 100 1107 100 1171 100 1186 100 1193 43 1221 100 1245 100 1282 100 1297 100 1364 100 
17 4634 68 4666 100 
18 2721 100 2905 100 2940 100 2980 100 3008 100 3042 100 3135 50 3182 100 3261 100 4552 100 4553 61 4659 100 
19 4017 100 4183 62 
20 2753 100 2797 56 2886 100 2894 100 2913 100 2991 100 2999 100 3017 100 3024 100 3039 100 3044 100 3056 100 3059 100 3118 100 3153 100 3154 100 3163 100 3177 89 3213 100 3258 100 
21 4430 19 
22 4377 100 4417 100 4440 23 4451 100 4453 100 4550 100 4580 100 4587 100 4597 100 4605 100 4626 100 4678 100 
23 4346 100 4449 35 4482 100 4539 100 4562 100 4564 100 4584 100 
24 2699 25 2737 100 2862 100 2872 100 2890 100 2892 100 2895 100 2902 100 2953 100 3058 100 3080 100 3082 100 3084 100 3133 100 3169 100 3281 100 3636 100 3648 100 4298 100 4325 100 4339 100 4352 100 4371 100 4401 100 4418 100 4421 100 4423 100 4433 100 4439 100 4460 100 4475 100 4478 100 4487 100 4499 100 4503 73 4533 100 4535 100 4585 100 4608 100 4665 68 
25 2719 100 2914 100 2977 100 2978 100 3027 100 3116 100 3156 100 3167 100 3193 100 3196 100 3203 100 3214 76 3223 100 3237 100 3250 100 3265 100 
26 2740 100 2754 100 2795 100 2800 100 2802 100 2814 100 2823 100 2828 100 2833 100 2861 100 2868 100 2885 100 2887 93 2909 100 2915 100 2934 100 2939 100 2971 100 2992 100 2995 100 3066 100 3077 100 3089 100 3091 100 3094 100 3117 100 
27 365 100 995 100 1025 100 1075 100 1115 100 1163 100 1271 100 1287 100 1294 100 1326 100 1330 100 1342 100 
28 3197 100 3290 61 3518 100 
29 4610 100 4668 35 
30 2749 58 3178 100 3191 100 3198 100 3208 100 3220 100 3225 100 3239 100 3283 100 3334 100 3397 100 3491 100 
31 339 100 340 60 395 100 397 100 459 100 544 100 
32 4367 25 4368 100 4389 100 4393 100 4422 100 4468 100 4598 100 4624 100 4680 100 4691 100 4717 100 4741 100 4784 100 4794 100 
33 2764 73 2848 100 2903 100 3043 100 3048 100 4226 100 4240 100 4268 100 4304 100 4305 69 4307 100 4309 100 4340 100 4388 100 4410 100 4441 100 4459 100 4461 100 4467 100 4481 100 4488 100 4525 59 4543 100 4548 100 4551 100 4567 100 
34 2816 100 2869 100 2921 100 2933 12 2942 100 3120 72 3123 100 3160 100 3204 100 3251 100 3341 100 3432 100 3926 100 4091 100 4396 100 4429 100 4474 100 4586 100 4592 100 4594 100 
35 4629 100 4651 100 4705 100 4725 100 4751 17 4776 100 
36 2948 100 3074 81 3098 100 3136 100 3347 100 3529 100 3598 100 4540 100 4632 100 4677 100 4752 100 4767 100 4777 100 
37 3222 100 3256 100 4267 100 4292 100 4372 59 4531 100 4568 100 4583 100 4703 100 4714 100 4788 100 
38 2671 100 2741 100 2767 100 2774 100 2824 100 2825 100 2857 66 2880 100 2917 100 2952 100 2994 100 3018 100 3021 100 3023 100 3031 100 3032 100 3105 100 3125 100 3131 100 3139 100 3146 100 3179 100 3200 100 3262 100 3279 100 3294 100 3338 100 3576 100 3691 100 
39 2729 100 2732 100 2762 100 2780 100 2781 100 2790 100 2841 100 2855 100 2879 100 2938 41 2958 100 3112 100 3158 100 3181 100 3248 100 3310 100 
40 2735 38 2765 100 2926 100 2998 100 3063 100 3101 100 3109 100 3121 100 3194 100 3343 100 3588 100 4042 100 4051 100 4122 100 4144 100 4150 100 4175 100 4200 100 4222 100 4223 100 4227 100 4241 100 4243 100 4259 100 4273 100 4282 100 4296 100 4302 100 4312 100 4313 100 4320 100 4330 100 
41 3145 10 
42 3037 10 
43 3604 10 
44 3050 10 
45 4431 10 
46 4513 10 
47 1462 10 
48 4522 10 
49 2847 10 
50 4381 10 
51 1154 10 
52 4686 10 
53 1201 10 
54 4534 10 
55 3276 10 
56 2843 10 
57 15 10 
58 4120 10 
59 1215 10 
60 4507 10 
61 4642 10 
62 2864 10 
63 4458 10 
64 4660 10 
65 3954 10 
66 4445 10 
67 168 10 
68 4432 10 
69 4364 10 
70 2715 10 
71 4547 10 
72 2791 10 
73 3159 10 
74 1420 10 
75 1003 10 
76 3342 10 
77 4070 10 
78 3162 10 
79 4480 10 
80 2900 10 
81 144 10 
82 2725 10 
83 4255 10 
84 4444 10 
85 3430 10 
86 4612 10 
87 3318 10 
88 3183 10 
89 3626 10 
90 2807 10 
91 251 10 
92 220 10 
93 4435 10 
94 3001 10 
95 3549 10 
96 3226 10 
97 3234 10 
98 2820 10 
99 3215 10 
100 3245 10 
101 2540 10 
102 2972 10 
103 1231 10 
104 1044 10 
105 2798 10 
106 3403 10 
107 2672 10 
108 4063 10 
109 65 10 
110 4009 10 
111 4463 10 
112 17 10 
113 4734 10 
114 4800 10 
115 4390 10 
116 4354 10 
117 2849 10 
118 4476 10 
119 4450 10 
120 4456 10 
121 2986 10 
122 111 10 
123 1094 10 
124 3273 10 
125 2723 10 
126 4430 10 
127 3891 10 
128 3511 10 
129 45 10 
130 4761 10 
131 3505 10 
132 265 10 
133 4452 10 
134 4563 10 
135 3621 10 
136 3277 10 
137 5 10 
138 1187 10 
139 4775 10 
140 3672 10 
141 4355 10 
142 3548 10 
143 2920 10 
144 2988 10 
145 2946 10 
146 3069 10 
147 3143 10 
148 3848 10 
149 3309 10 
150 58 10 
151 3190 10 
152 4828 10 
153 4350 10 
154 196 10 
155 1273 10 
156 20 10 
157 86 10 
158 3352 10 
159 214 10 
160 4323 10 
161 4398 10 
162 21 10 
163 3187 10 
164 3130 10 
165 3867 10 
166 4589 10 
167 1004 10 
168 76 10 
169 2931 10 
170 4315 10 
171 3747 10 
172 2839 10 
173 237 10 
174 4378 10 
175 4469 10 
176 3289 10 
177 4087 10 
178 4347 10 
179 4812 10 
180 4746 10 
181 1147 10 
182 2555 10 
183 1247 10 
184 85 10 
185 4408 10 
186 1327 10 
187 2576 10 
188 3696 10 
189 4334 10 
190 1179 10 
191 51 10 
192 4772 10 
193 4161 10 
194 4542 10 
195 132 10 
196 3690 10 
197 3151 10 
198 30 10 
199 31 10 
200 42 10 
2
200
1 4194 100 4198 100 4284 100 4310 32 4358 100 4406 100 
2 2906 100 2973 100 3022 100 3057 100 3061 100 3129 100 3157 100 3165 100 3184 100 3235 100 3240 100 3244 100 3249 100 3274 41 3285 100 
3 4308 100 4314 100 4365 100 4380 100 4436 100 4529 100 4573 100 4579 100 4778 100 4797 100 
4 4342 100 4351 100 4399 95 4511 100 
5 3346 100 3380 100 3409 100 4172 11 4184 100 4212 100 4218 100 4225 100 4254 100 
6 4895 57 
7 4049 60 4136 100 4163 100 4182 100 4187 100 4188 100 4204 100 4219 100 4258 100 4321 100 4327 100 4332 100 4333 100 4336 100 4360 100 4363 100 4387 100 4427 100 
8 4440 100 4443 100 4457 100 4506 100 4555 22 4606 100 4613 100 4631 100 4650 100 4699 100 4833 100 
9 2827 100 2840 100 3060 100 3238 100 3271 62 3311 100 3374 100 4138 100 4167 100 4189 100 4207 100 4238 100 4329 100 4394 100 4420 100 4438 100 4486 100 4492 100 4530 100 4545 100 4560 100 4622 100 4663 100 4689 100 
10 4803 100 4873 32 
11 2766 74 2801 100 3099 100 3115 100 3126 100 3172 100 3218 100 3267 100 3328 100 3331 100 3348 100 3387 100 3402 100 3406 100 3423 100 3571 100 
12 4164 100 4264 100 4379 34 4386 100 4544 100 4684 100 
13 2933 100 2987 100 3006 100 3034 100 3192 100 3205 100 3367 100 3394 100 3860 100 3911 100 3928 100 4019 100 4134 100 4152 100 4295 100 4311 98 4318 100 
14 2850 100 3119 100 3171 100 3209 100 3217 100 3284 100 3401 100 4322 100 4343 100 4357 100 4361 100 4362 100 4369 100 4381 100 4383 100 4431 100 4442 100 4458 100 4464 100 4489 100 4500 100 4507 100 4513 100 4522 100 4534 100 4571 100 4642 100 4660 9 4686 100 4701 100 4751 100 4802 100 4805 100 4819 100 
15 4283 100 4286 100 4300 100 4413 100 4445 89 
16 0 27 2 100 
17 2772 100 2954 23 2957 100 3002 100 3019 100 3028 100 3029 100 
18 3054 100 3088 100 3107 100 3210 100 3243 100 3474 100 3557 100 3808 100 3971 100 3982 100 4031 100 4034 100 4083 100 4104 100 4128 100 4148 100 4205 100 4206 100 4209 100 4271 100 4277 100 4278 100 4281 100 4324 100 4349 100 4364 100 4390 19 4430 100 4432 100 4435 100 4444 100 4463 100 
19 65 100 2722 100 2945 100 2965 100 3067 100 3113 100 3134 100 3180 100 3268 100 3292 100 3390 100 3506 100 3572 100 3659 100 3681 100 3733 100 3750 30 3855 100 4018 100 4081 100 4093 100 4123 100 4129 100 4132 100 4149 100 4166 100 4168 100 4234 100 4242 100 4247 100 4249 100 4251 100 4272 100 4354 100 4402 100 4403 100 
20 4491 100 4538 43 4683 100 
21 2680 100 2865 100 3145 100 3266 100 3322 100 3604 100 3908 100 4142 100 4260 100 4323 17 4350 100 4355 100 4409 100 4450 100 4452 100 4456 100 4466 100 4476 100 4480 100 4485 100 4501 100 4505 100 
22 2829 100 2835 100 2927 100 3037 100 3050 100 3166 100 3355 100 3479 100 3662 97 4120 100 
23 4213 100 4255 100 4398 100 4448 100 4547 100 4563 100 4589 100 4612 100 4617 100 4667 100 4673 100 4704 100 4734 100 4747 100 4761 100 4773 100 4775 100 4800 100 4812 44 4828 100 4865 100 
24 2847 100 3003 41 3206 100 3954 100 3985 100 4048 100 4315 100 4337 100 4347 100 4378 100 4469 100 4542 100 
25 2699 100 2843 100 2864 100 3011 100 3159 100 3276 100 3327 100 3342 42 4070 100 4161 100 4299 100 4334 100 4408 100 4541 100 
26 2695 100 2791 100 3253 100 3282 100 3340 100 3396 100 3468 100 3533 100 3563 100 3890 100 3939 100 4294 100 4549 100 4661 100 4692 61 4698 100 4746 100 4772 100 
27 4005 100 4063 64 
28 2739 100 2785 100 2811 100 2863 100 2900 100 2951 100 3068 100 3162 100 3183 100 3211 100 3226 100 3233 100 3234 40 3260 100 3318 100 3362 100 3392 100 3398 100 3412 100 3430 100 3465 100 3472 100 3523 100 3549 100 3626 100 3645 100 4009 100 
29 4554 34 4730 100 4871 100 
30 2759 100 2807 100 2972 100 2984 100 3001 100 3052 100 3100 100 3199 100 3215 100 3245 100 3254 100 3344 100 3403 100 3411 100 3620 100 3881 62 3891 100 
31 2715 100 2771 100 2820 100 3055 100 3102 100 3273 100 3505 100 3511 100 3621 100 3623 100 3672 100 3740 100 3812 100 4000 100 4089 100 4115 100 4137 100 4143 100 4276 100 4280 100 4404 51 4462 100 
32 4740 59 
33 3137 76 3548 100 3848 100 4285 100 4582 100 
34 2849 100 3277 100 3580 100 3867 100 4044 100 4074 100 4087 51 4319 100 4603 100 4672 100 4687 100 4731 100 
35 2904 100 2908 12 2986 100 3143 100 3309 100 3714 100 3892 100 4317 100 4472 100 
36 3927 100 3941 100 4066 100 4100 27 
37 2920 100 3004 23 3095 100 3097 100 3190 100 3230 100 3288 100 3352 100 3373 100 3461 100 3665 100 3696 100 3747 100 3776 100 
38 4578 100 4647 94 
39 2792 100 2946 100 2979 100 2988 100 3069 100 3128 100 3130 100 3187 100 3289 100 3366 100 3444 100 3690 100 3884 24 3934 100 4367 100 4811 100 
40 2692 100 2724 100 2725 100 2768 100 2773 100 2839 100 2923 100 2928 100 2931 100 3038 85 3041 100 3093 100 3151 100 3176 100 3227 100 3272 100 3316 100 3353 100 3354 100 3427 100 3436 100 3464 100 3489 100 
41 2723 10 
42 2798 10 
43 4517 10 
44 1170 10 
45 2531 10 
46 3189 10 
47 3973 10 
48 3920 10 
49 3349 10 
50 4262 10 
51 4370 10 
52 1412 10 
53 3966 10 
54 251 10 
55 1234 10 
56 45 10 
57 3365 10 
58 2693 10 
59 2580 10 
60 179 10 
61 3306 10 
62 3424 10 
63 1423 10 
64 4181 10 
65 2641 10 
66 1389 10 
67 1172 10 
68 1057 10 
69 58 10 
70 3433 10 
71 4119 10 
72 50 10 
73 4080 10 
74 4197 10 
75 3202 10 
76 3304 10 
77 2711 10 
78 2698 10 
79 1190 10 
80 3956 10 
81 3492 10 
82 2625 10 
83 2672 10 
84 3450 10 
85 3514 10 
86 2543 10 
87 4504 10 
88 4109 10 
89 4636 10 
90 56 10 
91 4236 10 
92 1068 10 
93 4110 10 
94 2634 10 
95 1280 10 
96 2838 10 
97 3832 10 
98 4297 10 
99 2554 10 
100 144 10 
101 2569 10 
102 265 10 
103 27 10 
104 3904 10 
105 4199 10 
106 3141 10 
107 2916 10 
108 3320 10 
109 3377 10 
110 2666 10 
111 4263 10 
112 4274 10 
113 15 10 
114 2706 10 
115 3188 10 
116 4706 10 
117 2617 10 
118 2803 10 
119 3664 10 
120 3350 10 
121 4416 10 
122 3874 10 
123 231 10 
124 2511 10 
125 2943 10 
126 1406 10 
127 189 10 
128 315 10 
129 4172 10 
130 4105 10 
131 2941 10 
132 3356 10 
133 3501 10 
134 2901 10 
135 3326 10 
136 3293 10 
137 2832 10 
138 2690 10 
139 3301 10 
140 2746 10 
141 1151 10 
142 4795 10 
143 3997 10 
144 4694 10 
145 3451 10 
146 3376 10 
147 4425 10 
148 4348 10 
149 4174 10 
150 2937 10 
151 2876 10 
152 4121 10 
153 3079 10 
154 1357 10 
155 2689 10 
156 4728 10 
157 3152 10 
158 1348 10 
159 3713 10 
160 1195 10 
161 1426 10 
162 2716 10 
163 3323 10 
164 108 10 
165 4359 10 
166 4656 10 
167 220 10 
168 3400 10 
169 3670 10 
170 2845 10 
171 176 10 
172 23 10 
173 4721 10 
174 2775 10 
175 3026 10 
176 256 10 
177 3753 10 
178 3418 10 
179 3559 10 
180 2626 10 
181 2955 10 
182 1168 10 
183 2812 10 
184 4449 10 
185 1005 10 
186 1136 10 
187 3286 10 
188 76 10 
189 1099 10 
190 4382 10 
191 2817 10 
192 4373 10 
193 3149 10 
194 4057 10 
195 1434 10 
196 2969 10 
197 2604 10 
198 2834 10 
199 4660 10 
200 4210 10 
3
200
1 3252 100 3452 100 3488 100 3574 21 3743 100 3802 100 
2 3300 100 3333 99 3391 100 3469 100 4061 100 4114 100 4141 100 4160 100 4177 100 4269 100 4516 100 
3 4575 36 4630 100 4648 100 4707 100 
4 3259 100 3315 100 3324 100 3329 100 3404 100 3460 48 3496 100 4135 100 4139 100 4202 100 4239 100 4591 100 
5 4743 100 4753 92 4779 100 
6 3053 100 3242 100 3319 100 3369 100 3414 100 3417 100 3428 100 3446 100 3447 19 3613 100 3674 100 3687 100 3815 100 3840 100 3893 100 3921 100 4067 100 4079 100 4157 100 4257 100 4288 100 4546 100 4553 100 4596 100 4625 100 4745 100 4786 100 4790 100 4799 100 4832 100 4854 100 
7 3173 100 3305 100 3345 100 3368 100 3587 100 3727 100 3943 100 4147 100 4178 100 4391 100 4708 100 4818 7 
8 2761 100 2881 100 2899 100 3072 15 3155 100 3302 100 3317 100 3847 100 
9 2793 100 2874 100 3247 100 3358 89 3382 100 3609 100 3637 100 4029 100 
10 2893 100 2918 100 3015 100 3083 100 3185 100 3269 100 3295 100 3312 100 3357 36 3607 100 3618 100 3960 100 4215 100 4434 100 4766 100 4816 100 4842 100 4863 100 
11 4581 85 4643 100 
12 2770 100 2783 100 3528 100 3657 100 3938 14 3994 100 4211 100 
13 2751 100 2760 100 2981 100 4356 15 4588 100 4771 100 4830 100 
14 4244 100 4331 100 4424 100 4621 62 
15 2769 100 2898 100 3025 100 3275 100 3299 12 3337 100 3375 100 3388 100 3475 100 3484 100 3584 100 4078 100 
16 4047 40 4117 100 
17 4341 93 
18 2884 100 2954 100 3195 100 3537 100 3568 100 3668 100 3736 100 3990 100 4208 100 4217 100 4245 72 
19 3555 100 4173 100 4291 59 
20 2747 100 2815 92 2912 100 3092 100 3216 100 3280 100 3385 100 3466 100 3483 100 3767 100 3819 100 3869 100 
21 3147 12 3935 100 4007 100 4056 100 4099 100 4146 100 4155 100 4158 100 4180 100 4186 100 4230 100 4231 100 4235 100 4250 100 4375 100 4384 100 4590 100 4623 100 
22 3507 10 
23 4662 100 4685 100 4720 100 4737 100 4792 100 4810 100 4813 24 
24 2856 100 3161 100 3493 100 3495 100 3553 100 3600 100 3612 6 
25 2727 100 2943 100 2950 8 3298 100 4012 100 4084 100 4101 100 4131 100 4153 100 4229 100 4536 100 4668 100 
26 4757 14 4785 100 4825 100 
27 2970 100 3138 100 3219 100 3232 100 3389 100 3456 100 3482 100 3640 15 
28 3593 100 3780 10 3992 100 4301 100 4303 100 4344 100 4570 100 
29 2784 100 2870 100 2876 100 2888 100 2955 20 2956 100 2989 100 3012 100 3064 100 3086 100 3201 100 3236 100 3278 100 3291 100 3303 100 3308 100 3314 100 3321 100 3325 100 3330 100 3372 100 3381 100 3540 100 3546 100 3689 100 3700 100 3755 100 3859 100 3863 100 
30 4835 9 4896 100 
31 4446 2 
32 2806 100 2846 100 2896 100 3081 6 3122 100 3339 100 3443 100 3463 100 3470 100 3516 100 3531 100 3601 100 3857 100 4006 100 4106 100 4108 100 4113 100 4195 100 4497 100 4515 100 4557 100 4615 100 4633 100 
33 3221 23 3384 100 3524 100 
34 990 100 1016 31 1023 100 1089 100 1130 100 1200 100 1226 100 1243 100 1259 100 1383 100 1517 100 
35 2738 100 3013 100 3103 100 3135 100 3144 100 3351 100 3543 100 3544 28 3582 100 3586 100 3697 100 3799 100 3825 100 3924 100 3974 100 4014 100 4022 100 4062 100 4064 100 4082 100 4176 100 4196 100 4447 100 4449 100 4455 100 4628 100 4718 100 4722 100 4733 100 
36 2602 100 2686 100 2696 100 2708 100 2925 100 2941 100 3040 100 3090 100 3174 100 3255 100 3565 100 3660 100 3737 100 3872 100 3894 100 3899 100 3918 100 3931 34 4035 100 4041 100 4046 100 4185 100 4750 100 4763 100 4781 100 4808 100 4834 100 4874 100 
37 2601 100 2723 100 2743 100 2798 100 2866 100 2983 100 3104 100 3108 100 3207 100 3263 38 3386 100 3399 100 3421 100 3467 100 3554 100 3845 100 3920 100 3966 100 3973 100 4020 100 4024 100 4032 100 
38 4517 2 
39 114 100 115 100 125 100 128 100 132 100 138 100 141 100 143 100 144 100 154 100 168 100 3065 100 3246 100 3425 92 3455 100 3634 100 4080 100 4119 100 4156 100 4172 100 4181 100 4197 100 4232 100 4233 100 4236 100 4262 100 4316 100 4328 100 4345 100 4370 100 4405 100 4446 98 4495 100 4504 100 4636 100 4646 100 4660 100 4682 100 4693 100 4726 100 
40 3442 75 3956 100 4493 100 
41 2949 10 
42 196 10 
43 3078 10 
44 1049 10 
45 2703 10 
46 4109 10 
47 3365 10 
48 4845 10 
49 4085 10 
50 3349 10 
51 3296 10 
52 4858 10 
53 4297 10 
54 3424 10 
55 2908 10 
56 21 10 
57 4008 10 
58 3007 10 
59 4256 10 
60 2608 10 
61 3189 10 
62 2672 10 
63 32 10 
64 2641 10 
65 3832 10 
66 3433 10 
67 3212 10 
68 3492 10 
69 4110 10 
70 4820 10 
71 2693 10 
72 17 10 
73 4502 10 
74 3306 10 
75 3202 10 
76 4934 10 
77 2711 10 
78 3450 10 
79 226 10 
80 2929 10 
81 2642 10 
82 3313 10 
83 4221 10 
84 2697 10 
85 4765 10 
86 3030 10 
87 2579 10 
88 83 10 
89 2709 10 
90 3514 10 
91 2619 10 
92 327 10 
93 69 10 
94 550 10 
95 4199 10 
96 3359 10 
97 3304 10 
98 4795 10 
99 2581 10 
100 1165 10 
101 2796 10 
102 3684 10 
103 4263 10 
104 42 10 
105 2838 10 
106 3904 10 
107 3035 10 
108 4880 10 
109 82 10 
110 3229 10 
111 206 10 
112 2685 10 
113 4641 10 
114 4274 10 
115 2698 10 
116 4416 10 
117 2962 10 
118 111 10 
119 107 10 
120 205 10 
121 3141 10 
122 3861 10 
123 30 10 
124 2625 10 
125 2803 10 
126 2618 10 
127 74 10 
128 475 10 
129 179 10 
130 3377 10 
131 378 10 
132 3188 10 
133 3664 10 
134 3350 10 
135 3320 10 
136 4555 10 
137 3062 10 
138 473 10 
139 3356 10 
140 4425 10 
141 4524 10 
142 2916 10 
143 2706 10 
144 2901 10 
145 25 10 
146 4105 10 
147 68 10 
148 4498 10 
149 105 10 
150 4706 10 
151 2968 10 
152 3152 10 
153 2752 10 
154 3326 10 
155 4846 10 
156 2789 10 
157 2535 10 
158 4220 10 
159 3501 10 
160 117 10 
161 137 10 
162 20 10 
163 3383 10 
164 3688 10 
165 7 10 
166 4102 10 
167 3504 10 
168 4844 10 
169 3228 10 
170 3738 10 
171 2756 10 
172 86 10 
173 3874 10 
174 2634 10 
175 3846 10 
176 4287 10 
177 2832 10 
178 4694 10 
179 3451 10 
180 2746 10 
181 3293 10 
182 476 10 
183 4159 10 
184 4043 10 
185 2656 10 
186 4390 10 
187 4098 10 
188 3264 10 
189 3301 10 
190 2650 10 
191 3376 10 
192 91 10 
193 3335 10 
194 3792 10 
195 2883 10 
196 3420 10 
197 3323 10 
198 4323 10 
199 66 10 
200 3400 10 
4
200
1 2910 100 2937 100 2964 100 3026 48 3079 100 3087 100 3286 100 3307 100 3418 100 3426 100 3434 100 3471 100 3486 100 3559 100 3670 100 3713 100 3745 100 
2 4001 12 4275 100 4290 100 4306 100 4348 100 4359 100 4559 100 4652 100 4656 100 4721 100 4728 100 4822 100 4921 100 
3 2644 100 2690 100 2694 100 2707 100 2730 28 2731 100 2745 100 
4 4126 92 4818 100 
5 4174 100 4210 100 4373 100 4382 100 4517 100 4804 100 4922 29 
6 3753 100 3950 100 3951 100 3986 100 3989 100 3997 100 3999 100 4072 100 4090 100 4121 100 4130 100 4165 100 4203 100 4414 100 4454 100 4526 100 4611 100 4791 40 4838 100 4862 100 4878 100 4901 100 4924 100 
7 4057 100 4116 100 4385 100 4764 61 
8 3149 100 3499 15 3862 100 3946 100 3962 100 3976 100 4036 100 4055 100 4125 100 4140 100 4145 100 4237 100 4289 100 
9 4607 100 4653 95 4919 100 
10 2842 100 3363 76 3612 100 4479 100 4519 100 4566 100 4676 100 4713 100 4759 100 4762 100 
11 2805 100 2845 100 3806 56 3917 100 4577 100 4688 100 4814 100 4817 100 4824 100 4855 100 
12 2799 100 2812 100 2817 100 2967 100 2969 40 3010 100 
13 2844 100 2976 75 3378 100 3413 100 3462 100 3644 100 3677 100 
14 116 100 118 100 119 100 122 100 124 100 140 100 2775 100 2776 100 2834 100 2877 100 2891 100 3361 100 3525 100 3532 100 3683 36 3763 100 3779 100 3805 100 3829 100 3849 100 4026 100 4073 100 4151 100 4179 100 4224 100 4253 100 4353 100 
15 2837 100 2990 100 3224 100 3287 100 3364 100 3410 100 3445 7 4054 100 4071 100 4096 100 4252 100 4261 100 4556 100 4619 100 4645 100 4665 100 4709 100 4756 100 4787 100 
16 4899 25 
17 3508 100 3535 100 3577 27 
18 85 100 89 50 
19 2627 13 2666 100 2674 100 2687 100 2688 100 2689 100 2713 100 2716 100 2748 100 2757 100 2763 100 2778 100 2794 100 2822 100 2836 100 2950 100 2963 100 
20 4670 100 4695 5 4697 100 
21 3070 100 3081 100 3096 100 3615 100 3661 100 3744 100 3810 11 3988 100 4521 100 4609 100 
22 3036 100 3478 100 3888 89 3987 100 4021 100 4412 100 4888 100 4897 100 4916 100 4951 100 4957 100 4967 100 
23 3959 100 4059 100 4068 100 4112 48 4190 100 4366 100 
24 3049 100 3164 100 3542 100 3570 100 3578 100 3671 100 3732 100 3768 100 4574 8 
25 4171 25 4484 100 4770 100 4783 100 4841 100 
26 4971 33 
27 3078 100 3395 100 3408 43 3476 100 3520 100 3552 100 3575 100 3680 100 
28 3370 100 3371 100 3599 100 3608 62 3793 100 3907 100 3914 100 4015 100 4016 100 4076 100 4400 100 4411 100 4471 100 4490 100 4525 100 4627 100 4641 100 4735 100 4864 100 4893 100 
29 3439 100 3596 100 3804 60 
30 4004 18 
31 10 100 11 100 12 100 13 100 15 100 16 100 17 100 20 100 23 100 28 100 31 100 45 28 
32 4392 100 4789 100 4798 27 4806 100 
33 2587 100 2592 100 2617 100 2631 96 2632 100 2734 100 2922 100 3003 100 3030 100 3047 100 3110 100 3168 100 3332 100 3407 100 3419 100 3422 100 
34 3594 100 3631 100 3757 100 3765 100 3836 48 4118 100 4133 100 4216 100 4265 100 4827 100 4835 100 4875 100 4907 100 4910 100 4914 100 4933 100 
35 3415 100 3730 100 3853 100 3948 100 4002 76 4094 100 4310 100 
36 2962 100 2993 100 3186 100 3500 100 3507 100 3512 100 3558 100 3560 100 3649 100 3972 100 4037 21 4601 100 4758 100 4809 100 
37 951 100 1123 100 1268 100 1288 64 1331 100 1358 100 1386 100 1436 100 
38 4569 100 4600 88 4898 100 
39 3589 100 3591 100 3639 100 3834 100 4052 8 4201 100 4437 100 4509 100 
40 2718 100 2966 100 2996 100 3020 100 3114 100 3175 100 3257 100 3487 8 3772 100 3818 100 3895 100 4069 100 4154 100 
41 2652 10 
42 2638 10 
43 3270 10 
44 3617 10 
45 2584 10 
46 4508 10 
47 2819 10 
48 191 10 
49 3299 10 
50 2665 10 
51 70 10 
52 2578 10 
53 630 10 
54 4849 10 
55 359 10 
56 2797 10 
57 2636 10 
58 2955 10 
59 4658 10 
60 3780 10 
61 3515 10 
62 2821 10 
63 910 10 
64 2626 10 
65 3150 10 
66 2677 10 
67 4092 10 
68 4644 10 
69 4637 10 
70 3658 10 
71 1184 10 
72 1474 10 
73 2736 10 
74 214 10 
75 344 10 
76 2883 10 
77 1254 10 
78 3686 10 
79 1153 10 
80 2944 10 
81 1433 10 
82 3731 10 
83 106 10 
84 3630 10 
85 3336 10 
86 40 10 
87 3711 10 
88 3710 10 
89 4618 10 
90 95 10 
91 2742 10 
92 2860 10 
93 3996 10 
94 4494 10 
95 39 10 
96 18 10 
97 3033 10 
98 2604 10 
99 3448 10 
100 3147 10 
101 73 10 
102 2889 10 
103 3480 10 
104 280 10 
105 3827 10 
106 312 10 
107 4638 10 
108 183 10 
109 271 10 
110 2678 10 
111 2658 10 
112 243 10 
113 2750 10 
114 3814 10 
115 3656 10 
116 182 10 
117 4111 10 
118 2651 10 
119 248 10 
120 4095 10 
121 3379 10 
122 3898 10 
123 3784 10 
124 1206 10 
125 4428 10 
126 4674 10 
127 3539 10 
128 3072 10 
129 3902 10 
130 948 10 
131 2672 10 
132 2512 10 
133 3718 10 
134 194 10 
135 3567 10 
136 4075 10 
137 1278 10 
138 4169 10 
139 3909 10 
140 3809 10 
141 2603 10 
142 3912 10 
143 2622 10 
144 2818 10 
145 3981 10 
146 3788 10 
147 4887 10 
148 4279 10 
149 3435 10 
150 568 10 
151 4170 10 
152 3534 10 
153 4829 10 
154 3762 10 
155 3490 10 
156 4077 10 
157 4214 10 
158 2858 10 
159 4053 10 
160 4103 10 
161 180 10 
162 367 10 
163 2735 10 
164 3759 10 
165 2809 10 
166 4852 10 
167 4390 10 
168 3938 10 
169 4246 10 
170 2470 10 
171 177 10 
172 3416 10 
173 7 10 
174 4323 10 
175 2693 10 
176 1462 10 
177 3494 10 
178 2908 10 
179 4011 10 
180 4193 10 
181 3189 10 
182 2566 10 
183 2607 10 
184 2640 10 
185 3968 10 
186 2518 10 
187 2700 10 
188 3922 10 
189 2711 10 
190 2641 10 
191 3170 10 
192 1336 10 
193 323 10 
194 3365 10 
195 3202 10 
196 1135 10 
197 2787 10 
198 3349 10 
199 4840 10 
200 147 10 
5
200
1 4932 79 4939 100 
2 3360 100 3424 100 3433 100 3440 48 3492 100 3832 100 3913 100 4109 100 4110 100 4199 100 4263 100 4266 100 4274 100 4297 100 
3 2625 29 2654 100 2698 100 2703 100 
4 3874 19 
5 2637 100 2655 100 2838 100 2897 100 2916 35 2949 100 3000 100 3004 100 3007 100 3045 100 3141 100 3188 100 3212 100 
6 3296 100 3304 100 3306 100 3320 100 3326 100 3350 100 3356 100 3377 100 3450 100 3451 100 3477 100 3501 100 3514 100 3521 100 3603 100 3633 100 3643 100 3653 100 3664 100 3838 100 
7 184 100 188 100 189 100 207 100 220 100 3904 100 3979 100 4008 100 4023 100 4027 100 4085 100 4086 100 4105 100 4191 100 4192 100 4256 100 4338 100 4356 100 4416 100 4425 100 4502 14 4503 100 4555 100 4558 100 4565 100 4574 100 4634 100 4657 100 
8 3293 100 3301 37 3481 100 3794 100 3967 100 4040 100 4221 100 
9 4768 84 
10 4706 100 4732 100 4760 100 4795 100 4837 100 4845 12 4886 100 4889 100 4891 100 
11 4694 100 4695 100 4696 52 4739 100 4748 100 4793 100 4858 100 4873 100 4917 100 4952 100 4953 100 
12 3313 100 3359 100 3376 100 3405 100 3684 100 3785 100 4127 100 4496 100 4498 100 4524 100 4572 50 4757 100 4765 100 4796 100 4820 100 4844 100 4846 100 4851 100 
13 3861 100 3889 100 3964 100 3978 100 4102 100 4220 100 4287 88 
14 4955 9 
15 2744 100 2803 100 2938 100 3229 100 3297 100 3323 94 
16 4098 39 4159 100 
17 2633 100 2726 100 3400 100 3602 100 3627 100 3688 100 4043 14 
18 3764 100 3786 100 3790 40 3937 100 
19 2576 100 2605 100 2642 97 2697 100 2706 100 2709 100 2796 100 2831 100 2929 100 3152 100 3383 100 3504 100 3738 100 3846 100 3873 100 3887 100 3998 100 4523 100 
20 2550 100 2574 100 2598 100 2618 52 2619 100 2634 100 2635 100 2663 100 2675 100 2685 100 2720 100 2746 100 2786 100 2832 100 2901 100 2907 100 2968 100 3035 100 3062 100 3335 100 3420 100 3445 100 3447 100 3449 100 3457 100 3509 100 3709 100 3752 100 3777 100 3792 100 3801 100 3878 100 3884 100 3929 100 3980 100 4038 100 4050 100 
21 2649 100 2955 100 3228 100 3640 100 3868 21 3958 100 
22 4880 100 4934 100 4970 26 
23 4248 100 4376 46 
24 2659 100 3264 64 3547 100 3901 100 4162 100 4483 100 4508 100 4510 100 4514 100 4527 100 4681 100 4727 100 4729 100 4866 100 4884 100 4912 100 4928 100 4966 100 
25 2568 100 2650 100 2656 100 2662 100 2712 100 2728 100 2752 100 2756 100 2789 100 2883 100 2947 100 2982 100 3241 100 3454 100 3473 59 3497 100 3530 100 3536 100 3538 100 3574 100 3606 100 3673 100 3721 100 3726 100 3969 100 4065 100 4124 100 4379 100 4532 100 4561 100 4618 100 
26 2555 100 2562 100 2595 100 2614 100 2629 100 2668 100 2682 100 2859 10 
27 4520 94 4537 100 4754 100 4801 100 4826 100 4836 100 
28 2525 100 2645 100 2797 100 3140 100 3431 100 3510 100 3590 100 3663 100 3716 100 3750 100 3879 100 3885 100 3910 100 3942 100 3947 100 3952 100 3995 100 4001 100 4003 100 4028 100 4100 100 4305 100 4407 100 4576 100 4640 100 4719 100 4738 63 
29 4856 90 
30 4465 77 4635 100 4669 100 
31 2608 100 2673 30 2873 100 3526 100 3975 100 4030 100 4859 100 4860 100 4881 100 4915 100 4920 100 4923 100 4943 100 4946 100 
32 3170 100 3393 100 3485 100 3561 100 3628 100 3773 100 3841 100 3858 64 4052 100 4107 100 4654 100 
33 2521 100 2590 100 2670 80 2810 100 2858 100 
34 2787 100 3290 100 3487 100 3562 100 3632 100 3676 100 3754 100 3842 16 4807 100 
35 3459 100 3566 100 3695 100 3723 100 3810 100 3811 100 3843 100 3870 100 3965 100 4390 35 4655 100 4702 100 4716 100 4742 100 
36 4988 80 
37 4972 34 
38 4823 100 4945 40 
39 3503 100 3694 79 4639 100 4749 100 4894 100 4911 100 4940 100 
40 2570 100 2577 100 2579 100 2580 100 2581 100 2582 100 2606 100 2782 100 2852 48 2875 100 
41 2546 10 
42 134 10 
43 292 10 
44 3231 10 
45 2684 10 
46 2549 10 
47 2702 10 
48 1126 10 
49 2611 10 
50 2960 10 
51 2554 10 
52 4991 10 
53 3005 10 
54 404 10 
55 1154 10 
56 458 10 
57 196 10 
58 1201 10 
59 3 10 
60 2667 10 
61 1415 10 
62 2749 10 
63 58 10 
64 3085 10 
65 51 10 
66 2429 10 
67 3833 10 
68 108 10 
69 2830 10 
70 261 10 
71 210 10 
72 3955 10 
73 3583 10 
74 3299 10 
75 2919 10 
76 160 10 
77 3051 10 
78 513 10 
79 4323 10 
80 46 10 
81 2613 10 
82 72 10 
83 111 10 
84 3780 10 
85 2652 10 
86 3800 10 
87 2701 10 
88 96 10 
89 2628 10 
90 1110 10 
91 76 10 
92 107 10 
93 4512 10 
94 1399 10 
95 4649 10 
96 4973 10 
97 2672 10 
98 2997 10 
99 2735 10 
100 4013 10 
101 1010 10 
102 2638 10 
103 83 10 
104 2626 10 
105 3746 10 
106 2548 10 
107 2961 10 
108 3953 10 
109 251 10 
110 50 10 
111 3120 10 
112 3993 10 
113 150 10 
114 4060 10 
115 98 10 
116 3274 10 
117 2563 10 
118 2691 10 
119 82 10 
120 3616 10 
121 1292 10 
122 287 10 
123 3749 10 
124 155 10 
125 56 10 
126 164 10 
127 2571 10 
128 1204 10 
129 1026 10 
130 4616 10 
131 4782 10 
132 3629 10 
133 3647 10 
134 3270 10 
135 2936 10 
136 4415 10 
137 21 10 
138 1192 10 
139 2758 10 
140 283 10 
141 2714 10 
142 3617 10 
143 179 10 
144 256 10 
145 1064 10 
146 281 10 
147 2584 10 
148 2924 10 
149 4039 10 
150 1215 10 
151 282 10 
152 3515 10 
153 2819 10 
154 4033 10 
155 291 10 
156 2513 10 
157 2465 10 
158 3517 10 
159 2561 10 
160 3770 10 
161 3624 10 
162 206 10 
163 78 10 
164 2665 10 
165 3835 10 
166 953 10 
167 32 10 
168 1420 10 
169 2636 10 
170 2501 10 
171 430 10 
172 3932 10 
173 3499 10 
174 1132 10 
175 4724 10 
176 286 10 
177 4092 10 
178 4088 10 
179 3072 10 
180 2560 10 
181 146 10 
182 1003 10 
183 237 10 
184 172 10 
185 151 10 
186 221 10 
187 1341 10 
188 3658 10 
189 4905 10 
190 3703 10 
191 84 10 
192 1079 10 
193 2471 10 
194 2597 10 
195 49 10 
196 3147 10 
197 3686 10 
198 3150 10 
199 3441 10 
200 2604 10 
6
200
1 4958 57 
2 2497 100 2502 100 2564 100 2573 100 2578 100 2627 68 2639 100 2641 100 2661 100 2669 100 2677 100 2693 100 2711 100 2736 100 2742 100 2821 100 2853 100 2860 100 2908 100 2944 100 3033 100 
3 3630 100 3731 100 3778 100 4637 100 4644 100 4658 100 4711 100 4848 100 4849 100 
4 2491 100 2503 100 2522 23 2558 100 2603 100 2616 100 2651 100 2658 100 2678 100 2705 100 2750 100 2818 100 2859 100 2889 100 
5 3711 100 3771 100 3938 100 3996 100 4095 100 4111 100 4494 100 4638 100 4674 95 
6 4890 53 4936 100 
7 3124 100 3336 100 3349 100 3365 100 3429 100 3448 100 3480 100 3545 100 3622 100 3656 100 3710 100 3814 100 3827 100 3898 1 3930 100 4428 100 4554 100 
8 3189 100 3202 100 3614 100 3675 100 3784 100 3902 100 3909 100 3923 33 3970 100 3981 100 4075 100 4169 100 4664 100 4829 100 4852 100 4887 100 4913 100 4937 100 4938 100 
9 3539 100 3702 100 3883 100 3912 31 4045 100 4097 100 4170 100 4279 100 4470 100 4604 100 
10 3073 100 3379 100 3435 100 3453 100 3498 100 3534 100 3567 100 3718 100 3734 100 3758 100 3762 100 3788 100 3809 100 3822 100 3852 100 3877 100 3898 92 4011 100 4053 100 4058 100 4077 100 4103 100 4214 100 4246 100 4774 100 4813 100 4840 100 4847 100 4906 100 4909 100 4941 100 4962 100 
11 4183 71 
12 3416 100 3490 100 3502 100 3527 100 3541 100 3625 100 3759 100 3807 100 3961 100 3968 100 4193 100 4374 100 4712 98 4780 100 4872 100 
13 3597 70 
14 4977 15 
15 226 100 228 100 231 100 238 100 241 100 243 100 246 100 248 100 255 100 265 100 271 100 2480 100 2514 100 2520 100 2533 100 2540 100 2551 100 2553 97 2569 100 2599 100 2622 100 2640 100 2700 100 2710 100 2809 100 2973 100 
16 4335 100 4710 100 4736 46 4882 100 
17 4010 87 
18 3438 81 3494 100 3701 100 3783 100 3865 100 3922 100 3984 100 3991 100 
19 3712 100 3717 100 3729 100 3789 100 3828 49 3851 100 4372 100 4593 100 
20 4845 75 4925 100 4926 100 
21 3824 100 3949 95 
22 2932 100 2935 100 2975 100 3071 100 3221 100 3231 100 3234 100 3342 84 3458 100 4927 100 4949 100 4984 100 
23 4992 7 
24 2542 100 2566 16 2607 100 2610 100 2612 100 2620 100 2683 100 2717 100 2788 100 2804 100 2851 100 
25 2596 100 2704 100 2733 100 2960 100 3016 100 3085 100 3619 100 3642 100 3654 100 3666 100 3705 3 
26 4538 100 4831 55 4861 100 4948 100 
27 3760 100 3803 100 4675 100 4821 80 4853 100 4955 100 
28 3871 100 3903 100 3915 14 3957 100 3963 100 4025 100 4512 100 4671 100 4679 100 
29 3550 100 3595 100 3707 51 3781 100 3796 100 
30 2519 100 2531 100 2543 100 2630 100 2646 100 2830 100 2867 100 2936 100 2997 100 3111 100 3120 100 3177 100 3437 100 3667 100 3678 100 3679 100 3708 100 3795 45 3817 100 3886 100 3897 100 
31 4395 100 4599 30 
32 2507 42 2594 100 2660 100 2749 100 2779 100 2826 100 2924 100 2930 100 3856 100 4502 100 
33 2532 100 2535 100 2808 15 3076 100 3106 100 3830 100 4004 100 4323 100 4690 100 4715 100 4812 100 4815 100 4839 100 4850 100 4868 100 4869 100 4870 100 4885 100 4918 100 4931 100 
34 1466 100 2437 100 2460 100 2473 100 2488 100 2512 100 2518 100 2623 100 2653 100 2672 100 2681 100 2735 100 2777 100 2813 100 2871 100 2878 100 2985 100 3075 100 3127 100 3142 100 3214 38 3513 100 3579 100 3692 100 3748 100 3900 100 4043 100 
35 1044 100 1094 29 1133 100 1231 100 1307 100 
36 2475 100 2483 100 2583 86 2974 100 3274 100 3698 100 4473 100 4575 100 
37 503 100 766 100 986 100 1035 100 1073 100 1137 100 1141 100 1156 100 1187 100 1273 100 1308 100 1320 100 1377 100 1435 100 2374 78 2648 100 
38 2333 100 2419 100 2454 100 2455 100 2495 100 2509 100 2515 100 2534 100 2621 100 2959 100 3009 100 3014 100 3148 100 3299 100 3544 100 3592 100 3650 100 3682 100 3705 97 3722 100 3735 100 3769 8 3780 100 3983 100 
39 1372 10 
40 2420 100 2546 100 2549 100 2554 100 2565 100 2611 49 2626 100 2643 100 2652 100 2684 100 2702 100 2854 100 2882 100 3005 100 3072 100 3147 100 3573 100 3704 100 3775 100 3874 100 3896 100 3905 100 4426 100 4518 100 4528 100 
41 280 10 
42 251 10 
43 1147 10 
44 1247 10 
45 275 10 
46 4857 10 
47 1327 10 
48 1095 10 
49 1040 10 
50 1004 10 
51 959 10 
52 1214 10 
53 377 10 
54 391 10 
55 27 10 
56 965 10 
57 1479 10 
58 1076 10 
59 1038 10 
60 548 10 
61 514 10 
62 161 10 
63 4744 10 
64 1412 10 
65 1179 10 
66 278 10 
67 112 10 
68 1170 10 
69 1058 10 
70 266 10 
71 955 10 
72 19 10 
73 63 10 
74 1234 10 
75 1470 10 
76 9 10 
77 1423 10 
78 176 10 
79 30 10 
80 1389 10 
81 1217 10 
82 1172 10 
83 618 10 
84 285 10 
85 509 10 
86 1309 10 
87 1328 10 
88 213 10 
89 358 10 
90 1138 10 
91 1057 10 
92 42 10 
93 639 10 
94 135 10 
95 4902 10 
96 347 10 
97 137 10 
98 1098 10 
99 205 10 
100 214 10 
101 2638 10 
102 4769 10 
103 732 10 
104 1190 10 
105 1142 10 
106 292 10 
107 1497 10 
108 178 10 
109 4947 10 
110 211 10 
111 2647 10 
112 237 10 
113 1068 10 
114 1146 10 
115 171 10 
116 52 10 
117 86 10 
118 2911 10 
119 1065 10 
120 2511 10 
121 2667 10 
122 64 10 
123 1155 10 
124 1205 10 
125 1280 10 
126 4990 10 
127 1406 10 
128 346 10 
129 1157 10 
130 3833 10 
131 136 10 
132 1151 10 
133 2604 10 
134 3499 10 
135 91 10 
136 3270 10 
137 457 10 
138 287 10 
139 1289 10 
140 29 10 
141 1357 10 
142 1348 10 
143 3797 10 
144 3955 10 
145 261 10 
146 4649 10 
147 319 10 
148 2539 10 
149 3569 10 
150 95 10 
151 1257 10 
152 25 10 
153 3583 10 
154 3617 10 
155 2919 10 
156 2584 10 
157 149 10 
158 1195 10 
159 3046 10 
160 126 10 
161 3051 10 
162 332 10 
163 624 10 
164 195 10 
165 1104 10 
166 2764 10 
167 3581 10 
168 3515 10 
169 79 10 
170 1426 10 
171 4982 10 
172 2470 10 
173 2819 10 
174 4616 10 
175 3519 10 
176 858 10 
177 3706 10 
178 5 10 
179 34 10 
180 142 10 
181 2613 10 
182 3800 10 
183 6 10 
184 300 10 
185 4092 10 
186 4013 10 
187 1168 10 
188 4397 10 
189 2448 10 
190 2665 10 
191 3132 10 
192 1317 10 
193 4843 10 
194 603 10 
195 163 10 
196 219 10 
197 875 10 
198 197 10 
199 206 10 
200 2636 10 
7
200
1 2472 62 2530 100 2721 100 
2 3658 100 3686 100 3823 91 3953 100 
3 1143 100 2628 100 2701 100 2857 100 2980 100 3150 100 3746 100 3875 21 4037 100 4415 100 4595 100 4602 100 4723 100 4755 100 4782 100 
4 2547 100 2940 100 2961 68 3605 100 3616 100 3641 100 3749 100 3940 100 3993 100 4060 100 
5 1198 100 2575 100 3357 100 3629 43 4724 100 
6 883 41 890 100 988 100 1005 100 1062 100 1099 100 1136 100 1178 100 1219 100 1252 100 1526 100 2513 100 2526 100 2548 100 2563 100 2571 100 2600 100 2691 100 2714 100 2758 100 2905 100 3517 100 3624 100 3647 100 3703 100 3770 100 3798 100 3835 100 3932 100 4033 100 4039 100 4088 100 4477 100 4614 100 4620 100 
7 2561 26 2679 100 4876 100 4879 100 4883 100 4899 100 4900 100 4903 100 4904 100 4905 100 4908 100 4930 100 
8 1129 100 1240 100 1346 100 1407 100 2346 90 2434 100 2439 100 2501 100 3008 100 3441 100 
9 1419 100 1434 100 2266 100 2436 100 2471 100 2529 100 2560 100 2585 100 2588 100 2597 100 3042 100 3182 100 3611 100 3751 100 3844 79 3882 100 4419 100 
10 4550 27 4552 100 
11 4942 10 
12 4666 63 4700 100 4867 100 
13 2755 100 3261 100 3522 100 3669 100 3936 100 3977 54 4087 100 
14 127 58 130 100 131 100 134 100 145 100 166 100 182 100 191 100 
15 2479 100 2498 100 2508 100 2567 100 2586 100 2589 100 2591 46 2609 100 3044 100 3715 100 3720 100 
16 2557 100 2664 100 2730 4 3017 100 3024 100 
17 3577 100 3816 100 3820 100 3831 100 3839 100 3933 100 3944 100 3945 100 4171 100 4326 100 4453 60 4587 100 4605 100 4659 100 4678 100 4922 100 
18 4969 98 4979 100 4980 100 4985 100 4987 100 
19 3585 80 
20 870 100 962 32 1102 100 1131 100 1285 100 1286 100 1354 100 
21 3646 100 3931 100 4377 100 4417 100 4580 35 4597 100 4626 100 4935 100 4954 100 4959 100 4960 100 4964 100 4965 100 4968 100 
22 3739 8 
23 4228 56 4293 100 4451 100 4539 100 4562 100 4769 100 
24 4974 40 4986 100 
25 4584 59 4929 100 
26 1253 100 2424 34 
27 4049 65 
28 4482 64 4798 100 
29 2399 100 2414 98 2451 100 
30 4564 55 
31 4991 79 4992 100 
32 3919 73 
33 4973 100 4975 100 4976 90 4983 100 
34 4950 37 
35 2370 100 2441 100 2457 100 2528 85 
36 95 38 96 100 97 100 99 100 100 100 102 100 103 100 105 100 106 100 107 100 108 100 109 100 111 100 117 100 121 100 167 100 180 100 
37 3564 100 3610 34 3651 100 3685 100 3728 100 3837 100 3842 100 3864 100 3866 100 4047 100 
38 3741 28 
39 2808 100 2911 100 3039 100 3154 100 3213 100 3258 100 3756 59 
40 1345 100 1359 6 1422 100 1441 100 1449 100 1467 100 
41 982 10 
42 177 10 
43 1105 10 
44 256 10 
45 516 10 
46 1310 10 
47 315 10 
48 1067 10 
49 918 10 
50 389 10 
51 433 10 
52 183 10 
53 306 10 
54 1197 10 
55 1012 10 
56 333 10 
57 307 10 
58 399 10 
59 69 10 
60 598 10 
61 971 10 
62 1207 10 
63 923 10 
64 660 10 
65 74 10 
66 820 10 
67 906 10 
68 1061 10 
69 283 10 
70 329 10 
71 726 10 
72 930 10 
73 160 10 
74 1304 10 
75 958 10 
76 844 10 
77 1007 10 
78 551 10 
79 980 10 
80 540 10 
81 869 10 
82 475 10 
83 485 10 
84 68 10 
85 1263 10 
86 378 10 
87 35 10 
88 47 10 
89 1318 10 
90 327 10 
91 852 10 
92 291 10 
93 1295 10 
94 1031 10 
95 1465 10 
96 619 10 
97 1049 10 
98 829 10 
99 807 10 
100 425 10 
101 1463 10 
102 357 10 
103 2482 10 
104 1499 10 
105 706 10 
106 1501 10 
107 2466 10 
108 1165 10 
109 1161 10 
110 1080 10 
111 1228 10 
112 147 10 
113 281 10 
114 77 10 
115 2427 10 
116 174 10 
117 933 10 
118 209 10 
119 359 10 
120 957 10 
121 2615 10 
122 2536 10 
123 1096 10 
124 1139 10 
125 573 10 
126 2676 10 
127 2657 10 
128 612 10 
129 909 10 
130 94 10 
131 2461 10 
132 427 10 
133 2478 10 
134 1060 10 
135 2447 10 
136 2504 10 
137 794 10 
138 2494 10 
139 344 10 
140 596 10 
141 691 10 
142 1462 10 
143 272 10 
144 2559 10 
145 273 10 
146 522 10 
147 284 10 
148 1500 10 
149 2435 10 
150 550 10 
151 521 10 
152 910 10 
153 2467 10 
154 630 10 
155 2347 10 
156 1373 10 
157 2465 10 
158 1154 10 
159 473 10 
160 2527 10 
161 1411 10 
162 476 10 
163 334 10 
164 566 10 
165 2403 10 
166 1181 10 
167 282 10 
168 158 10 
169 403 10 
170 229 10 
171 1184 10 
172 451 10 
173 112 10 
174 80 10 
175 448 10 
176 506 10 
177 1201 10 
178 75 10 
179 1189 10 
180 196 10 
181 1474 10 
182 2492 10 
183 2991 10 
184 1112 10 
185 150 10 
186 289 10 
187 155 10 
188 593 10 
189 3638 10 
190 1254 10 
191 2894 10 
192 53 10 
193 606 10 
194 192 10 
195 1153 10 
196 58 10 
197 1433 10 
198 98 10 
199 3556 10 
200 1206 10 
8
200
1 4423 100 4439 19 4499 100 4585 100 
2 4978 100 4982 15 4989 100 4990 100 
3 4947 25 4963 100 
4 2232 100 2352 100 3046 100 3132 100 3153 83 3551 100 3725 100 4397 100 4404 100 
5 2200 100 2247 100 2390 100 2405 100 2429 18 2556 100 
6 1520 24 
7 135 100 137 100 146 100 151 100 157 100 161 61 169 100 175 100 186 100 187 100 194 100 
8 1250 30 
9 2753 100 2764 100 2886 100 2999 100 3056 100 3074 71 3163 100 3271 100 3655 100 3774 100 3787 100 3791 100 3821 100 3826 100 3868 100 3906 100 3925 100 4346 100 4961 100 4977 100 
10 1486 100 1490 100 1504 100 1533 100 1553 100 2203 100 2265 57 2366 100 2376 100 2386 100 2433 100 2464 100 2469 100 2486 100 2544 100 2545 100 2624 100 2730 100 
11 1392 28 1397 100 1399 100 1415 100 1420 100 1445 100 2431 100 2474 100 3769 100 
12 277 100 278 100 280 100 285 100 286 100 287 100 292 100 295 100 299 100 302 100 308 100 312 100 321 100 323 100 350 100 367 100 383 100 411 100 413 100 479 100 568 83 948 100 1128 100 1176 100 1210 100 1278 100 1355 100 
13 3635 100 3719 100 4371 100 4401 100 4433 100 4475 100 4516 100 4608 87 4857 100 4877 100 
14 4942 22 
15 2552 100 2625 100 2913 89 3059 100 3118 100 
16 4298 59 4460 100 
17 4572 41 
18 929 100 1152 99 
19 4902 15 
20 1124 100 1126 100 1135 100 1208 100 1215 100 1293 100 1300 100 1336 100 1344 95 1351 100 
21 3080 100 3082 100 3084 56 3133 100 3263 100 3270 100 3460 100 3499 100 3515 100 3617 100 3742 100 3854 100 3876 100 4744 100 4970 100 
22 316 100 336 100 337 100 380 100 386 100 404 100 426 100 430 100 444 100 453 100 456 100 458 100 513 100 533 100 549 100 600 100 622 100 717 100 793 100 838 100 884 100 887 100 899 100 904 100 953 100 973 100 1001 100 1003 100 1009 100 1010 100 1026 100 1064 100 1110 100 1132 100 1174 100 1192 100 1204 100 1292 100 1341 41 1349 100 
23 51 100 66 100 70 26 71 100 
24 4892 51 
25 609 100 781 100 855 100 886 100 889 100 907 100 914 100 916 100 917 100 1004 100 1028 100 1079 100 1082 100 1147 100 1203 100 1247 31 1284 100 1296 100 1325 100 1340 100 1361 100 1536 100 2180 100 2375 100 2401 100 2442 100 2450 100 2505 100 2572 100 
26 3800 15 3833 100 3955 100 4063 100 4092 100 
27 4649 78 
28 2462 100 2604 100 2892 100 2902 77 
29 4533 94 
30 4843 57 
31 2737 100 2819 100 2890 100 2895 100 2954 100 3583 56 3652 100 4325 100 
32 2216 100 4981 5 
33 4616 35 
34 2919 100 3051 2 
35 1050 100 1059 100 1074 100 1087 100 1091 100 1095 100 1144 100 1170 100 1179 100 1234 100 1270 100 1306 100 1314 100 1327 100 1376 100 1387 100 1394 100 1405 100 1412 100 1423 100 1494 100 1516 100 1555 100 2340 100 2409 100 2523 100 2537 14 2638 100 
36 2422 100 2476 100 2500 100 2510 100 2511 100 2517 100 2541 100 2566 100 2584 100 2636 100 2665 100 2667 4 
37 330 100 347 100 358 100 373 100 377 100 391 100 414 100 428 100 438 100 474 100 543 100 633 53 760 100 920 100 
38 69 100 72 100 73 100 74 100 75 100 76 100 77 100 78 100 79 100 80 100 81 100 82 100 83 100 84 100 86 100 87 100 88 100 90 100 91 100 93 100 94 100 110 88 126 100 164 100 179 100 
39 4740 15 4971 100 
40 2443 100 2456 100 2470 100 2477 100 3281 100 4418 100 4478 33 4625 100 
41 796 10 
42 710 10 
43 587 10 
44 548 10 
45 1389 10 
46 139 10 
47 815 10 
48 650 10 
49 176 10 
50 8 10 
51 296 10 
52 680 10 
53 532 10 
54 1565 10 
55 40 10 
56 136 10 
57 1040 10 
58 959 10 
59 827 10 
60 1027 10 
61 1539 10 
62 500 10 
63 1077 10 
64 1352 10 
65 1172 10 
66 1372 10 
67 1166 10 
68 569 10 
69 1214 10 
70 293 10 
71 965 10 
72 149 10 
73 1076 10 
74 172 10 
75 210 10 
76 1038 10 
77 1057 10 
78 249 10 
79 936 10 
80 2022 10 
81 614 10 
82 1400 10 
83 931 10 
84 1167 10 
85 205 10 
86 678 10 
87 1134 10 
88 300 10 
89 1190 10 
90 1312 10 
91 57 10 
92 992 10 
93 955 10 
94 263 10 
95 275 10 
96 1595 10 
97 514 10 
98 839 10 
99 556 10 
100 375 10 
101 501 10 
102 1479 10 
103 996 10 
104 1068 10 
105 1058 10 
106 362 10 
107 1280 10 
108 1406 10 
109 319 10 
110 1315 10 
111 223 10 
112 1021 10 
113 748 10 
114 1470 10 
115 2167 10 
116 283 10 
117 1151 10 
118 317 10 
119 1217 10 
120 1043 10 
121 1357 10 
122 1090 10 
123 1348 10 
124 44 10 
125 1150 10 
126 1379 10 
127 1309 10 
128 24 10 
129 993 10 
130 1125 10 
131 782 10 
132 618 10 
133 415 10 
134 1195 10 
135 424 10 
136 509 10 
137 63 10 
138 1138 10 
139 639 10 
140 1220 10 
141 1359 10 
142 795 10 
143 1456 10 
144 1426 10 
145 700 10 
146 101 10 
147 364 10 
148 455 10 
149 148 10 
150 934 10 
151 464 10 
152 1070 10 
153 1081 10 
154 120 10 
155 2613 10 
156 1168 10 
157 62 10 
158 332 10 
159 694 10 
160 780 10 
161 2953 10 
162 1098 10 
163 3169 10 
164 1431 10 
165 4013 10 
166 1428 10 
167 818 10 
168 1169 10 
169 3916 10 
170 732 10 
171 274 10 
172 2538 10 
173 4352 10 
174 1202 10 
175 836 10 
176 260 10 
177 92 10 
178 61 10 
179 221 10 
180 218 10 
181 41 10 
182 1142 10 
183 181 10 
184 2381 10 
185 56 10 
186 153 10 
187 33 10 
188 2872 10 
189 1160 10 
190 1328 10 
191 346 10 
192 3648 10 
193 1083 10 
194 941 10 
195 2862 10 
196 251 10 
197 3915 10 
198 1497 10 
199 1185 10 
200 4339 10 
9
200
1 3724 46 
2 3058 100 3636 100 3797 48 
3 4421 87 
4 1599 100 2276 100 2361 100 2364 100 2430 100 2468 100 2524 100 2539 100 2593 100 2647 100 2881 100 2969 100 2991 51 3237 100 3569 100 3581 100 3683 100 3880 100 
5 4389 17 4393 100 4468 100 4487 100 
6 2245 100 2329 100 2402 100 2440 100 2448 100 2453 100 2485 100 2487 100 2496 100 2499 38 2719 100 2874 100 2894 100 2914 100 2977 100 3027 100 3193 100 3196 100 3203 100 3223 100 3519 100 3706 100 4535 100 4553 100 
7 3167 100 3197 23 3250 100 3265 100 3693 100 
8 1503 100 1550 100 1563 100 1634 100 2404 100 2481 98 3156 100 
9 2338 100 2417 100 2887 100 2916 100 2943 6 2978 100 3051 100 3116 100 
10 133 100 142 100 147 100 150 100 152 100 158 100 160 100 162 100 163 100 165 100 171 100 173 100 174 100 177 100 178 100 183 100 190 100 195 100 196 100 197 100 201 78 202 100 203 100 213 100 214 100 222 100 233 100 
11 4598 100 4610 100 4692 73 
12 2516 100 2814 100 2852 33 3220 100 3518 100 3761 100 
13 2182 79 2342 100 2349 100 2379 100 
14 1858 100 2365 100 2795 79 2823 100 2828 100 2992 100 2995 100 3198 100 
15 1103 100 1104 100 1108 100 1140 100 1146 100 1155 100 1157 100 1205 100 1227 100 1236 100 1244 100 1256 100 1257 100 1274 100 1283 100 1289 100 1313 100 1317 100 1334 100 1356 100 1368 100 1374 100 1381 100 1382 100 1446 100 1450 100 1452 100 1471 100 1608 29 
16 2207 100 2395 20 
17 1442 100 1511 100 1568 46 1577 100 
18 970 100 974 100 982 100 991 100 1011 100 1017 100 1019 100 1024 100 1045 100 1051 100 1054 100 1055 100 1056 100 1065 100 1067 87 1105 100 1117 100 1149 100 1229 100 1249 100 1272 100 1366 100 1367 100 1385 100 1409 100 1410 100 3739 100 
19 1310 100 1492 58 1602 100 1641 100 
20 3782 100 4270 100 4368 100 4390 100 4422 100 4551 100 4599 100 4624 100 4680 100 4691 100 4705 32 4717 100 4741 100 4784 100 4791 100 4794 100 4944 100 4993 100 4994 100 4995 100 
21 2359 100 2490 100 2667 100 2740 100 2876 100 3091 18 3117 100 3301 100 3491 100 3881 100 4309 100 4410 100 
22 3397 100 3766 100 3813 100 4240 100 4441 100 4461 57 4536 100 4543 100 4557 100 4567 100 
23 2153 100 2171 100 2233 100 2286 100 2320 100 2326 100 2351 100 2357 100 2387 100 2407 100 2458 100 3089 6 3191 100 
24 3225 48 
25 1165 100 1183 100 1194 100 1196 100 1197 100 1207 100 1224 100 1414 100 1437 65 1522 100 1534 100 1535 100 1956 100 4629 100 4651 100 4725 100 4776 100 
26 2240 100 2328 100 2371 100 2438 100 2452 100 2463 100 2482 100 2506 100 2868 100 2943 94 2970 100 2971 100 3178 100 3208 100 3334 100 4752 98 
27 172 100 176 100 181 100 192 100 198 100 199 100 200 100 204 100 205 100 206 100 208 100 209 100 210 100 211 100 216 100 218 100 219 100 221 100 223 100 224 100 225 99 235 100 236 100 237 100 245 100 250 100 256 100 261 100 262 100 264 100 266 100 268 100 
28 354 100 355 100 374 100 378 100 389 100 399 100 433 100 457 100 462 100 471 100 484 100 490 100 491 100 516 100 519 100 552 100 603 100 607 100 624 100 634 100 641 100 648 100 703 100 709 100 716 100 728 100 814 100 842 100 858 100 871 100 875 100 894 100 897 100 902 18 924 100 932 100 
29 2044 100 2072 100 2199 100 2427 100 2445 100 2465 100 2466 100 2754 100 2802 100 2885 100 2915 100 2934 100 2956 50 3094 100 
30 4459 46 4586 100 4677 100 4767 100 4777 100 
31 4304 100 4307 100 4339 100 4352 100 4467 100 4488 100 4548 24 4592 100 
32 2833 100 2861 100 2872 100 2909 100 2939 100 2953 100 3026 100 3066 100 3077 100 3169 100 3239 100 3283 100 3648 100 4895 66 
33 2615 100 2657 100 2676 100 2766 100 2800 100 2862 90 4017 100 
34 2170 100 2178 100 2204 100 2304 100 2330 100 2335 100 2347 100 2392 19 2398 100 2406 100 2435 100 2447 100 2461 100 2467 100 2478 100 2493 100 2494 100 2504 100 2536 100 2559 100 3043 100 4956 100 
35 1525 41 1571 100 1610 100 
36 4996 57 4997 100 
37 2055 100 2083 100 2290 100 2403 100 2492 100 2522 100 2527 100 2673 65 2848 100 2903 100 3048 100 3103 100 
38 2869 100 2921 100 3104 100 3123 54 3204 100 3432 100 3556 100 3638 100 
39 4388 100 4632 86 
40 1618 100 1621 100 1638 100 1640 100 1649 100 1666 100 1683 100 1877 100 4481 42 
41 1049 10 
42 866 10 
43 5 10 
44 847 10 
45 26 10 
46 922 10 
47 55 10 
48 39 10 
49 538 10 
50 846 10 
51 104 10 
52 770 10 
53 961 10 
54 853 10 
55 856 10 
56 402 10 
57 778 10 
58 1061 10 
59 113 10 
60 463 10 
61 1304 10 
62 860 10 
63 620 10 
64 918 10 
65 1012 10 
66 812 10 
67 1462 10 
68 1018 10 
69 288 10 
70 589 10 
71 227 10 
72 60 10 
73 342 10 
74 775 10 
75 306 10 
76 598 10 
77 307 10 
78 971 10 
79 820 10 
80 660 10 
81 315 10 
82 644 10 
83 923 10 
84 281 10 
85 906 10 
86 930 10 
87 958 10 
88 475 10 
89 384 10 
90 1007 10 
91 229 10 
92 551 10 
93 844 10 
94 726 10 
95 46 10 
96 1020 10 
97 985 10 
98 540 10 
99 1216 10 
100 840 10 
101 797 10 
102 980 10 
103 333 10 
104 305 10 
105 869 10 
106 558 10 
107 439 10 
108 785 10 
109 50 10 
110 249 10 
111 282 10 
112 247 10 
113 1263 10 
114 758 10 
115 1199 10 
116 967 10 
117 1318 10 
118 155 10 
119 434 10 
120 156 10 
121 762 10 
122 787 10 
123 1487 10 
124 253 10 
125 242 10 
126 550 10 
127 784 10 
128 123 10 
129 425 10 
130 1235 10 
131 1295 10 
132 572 10 
133 18 10 
134 251 10 
135 1113 10 
136 1465 10 
137 239 10 
138 1154 10 
139 359 10 
140 473 10 
141 1201 10 
142 98 10 
143 487 10 
144 112 10 
145 802 10 
146 1370 10 
147 619 10 
148 1164 10 
149 852 10 
150 272 10 
151 3 10 
152 1042 10 
153 129 10 
154 136 10 
155 867 10 
156 1100 10 
157 1305 10 
158 829 10 
159 577 10 
160 273 10 
161 1463 10 
162 1451 10 
163 1499 10 
164 881 10 
165 254 10 
166 1031 10 
167 344 10 
168 997 10 
169 807 10 
170 1478 10 
171 485 10 
172 263 10 
173 876 10 
174 329 10 
175 522 10 
176 153 10 
177 706 10 
178 1501 10 
179 357 10 
180 900 10 
181 1000 10 
182 521 10 
183 1429 10 
184 1161 10 
185 910 10 
186 693 10 
187 573 10 
188 52 10 
189 259 10 
190 1080 10 
191 21 10 
192 561 10 
193 252 10 
194 947 10 
195 1343 10 
196 612 10 
197 1228 10 
198 1472 10 
199 476 10 
200 291 10 
10
200
1 2296 72 3699 100 
2 4981 73 
3 4226 58 
4 4474 100 4751 82 
5 3850 78 4268 100 4340 100 
6 2983 100 3089 22 4091 100 4396 100 4440 100 4550 100 
7 530 100 545 100 554 100 596 100 629 100 630 100 691 100 764 100 779 100 821 100 837 100 854 100 863 100 872 100 909 100 933 100 950 100 954 100 957 100 1039 65 1060 100 1096 100 1101 100 1120 100 1139 100 1153 100 1184 100 1206 100 1254 100 1266 100 1408 100 1430 100 1433 100 1474 100 
8 4429 28 4439 100 4594 100 
9 2251 100 2289 100 2299 100 2362 100 2425 40 
10 4267 100 4430 100 4531 100 4540 100 4568 100 4583 17 
11 3529 100 3598 100 3912 68 3926 100 4013 100 4098 100 4292 100 4454 100 4703 100 4714 100 4788 100 4982 100 4998 100 
12 2005 100 2023 100 2106 100 2210 100 2273 100 2302 100 2308 100 2327 100 2344 100 2428 100 2432 100 2489 100 2942 100 3003 100 3160 100 3251 61 3341 100 
13 3347 100 3408 100 3915 100 4042 5 
14 4291 97 
15 4902 56 
16 2154 100 2242 100 2391 100 2816 100 3098 100 3136 10 
17 794 100 848 39 969 100 1072 100 1085 100 
18 3576 100 3588 4 3691 100 3790 100 3916 100 4051 100 4112 100 4144 100 4223 100 
19 4243 100 4273 100 4282 100 4296 100 4313 100 4320 100 4330 100 4389 78 4445 100 4479 100 4519 100 4577 100 4600 100 4740 100 
20 4972 91 
21 3248 32 3256 100 3262 100 3279 100 3294 100 3338 100 
22 2741 100 2767 100 2774 100 2824 100 2825 100 2948 100 2952 100 3125 100 3131 100 3146 100 3214 52 3222 100 
23 4241 22 4294 100 
24 4259 100 4302 100 4312 1 
25 3310 100 3800 100 3836 100 3875 100 3923 52 4042 95 4150 100 4152 100 4175 100 4200 100 4222 100 4227 100 4312 99 
26 987 100 1084 100 1114 100 1181 100 1189 51 1212 100 1239 100 1265 100 1373 100 1411 100 1424 100 1447 100 1489 100 1500 100 
27 649 98 671 100 725 100 744 100 1112 100 
28 566 100 593 52 
29 2613 100 2671 100 2880 100 2964 100 3021 38 3139 100 
30 3346 72 3440 100 3588 96 3806 100 4122 100 
31 2306 100 2322 100 2341 100 2354 87 2367 100 2377 100 2384 100 2394 100 2397 100 2410 100 2412 100 2415 100 2416 100 2421 100 2444 100 2484 100 
32 4621 100 4641 35 
33 4194 67 4198 100 4399 100 
34 4284 100 4358 94 4465 100 
35 1985 34 2131 100 2291 100 
36 4570 4 4580 100 4665 100 
37 4406 100 4431 100 4513 60 4522 100 4525 100 4529 100 4570 96 4573 100 4579 100 4609 100 
38 4308 100 4314 76 4365 100 4381 100 4436 100 4572 100 4686 100 4697 100 
39 2186 100 2197 100 2209 100 2211 100 2220 100 2253 100 2282 100 2287 100 2316 100 2369 100 2381 100 2382 100 2383 100 2426 100 2449 100 2538 100 2910 100 2917 100 3023 100 3031 100 3032 100 3105 100 3179 100 3200 10 
40 1986 100 2006 100 2022 100 2036 100 2115 100 2139 100 2160 100 2167 100 2169 100 2334 34 
41 1476 10 
42 149 10 
43 1037 10 
44 49 10 
45 215 10 
46 139 10 
47 234 10 
48 314 10 
49 998 10 
50 942 10 
51 580 10 
52 1701 10 
53 327 10 
54 606 10 
55 1464 10 
56 1432 10 
57 427 10 
58 1655 10 
59 798 10 
60 419 10 
61 1311 10 
62 494 10 
63 290 10 
64 937 10 
65 396 10 
66 37 10 
67 284 10 
68 451 10 
69 1591 10 
70 938 10 
71 101 10 
72 318 10 
73 338 10 
74 148 10 
75 120 10 
76 977 10 
77 1242 10 
78 64 10 
79 1444 10 
80 324 10 
81 583 10 
82 42 10 
83 104 10 
84 1276 10 
85 448 10 
86 1543 10 
87 1582 10 
88 334 10 
89 1303 10 
90 1173 10 
91 92 10 
92 159 10 
93 915 10 
94 38 10 
95 294 10 
96 1053 10 
97 1014 10 
98 98 10 
99 1455 10 
100 506 10 
101 1495 10 
102 1267 10 
103 1719 10 
104 1572 10 
105 1002 10 
106 1549 10 
107 1248 10 
108 1246 10 
109 403 10 
110 576 10 
111 1225 10 
112 297 10 
113 1353 10 
114 534 10 
115 4 10 
116 289 10 
117 1302 10 
118 1175 10 
119 36 10 
120 68 10 
121 170 10 
122 864 10 
123 400 10 
124 244 10 
125 555 10 
126 1586 10 
127 1514 10 
128 1820 10 
129 112 10 
130 841 10 
131 843 10 
132 729 10 
133 1275 10 
134 898 10 
135 825 10 
136 1808 10 
137 1540 10 
138 155 10 
139 349 10 
140 401 10 
141 407 10 
142 926 10 
143 390 10 
144 542 10 
145 1578 10 
146 999 10 
147 1605 10 
148 664 10 
149 1395 10 
150 212 10 
151 537 10 
152 1454 10 
153 59 10 
154 1642 10 
155 1389 10 
156 1145 10 
157 695 10 
158 388 10 
159 547 10 
160 193 10 
161 123 10 
162 1664 10 
163 260 10 
164 683 10 
165 1251 10 
166 387 10 
167 826 10 
168 1672 10 
169 58 10 
170 1720 10 
171 488 10 
172 372 10 
173 48 10 
174 156 10 
175 472 10 
176 1319 10 
177 903 10 
178 921 10 
179 616 10 
180 896 10 
181 136 10 
182 698 10 
183 687 10 
184 1172 10 
185 806 10 
186 460 10 
187 686 10 
188 966 10 
189 1388 10 
190 267 10 
191 232 10 
192 129 10 
193 1589 10 
194 1048 10 
195 1597 10 
196 149 10 
197 1162 10 
198 1697 10 
199 768 10 
200 452 10 
