vis : 1 0 0 0 0
vis : 24 0 0 1 1
vis : 1 1 1 0 1
vis : 24 1 1 1 2
vis : 23 0 0 2 2
vis : 2 1 1 1 2
vis : 25 1 1 2 3
vis : 23 1 1 2 3
vis : 13 0 0 3 3
vis : 6 1 1 2 3
vis : 3 1 1 2 3
vis : 36 1 1 3 4
vis : 22 1 1 3 4
vis : 22 0 0 4 4
vis : 14 0 0 4 4
vis : 13 1 1 3 4
vis : 7 1 1 3 4
vis : 4 1 1 3 4
vis : 2 0 2 1 4
vis : 30 0 2 2 5
vis : 29 1 1 4 5
vis : 26 0 0 5 5
vis : 25 0 2 2 5
vis : 21 1 1 4 5
vis : 21 0 0 5 5
vis : 20 1 1 4 5
vis : 14 1 1 4 5
vis : 12 1 1 4 5
vis : 8 1 1 4 5
vis : 6 0 2 2 5
vis : 3 0 2 2 5
vis : 38 0 2 3 6
vis : 36 0 2 3 6
vis : 35 0 0 6 6
vis : 32 0 2 3 6
vis : 30 1 1 5 6
vis : 29 0 2 3 6
vis : 28 1 1 5 6
vis : 27 0 0 6 6
vis : 26 1 1 5 6
vis : 20 0 0 6 6
vis : 19 0 2 3 6
vis : 15 1 1 5 6
vis : 11 1 1 5 6
vis : 7 0 2 3 6
vis : 5 0 2 3 6
vis : 4 0 2 3 6
vis : 37 0 2 4 7
vis : 35 1 1 6 7
vis : 34 0 0 7 7
vis : 33 0 2 4 7
vis : 31 1 1 6 7
vis : 28 0 0 7 7
vis : 27 1 1 6 7
vis : 18 0 2 4 7
vis : 12 0 2 4 7
vis : 9 1 1 6 7
vis : 8 0 2 4 7
vis : 34 1 1 7 8
vis : 17 1 1 7 8
vis : 15 0 2 5 8
vis : 11 0 2 5 8
vis : 9 0 2 5 8
vis : 33 1 1 8 9
vis : 31 0 2 6 9
vis : 18 1 1 8 9
vis : 16 0 2 6 9
vis : 10 0 2 6 9
vis : 38 1 3 3 10
vis : 32 1 3 3 10
vis : 19 1 3 3 10
vis : 17 0 2 7 10
vis : 5 1 3 3 10
vis : 39 1 3 4 11
vis : 37 1 3 4 11
vis : 40 1 3 5 12
12
