100
1 278 50 293 47 
2 796 50 804 50 825 40 
3 244 31 248 50 293 3 322 50 
4 728 11 733 50 
5 8 50 17 32 
6 633 50 652 50 661 50 666 50 670 5 673 50 674 50 676 50 
7 753 8 
8 679 50 681 38 682 50 688 50 693 50 697 50 699 50 703 50 706 50 708 50 709 50 
9 700 50 705 50 712 50 713 27 
10 992 5 
11 681 7 
12 623 29 635 50 
13 578 50 580 4 586 50 588 50 594 50 
14 981 23 
15 816 44 825 10 
16 690 50 694 26 
17 244 19 282 50 292 50 297 50 305 50 307 49 
18 623 21 650 50 653 18 655 50 670 45 694 24 713 23 
19 640 46 643 50 653 32 657 50 667 50 672 50 680 50 707 50 728 39 
20 816 6 820 10 824 50 860 50 
21 621 6 640 4 
22 711 10 
23 711 10 
24 621 10 
25 722 10 
26 664 10 
27 597 10 
28 257 9 307 1 
29 722 10 
30 664 10 
31 721 10 
32 721 10 
33 63 10 
34 738 10 
35 555 10 
36 738 10 
37 685 10 
38 685 10 
39 698 10 
40 257 10 
41 607 10 
42 698 10 
43 63 10 
44 339 10 
45 625 10 
46 715 10 
47 607 10 
48 55 10 
49 610 10 
50 506 10 
51 489 10 
52 489 10 
53 715 10 
54 89 10 
55 625 10 
56 649 10 
57 649 10 
58 695 10 
59 89 10 
60 725 10 
61 3 10 
62 339 10 
63 725 10 
64 695 10 
65 17 10 
66 720 10 
67 647 10 
68 720 10 
69 647 10 
70 103 10 
71 289 10 
72 12 10 
73 103 10 
74 747 10 
75 55 10 
76 747 10 
77 289 10 
78 753 10 
79 654 10 
80 654 10 
81 675 10 
82 99 10 
83 531 10 
84 675 10 
85 34 10 
86 758 10 
87 531 10 
88 758 10 
89 506 10 
90 741 10 
91 741 10 
92 309 10 
93 630 10 
94 719 10 
95 719 10 
96 630 10 
97 503 10 
98 691 10 
99 691 10 
100 14 10 
