30
4 63 10 65 4 
10 93 10 97 4 
5 97 3 
9 59 7 
16 92 3 
21 59 3 62 10 65 6 66 10 67 10 68 10 71 9 91 10 
14 92 2 
19 57 10 64 7 69 10 71 1 90 10 
2 56 3 64 3 
6 94 6 
15 56 7 61 5 87 10 94 4 
28 60 5 61 5 72 10 
1 75 2 
3 60 5 75 3 85 10 
24 88 3 
7 98 2 
18 54 10 70 10 83 8 88 7 96 10 98 8 
8 3 10 52 1 83 2 89 10 
22 52 9 55 10 58 10 77 10 78 8 
27 82 10 86 8 
25 99 2 
30 53 9 
11 22 10 27 10 29 10 49 6 51 10 53 1 
12 47 1 49 4 73 10 
13 84 2 86 2 
17 74 5 78 2 84 8 
23 74 5 79 6 
29 28 7 47 9 76 10 79 4 81 10 
20 95 9 
26 99 2 
